Starting exam assignment for exam_id: 24 (Type: tech)
Found 2 new eligible students for assignment
Assigned exam to student: fsadfsd asfsadf (ID: 113)
Assigned exam to student: Angelicas fdsaf (ID: 183)
Completed exam assignment. Total new students assigned: 2
Starting exam assignment for exam_id: 24 (Type: tech)
Found 0 new eligible students for assignment
No new students to assign, exam already has 2 existing assignments
Starting exam assignment for exam_id: 24 (Type: tech)
Found 0 new eligible students for assignment
No new students to assign, exam already has 2 existing assignments
Starting exam assignment for exam_id: 24 (Type: tech)
Found 0 new eligible students for assignment
No new students to assign, exam already has 2 existing assignments
Starting exam assignment for exam_id: 24 (Type: tech)
Found 0 new eligible students for assignment
No new students to assign, exam already has 2 existing assignments
Starting exam assignment for exam_id: 24 (Type: tech)
Found 0 new eligible students for assignment
No new students to assign, exam already has 2 existing assignments
Starting exam assignment for exam_id: 24 (Type: tech)
Found 2 new eligible students for assignment
Assigned exam to student: fsadfsd asfsadf (ID: 113)
Assigned exam to student: Angelicas fdsaf (ID: 183)
Completed exam assignment. Total new students assigned: 2
Starting exam assignment for exam_id: 24 (Type: tech)
Found 0 new eligible students for assignment
No new students to assign, exam already has 2 existing assignments
Starting exam assignment for exam_id: 24 (Type: tech)
Found 2 new eligible students for assignment
Assigned exam to student: fsadfsd asfsadf (ID: 113)
Assigned exam to student: Angelicas fdsaf (ID: 183)
Completed exam assignment. Total new students assigned: 2
Starting exam assignment for exam_id: 24 (Type: tech)
Found 0 new eligible students for assignment
No new students to assign, exam already has 2 existing assignments
Starting exam assignment for exam_id: 24 (Type: tech)
Found 0 new eligible students for assignment
No new students to assign, exam already has 2 existing assignments
Starting exam assignment for exam_id: 24 (Type: tech)
Found 0 new eligible students for assignment
No new students to assign, exam already has 2 existing assignments
Starting exam assignment for exam_id: 24 (Type: tech)
Found 2 new eligible students for assignment
Assigned exam to student: fsadfsd asfsadf (ID: 113)
Assigned exam to student: Angelicas fdsaf (ID: 183)
Completed exam assignment. Total new students assigned: 2
Starting exam assignment for exam_id: 24 (Type: tech)
Found 0 new eligible students for assignment
No new students to assign, exam already has 2 existing assignments
Starting exam assignment for exam_id: 24 (Type: tech)
Found 2 new eligible students for assignment
Assigned exam to student: fsadfsd asfsadf (ID: 113)
Assigned exam to student: Angelicas fdsaf (ID: 183)
Completed exam assignment. Total new students assigned: 2
Starting exam assignment for exam_id: 24 (Type: tech)
Found 0 new eligible students for assignment
No new students to assign, exam already has 2 existing assignments
Starting exam assignment for exam_id: 24 (Type: tech)
Found 2 new eligible students for assignment
Assigned exam to student: fsadfsd asfsadf (ID: 113)
Assigned exam to student: Angelicas fdsaf (ID: 183)
Completed exam assignment. Total new students assigned: 2
Starting exam assignment for exam_id: 24 (Type: tech)
Found 0 new eligible students for assignment
No new students to assign, exam already has 2 existing assignments
Starting exam assignment for exam_id: 24 (Type: tech)
Found 2 new eligible students for assignment
Assigned exam to student: fsadfsd asfsadf (ID: 113)
Assigned exam to student: Angelicas fdsaf (ID: 183)
Completed exam assignment. Total new students assigned: 2
Starting exam assignment for exam_id: 24 (Type: tech)
Found 0 new eligible students for assignment
No new students to assign, exam already has 2 existing assignments
Starting exam assignment for exam_id: 24 (Type: tech)
Found 0 new eligible students for assignment
No new students to assign, exam already has 2 existing assignments
Starting exam assignment for exam_id: 24 (Type: tech)
Found 0 new eligible students for assignment
No new students to assign, exam already has 2 existing assignments
Starting exam assignment for exam_id: 24 (Type: tech)
Found 2 new eligible students for assignment
Assigned exam to student: fsadfsd asfsadf (ID: 113)
Assigned exam to student: Angelicas fdsaf (ID: 183)
Completed exam assignment. Total new students assigned: 2
Starting exam assignment for exam_id: 24 (Type: tech)
Found 0 new eligible students for assignment
No new students to assign, exam already has 2 existing assignments
Starting exam assignment for exam_id: 24 (Type: tech)
Found 0 new eligible students for assignment
No new students to assign, exam already has 2 existing assignments
Starting exam assignment for exam_id: 24 (Type: tech)
Found 0 new eligible students for assignment
No new students to assign, exam already has 2 existing assignments
Starting exam assignment for exam_id: 24 (Type: non-tech)
Found 2 new eligible students for assignment
Assigned exam to student: lloydss llodys (ID: 194)
Assigned exam to student: ganf llodyfds (ID: 202)
Completed exam assignment. Total new students assigned: 2
Starting exam assignment for exam_id: 24 (Type: non-tech)
Found 0 new eligible students for assignment
No new students to assign, exam already has 4 existing assignments
Starting exam assignment for exam_id: 24 (Type: tech)
Found 0 new eligible students for assignment
No new students to assign, exam already has 4 existing assignments
Starting exam assignment for exam_id: 24 (Type: tech)
Found 0 new eligible students for assignment
No new students to assign, exam already has 4 existing assignments
Starting exam assignment for exam_id: 24 (Type: tech)
Found 0 new eligible students for assignment
No new students to assign, exam already has 4 existing assignments
Starting exam assignment for exam_id: 24 (Type: tech)
Found 0 new eligible students for assignment
No new students to assign, exam already has 4 existing assignments
Starting exam assignment for exam_id: 24 (Type: tech)
Found 0 new eligible students for assignment
No new students to assign, exam already has 4 existing assignments
Starting exam assignment for exam_id: 24 (Type: tech)
Found 0 new eligible students for assignment
No new students to assign, exam already has 4 existing assignments
Starting exam assignment for exam_id: 24 (Type: tech)
Found 0 new eligible students for assignment
No new students to assign, exam already has 4 existing assignments
Starting exam assignment for exam_id: 24 (Type: tech)
Found 0 new eligible students for assignment
No new students to assign, exam already has 4 existing assignments
Starting exam assignment for exam_id: 24 (Type: tech)
Found 0 new eligible students for assignment
No new students to assign, exam already has 4 existing assignments
Starting exam assignment for exam_id: 24 (Type: tech)
Found 0 new eligible students for assignment
No new students to assign, exam already has 4 existing assignments
Starting exam assignment for exam_id: 24 (Type: tech)
Found 0 new eligible students for assignment
No new students to assign, exam already has 4 existing assignments
Starting exam assignment for exam_id: 24 (Type: tech)
Found 0 new eligible students for assignment
No new students to assign, exam already has 4 existing assignments
