[23-Jun-2025 13:29:52 Asia/Manila] Error in executeSingleTestCase: API Error: HTTP 201 - {"token":"8a3284ab-565f-422f-9a41-df28ea7ccb31"}
[23-Jun-2025 13:29:52 Asia/Manila] Error in executeSingleTestCase: API Error: HTTP 201 - {"token":"60b6d9a8-3c1a-4e59-8dec-e7ecb18c77ae"}
[23-Jun-2025 13:29:53 Asia/Manila] Error in executeSingleTestCase: API Error: HTTP 201 - {"token":"f88b2af8-0f7c-40c7-882d-90288afc1154"}
[23-Jun-2025 13:30:30 Asia/Manila] Error in executeSingleTestCase: API Error: HTTP 201 - {"token":"a72fc387-6398-412f-b3fb-dd5f62717547"}
[23-Jun-2025 13:30:31 Asia/Manila] Error in executeSingleTestCase: API Error: HTTP 201 - {"token":"220fcb15-9af0-41dd-aadb-a025c8d475ef"}
[23-Jun-2025 13:30:31 Asia/Manila] Error in executeSingleTestCase: API Error: HTTP 201 - {"token":"138e6085-4c4a-47d3-8cac-dccf158be66c"}
[23-Jun-2025 13:30:42 Asia/Manila] Error in executeSingleTestCase: API Error: HTTP 201 - {"token":"51093e2e-1f6a-4775-9f31-e00f2742f238"}
[23-Jun-2025 13:30:42 Asia/Manila] Error in executeSingleTestCase: API Error: HTTP 201 - {"token":"fb0fd0d1-b52a-40f7-808e-1078ecdaf3bc"}
[23-Jun-2025 13:30:43 Asia/Manila] Error in executeSingleTestCase: API Error: HTTP 201 - {"token":"bf31acb1-aeb6-44f1-a731-c8f4bd13dabb"}
[23-Jun-2025 13:30:48 Asia/Manila] Error in executeSingleTestCase: API Error: HTTP 201 - {"token":"a95eb3f9-62fb-48c9-a76e-64f3ac8e4520"}
[23-Jun-2025 13:30:49 Asia/Manila] Error in executeSingleTestCase: API Error: HTTP 201 - {"token":"46b06c7f-d0eb-4c6f-a6fd-45cbf0336283"}
[23-Jun-2025 13:30:49 Asia/Manila] Error in executeSingleTestCase: API Error: HTTP 201 - {"token":"e828f0d2-dd58-494a-9447-64da3eaf5994"}
[23-Jun-2025 13:33:32 Asia/Manila] PHP Warning:  require_once(includes/judge0_service.php): Failed to open stream: No such file or directory in C:\xampp\htdocs\Practice\test_exam.php on line 13
[23-Jun-2025 13:33:32 Asia/Manila] PHP Fatal error:  Uncaught Error: Failed opening required 'includes/judge0_service.php' (include_path='C:\xampp\php\PEAR') in C:\xampp\htdocs\Practice\test_exam.php:13
Stack trace:
#0 {main}
  thrown in C:\xampp\htdocs\Practice\test_exam.php on line 13
[23-Jun-2025 13:33:34 Asia/Manila] PHP Warning:  require_once(includes/judge0_service.php): Failed to open stream: No such file or directory in C:\xampp\htdocs\Practice\test_exam.php on line 13
[23-Jun-2025 13:33:34 Asia/Manila] PHP Fatal error:  Uncaught Error: Failed opening required 'includes/judge0_service.php' (include_path='C:\xampp\php\PEAR') in C:\xampp\htdocs\Practice\test_exam.php:13
Stack trace:
#0 {main}
  thrown in C:\xampp\htdocs\Practice\test_exam.php on line 13
[23-Jun-2025 13:33:34 Asia/Manila] PHP Warning:  require_once(includes/judge0_service.php): Failed to open stream: No such file or directory in C:\xampp\htdocs\Practice\test_exam.php on line 13
[23-Jun-2025 13:33:34 Asia/Manila] PHP Fatal error:  Uncaught Error: Failed opening required 'includes/judge0_service.php' (include_path='C:\xampp\php\PEAR') in C:\xampp\htdocs\Practice\test_exam.php:13
Stack trace:
#0 {main}
  thrown in C:\xampp\htdocs\Practice\test_exam.php on line 13
[23-Jun-2025 13:43:01 Asia/Manila] Executing code with language: python (ID: 71)
[23-Jun-2025 13:43:01 Asia/Manila] Code to execute: def is_prime(n: int) -> str:
    if n <= 1:
        return "Not Prime"
    for i in range(2, int(...
[23-Jun-2025 13:43:01 Asia/Manila] Processing test case ID: 68 for programming_id: 28
[23-Jun-2025 13:43:01 Asia/Manila] Submitting to Judge0 with data: {"source_code":"ZGVmIGlzX3ByaW1lKG46IGludCkgLT4gc3RyOg0KICAgIGlmIG4gPD0gMToNCiAgICAgICAgcmV0dXJuICJOb3QgUHJpbWUiDQogICAgZm9yIGkgaW4gcmFuZ2UoMiwgaW50KG4gKiogMC41KSArIDEpOg0KICAgICAgICBpZiBuICUgaSA9PSAwOg0KICAgICAgICAgICAgcmV0dXJuICJOb3QgUHJpbWUiDQogICAgcmV0dXJuICJQcmltZSINCg0KIyBSZWFkIGlucHV0IGFuZCBwcmludCBvdXRwdXQNCm4gPSBpbnQoaW5wdXQoKS5zdHJpcCgpKQ0KcHJpbnQoaXNfcHJpbWUobikp","language_id":71,"stdin":"NQ==","expected_output":"UHJpbWU=","cpu_time_limit":5,"memory_limit":128000,"base64_encoded":true}
[23-Jun-2025 13:43:02 Asia/Manila] Judge0 Response (HTTP 200): {"stdout":"UHJpbWUK","time":"0.007","memory":3228,"stderr":null,"token":"ded028cd-11d8-4140-826e-7f91f26862c1","compile_output":null,"message":null,"status":{"id":3,"description":"Accepted"}}
[23-Jun-2025 13:43:02 Asia/Manila] Processing test case ID: 69 for programming_id: 28
[23-Jun-2025 13:43:02 Asia/Manila] Submitting to Judge0 with data: {"source_code":"ZGVmIGlzX3ByaW1lKG46IGludCkgLT4gc3RyOg0KICAgIGlmIG4gPD0gMToNCiAgICAgICAgcmV0dXJuICJOb3QgUHJpbWUiDQogICAgZm9yIGkgaW4gcmFuZ2UoMiwgaW50KG4gKiogMC41KSArIDEpOg0KICAgICAgICBpZiBuICUgaSA9PSAwOg0KICAgICAgICAgICAgcmV0dXJuICJOb3QgUHJpbWUiDQogICAgcmV0dXJuICJQcmltZSINCg0KIyBSZWFkIGlucHV0IGFuZCBwcmludCBvdXRwdXQNCm4gPSBpbnQoaW5wdXQoKS5zdHJpcCgpKQ0KcHJpbnQoaXNfcHJpbWUobikp","language_id":71,"stdin":"NA==","expected_output":"Tm90IFByaW1l","cpu_time_limit":5,"memory_limit":128000,"base64_encoded":true}
[23-Jun-2025 13:43:03 Asia/Manila] Judge0 Response (HTTP 200): {"stdout":"Tm90IFByaW1lCg==","time":"0.008","memory":3552,"stderr":null,"token":"33022d4a-ecaf-4294-93f5-876c8b5ac7a3","compile_output":null,"message":null,"status":{"id":3,"description":"Accepted"}}
[23-Jun-2025 13:43:03 Asia/Manila] Processing test case ID: 70 for programming_id: 28
[23-Jun-2025 13:43:03 Asia/Manila] Submitting to Judge0 with data: {"source_code":"ZGVmIGlzX3ByaW1lKG46IGludCkgLT4gc3RyOg0KICAgIGlmIG4gPD0gMToNCiAgICAgICAgcmV0dXJuICJOb3QgUHJpbWUiDQogICAgZm9yIGkgaW4gcmFuZ2UoMiwgaW50KG4gKiogMC41KSArIDEpOg0KICAgICAgICBpZiBuICUgaSA9PSAwOg0KICAgICAgICAgICAgcmV0dXJuICJOb3QgUHJpbWUiDQogICAgcmV0dXJuICJQcmltZSINCg0KIyBSZWFkIGlucHV0IGFuZCBwcmludCBvdXRwdXQNCm4gPSBpbnQoaW5wdXQoKS5zdHJpcCgpKQ0KcHJpbnQoaXNfcHJpbWUobikp","language_id":71,"stdin":"Nw==","expected_output":"UHJpbWU=","cpu_time_limit":5,"memory_limit":128000,"base64_encoded":true}
[23-Jun-2025 13:43:04 Asia/Manila] Judge0 Response (HTTP 200): {"stdout":"UHJpbWUK","time":"0.007","memory":3296,"stderr":null,"token":"b2927a6e-34a7-4676-a4ad-67454efabac2","compile_output":null,"message":null,"status":{"id":3,"description":"Accepted"}}
[23-Jun-2025 13:46:38 Asia/Manila] Executing code with language: python (ID: 71)
[23-Jun-2025 13:46:38 Asia/Manila] Code to execute: def is_prime(n: int) -> str:
    if n <= 1:
        return "Not Prime"
    for i in range(2, int(...
[23-Jun-2025 13:46:38 Asia/Manila] Processing test case ID: 58 for programming_id: 18
[23-Jun-2025 13:46:38 Asia/Manila] Submitting to Judge0 with data: {"source_code":"ZGVmIGlzX3ByaW1lKG46IGludCkgLT4gc3RyOg0KICAgIGlmIG4gPD0gMToNCiAgICAgICAgcmV0dXJuICJOb3QgUHJpbWUiDQogICAgZm9yIGkgaW4gcmFuZ2UoMiwgaW50KG4gKiogMC41KSArIDEpOg0KICAgICAgICBpZiBuICUgaSA9PSAwOg0KICAgICAgICAgICAgcmV0dXJuICJOb3QgUHJpbWUiDQogICAgcmV0dXJuICJQcmltZSINCg0KIyBSZWFkIGlucHV0IGFuZCBwcmludCBvdXRwdXQNCm4gPSBpbnQoaW5wdXQoKS5zdHJpcCgpKQ0KcHJpbnQoaXNfcHJpbWUobikp","language_id":71,"stdin":"NQ==","expected_output":"UHJpbWU=","cpu_time_limit":5,"memory_limit":128000,"base64_encoded":true}
[23-Jun-2025 13:46:39 Asia/Manila] Judge0 Response (HTTP 200): {"stdout":"UHJpbWUK","time":"0.008","memory":3296,"stderr":null,"token":"679eb5e5-3f4e-49d2-91de-fe994e9be44b","compile_output":null,"message":null,"status":{"id":3,"description":"Accepted"}}
[23-Jun-2025 13:46:39 Asia/Manila] Processing test case ID: 59 for programming_id: 18
[23-Jun-2025 13:46:39 Asia/Manila] Submitting to Judge0 with data: {"source_code":"ZGVmIGlzX3ByaW1lKG46IGludCkgLT4gc3RyOg0KICAgIGlmIG4gPD0gMToNCiAgICAgICAgcmV0dXJuICJOb3QgUHJpbWUiDQogICAgZm9yIGkgaW4gcmFuZ2UoMiwgaW50KG4gKiogMC41KSArIDEpOg0KICAgICAgICBpZiBuICUgaSA9PSAwOg0KICAgICAgICAgICAgcmV0dXJuICJOb3QgUHJpbWUiDQogICAgcmV0dXJuICJQcmltZSINCg0KIyBSZWFkIGlucHV0IGFuZCBwcmludCBvdXRwdXQNCm4gPSBpbnQoaW5wdXQoKS5zdHJpcCgpKQ0KcHJpbnQoaXNfcHJpbWUobikp","language_id":71,"stdin":"NA==","expected_output":"Tm90IFByaW1lIA==","cpu_time_limit":5,"memory_limit":128000,"base64_encoded":true}
[23-Jun-2025 13:46:40 Asia/Manila] Judge0 Response (HTTP 200): {"stdout":"Tm90IFByaW1lCg==","time":"0.008","memory":3296,"stderr":null,"token":"b7d54908-5f47-4a08-bd70-cf673551350a","compile_output":null,"message":null,"status":{"id":3,"description":"Accepted"}}
[23-Jun-2025 13:46:40 Asia/Manila] Processing test case ID: 60 for programming_id: 18
[23-Jun-2025 13:46:40 Asia/Manila] Submitting to Judge0 with data: {"source_code":"ZGVmIGlzX3ByaW1lKG46IGludCkgLT4gc3RyOg0KICAgIGlmIG4gPD0gMToNCiAgICAgICAgcmV0dXJuICJOb3QgUHJpbWUiDQogICAgZm9yIGkgaW4gcmFuZ2UoMiwgaW50KG4gKiogMC41KSArIDEpOg0KICAgICAgICBpZiBuICUgaSA9PSAwOg0KICAgICAgICAgICAgcmV0dXJuICJOb3QgUHJpbWUiDQogICAgcmV0dXJuICJQcmltZSINCg0KIyBSZWFkIGlucHV0IGFuZCBwcmludCBvdXRwdXQNCm4gPSBpbnQoaW5wdXQoKS5zdHJpcCgpKQ0KcHJpbnQoaXNfcHJpbWUobikp","language_id":71,"stdin":"NyA=","expected_output":"UHJpbWU=","cpu_time_limit":5,"memory_limit":128000,"base64_encoded":true}
[23-Jun-2025 13:46:41 Asia/Manila] Judge0 Response (HTTP 200): {"stdout":"UHJpbWUK","time":"0.008","memory":3296,"stderr":null,"token":"7953ec59-364c-4ddb-91dc-45ac544b942e","compile_output":null,"message":null,"status":{"id":3,"description":"Accepted"}}
[23-Jun-2025 14:56:57 Asia/Manila] Executing code with language: python (ID: 71)
[23-Jun-2025 14:56:57 Asia/Manila] Code to execute: def is_prime(n: int) -> str:
    if n <= 1:
        return "Not Prime"
    for i in range(2, int(...
[23-Jun-2025 14:56:57 Asia/Manila] Processing test case ID: 68 for programming_id: 28
[23-Jun-2025 14:56:57 Asia/Manila] Submitting to Judge0 with data: {"source_code":"ZGVmIGlzX3ByaW1lKG46IGludCkgLT4gc3RyOg0KICAgIGlmIG4gPD0gMToNCiAgICAgICAgcmV0dXJuICJOb3QgUHJpbWUiDQogICAgZm9yIGkgaW4gcmFuZ2UoMiwgaW50KG4gKiogMC41KSArIDEpOg0KICAgICAgICBpZiBuICUgaSA9PSAwOg0KICAgICAgICAgICAgcmV0dXJuICJOb3QgUHJpbWUiDQogICAgcmV0dXJuICJQcmltZSINCg0KIyBSZWFkIGlucHV0IGFuZCBwcmludCBvdXRwdXQNCm4gPSBpbnQoaW5wdXQoKS5zdHJpcCgpKQ0KcHJpbnQoaXNfcHJpbWUobikp","language_id":71,"stdin":"NQ==","expected_output":"UHJpbWU=","cpu_time_limit":5,"memory_limit":128000,"base64_encoded":true}
[23-Jun-2025 14:56:58 Asia/Manila] Judge0 Response (HTTP 200): {"stdout":"UHJpbWUK","time":"0.009","memory":3308,"stderr":null,"token":"90e70ebe-93d2-4719-989f-5a340920841e","compile_output":null,"message":null,"status":{"id":3,"description":"Accepted"}}
[23-Jun-2025 14:56:58 Asia/Manila] Processing test case ID: 69 for programming_id: 28
[23-Jun-2025 14:56:58 Asia/Manila] Submitting to Judge0 with data: {"source_code":"ZGVmIGlzX3ByaW1lKG46IGludCkgLT4gc3RyOg0KICAgIGlmIG4gPD0gMToNCiAgICAgICAgcmV0dXJuICJOb3QgUHJpbWUiDQogICAgZm9yIGkgaW4gcmFuZ2UoMiwgaW50KG4gKiogMC41KSArIDEpOg0KICAgICAgICBpZiBuICUgaSA9PSAwOg0KICAgICAgICAgICAgcmV0dXJuICJOb3QgUHJpbWUiDQogICAgcmV0dXJuICJQcmltZSINCg0KIyBSZWFkIGlucHV0IGFuZCBwcmludCBvdXRwdXQNCm4gPSBpbnQoaW5wdXQoKS5zdHJpcCgpKQ0KcHJpbnQoaXNfcHJpbWUobikp","language_id":71,"stdin":"NA==","expected_output":"Tm90IFByaW1l","cpu_time_limit":5,"memory_limit":128000,"base64_encoded":true}
[23-Jun-2025 14:56:59 Asia/Manila] Judge0 Response (HTTP 200): {"stdout":"Tm90IFByaW1lCg==","time":"0.008","memory":3296,"stderr":null,"token":"58e36eb9-30db-44cf-b4ea-ea712aaf0a5b","compile_output":null,"message":null,"status":{"id":3,"description":"Accepted"}}
[23-Jun-2025 14:56:59 Asia/Manila] Processing test case ID: 70 for programming_id: 28
[23-Jun-2025 14:56:59 Asia/Manila] Submitting to Judge0 with data: {"source_code":"ZGVmIGlzX3ByaW1lKG46IGludCkgLT4gc3RyOg0KICAgIGlmIG4gPD0gMToNCiAgICAgICAgcmV0dXJuICJOb3QgUHJpbWUiDQogICAgZm9yIGkgaW4gcmFuZ2UoMiwgaW50KG4gKiogMC41KSArIDEpOg0KICAgICAgICBpZiBuICUgaSA9PSAwOg0KICAgICAgICAgICAgcmV0dXJuICJOb3QgUHJpbWUiDQogICAgcmV0dXJuICJQcmltZSINCg0KIyBSZWFkIGlucHV0IGFuZCBwcmludCBvdXRwdXQNCm4gPSBpbnQoaW5wdXQoKS5zdHJpcCgpKQ0KcHJpbnQoaXNfcHJpbWUobikp","language_id":71,"stdin":"Nw==","expected_output":"UHJpbWU=","cpu_time_limit":5,"memory_limit":128000,"base64_encoded":true}
[23-Jun-2025 14:57:00 Asia/Manila] Judge0 Response (HTTP 200): {"stdout":"UHJpbWUK","time":"0.008","memory":3380,"stderr":null,"token":"ea2db8cb-35cf-4ef6-bf5b-c34fa5e0a489","compile_output":null,"message":null,"status":{"id":3,"description":"Accepted"}}
[23-Jun-2025 14:58:17 Asia/Manila] Executing code with language: python (ID: 71)
[23-Jun-2025 14:58:17 Asia/Manila] Code to execute: def is_prime(n: int) -> str:
    if n <= 1:
        return "Not Prime"
    for i in range(2, int(...
[23-Jun-2025 14:58:17 Asia/Manila] Processing test case ID: 58 for programming_id: 18
[23-Jun-2025 14:58:17 Asia/Manila] Submitting to Judge0 with data: {"source_code":"ZGVmIGlzX3ByaW1lKG46IGludCkgLT4gc3RyOg0KICAgIGlmIG4gPD0gMToNCiAgICAgICAgcmV0dXJuICJOb3QgUHJpbWUiDQogICAgZm9yIGkgaW4gcmFuZ2UoMiwgaW50KG4gKiogMC41KSArIDEpOg0KICAgICAgICBpZiBuICUgaSA9PSAwOg0KICAgICAgICAgICAgcmV0dXJuICJOb3QgUHJpbWUiDQogICAgcmV0dXJuICJQcmltZSINCg0KIyBSZWFkIGlucHV0IGFuZCBwcmludCBvdXRwdXQNCm4gPSBpbnQoaW5wdXQoKS5zdHJpcCgpKQ0KcHJpbnQoaXNfcHJpbWUobikp","language_id":71,"stdin":"NQ==","expected_output":"UHJpbWU=","cpu_time_limit":5,"memory_limit":128000,"base64_encoded":true}
[23-Jun-2025 14:58:18 Asia/Manila] Judge0 Response (HTTP 200): {"stdout":"UHJpbWUK","time":"0.007","memory":3296,"stderr":null,"token":"0eaed3bd-4836-47ff-adb9-5e8dd2259d0d","compile_output":null,"message":null,"status":{"id":3,"description":"Accepted"}}
[23-Jun-2025 14:58:18 Asia/Manila] Processing test case ID: 59 for programming_id: 18
[23-Jun-2025 14:58:18 Asia/Manila] Submitting to Judge0 with data: {"source_code":"ZGVmIGlzX3ByaW1lKG46IGludCkgLT4gc3RyOg0KICAgIGlmIG4gPD0gMToNCiAgICAgICAgcmV0dXJuICJOb3QgUHJpbWUiDQogICAgZm9yIGkgaW4gcmFuZ2UoMiwgaW50KG4gKiogMC41KSArIDEpOg0KICAgICAgICBpZiBuICUgaSA9PSAwOg0KICAgICAgICAgICAgcmV0dXJuICJOb3QgUHJpbWUiDQogICAgcmV0dXJuICJQcmltZSINCg0KIyBSZWFkIGlucHV0IGFuZCBwcmludCBvdXRwdXQNCm4gPSBpbnQoaW5wdXQoKS5zdHJpcCgpKQ0KcHJpbnQoaXNfcHJpbWUobikp","language_id":71,"stdin":"NA==","expected_output":"Tm90IFByaW1lIA==","cpu_time_limit":5,"memory_limit":128000,"base64_encoded":true}
[23-Jun-2025 14:58:19 Asia/Manila] Judge0 Response (HTTP 200): {"stdout":"Tm90IFByaW1lCg==","time":"0.008","memory":3296,"stderr":null,"token":"d007a15b-931f-4ef5-bf32-8b66f21b6e9c","compile_output":null,"message":null,"status":{"id":3,"description":"Accepted"}}
[23-Jun-2025 14:58:19 Asia/Manila] Processing test case ID: 60 for programming_id: 18
[23-Jun-2025 14:58:19 Asia/Manila] Submitting to Judge0 with data: {"source_code":"ZGVmIGlzX3ByaW1lKG46IGludCkgLT4gc3RyOg0KICAgIGlmIG4gPD0gMToNCiAgICAgICAgcmV0dXJuICJOb3QgUHJpbWUiDQogICAgZm9yIGkgaW4gcmFuZ2UoMiwgaW50KG4gKiogMC41KSArIDEpOg0KICAgICAgICBpZiBuICUgaSA9PSAwOg0KICAgICAgICAgICAgcmV0dXJuICJOb3QgUHJpbWUiDQogICAgcmV0dXJuICJQcmltZSINCg0KIyBSZWFkIGlucHV0IGFuZCBwcmludCBvdXRwdXQNCm4gPSBpbnQoaW5wdXQoKS5zdHJpcCgpKQ0KcHJpbnQoaXNfcHJpbWUobikp","language_id":71,"stdin":"NyA=","expected_output":"UHJpbWU=","cpu_time_limit":5,"memory_limit":128000,"base64_encoded":true}
[23-Jun-2025 14:58:19 Asia/Manila] Judge0 Response (HTTP 200): {"stdout":"UHJpbWUK","time":"0.008","memory":3480,"stderr":null,"token":"87dd0ccf-2035-4e27-aed4-8efef58e1ffe","compile_output":null,"message":null,"status":{"id":3,"description":"Accepted"}}
[23-Jun-2025 14:58:38 Asia/Manila] Executing code with language: python (ID: 71)
[23-Jun-2025 14:58:38 Asia/Manila] Code to execute: def is_prime(n: int) -> str:
    if n <= 1:
        return "Not Prime"
    for i in range(2, int(...
[23-Jun-2025 14:58:38 Asia/Manila] Processing test case ID: 58 for programming_id: 18
[23-Jun-2025 14:58:38 Asia/Manila] Submitting to Judge0 with data: {"source_code":"ZGVmIGlzX3ByaW1lKG46IGludCkgLT4gc3RyOg0KICAgIGlmIG4gPD0gMToNCiAgICAgICAgcmV0dXJuICJOb3QgUHJpbWUiDQogICAgZm9yIGkgaW4gcmFuZ2UoMiwgaW50KG4gKiogMC41KSArIDEpOg0KICAgICAgICBpZiBuICUgaSA9PSAwOg0KICAgICAgICAgICAgcmV0dXJuICJOb3QgUHJpbWUiDQogICAgcmV0dXJuICJQcmltZSINCg0KIyBSZWFkIGlucHV0IGFuZCBwcmludCBvdXRwdXQNCm4gPSBpbnQoaW5wdXQoKS5zdHJpcCgpKQ0KcHJpbnQoaXNfcHJpbWUobikp","language_id":71,"stdin":"NQ==","expected_output":"UHJpbWU=","cpu_time_limit":5,"memory_limit":128000,"base64_encoded":true}
[23-Jun-2025 14:58:39 Asia/Manila] Judge0 Response (HTTP 200): {"stdout":"UHJpbWUK","time":"0.008","memory":3296,"stderr":null,"token":"61117939-8764-414f-89ff-5f76c5570e02","compile_output":null,"message":null,"status":{"id":3,"description":"Accepted"}}
[23-Jun-2025 14:58:39 Asia/Manila] Processing test case ID: 59 for programming_id: 18
[23-Jun-2025 14:58:39 Asia/Manila] Submitting to Judge0 with data: {"source_code":"ZGVmIGlzX3ByaW1lKG46IGludCkgLT4gc3RyOg0KICAgIGlmIG4gPD0gMToNCiAgICAgICAgcmV0dXJuICJOb3QgUHJpbWUiDQogICAgZm9yIGkgaW4gcmFuZ2UoMiwgaW50KG4gKiogMC41KSArIDEpOg0KICAgICAgICBpZiBuICUgaSA9PSAwOg0KICAgICAgICAgICAgcmV0dXJuICJOb3QgUHJpbWUiDQogICAgcmV0dXJuICJQcmltZSINCg0KIyBSZWFkIGlucHV0IGFuZCBwcmludCBvdXRwdXQNCm4gPSBpbnQoaW5wdXQoKS5zdHJpcCgpKQ0KcHJpbnQoaXNfcHJpbWUobikp","language_id":71,"stdin":"NA==","expected_output":"Tm90IFByaW1lIA==","cpu_time_limit":5,"memory_limit":128000,"base64_encoded":true}
[23-Jun-2025 14:58:40 Asia/Manila] Judge0 Response (HTTP 200): {"stdout":"Tm90IFByaW1lCg==","time":"0.007","memory":3296,"stderr":null,"token":"c059d751-ed80-40a2-945b-009a02001dd4","compile_output":null,"message":null,"status":{"id":3,"description":"Accepted"}}
[23-Jun-2025 14:58:40 Asia/Manila] Processing test case ID: 60 for programming_id: 18
[23-Jun-2025 14:58:40 Asia/Manila] Submitting to Judge0 with data: {"source_code":"ZGVmIGlzX3ByaW1lKG46IGludCkgLT4gc3RyOg0KICAgIGlmIG4gPD0gMToNCiAgICAgICAgcmV0dXJuICJOb3QgUHJpbWUiDQogICAgZm9yIGkgaW4gcmFuZ2UoMiwgaW50KG4gKiogMC41KSArIDEpOg0KICAgICAgICBpZiBuICUgaSA9PSAwOg0KICAgICAgICAgICAgcmV0dXJuICJOb3QgUHJpbWUiDQogICAgcmV0dXJuICJQcmltZSINCg0KIyBSZWFkIGlucHV0IGFuZCBwcmludCBvdXRwdXQNCm4gPSBpbnQoaW5wdXQoKS5zdHJpcCgpKQ0KcHJpbnQoaXNfcHJpbWUobikp","language_id":71,"stdin":"NyA=","expected_output":"UHJpbWU=","cpu_time_limit":5,"memory_limit":128000,"base64_encoded":true}
[23-Jun-2025 14:58:41 Asia/Manila] Judge0 Response (HTTP 200): {"stdout":"UHJpbWUK","time":"0.008","memory":3296,"stderr":null,"token":"79c538fc-65b7-4ed3-8eea-af9bfa670c89","compile_output":null,"message":null,"status":{"id":3,"description":"Accepted"}}
[23-Jun-2025 14:59:00 Asia/Manila] Executing code with language: python (ID: 71)
[23-Jun-2025 14:59:00 Asia/Manila] Code to execute: def is_prime(n: int) -> str:
    if n <= 1:
        return "Not Prime"
    for i in range(2, int(...
[23-Jun-2025 14:59:00 Asia/Manila] Processing test case ID: 58 for programming_id: 18
[23-Jun-2025 14:59:00 Asia/Manila] Submitting to Judge0 with data: {"source_code":"ZGVmIGlzX3ByaW1lKG46IGludCkgLT4gc3RyOg0KICAgIGlmIG4gPD0gMToNCiAgICAgICAgcmV0dXJuICJOb3QgUHJpbWUiDQogICAgZm9yIGkgaW4gcmFuZ2UoMiwgaW50KG4gKiogMC41KSArIDEpOg0KICAgICAgICBpZiBuICUgaSA9PSAwOg0KICAgICAgICAgICAgcmV0dXJuICJOb3QgUHJpbWUiDQogICAgcmV0dXJuICJQcmltZSINCg0KIyBSZWFkIGlucHV0IGFuZCBwcmludCBvdXRwdXQNCm4gPSBpbnQoaW5wdXQoKS5zdHJpcCgpKQ0KcHJpbnQoaXNfcHJpbWUobikp","language_id":71,"stdin":"NQ==","expected_output":"UHJpbWU=","cpu_time_limit":5,"memory_limit":128000,"base64_encoded":true}
[23-Jun-2025 14:59:01 Asia/Manila] Judge0 Response (HTTP 200): {"stdout":"UHJpbWUK","time":"0.008","memory":3512,"stderr":null,"token":"f1188022-4e9e-4c3a-99a5-11c1f512cf74","compile_output":null,"message":null,"status":{"id":3,"description":"Accepted"}}
[23-Jun-2025 14:59:01 Asia/Manila] Processing test case ID: 59 for programming_id: 18
[23-Jun-2025 14:59:01 Asia/Manila] Submitting to Judge0 with data: {"source_code":"ZGVmIGlzX3ByaW1lKG46IGludCkgLT4gc3RyOg0KICAgIGlmIG4gPD0gMToNCiAgICAgICAgcmV0dXJuICJOb3QgUHJpbWUiDQogICAgZm9yIGkgaW4gcmFuZ2UoMiwgaW50KG4gKiogMC41KSArIDEpOg0KICAgICAgICBpZiBuICUgaSA9PSAwOg0KICAgICAgICAgICAgcmV0dXJuICJOb3QgUHJpbWUiDQogICAgcmV0dXJuICJQcmltZSINCg0KIyBSZWFkIGlucHV0IGFuZCBwcmludCBvdXRwdXQNCm4gPSBpbnQoaW5wdXQoKS5zdHJpcCgpKQ0KcHJpbnQoaXNfcHJpbWUobikp","language_id":71,"stdin":"NA==","expected_output":"Tm90IFByaW1lIA==","cpu_time_limit":5,"memory_limit":128000,"base64_encoded":true}
[23-Jun-2025 14:59:02 Asia/Manila] Judge0 Response (HTTP 200): {"stdout":"Tm90IFByaW1lCg==","time":"0.008","memory":3388,"stderr":null,"token":"127065e8-a84a-44fe-b2d2-80a763de0123","compile_output":null,"message":null,"status":{"id":3,"description":"Accepted"}}
[23-Jun-2025 14:59:02 Asia/Manila] Processing test case ID: 60 for programming_id: 18
[23-Jun-2025 14:59:02 Asia/Manila] Submitting to Judge0 with data: {"source_code":"ZGVmIGlzX3ByaW1lKG46IGludCkgLT4gc3RyOg0KICAgIGlmIG4gPD0gMToNCiAgICAgICAgcmV0dXJuICJOb3QgUHJpbWUiDQogICAgZm9yIGkgaW4gcmFuZ2UoMiwgaW50KG4gKiogMC41KSArIDEpOg0KICAgICAgICBpZiBuICUgaSA9PSAwOg0KICAgICAgICAgICAgcmV0dXJuICJOb3QgUHJpbWUiDQogICAgcmV0dXJuICJQcmltZSINCg0KIyBSZWFkIGlucHV0IGFuZCBwcmludCBvdXRwdXQNCm4gPSBpbnQoaW5wdXQoKS5zdHJpcCgpKQ0KcHJpbnQoaXNfcHJpbWUobikp","language_id":71,"stdin":"NyA=","expected_output":"UHJpbWU=","cpu_time_limit":5,"memory_limit":128000,"base64_encoded":true}
[23-Jun-2025 14:59:03 Asia/Manila] Judge0 Response (HTTP 200): {"stdout":"UHJpbWUK","time":"0.007","memory":3296,"stderr":null,"token":"ccf1689d-2c79-446d-87d5-249c6267d387","compile_output":null,"message":null,"status":{"id":3,"description":"Accepted"}}
[23-Jun-2025 14:59:07 Asia/Manila] Executing code with language: python (ID: 71)
[23-Jun-2025 14:59:07 Asia/Manila] Code to execute: def is_prime(n: int) -> str:
    if n <= 1:
        return "Not Prime"
    for i in range(2, int(...
[23-Jun-2025 14:59:07 Asia/Manila] Processing test case ID: 58 for programming_id: 18
[23-Jun-2025 14:59:07 Asia/Manila] Submitting to Judge0 with data: {"source_code":"ZGVmIGlzX3ByaW1lKG46IGludCkgLT4gc3RyOg0KICAgIGlmIG4gPD0gMToNCiAgICAgICAgcmV0dXJuICJOb3QgUHJpbWUiDQogICAgZm9yIGkgaW4gcmFuZ2UoMiwgaW50KG4gKiogMC41KSArIDEpOg0KICAgICAgICBpZiBuICUgaSA9PSAwOg0KICAgICAgICAgICAgcmV0dXJuICJOb3QgUHJpbWUiDQogICAgcmV0dXJuICJQcmltZSINCg0KIyBSZWFkIGlucHV0IGFuZCBwcmludCBvdXRwdXQNCm4gPSBpbnQoaW5wdXQoKS5zdHJpcCgpKQ0KcHJpbnQoaXNfcHJpbWUobikp","language_id":71,"stdin":"NQ==","expected_output":"UHJpbWU=","cpu_time_limit":5,"memory_limit":128000,"base64_encoded":true}
[23-Jun-2025 14:59:08 Asia/Manila] Judge0 Response (HTTP 200): {"stdout":"UHJpbWUK","time":"0.009","memory":3224,"stderr":null,"token":"1b33881b-0023-4842-8170-75ef9553298d","compile_output":null,"message":null,"status":{"id":3,"description":"Accepted"}}
[23-Jun-2025 14:59:08 Asia/Manila] Processing test case ID: 59 for programming_id: 18
[23-Jun-2025 14:59:08 Asia/Manila] Submitting to Judge0 with data: {"source_code":"ZGVmIGlzX3ByaW1lKG46IGludCkgLT4gc3RyOg0KICAgIGlmIG4gPD0gMToNCiAgICAgICAgcmV0dXJuICJOb3QgUHJpbWUiDQogICAgZm9yIGkgaW4gcmFuZ2UoMiwgaW50KG4gKiogMC41KSArIDEpOg0KICAgICAgICBpZiBuICUgaSA9PSAwOg0KICAgICAgICAgICAgcmV0dXJuICJOb3QgUHJpbWUiDQogICAgcmV0dXJuICJQcmltZSINCg0KIyBSZWFkIGlucHV0IGFuZCBwcmludCBvdXRwdXQNCm4gPSBpbnQoaW5wdXQoKS5zdHJpcCgpKQ0KcHJpbnQoaXNfcHJpbWUobikp","language_id":71,"stdin":"NA==","expected_output":"Tm90IFByaW1lIA==","cpu_time_limit":5,"memory_limit":128000,"base64_encoded":true}
[23-Jun-2025 14:59:08 Asia/Manila] Judge0 Response (HTTP 200): {"stdout":"Tm90IFByaW1lCg==","time":"0.008","memory":3296,"stderr":null,"token":"539b53c7-a4d6-4b57-b0ae-fe24662ffa65","compile_output":null,"message":null,"status":{"id":3,"description":"Accepted"}}
[23-Jun-2025 14:59:08 Asia/Manila] Processing test case ID: 60 for programming_id: 18
[23-Jun-2025 14:59:08 Asia/Manila] Submitting to Judge0 with data: {"source_code":"ZGVmIGlzX3ByaW1lKG46IGludCkgLT4gc3RyOg0KICAgIGlmIG4gPD0gMToNCiAgICAgICAgcmV0dXJuICJOb3QgUHJpbWUiDQogICAgZm9yIGkgaW4gcmFuZ2UoMiwgaW50KG4gKiogMC41KSArIDEpOg0KICAgICAgICBpZiBuICUgaSA9PSAwOg0KICAgICAgICAgICAgcmV0dXJuICJOb3QgUHJpbWUiDQogICAgcmV0dXJuICJQcmltZSINCg0KIyBSZWFkIGlucHV0IGFuZCBwcmludCBvdXRwdXQNCm4gPSBpbnQoaW5wdXQoKS5zdHJpcCgpKQ0KcHJpbnQoaXNfcHJpbWUobikp","language_id":71,"stdin":"NyA=","expected_output":"UHJpbWU=","cpu_time_limit":5,"memory_limit":128000,"base64_encoded":true}
[23-Jun-2025 14:59:09 Asia/Manila] Judge0 Response (HTTP 200): {"stdout":"UHJpbWUK","time":"0.007","memory":3296,"stderr":null,"token":"586a04f4-0740-49fe-abed-6e56812faf81","compile_output":null,"message":null,"status":{"id":3,"description":"Accepted"}}
[23-Jun-2025 15:30:32 Asia/Manila] Executing code with language: python (ID: 71)
[23-Jun-2025 15:30:32 Asia/Manila] Code to execute: def is_prime(n: int) -> str:
    if n <= 1:
        return "Not Prime"
    for i in range(2, int(...
[23-Jun-2025 15:30:32 Asia/Manila] Processing test case ID: 68 for programming_id: 28
[23-Jun-2025 15:30:32 Asia/Manila] Submitting to Judge0 with data: {"source_code":"ZGVmIGlzX3ByaW1lKG46IGludCkgLT4gc3RyOg0KICAgIGlmIG4gPD0gMToNCiAgICAgICAgcmV0dXJuICJOb3QgUHJpbWUiDQogICAgZm9yIGkgaW4gcmFuZ2UoMiwgaW50KG4gKiogMC41KSArIDEpOg0KICAgICAgICBpZiBuICUgaSA9PSAwOg0KICAgICAgICAgICAgcmV0dXJuICJOb3QgUHJpbWUiDQogICAgcmV0dXJuICJQcmltZSINCg0KIyBSZWFkIGlucHV0IGFuZCBwcmludCBvdXRwdXQNCm4gPSBpbnQoaW5wdXQoKS5zdHJpcCgpKQ0KcHJpbnQoaXNfcHJpbWUobikp","language_id":71,"stdin":"NQ==","expected_output":"UHJpbWU=","cpu_time_limit":5,"memory_limit":128000,"base64_encoded":true}
[23-Jun-2025 15:30:33 Asia/Manila] Judge0 Response (HTTP 200): {"stdout":"UHJpbWUK","time":"0.008","memory":3296,"stderr":null,"token":"6a986fde-a5b1-4b22-ab6d-1d2b9b87efff","compile_output":null,"message":null,"status":{"id":3,"description":"Accepted"}}
[23-Jun-2025 15:30:33 Asia/Manila] Processing test case ID: 69 for programming_id: 28
[23-Jun-2025 15:30:33 Asia/Manila] Submitting to Judge0 with data: {"source_code":"ZGVmIGlzX3ByaW1lKG46IGludCkgLT4gc3RyOg0KICAgIGlmIG4gPD0gMToNCiAgICAgICAgcmV0dXJuICJOb3QgUHJpbWUiDQogICAgZm9yIGkgaW4gcmFuZ2UoMiwgaW50KG4gKiogMC41KSArIDEpOg0KICAgICAgICBpZiBuICUgaSA9PSAwOg0KICAgICAgICAgICAgcmV0dXJuICJOb3QgUHJpbWUiDQogICAgcmV0dXJuICJQcmltZSINCg0KIyBSZWFkIGlucHV0IGFuZCBwcmludCBvdXRwdXQNCm4gPSBpbnQoaW5wdXQoKS5zdHJpcCgpKQ0KcHJpbnQoaXNfcHJpbWUobikp","language_id":71,"stdin":"NA==","expected_output":"Tm90IFByaW1l","cpu_time_limit":5,"memory_limit":128000,"base64_encoded":true}
[23-Jun-2025 15:30:34 Asia/Manila] Judge0 Response (HTTP 200): {"stdout":"Tm90IFByaW1lCg==","time":"0.008","memory":3296,"stderr":null,"token":"8a2d93fe-33b2-4f2a-926c-b0e7875fed41","compile_output":null,"message":null,"status":{"id":3,"description":"Accepted"}}
[23-Jun-2025 15:30:34 Asia/Manila] Processing test case ID: 70 for programming_id: 28
[23-Jun-2025 15:30:34 Asia/Manila] Submitting to Judge0 with data: {"source_code":"ZGVmIGlzX3ByaW1lKG46IGludCkgLT4gc3RyOg0KICAgIGlmIG4gPD0gMToNCiAgICAgICAgcmV0dXJuICJOb3QgUHJpbWUiDQogICAgZm9yIGkgaW4gcmFuZ2UoMiwgaW50KG4gKiogMC41KSArIDEpOg0KICAgICAgICBpZiBuICUgaSA9PSAwOg0KICAgICAgICAgICAgcmV0dXJuICJOb3QgUHJpbWUiDQogICAgcmV0dXJuICJQcmltZSINCg0KIyBSZWFkIGlucHV0IGFuZCBwcmludCBvdXRwdXQNCm4gPSBpbnQoaW5wdXQoKS5zdHJpcCgpKQ0KcHJpbnQoaXNfcHJpbWUobikp","language_id":71,"stdin":"Nw==","expected_output":"UHJpbWU=","cpu_time_limit":5,"memory_limit":128000,"base64_encoded":true}
[23-Jun-2025 15:30:35 Asia/Manila] Judge0 Response (HTTP 200): {"stdout":"UHJpbWUK","time":"0.008","memory":3552,"stderr":null,"token":"f9132382-7a8e-40fa-8428-e83558e48b44","compile_output":null,"message":null,"status":{"id":3,"description":"Accepted"}}
[23-Jun-2025 15:40:01 Asia/Manila] Executing code with language: python (ID: 71)
[23-Jun-2025 15:40:01 Asia/Manila] Code to execute: def is_prime(n: int) -> str:
    if n <= 1:
        return "Not Prime"
    for i in range(2, int(...
[23-Jun-2025 15:40:01 Asia/Manila] Processing test case ID: 58 for programming_id: 18
[23-Jun-2025 15:40:01 Asia/Manila] Submitting to Judge0 with data: {"source_code":"ZGVmIGlzX3ByaW1lKG46IGludCkgLT4gc3RyOg0KICAgIGlmIG4gPD0gMToNCiAgICAgICAgcmV0dXJuICJOb3QgUHJpbWUiDQogICAgZm9yIGkgaW4gcmFuZ2UoMiwgaW50KG4gKiogMC41KSArIDEpOg0KICAgICAgICBpZiBuICUgaSA9PSAwOg0KICAgICAgICAgICAgcmV0dXJuICJOb3QgUHJpbWUiDQogICAgcmV0dXJuICJQcmltZSINCg0KIyBSZWFkIGlucHV0IGFuZCBwcmludCBvdXRwdXQNCm4gPSBpbnQoaW5wdXQoKS5zdHJpcCgpKQ0KcHJpbnQoaXNfcHJpbWUobikp","language_id":71,"stdin":"NQ==","expected_output":"UHJpbWU=","cpu_time_limit":5,"memory_limit":128000,"base64_encoded":true}
[23-Jun-2025 15:40:02 Asia/Manila] Judge0 Response (HTTP 200): {"stdout":"UHJpbWUK","time":"0.007","memory":3248,"stderr":null,"token":"0c1efe25-988f-4c2c-b784-354b3a0c0f73","compile_output":null,"message":null,"status":{"id":3,"description":"Accepted"}}
[23-Jun-2025 15:40:02 Asia/Manila] Processing test case ID: 59 for programming_id: 18
[23-Jun-2025 15:40:02 Asia/Manila] Submitting to Judge0 with data: {"source_code":"ZGVmIGlzX3ByaW1lKG46IGludCkgLT4gc3RyOg0KICAgIGlmIG4gPD0gMToNCiAgICAgICAgcmV0dXJuICJOb3QgUHJpbWUiDQogICAgZm9yIGkgaW4gcmFuZ2UoMiwgaW50KG4gKiogMC41KSArIDEpOg0KICAgICAgICBpZiBuICUgaSA9PSAwOg0KICAgICAgICAgICAgcmV0dXJuICJOb3QgUHJpbWUiDQogICAgcmV0dXJuICJQcmltZSINCg0KIyBSZWFkIGlucHV0IGFuZCBwcmludCBvdXRwdXQNCm4gPSBpbnQoaW5wdXQoKS5zdHJpcCgpKQ0KcHJpbnQoaXNfcHJpbWUobikp","language_id":71,"stdin":"NA==","expected_output":"Tm90IFByaW1lIA==","cpu_time_limit":5,"memory_limit":128000,"base64_encoded":true}
[23-Jun-2025 15:40:03 Asia/Manila] Judge0 Response (HTTP 200): {"stdout":"Tm90IFByaW1lCg==","time":"0.008","memory":3296,"stderr":null,"token":"19820800-9503-4df2-85c5-3d407148b021","compile_output":null,"message":null,"status":{"id":3,"description":"Accepted"}}
[23-Jun-2025 15:40:03 Asia/Manila] Processing test case ID: 60 for programming_id: 18
[23-Jun-2025 15:40:03 Asia/Manila] Submitting to Judge0 with data: {"source_code":"ZGVmIGlzX3ByaW1lKG46IGludCkgLT4gc3RyOg0KICAgIGlmIG4gPD0gMToNCiAgICAgICAgcmV0dXJuICJOb3QgUHJpbWUiDQogICAgZm9yIGkgaW4gcmFuZ2UoMiwgaW50KG4gKiogMC41KSArIDEpOg0KICAgICAgICBpZiBuICUgaSA9PSAwOg0KICAgICAgICAgICAgcmV0dXJuICJOb3QgUHJpbWUiDQogICAgcmV0dXJuICJQcmltZSINCg0KIyBSZWFkIGlucHV0IGFuZCBwcmludCBvdXRwdXQNCm4gPSBpbnQoaW5wdXQoKS5zdHJpcCgpKQ0KcHJpbnQoaXNfcHJpbWUobikp","language_id":71,"stdin":"NyA=","expected_output":"UHJpbWU=","cpu_time_limit":5,"memory_limit":128000,"base64_encoded":true}
[23-Jun-2025 15:40:04 Asia/Manila] Judge0 Response (HTTP 200): {"stdout":"UHJpbWUK","time":"0.008","memory":3552,"stderr":null,"token":"2ca45e3a-564e-4d6c-a74c-ead49f284b81","compile_output":null,"message":null,"status":{"id":3,"description":"Accepted"}}
[23-Jun-2025 18:39:40 Asia/Manila] Executing code with language: python (ID: 71)
[23-Jun-2025 18:39:40 Asia/Manila] Code to execute: def is_prime(n: int) -> str:
    if n <= 1:
        return "Not Prime"
    for i in range(2, int(...
[23-Jun-2025 18:39:40 Asia/Manila] Processing test case ID: 58 for programming_id: 18
[23-Jun-2025 18:39:40 Asia/Manila] Submitting to Judge0 with data: {"source_code":"ZGVmIGlzX3ByaW1lKG46IGludCkgLT4gc3RyOg0KICAgIGlmIG4gPD0gMToNCiAgICAgICAgcmV0dXJuICJOb3QgUHJpbWUiDQogICAgZm9yIGkgaW4gcmFuZ2UoMiwgaW50KG4gKiogMC41KSArIDEpOg0KICAgICAgICBpZiBuICUgaSA9PSAwOg0KICAgICAgICAgICAgcmV0dXJuICJOb3QgUHJpbWUiDQogICAgcmV0dXJuICJQcmltZSINCg0KIyBSZWFkIGlucHV0IGFuZCBwcmludCBvdXRwdXQNCm4gPSBpbnQoaW5wdXQoKS5zdHJpcCgpKQ0KcHJpbnQoaXNfcHJpbWUobikp","language_id":71,"stdin":"NQ==","expected_output":"UHJpbWU=","cpu_time_limit":5,"memory_limit":128000,"base64_encoded":true}
[23-Jun-2025 18:39:41 Asia/Manila] Judge0 Response (HTTP 200): {"stdout":"UHJpbWUK","time":"0.009","memory":3472,"stderr":null,"token":"5f2f02c7-fb44-41fe-835c-9925423aaf09","compile_output":null,"message":null,"status":{"id":3,"description":"Accepted"}}
[23-Jun-2025 18:39:41 Asia/Manila] Processing test case ID: 59 for programming_id: 18
[23-Jun-2025 18:39:41 Asia/Manila] Submitting to Judge0 with data: {"source_code":"ZGVmIGlzX3ByaW1lKG46IGludCkgLT4gc3RyOg0KICAgIGlmIG4gPD0gMToNCiAgICAgICAgcmV0dXJuICJOb3QgUHJpbWUiDQogICAgZm9yIGkgaW4gcmFuZ2UoMiwgaW50KG4gKiogMC41KSArIDEpOg0KICAgICAgICBpZiBuICUgaSA9PSAwOg0KICAgICAgICAgICAgcmV0dXJuICJOb3QgUHJpbWUiDQogICAgcmV0dXJuICJQcmltZSINCg0KIyBSZWFkIGlucHV0IGFuZCBwcmludCBvdXRwdXQNCm4gPSBpbnQoaW5wdXQoKS5zdHJpcCgpKQ0KcHJpbnQoaXNfcHJpbWUobikp","language_id":71,"stdin":"NA==","expected_output":"Tm90IFByaW1lIA==","cpu_time_limit":5,"memory_limit":128000,"base64_encoded":true}
[23-Jun-2025 18:39:42 Asia/Manila] Judge0 Response (HTTP 200): {"stdout":"Tm90IFByaW1lCg==","time":"0.008","memory":3296,"stderr":null,"token":"d3fd372e-2d00-484d-9be9-0b4148316492","compile_output":null,"message":null,"status":{"id":3,"description":"Accepted"}}
[23-Jun-2025 18:39:42 Asia/Manila] Processing test case ID: 60 for programming_id: 18
[23-Jun-2025 18:39:42 Asia/Manila] Submitting to Judge0 with data: {"source_code":"ZGVmIGlzX3ByaW1lKG46IGludCkgLT4gc3RyOg0KICAgIGlmIG4gPD0gMToNCiAgICAgICAgcmV0dXJuICJOb3QgUHJpbWUiDQogICAgZm9yIGkgaW4gcmFuZ2UoMiwgaW50KG4gKiogMC41KSArIDEpOg0KICAgICAgICBpZiBuICUgaSA9PSAwOg0KICAgICAgICAgICAgcmV0dXJuICJOb3QgUHJpbWUiDQogICAgcmV0dXJuICJQcmltZSINCg0KIyBSZWFkIGlucHV0IGFuZCBwcmludCBvdXRwdXQNCm4gPSBpbnQoaW5wdXQoKS5zdHJpcCgpKQ0KcHJpbnQoaXNfcHJpbWUobikp","language_id":71,"stdin":"NyA=","expected_output":"UHJpbWU=","cpu_time_limit":5,"memory_limit":128000,"base64_encoded":true}
[23-Jun-2025 18:39:43 Asia/Manila] Judge0 Response (HTTP 200): {"stdout":"UHJpbWUK","time":"0.009","memory":3132,"stderr":null,"token":"d80b3012-a912-4dbf-b33b-ac25cbd04873","compile_output":null,"message":null,"status":{"id":3,"description":"Accepted"}}
[23-Jun-2025 18:41:47 Asia/Manila] Executing code with language: python (ID: 71)
[23-Jun-2025 18:41:47 Asia/Manila] Code to execute: def is_prime(n: int) -> str:
    if n <= 1:
        return "Not Prime"
    for i in range(2, int(...
[23-Jun-2025 18:41:47 Asia/Manila] Processing test case ID: 58 for programming_id: 18
[23-Jun-2025 18:41:47 Asia/Manila] Submitting to Judge0 with data: {"source_code":"ZGVmIGlzX3ByaW1lKG46IGludCkgLT4gc3RyOg0KICAgIGlmIG4gPD0gMToNCiAgICAgICAgcmV0dXJuICJOb3QgUHJpbWUiDQogICAgZm9yIGkgaW4gcmFuZ2UoMiwgaW50KG4gKiogMC41KSArIDEpOg0KICAgICAgICBpZiBuICUgaSA9PSAwOg0KICAgICAgICAgICAgcmV0dXJuICJOb3QgUHJpbWUiDQogICAgcmV0dXJuICJQcmltZSINCg0KIyBSZWFkIGlucHV0IGFuZCBwcmludCBvdXRwdXQNCm4gPSBpbnQoaW5wdXQoKS5zdHJpcCgpKQ0KcHJpbnQoaXNfcHJpbWUobikp","language_id":71,"stdin":"NQ==","expected_output":"UHJpbWU=","cpu_time_limit":5,"memory_limit":128000,"base64_encoded":true}
[23-Jun-2025 18:41:48 Asia/Manila] Judge0 Response (HTTP 200): {"stdout":"UHJpbWUK","time":"0.008","memory":3460,"stderr":null,"token":"950b55ed-b1e1-4dc3-8e93-1691b09985fa","compile_output":null,"message":null,"status":{"id":3,"description":"Accepted"}}
[23-Jun-2025 18:41:48 Asia/Manila] Processing test case ID: 59 for programming_id: 18
[23-Jun-2025 18:41:48 Asia/Manila] Submitting to Judge0 with data: {"source_code":"ZGVmIGlzX3ByaW1lKG46IGludCkgLT4gc3RyOg0KICAgIGlmIG4gPD0gMToNCiAgICAgICAgcmV0dXJuICJOb3QgUHJpbWUiDQogICAgZm9yIGkgaW4gcmFuZ2UoMiwgaW50KG4gKiogMC41KSArIDEpOg0KICAgICAgICBpZiBuICUgaSA9PSAwOg0KICAgICAgICAgICAgcmV0dXJuICJOb3QgUHJpbWUiDQogICAgcmV0dXJuICJQcmltZSINCg0KIyBSZWFkIGlucHV0IGFuZCBwcmludCBvdXRwdXQNCm4gPSBpbnQoaW5wdXQoKS5zdHJpcCgpKQ0KcHJpbnQoaXNfcHJpbWUobikp","language_id":71,"stdin":"NA==","expected_output":"Tm90IFByaW1lIA==","cpu_time_limit":5,"memory_limit":128000,"base64_encoded":true}
[23-Jun-2025 18:41:49 Asia/Manila] Judge0 Response (HTTP 200): {"stdout":"Tm90IFByaW1lCg==","time":"0.008","memory":3228,"stderr":null,"token":"0b473ba3-0d8f-42f8-ade2-55ba23921113","compile_output":null,"message":null,"status":{"id":3,"description":"Accepted"}}
[23-Jun-2025 18:41:49 Asia/Manila] Processing test case ID: 60 for programming_id: 18
[23-Jun-2025 18:41:49 Asia/Manila] Submitting to Judge0 with data: {"source_code":"ZGVmIGlzX3ByaW1lKG46IGludCkgLT4gc3RyOg0KICAgIGlmIG4gPD0gMToNCiAgICAgICAgcmV0dXJuICJOb3QgUHJpbWUiDQogICAgZm9yIGkgaW4gcmFuZ2UoMiwgaW50KG4gKiogMC41KSArIDEpOg0KICAgICAgICBpZiBuICUgaSA9PSAwOg0KICAgICAgICAgICAgcmV0dXJuICJOb3QgUHJpbWUiDQogICAgcmV0dXJuICJQcmltZSINCg0KIyBSZWFkIGlucHV0IGFuZCBwcmludCBvdXRwdXQNCm4gPSBpbnQoaW5wdXQoKS5zdHJpcCgpKQ0KcHJpbnQoaXNfcHJpbWUobikp","language_id":71,"stdin":"NyA=","expected_output":"UHJpbWU=","cpu_time_limit":5,"memory_limit":128000,"base64_encoded":true}
[23-Jun-2025 18:41:50 Asia/Manila] Judge0 Response (HTTP 200): {"stdout":"UHJpbWUK","time":"0.01","memory":3296,"stderr":null,"token":"3d88e286-95bd-4b85-bab0-c0a46e495476","compile_output":null,"message":null,"status":{"id":3,"description":"Accepted"}}
[23-Jun-2025 19:10:28 Asia/Manila] Executing code with language: python (ID: 71)
[23-Jun-2025 19:10:28 Asia/Manila] Code to execute: def is_prime(n: int) -> str:
    if n <= 1:
        return "Not Prime"
    for i in range(2, int(...
[23-Jun-2025 19:10:28 Asia/Manila] Processing test case ID: 83 for programming_id: 18
[23-Jun-2025 19:10:28 Asia/Manila] Submitting to Judge0 with data: {"source_code":"ZGVmIGlzX3ByaW1lKG46IGludCkgLT4gc3RyOg0KICAgIGlmIG4gPD0gMToNCiAgICAgICAgcmV0dXJuICJOb3QgUHJpbWUiDQogICAgZm9yIGkgaW4gcmFuZ2UoMiwgaW50KG4gKiogMC41KSArIDEpOg0KICAgICAgICBpZiBuICUgaSA9PSAwOg0KICAgICAgICAgICAgcmV0dXJuICJOb3QgUHJpbWUiDQogICAgcmV0dXJuICJQcmltZSINCg0KIyBSZWFkIGlucHV0IGFuZCBwcmludCBvdXRwdXQNCm4gPSBpbnQoaW5wdXQoKS5zdHJpcCgpKQ0KcHJpbnQoaXNfcHJpbWUobikp","language_id":71,"stdin":"NQ==","expected_output":"UHJpbWU=","cpu_time_limit":5,"memory_limit":128000,"base64_encoded":true}
[23-Jun-2025 19:10:29 Asia/Manila] Judge0 Response (HTTP 200): {"stdout":"UHJpbWUK","time":"0.008","memory":3300,"stderr":null,"token":"9cad106d-f560-4ade-a53f-a2e6eab859d4","compile_output":null,"message":null,"status":{"id":3,"description":"Accepted"}}
[23-Jun-2025 19:10:29 Asia/Manila] Processing test case ID: 84 for programming_id: 18
[23-Jun-2025 19:10:29 Asia/Manila] Submitting to Judge0 with data: {"source_code":"ZGVmIGlzX3ByaW1lKG46IGludCkgLT4gc3RyOg0KICAgIGlmIG4gPD0gMToNCiAgICAgICAgcmV0dXJuICJOb3QgUHJpbWUiDQogICAgZm9yIGkgaW4gcmFuZ2UoMiwgaW50KG4gKiogMC41KSArIDEpOg0KICAgICAgICBpZiBuICUgaSA9PSAwOg0KICAgICAgICAgICAgcmV0dXJuICJOb3QgUHJpbWUiDQogICAgcmV0dXJuICJQcmltZSINCg0KIyBSZWFkIGlucHV0IGFuZCBwcmludCBvdXRwdXQNCm4gPSBpbnQoaW5wdXQoKS5zdHJpcCgpKQ0KcHJpbnQoaXNfcHJpbWUobikp","language_id":71,"stdin":"NA==","expected_output":"Tm90IFByaW1l","cpu_time_limit":5,"memory_limit":128000,"base64_encoded":true}
[23-Jun-2025 19:10:31 Asia/Manila] Judge0 Response (HTTP 200): {"stdout":"Tm90IFByaW1lCg==","time":"0.008","memory":3552,"stderr":null,"token":"c7f15c0d-26d3-4590-a496-b579355db712","compile_output":null,"message":null,"status":{"id":3,"description":"Accepted"}}
[23-Jun-2025 19:10:31 Asia/Manila] Processing test case ID: 85 for programming_id: 18
[23-Jun-2025 19:10:31 Asia/Manila] Submitting to Judge0 with data: {"source_code":"ZGVmIGlzX3ByaW1lKG46IGludCkgLT4gc3RyOg0KICAgIGlmIG4gPD0gMToNCiAgICAgICAgcmV0dXJuICJOb3QgUHJpbWUiDQogICAgZm9yIGkgaW4gcmFuZ2UoMiwgaW50KG4gKiogMC41KSArIDEpOg0KICAgICAgICBpZiBuICUgaSA9PSAwOg0KICAgICAgICAgICAgcmV0dXJuICJOb3QgUHJpbWUiDQogICAgcmV0dXJuICJQcmltZSINCg0KIyBSZWFkIGlucHV0IGFuZCBwcmludCBvdXRwdXQNCm4gPSBpbnQoaW5wdXQoKS5zdHJpcCgpKQ0KcHJpbnQoaXNfcHJpbWUobikp","language_id":71,"stdin":"Nw==","expected_output":"UHJpbWU=","cpu_time_limit":5,"memory_limit":128000,"base64_encoded":true}
[23-Jun-2025 19:10:31 Asia/Manila] Judge0 Response (HTTP 429): {"message":"You have exceeded the DAILY quota for Submissions on your current plan, BASIC. Upgrade your plan at https:\/\/rapidapi.com\/judge0-official\/api\/judge0-ce"}
[23-Jun-2025 19:10:31 Asia/Manila] Judge0 API Error: HTTP 429 - {"message":"You have exceeded the DAILY quota for Submissions on your current plan, BASIC. Upgrade your plan at https:\/\/rapidapi.com\/judge0-official\/api\/judge0-ce"}
[23-Jun-2025 19:10:31 Asia/Manila] Error in test_exam.php: Judge0 API Error: {"message":"You have exceeded the DAILY quota for Submissions on your current plan, BASIC. Upgrade your plan at https:\/\/rapidapi.com\/judge0-official\/api\/judge0-ce"}
