<<<<<<< Updated upstream
<<<<<<< Updated upstream
<<<<<<< Updated upstream
<<<<<<< Updated upstream
<<<<<<< Updated upstream
<<<<<<< Updated upstream
<<<<<<< Updated upstream
<<<<<<< Updated upstream
2025-04-21 13:54:03 Error: [2] Undefined variable $upload_dir in C:\wamp64\www\Practice\questionBank_import.php on line 222
2025-04-21 13:54:03 Error: [8192] is_dir(): Passing null to parameter #1 ($filename) of type string is deprecated in C:\wamp64\www\Practice\questionBank_import.php on line 224
2025-04-21 14:00:03 Error: [2] Undefined variable $upload_dir in C:\wamp64\www\Practice\questionBank_import.php on line 192
2025-04-21 14:00:03 Error: [8192] is_dir(): Passing null to parameter #1 ($filename) of type string is deprecated in C:\wamp64\www\Practice\questionBank_import.php on line 194
2025-04-21 14:00:08 Error: [2] Undefined variable $upload_dir in C:\wamp64\www\Practice\questionBank_import.php on line 192
2025-04-21 14:00:08 Error: [8192] is_dir(): Passing null to parameter #1 ($filename) of type string is deprecated in C:\wamp64\www\Practice\questionBank_import.php on line 194
2025-04-21 14:00:10 Error: [2] Undefined variable $upload_dir in C:\wamp64\www\Practice\questionBank_import.php on line 192
2025-04-21 14:00:10 Error: [8192] is_dir(): Passing null to parameter #1 ($filename) of type string is deprecated in C:\wamp64\www\Practice\questionBank_import.php on line 194
2025-04-21 14:01:49 Error: [2] Undefined variable $upload_dir in C:\wamp64\www\Practice\questionBank_import.php on line 198
2025-04-21 14:01:49 Error: [8192] is_dir(): Passing null to parameter #1 ($filename) of type string is deprecated in C:\wamp64\www\Practice\questionBank_import.php on line 200
2025-04-21 14:01:51 Error: [2] Undefined variable $upload_dir in C:\wamp64\www\Practice\questionBank_import.php on line 198
2025-04-21 14:01:51 Error: [8192] is_dir(): Passing null to parameter #1 ($filename) of type string is deprecated in C:\wamp64\www\Practice\questionBank_import.php on line 200
2025-04-21 14:01:51 Error: [2] Undefined variable $upload_dir in C:\wamp64\www\Practice\questionBank_import.php on line 198
2025-04-21 14:01:51 Error: [8192] is_dir(): Passing null to parameter #1 ($filename) of type string is deprecated in C:\wamp64\www\Practice\questionBank_import.php on line 200
2025-04-21 14:01:51 Error: [2] Undefined variable $upload_dir in C:\wamp64\www\Practice\questionBank_import.php on line 198
2025-04-21 14:01:51 Error: [8192] is_dir(): Passing null to parameter #1 ($filename) of type string is deprecated in C:\wamp64\www\Practice\questionBank_import.php on line 200
2025-04-21 14:01:51 Error: [2] Undefined variable $upload_dir in C:\wamp64\www\Practice\questionBank_import.php on line 198
2025-04-21 14:01:51 Error: [8192] is_dir(): Passing null to parameter #1 ($filename) of type string is deprecated in C:\wamp64\www\Practice\questionBank_import.php on line 200
2025-04-21 14:01:53 Error: [2] Undefined variable $upload_dir in C:\wamp64\www\Practice\questionBank_import.php on line 198
2025-04-21 14:01:53 Error: [8192] is_dir(): Passing null to parameter #1 ($filename) of type string is deprecated in C:\wamp64\www\Practice\questionBank_import.php on line 200
2025-04-21 14:01:54 Error: [2] Undefined variable $upload_dir in C:\wamp64\www\Practice\questionBank_import.php on line 198
2025-04-21 14:01:54 Error: [8192] is_dir(): Passing null to parameter #1 ($filename) of type string is deprecated in C:\wamp64\www\Practice\questionBank_import.php on line 200
2025-04-21 14:01:54 Error: [2] Undefined variable $upload_dir in C:\wamp64\www\Practice\questionBank_import.php on line 198
2025-04-21 14:01:54 Error: [8192] is_dir(): Passing null to parameter #1 ($filename) of type string is deprecated in C:\wamp64\www\Practice\questionBank_import.php on line 200
2025-04-21 14:01:55 Error: [2] Undefined variable $upload_dir in C:\wamp64\www\Practice\questionBank_import.php on line 198
2025-04-21 14:01:55 Error: [8192] is_dir(): Passing null to parameter #1 ($filename) of type string is deprecated in C:\wamp64\www\Practice\questionBank_import.php on line 200
2025-04-21 14:01:55 Error: [2] Undefined variable $upload_dir in C:\wamp64\www\Practice\questionBank_import.php on line 198
2025-04-21 14:01:55 Error: [8192] is_dir(): Passing null to parameter #1 ($filename) of type string is deprecated in C:\wamp64\www\Practice\questionBank_import.php on line 200
2025-04-21 14:01:55 Error: [2] Undefined variable $upload_dir in C:\wamp64\www\Practice\questionBank_import.php on line 198
2025-04-21 14:01:55 Error: [8192] is_dir(): Passing null to parameter #1 ($filename) of type string is deprecated in C:\wamp64\www\Practice\questionBank_import.php on line 200
2025-04-21 14:01:55 Error: [2] Undefined variable $upload_dir in C:\wamp64\www\Practice\questionBank_import.php on line 198
2025-04-21 14:01:55 Error: [8192] is_dir(): Passing null to parameter #1 ($filename) of type string is deprecated in C:\wamp64\www\Practice\questionBank_import.php on line 200
2025-04-21 14:02:06 Error: [2] Undefined variable $upload_dir in C:\wamp64\www\Practice\questionBank_import.php on line 198
2025-04-21 14:02:06 Error: [8192] is_dir(): Passing null to parameter #1 ($filename) of type string is deprecated in C:\wamp64\www\Practice\questionBank_import.php on line 200
2025-04-21 14:04:04 Error: [2] Undefined variable $upload_dir in C:\wamp64\www\Practice\questionBank_import.php on line 181
2025-04-21 14:04:04 Error: [8192] is_dir(): Passing null to parameter #1 ($filename) of type string is deprecated in C:\wamp64\www\Practice\questionBank_import.php on line 183
2025-04-23 11:01:50 Error: [2] Undefined array key "id" in C:\wamp64\www\Practice\manage_grading_systems.php on line 162
2025-04-23 11:01:50 Error: [2] Undefined array key "id" in C:\wamp64\www\Practice\manage_grading_systems.php on line 172
2025-04-23 11:01:50 Error: [2] Undefined array key "id" in C:\wamp64\www\Practice\manage_grading_systems.php on line 162
2025-04-23 11:01:50 Error: [2] Undefined array key "id" in C:\wamp64\www\Practice\manage_grading_systems.php on line 172
2025-04-23 11:01:50 Error: [2] Undefined array key "id" in C:\wamp64\www\Practice\manage_grading_systems.php on line 162
2025-04-23 11:01:50 Error: [2] Undefined array key "id" in C:\wamp64\www\Practice\manage_grading_systems.php on line 172
2025-04-23 11:01:50 Error: [2] Undefined array key "id" in C:\wamp64\www\Practice\manage_grading_systems.php on line 162
2025-04-23 11:01:50 Error: [2] Undefined array key "id" in C:\wamp64\www\Practice\manage_grading_systems.php on line 172
2025-04-23 11:01:50 Error: [2] Undefined array key "id" in C:\wamp64\www\Practice\manage_grading_systems.php on line 162
2025-04-23 11:01:50 Error: [2] Undefined array key "id" in C:\wamp64\www\Practice\manage_grading_systems.php on line 172
2025-04-23 11:01:50 Error: [2] Undefined array key "id" in C:\wamp64\www\Practice\manage_grading_systems.php on line 162
2025-04-23 11:01:50 Error: [2] Undefined array key "id" in C:\wamp64\www\Practice\manage_grading_systems.php on line 172
2025-04-23 11:01:50 Error: [2] Undefined array key "id" in C:\wamp64\www\Practice\manage_grading_systems.php on line 162
2025-04-23 11:01:50 Error: [2] Undefined array key "id" in C:\wamp64\www\Practice\manage_grading_systems.php on line 172
2025-04-23 11:01:50 Error: [2] Undefined array key "id" in C:\wamp64\www\Practice\manage_grading_systems.php on line 162
2025-04-23 11:01:50 Error: [2] Undefined array key "id" in C:\wamp64\www\Practice\manage_grading_systems.php on line 172
2025-04-23 11:01:50 Error: [2] Undefined array key "id" in C:\wamp64\www\Practice\manage_grading_systems.php on line 162
2025-04-23 11:01:50 Error: [2] Undefined array key "id" in C:\wamp64\www\Practice\manage_grading_systems.php on line 172
2025-04-23 11:01:50 Error: [2] Undefined array key "id" in C:\wamp64\www\Practice\manage_grading_systems.php on line 162
2025-04-23 11:01:50 Error: [2] Undefined array key "id" in C:\wamp64\www\Practice\manage_grading_systems.php on line 172
2025-04-23 11:01:50 Error: [2] Undefined array key "id" in C:\wamp64\www\Practice\manage_grading_systems.php on line 162
2025-04-23 11:01:50 Error: [2] Undefined array key "id" in C:\wamp64\www\Practice\manage_grading_systems.php on line 172
2025-04-23 11:01:50 Error: [2] Undefined array key "id" in C:\wamp64\www\Practice\manage_grading_systems.php on line 162
2025-04-23 11:01:50 Error: [2] Undefined array key "id" in C:\wamp64\www\Practice\manage_grading_systems.php on line 172
2025-04-23 11:01:50 Error: [2] Undefined array key "id" in C:\wamp64\www\Practice\manage_grading_systems.php on line 162
2025-04-23 11:01:50 Error: [2] Undefined array key "id" in C:\wamp64\www\Practice\manage_grading_systems.php on line 172
2025-04-23 11:01:50 Error: [2] Undefined array key "id" in C:\wamp64\www\Practice\manage_grading_systems.php on line 162
2025-04-23 11:01:50 Error: [2] Undefined array key "id" in C:\wamp64\www\Practice\manage_grading_systems.php on line 172
2025-04-23 11:01:50 Error: [2] Undefined array key "id" in C:\wamp64\www\Practice\manage_grading_systems.php on line 162
2025-04-23 11:01:50 Error: [2] Undefined array key "id" in C:\wamp64\www\Practice\manage_grading_systems.php on line 172
2025-04-23 11:01:50 Error: [2] Undefined array key "id" in C:\wamp64\www\Practice\manage_grading_systems.php on line 162
2025-04-23 11:01:50 Error: [2] Undefined array key "id" in C:\wamp64\www\Practice\manage_grading_systems.php on line 172
2025-04-23 11:01:50 Error: [2] Undefined array key "id" in C:\wamp64\www\Practice\manage_grading_systems.php on line 162
2025-04-23 11:01:50 Error: [2] Undefined array key "id" in C:\wamp64\www\Practice\manage_grading_systems.php on line 172
2025-04-23 11:01:50 Error: [2] Undefined array key "id" in C:\wamp64\www\Practice\manage_grading_systems.php on line 162
2025-04-23 11:01:50 Error: [2] Undefined array key "id" in C:\wamp64\www\Practice\manage_grading_systems.php on line 172
2025-04-23 11:01:50 Error: [2] Undefined array key "id" in C:\wamp64\www\Practice\manage_grading_systems.php on line 162
2025-04-23 11:01:50 Error: [2] Undefined array key "id" in C:\wamp64\www\Practice\manage_grading_systems.php on line 172
2025-04-23 11:01:50 Error: [2] Undefined array key "id" in C:\wamp64\www\Practice\manage_grading_systems.php on line 162
2025-04-23 11:01:50 Error: [2] Undefined array key "id" in C:\wamp64\www\Practice\manage_grading_systems.php on line 172
2025-04-23 11:01:50 Error: [2] Undefined array key "id" in C:\wamp64\www\Practice\manage_grading_systems.php on line 162
2025-04-23 11:01:50 Error: [2] Undefined array key "id" in C:\wamp64\www\Practice\manage_grading_systems.php on line 172
2025-04-23 11:01:50 Error: [2] Undefined array key "id" in C:\wamp64\www\Practice\manage_grading_systems.php on line 162
2025-04-23 11:01:50 Error: [2] Undefined array key "id" in C:\wamp64\www\Practice\manage_grading_systems.php on line 172
2025-04-23 11:01:50 Error: [2] Undefined array key "id" in C:\wamp64\www\Practice\manage_grading_systems.php on line 162
2025-04-23 11:01:50 Error: [2] Undefined array key "id" in C:\wamp64\www\Practice\manage_grading_systems.php on line 172
2025-04-23 11:01:50 Error: [2] Undefined array key "id" in C:\wamp64\www\Practice\manage_grading_systems.php on line 162
2025-04-23 11:01:50 Error: [2] Undefined array key "id" in C:\wamp64\www\Practice\manage_grading_systems.php on line 172
2025-04-23 11:01:50 Error: [2] Undefined array key "id" in C:\wamp64\www\Practice\manage_grading_systems.php on line 162
2025-04-23 11:01:50 Error: [2] Undefined array key "id" in C:\wamp64\www\Practice\manage_grading_systems.php on line 172
2025-04-23 11:01:50 Error: [2] Undefined array key "id" in C:\wamp64\www\Practice\manage_grading_systems.php on line 162
2025-04-23 11:01:50 Error: [2] Undefined array key "id" in C:\wamp64\www\Practice\manage_grading_systems.php on line 172
2025-04-23 11:01:50 Error: [2] Undefined array key "id" in C:\wamp64\www\Practice\manage_grading_systems.php on line 162
2025-04-23 11:01:50 Error: [2] Undefined array key "id" in C:\wamp64\www\Practice\manage_grading_systems.php on line 172
2025-04-23 11:01:50 Error: [2] Undefined array key "id" in C:\wamp64\www\Practice\manage_grading_systems.php on line 162
2025-04-23 11:01:50 Error: [2] Undefined array key "id" in C:\wamp64\www\Practice\manage_grading_systems.php on line 172
2025-04-23 11:01:50 Error: [2] Undefined array key "id" in C:\wamp64\www\Practice\manage_grading_systems.php on line 162
2025-04-23 11:01:50 Error: [2] Undefined array key "id" in C:\wamp64\www\Practice\manage_grading_systems.php on line 172
2025-04-23 11:01:50 Error: [2] Undefined array key "id" in C:\wamp64\www\Practice\manage_grading_systems.php on line 162
2025-04-23 11:01:50 Error: [2] Undefined array key "id" in C:\wamp64\www\Practice\manage_grading_systems.php on line 172
2025-04-23 11:01:50 Error: [2] Undefined array key "id" in C:\wamp64\www\Practice\manage_grading_systems.php on line 162
2025-04-23 11:01:50 Error: [2] Undefined array key "id" in C:\wamp64\www\Practice\manage_grading_systems.php on line 172
2025-04-23 11:01:50 Error: [2] Undefined array key "id" in C:\wamp64\www\Practice\manage_grading_systems.php on line 162
2025-04-23 11:01:50 Error: [2] Undefined array key "id" in C:\wamp64\www\Practice\manage_grading_systems.php on line 172
2025-04-23 11:01:50 Error: [2] Undefined array key "id" in C:\wamp64\www\Practice\manage_grading_systems.php on line 162
2025-04-23 11:01:50 Error: [2] Undefined array key "id" in C:\wamp64\www\Practice\manage_grading_systems.php on line 172
2025-04-23 11:01:50 Error: [2] Undefined array key "id" in C:\wamp64\www\Practice\manage_grading_systems.php on line 162
2025-04-23 11:01:50 Error: [2] Undefined array key "id" in C:\wamp64\www\Practice\manage_grading_systems.php on line 172
2025-04-23 11:01:50 Error: [2] Undefined array key "id" in C:\wamp64\www\Practice\manage_grading_systems.php on line 162
2025-04-23 11:01:50 Error: [2] Undefined array key "id" in C:\wamp64\www\Practice\manage_grading_systems.php on line 172
2025-04-23 11:01:50 Error: [2] Undefined array key "id" in C:\wamp64\www\Practice\manage_grading_systems.php on line 162
2025-04-23 11:01:50 Error: [2] Undefined array key "id" in C:\wamp64\www\Practice\manage_grading_systems.php on line 172
2025-04-23 11:01:50 Error: [2] Undefined array key "id" in C:\wamp64\www\Practice\manage_grading_systems.php on line 162
2025-04-23 11:01:50 Error: [2] Undefined array key "id" in C:\wamp64\www\Practice\manage_grading_systems.php on line 172
2025-04-23 11:03:55 Error: [2] Undefined array key "id" in C:\wamp64\www\Practice\manage_grading_systems.php on line 162
2025-04-23 11:03:55 Error: [2] Undefined array key "id" in C:\wamp64\www\Practice\manage_grading_systems.php on line 172
2025-04-23 11:03:55 Error: [2] Undefined array key "id" in C:\wamp64\www\Practice\manage_grading_systems.php on line 162
2025-04-23 11:03:55 Error: [2] Undefined array key "id" in C:\wamp64\www\Practice\manage_grading_systems.php on line 172
2025-04-23 11:03:55 Error: [2] Undefined array key "id" in C:\wamp64\www\Practice\manage_grading_systems.php on line 162
2025-04-23 11:03:55 Error: [2] Undefined array key "id" in C:\wamp64\www\Practice\manage_grading_systems.php on line 172
2025-04-23 11:03:55 Error: [2] Undefined array key "id" in C:\wamp64\www\Practice\manage_grading_systems.php on line 162
2025-04-23 11:03:55 Error: [2] Undefined array key "id" in C:\wamp64\www\Practice\manage_grading_systems.php on line 172
2025-04-23 11:03:55 Error: [2] Undefined array key "id" in C:\wamp64\www\Practice\manage_grading_systems.php on line 162
2025-04-23 11:03:55 Error: [2] Undefined array key "id" in C:\wamp64\www\Practice\manage_grading_systems.php on line 172
2025-04-23 11:03:55 Error: [2] Undefined array key "id" in C:\wamp64\www\Practice\manage_grading_systems.php on line 162
2025-04-23 11:03:55 Error: [2] Undefined array key "id" in C:\wamp64\www\Practice\manage_grading_systems.php on line 172
2025-04-23 11:03:55 Error: [2] Undefined array key "id" in C:\wamp64\www\Practice\manage_grading_systems.php on line 162
2025-04-23 11:03:55 Error: [2] Undefined array key "id" in C:\wamp64\www\Practice\manage_grading_systems.php on line 172
2025-04-23 11:03:55 Error: [2] Undefined array key "id" in C:\wamp64\www\Practice\manage_grading_systems.php on line 162
2025-04-23 11:03:55 Error: [2] Undefined array key "id" in C:\wamp64\www\Practice\manage_grading_systems.php on line 172
2025-04-23 11:03:55 Error: [2] Undefined array key "id" in C:\wamp64\www\Practice\manage_grading_systems.php on line 162
2025-04-23 11:03:55 Error: [2] Undefined array key "id" in C:\wamp64\www\Practice\manage_grading_systems.php on line 172
2025-04-23 11:03:55 Error: [2] Undefined array key "id" in C:\wamp64\www\Practice\manage_grading_systems.php on line 162
2025-04-23 11:03:55 Error: [2] Undefined array key "id" in C:\wamp64\www\Practice\manage_grading_systems.php on line 172
2025-04-23 11:03:55 Error: [2] Undefined array key "id" in C:\wamp64\www\Practice\manage_grading_systems.php on line 162
2025-04-23 11:03:55 Error: [2] Undefined array key "id" in C:\wamp64\www\Practice\manage_grading_systems.php on line 172
2025-04-23 11:03:55 Error: [2] Undefined array key "id" in C:\wamp64\www\Practice\manage_grading_systems.php on line 162
2025-04-23 11:03:55 Error: [2] Undefined array key "id" in C:\wamp64\www\Practice\manage_grading_systems.php on line 172
2025-04-23 11:03:55 Error: [2] Undefined array key "id" in C:\wamp64\www\Practice\manage_grading_systems.php on line 162
2025-04-23 11:03:55 Error: [2] Undefined array key "id" in C:\wamp64\www\Practice\manage_grading_systems.php on line 172
2025-04-23 11:03:55 Error: [2] Undefined array key "id" in C:\wamp64\www\Practice\manage_grading_systems.php on line 162
2025-04-23 11:03:55 Error: [2] Undefined array key "id" in C:\wamp64\www\Practice\manage_grading_systems.php on line 172
2025-04-23 11:03:55 Error: [2] Undefined array key "id" in C:\wamp64\www\Practice\manage_grading_systems.php on line 162
2025-04-23 11:03:55 Error: [2] Undefined array key "id" in C:\wamp64\www\Practice\manage_grading_systems.php on line 172
2025-04-23 11:03:55 Error: [2] Undefined array key "id" in C:\wamp64\www\Practice\manage_grading_systems.php on line 162
2025-04-23 11:03:55 Error: [2] Undefined array key "id" in C:\wamp64\www\Practice\manage_grading_systems.php on line 172
2025-04-23 11:03:55 Error: [2] Undefined array key "id" in C:\wamp64\www\Practice\manage_grading_systems.php on line 162
2025-04-23 11:03:56 Error: [2] Undefined array key "id" in C:\wamp64\www\Practice\manage_grading_systems.php on line 172
2025-04-23 11:03:56 Error: [2] Undefined array key "id" in C:\wamp64\www\Practice\manage_grading_systems.php on line 162
2025-04-23 11:03:56 Error: [2] Undefined array key "id" in C:\wamp64\www\Practice\manage_grading_systems.php on line 172
2025-04-23 11:03:56 Error: [2] Undefined array key "id" in C:\wamp64\www\Practice\manage_grading_systems.php on line 162
2025-04-23 11:03:56 Error: [2] Undefined array key "id" in C:\wamp64\www\Practice\manage_grading_systems.php on line 172
2025-04-23 11:03:56 Error: [2] Undefined array key "id" in C:\wamp64\www\Practice\manage_grading_systems.php on line 162
2025-04-23 11:03:56 Error: [2] Undefined array key "id" in C:\wamp64\www\Practice\manage_grading_systems.php on line 172
2025-04-23 11:03:56 Error: [2] Undefined array key "id" in C:\wamp64\www\Practice\manage_grading_systems.php on line 162
2025-04-23 11:03:56 Error: [2] Undefined array key "id" in C:\wamp64\www\Practice\manage_grading_systems.php on line 172
2025-04-23 11:03:56 Error: [2] Undefined array key "id" in C:\wamp64\www\Practice\manage_grading_systems.php on line 162
2025-04-23 11:03:56 Error: [2] Undefined array key "id" in C:\wamp64\www\Practice\manage_grading_systems.php on line 172
2025-04-23 11:03:56 Error: [2] Undefined array key "id" in C:\wamp64\www\Practice\manage_grading_systems.php on line 162
2025-04-23 11:03:56 Error: [2] Undefined array key "id" in C:\wamp64\www\Practice\manage_grading_systems.php on line 172
2025-04-23 11:03:56 Error: [2] Undefined array key "id" in C:\wamp64\www\Practice\manage_grading_systems.php on line 162
2025-04-23 11:03:56 Error: [2] Undefined array key "id" in C:\wamp64\www\Practice\manage_grading_systems.php on line 172
2025-04-23 11:03:56 Error: [2] Undefined array key "id" in C:\wamp64\www\Practice\manage_grading_systems.php on line 162
2025-04-23 11:03:56 Error: [2] Undefined array key "id" in C:\wamp64\www\Practice\manage_grading_systems.php on line 172
2025-04-23 11:03:56 Error: [2] Undefined array key "id" in C:\wamp64\www\Practice\manage_grading_systems.php on line 162
2025-04-23 11:03:56 Error: [2] Undefined array key "id" in C:\wamp64\www\Practice\manage_grading_systems.php on line 172
2025-04-23 11:03:56 Error: [2] Undefined array key "id" in C:\wamp64\www\Practice\manage_grading_systems.php on line 162
2025-04-23 11:03:56 Error: [2] Undefined array key "id" in C:\wamp64\www\Practice\manage_grading_systems.php on line 172
2025-04-23 11:03:56 Error: [2] Undefined array key "id" in C:\wamp64\www\Practice\manage_grading_systems.php on line 162
2025-04-23 11:03:56 Error: [2] Undefined array key "id" in C:\wamp64\www\Practice\manage_grading_systems.php on line 172
2025-04-23 11:03:56 Error: [2] Undefined array key "id" in C:\wamp64\www\Practice\manage_grading_systems.php on line 162
2025-04-23 11:03:56 Error: [2] Undefined array key "id" in C:\wamp64\www\Practice\manage_grading_systems.php on line 172
2025-04-23 11:03:56 Error: [2] Undefined array key "id" in C:\wamp64\www\Practice\manage_grading_systems.php on line 162
2025-04-23 11:03:56 Error: [2] Undefined array key "id" in C:\wamp64\www\Practice\manage_grading_systems.php on line 172
2025-04-23 11:03:56 Error: [2] Undefined array key "id" in C:\wamp64\www\Practice\manage_grading_systems.php on line 162
2025-04-23 11:03:56 Error: [2] Undefined array key "id" in C:\wamp64\www\Practice\manage_grading_systems.php on line 172
2025-04-23 11:03:56 Error: [2] Undefined array key "id" in C:\wamp64\www\Practice\manage_grading_systems.php on line 162
2025-04-23 11:03:56 Error: [2] Undefined array key "id" in C:\wamp64\www\Practice\manage_grading_systems.php on line 172
2025-04-23 11:03:56 Error: [2] Undefined array key "id" in C:\wamp64\www\Practice\manage_grading_systems.php on line 162
2025-04-23 11:03:56 Error: [2] Undefined array key "id" in C:\wamp64\www\Practice\manage_grading_systems.php on line 172
2025-04-23 11:03:56 Error: [2] Undefined array key "id" in C:\wamp64\www\Practice\manage_grading_systems.php on line 162
2025-04-23 11:03:56 Error: [2] Undefined array key "id" in C:\wamp64\www\Practice\manage_grading_systems.php on line 172
2025-04-23 11:03:56 Error: [2] Undefined array key "id" in C:\wamp64\www\Practice\manage_grading_systems.php on line 162
2025-04-23 11:03:56 Error: [2] Undefined array key "id" in C:\wamp64\www\Practice\manage_grading_systems.php on line 172
2025-04-23 11:03:56 Error: [2] Undefined array key "id" in C:\wamp64\www\Practice\manage_grading_systems.php on line 162
2025-04-23 11:03:56 Error: [2] Undefined array key "id" in C:\wamp64\www\Practice\manage_grading_systems.php on line 172
2025-04-23 11:03:56 Error: [2] Undefined array key "id" in C:\wamp64\www\Practice\manage_grading_systems.php on line 162
2025-04-23 11:03:56 Error: [2] Undefined array key "id" in C:\wamp64\www\Practice\manage_grading_systems.php on line 172
2025-04-23 11:29:19 Error: [2] Undefined array key "description" in C:\wamp64\www\Practice\manage_grading_systems.php on line 511
2025-04-23 11:29:19 Error: [8192] htmlspecialchars(): Passing null to parameter #1 ($string) of type string is deprecated in C:\wamp64\www\Practice\manage_grading_systems.php on line 511
2025-04-23 14:22:06 Error: [8192] Constant FILTER_SANITIZE_STRING is deprecated in C:\wamp64\www\Practice\stud_register.php on line 31
2025-04-23 14:22:06 Error: [8192] Constant FILTER_SANITIZE_STRING is deprecated in C:\wamp64\www\Practice\stud_register.php on line 32
2025-04-23 14:22:06 Error: [8192] Constant FILTER_SANITIZE_STRING is deprecated in C:\wamp64\www\Practice\stud_register.php on line 33
2025-04-23 14:22:06 Error: [8192] Constant FILTER_SANITIZE_STRING is deprecated in C:\wamp64\www\Practice\stud_register.php on line 37
2025-04-23 14:22:06 Error: [8192] Constant FILTER_SANITIZE_STRING is deprecated in C:\wamp64\www\Practice\stud_register.php on line 38
2025-04-23 14:22:06 Error: [8192] Constant FILTER_SANITIZE_STRING is deprecated in C:\wamp64\www\Practice\stud_register.php on line 39
2025-04-23 14:22:06 Error: [8192] Constant FILTER_SANITIZE_STRING is deprecated in C:\wamp64\www\Practice\stud_register.php on line 40
2025-04-23 14:22:06 Error: [8192] Constant FILTER_SANITIZE_STRING is deprecated in C:\wamp64\www\Practice\stud_register.php on line 41
2025-04-23 14:23:14 Error: [8192] Constant FILTER_SANITIZE_STRING is deprecated in C:\wamp64\www\Practice\stud_register.php on line 31
2025-04-23 14:23:14 Error: [8192] Constant FILTER_SANITIZE_STRING is deprecated in C:\wamp64\www\Practice\stud_register.php on line 32
2025-04-23 14:23:14 Error: [8192] Constant FILTER_SANITIZE_STRING is deprecated in C:\wamp64\www\Practice\stud_register.php on line 33
2025-04-23 14:23:14 Error: [8192] Constant FILTER_SANITIZE_STRING is deprecated in C:\wamp64\www\Practice\stud_register.php on line 37
2025-04-23 14:23:14 Error: [8192] Constant FILTER_SANITIZE_STRING is deprecated in C:\wamp64\www\Practice\stud_register.php on line 38
2025-04-23 14:23:14 Error: [8192] Constant FILTER_SANITIZE_STRING is deprecated in C:\wamp64\www\Practice\stud_register.php on line 39
2025-04-23 14:23:14 Error: [8192] Constant FILTER_SANITIZE_STRING is deprecated in C:\wamp64\www\Practice\stud_register.php on line 40
2025-04-23 14:23:14 Error: [8192] Constant FILTER_SANITIZE_STRING is deprecated in C:\wamp64\www\Practice\stud_register.php on line 41
2025-04-24 05:04:34 Error: [2] require_once(class/student.php): Failed to open stream: No such file or directory in C:\wamp64\www\Practice\qualiexam_registerBack.php on line 9
2025-04-24 05:08:10 Error: [2] require_once(class/student.php): Failed to open stream: No such file or directory in C:\wamp64\www\Practice\qualiexam_registerBack.php on line 9
2025-04-24 05:08:10 Error: [2] require_once(class/student.php): Failed to open stream: No such file or directory in C:\wamp64\www\Practice\qualiexam_registerBack.php on line 9
2025-04-24 05:35:00 Error: [2] require_once(class/student.php): Failed to open stream: No such file or directory in C:\wamp64\www\Practice\qualiexam_registerBack.php on line 9
2025-04-24 05:35:00 Error: [2] require_once(class/student.php): Failed to open stream: No such file or directory in C:\wamp64\www\Practice\qualiexam_registerBack.php on line 9
2025-04-24 05:51:33 Error: [2] require_once(class/student.php): Failed to open stream: No such file or directory in C:\wamp64\www\Practice\qualiexam_registerBack.php on line 9
2025-04-24 07:21:11 Error: [2] Undefined array key "reference_id" in C:\wamp64\www\Practice\qualiexam_registerBack.php on line 1656
2025-04-24 07:27:52 Error: [2] Undefined array key "reference_id" in C:\wamp64\www\Practice\qualiexam_registerBack.php on line 1656
2025-04-24 07:34:18 Error: [2] Undefined array key "reference_id" in C:\wamp64\www\Practice\qualiexam_registerBack.php on line 1631
2025-04-24 07:39:18 Error: [2] Undefined array key "reference_id" in C:\wamp64\www\Practice\qualiexam_registerBack.php on line 1631
2025-04-24 07:39:18 Error: [2] Undefined array key "reference_id" in C:\wamp64\www\Practice\qualiexam_registerBack.php on line 1643
2025-04-24 07:54:24 Error: [2] Undefined array key "reference_id" in C:\wamp64\www\Practice\qualiexam_registerBack.php on line 1635
2025-04-24 07:54:24 Error: [2] Undefined array key "reference_id" in C:\wamp64\www\Practice\qualiexam_registerBack.php on line 1646
2025-04-24 07:54:24 Error: [2] Cannot modify header information - headers already sent by (output started at C:\wamp64\www\Practice\qualiexam_registerBack.php:1646) in C:\wamp64\www\Practice\qualiexam_registerBack.php on line 1757
2025-04-24 12:09:23 Error: [2] Undefined array key "email" in C:\wamp64\www\Practice\stud_dashboard.php on line 20
2025-04-24 12:09:28 Error: [2] Undefined array key "email" in C:\wamp64\www\Practice\stud_dashboard.php on line 20
2025-04-24 12:09:30 Error: [2] Undefined array key "email" in C:\wamp64\www\Practice\stud_dashboard.php on line 20
2025-04-24 12:09:42 Error: [2] Undefined array key "email" in C:\wamp64\www\Practice\stud_dashboard.php on line 20
2025-04-24 12:09:50 Error: [2] Undefined array key "email" in C:\wamp64\www\Practice\stud_dashboard.php on line 20
2025-04-24 12:09:53 Error: [2] Undefined array key "email" in C:\wamp64\www\Practice\stud_dashboard.php on line 20
2025-04-24 12:09:53 Error: [2] Undefined array key "email" in C:\wamp64\www\Practice\stud_result.php on line 15
2025-04-25 04:22:52 Error: [2] Undefined array key "columns" in C:\wamp64\www\Practice\qualiexam_registerBack.php on line 1164
2025-04-25 09:35:26 Error: [2] Undefined array key "REQUEST_METHOD" in C:\wamp64\www\Practice\qualiexam_registerBack.php on line 1341
2025-04-25 09:37:31 Error: [2] Undefined array key "REQUEST_METHOD" in C:\wamp64\www\Practice\qualiexam_registerBack.php on line 1370
2025-04-25 11:18:37 Error: [2] Undefined array key "subject_description" in C:\wamp64\www\Practice\qualiexam_registerBack.php on line 1148
2025-04-25 11:18:37 Error: [2] Undefined array key "subject_description" in C:\wamp64\www\Practice\qualiexam_registerBack.php on line 1148
2025-04-25 11:18:37 Error: [2] Undefined array key "subject_description" in C:\wamp64\www\Practice\qualiexam_registerBack.php on line 1148
2025-04-25 11:18:37 Error: [2] Undefined array key "subject_description" in C:\wamp64\www\Practice\qualiexam_registerBack.php on line 1148
2025-04-25 11:18:37 Error: [2] Undefined array key "subject_description" in C:\wamp64\www\Practice\qualiexam_registerBack.php on line 1148
2025-04-25 11:18:37 Error: [2] Undefined array key "subject_description" in C:\wamp64\www\Practice\qualiexam_registerBack.php on line 1148
2025-04-25 11:18:37 Error: [2] Undefined array key "subject_description" in C:\wamp64\www\Practice\qualiexam_registerBack.php on line 1148
2025-04-25 11:18:37 Error: [2] Undefined array key "subject_description" in C:\wamp64\www\Practice\qualiexam_registerBack.php on line 1148
2025-04-25 11:18:37 Error: [2] Undefined array key "subject_description" in C:\wamp64\www\Practice\qualiexam_registerBack.php on line 1148
2025-04-25 16:01:53 Error: [8192] mb_convert_encoding(): Handling HTML entities via mbstring is deprecated; use htmlspecialchars, htmlentities, or mb_encode_numericentity/mb_decode_numericentity instead in C:\wamp64\www\Practice\qualiexam_registerBack.php on line 1138
2025-04-25 16:13:22 Error: [8192] mb_convert_encoding(): Handling HTML entities via mbstring is deprecated; use htmlspecialchars, htmlentities, or mb_encode_numericentity/mb_decode_numericentity instead in C:\wamp64\www\Practice\qualiexam_registerBack.php on line 1138
2025-04-25 16:14:15 Error: [8192] mb_convert_encoding(): Handling HTML entities via mbstring is deprecated; use htmlspecialchars, htmlentities, or mb_encode_numericentity/mb_decode_numericentity instead in C:\wamp64\www\Practice\qualiexam_registerBack.php on line 1138
2025-04-25 16:17:55 Error: [8192] mb_convert_encoding(): Handling HTML entities via mbstring is deprecated; use htmlspecialchars, htmlentities, or mb_encode_numericentity/mb_decode_numericentity instead in C:\wamp64\www\Practice\qualiexam_registerBack.php on line 1138
2025-04-25 16:24:37 Error: [8192] mb_convert_encoding(): Handling HTML entities via mbstring is deprecated; use htmlspecialchars, htmlentities, or mb_encode_numericentity/mb_decode_numericentity instead in C:\wamp64\www\Practice\qualiexam_registerBack.php on line 1138
2025-04-25 16:29:03 Error: [8192] mb_convert_encoding(): Handling HTML entities via mbstring is deprecated; use htmlspecialchars, htmlentities, or mb_encode_numericentity/mb_decode_numericentity instead in C:\wamp64\www\Practice\qualiexam_registerBack.php on line 1138
2025-04-25 17:05:32 Error: [2] file_get_contents(C:\wamp64\www\Practice/tor_prompt.txt): Failed to open stream: No such file or directory in C:\wamp64\www\Practice\qualiexam_registerBack.php on line 1056
2025-04-27 03:14:34 Error: [2] Undefined variable $show_registration in C:\xampp\htdocs\Practice\adminlogin.php on line 684
2025-04-27 03:15:18 Error: [2] Undefined variable $show_registration in C:\xampp\htdocs\Practice\adminlogin.php on line 684
2025-04-27 03:16:00 Error: [2] Undefined variable $show_registration in C:\xampp\htdocs\Practice\adminlogin.php on line 670
2025-04-27 03:16:42 Error: [2] Undefined variable $show_registration in C:\xampp\htdocs\Practice\adminlogin.php on line 670
2025-04-27 13:06:52 Error: [2] Undefined variable $difficult_exams_result in C:\xampp\htdocs\Practice\tryadmindashboard.php on line 869
2025-04-27 13:09:40 Error: [2] Undefined variable $difficult_exams_result in C:\xampp\htdocs\Practice\tryadmindashboard.php on line 869
2025-04-27 13:17:19 Error: [2] Undefined variable $difficult_exams_result in C:\xampp\htdocs\Practice\tryadmindashboard.php on line 869
2025-04-27 13:17:20 Error: [2] Undefined variable $difficult_exams_result in C:\xampp\htdocs\Practice\tryadmindashboard.php on line 869
2025-04-27 13:17:20 Error: [2] Undefined variable $difficult_exams_result in C:\xampp\htdocs\Practice\tryadmindashboard.php on line 869
2025-04-27 13:17:21 Error: [2] Undefined variable $difficult_exams_result in C:\xampp\htdocs\Practice\tryadmindashboard.php on line 869
2025-04-27 13:17:21 Error: [2] Undefined variable $difficult_exams_result in C:\xampp\htdocs\Practice\tryadmindashboard.php on line 869
2025-04-27 13:17:21 Error: [2] Undefined variable $difficult_exams_result in C:\xampp\htdocs\Practice\tryadmindashboard.php on line 869
2025-04-27 13:22:55 Error: [2] Undefined variable $difficult_exams_result in C:\xampp\htdocs\Practice\tryadmindashboard.php on line 869
2025-04-27 13:55:28 Error: [2] Undefined variable $difficult_exams_result in C:\xampp\htdocs\Practice\tryadmindashboard.php on line 869
2025-04-27 14:03:43 Error: [2] Undefined variable $difficult_exams_result in C:\xampp\htdocs\Practice\tryadmindashboard.php on line 871
2025-04-27 14:15:40 Error: [2] Undefined variable $difficult_exams_result in C:\xampp\htdocs\Practice\tryadmindashboard.php on line 900
2025-04-27 14:15:41 Error: [2] Undefined variable $difficult_exams_result in C:\xampp\htdocs\Practice\tryadmindashboard.php on line 900
2025-04-27 14:15:43 Error: [2] Undefined variable $difficult_exams_result in C:\xampp\htdocs\Practice\tryadmindashboard.php on line 900
2025-04-27 14:17:23 Error: [2] Undefined variable $difficult_exams_result in C:\xampp\htdocs\Practice\tryadmindashboard.php on line 900
2025-04-27 14:18:56 Error: [2] Undefined variable $difficult_exams_result in C:\xampp\htdocs\Practice\tryadmindashboard.php on line 900
2025-04-27 14:20:11 Error: [2] Undefined variable $difficult_exams_result in C:\xampp\htdocs\Practice\tryadmindashboard.php on line 900
2025-04-27 14:23:11 Error: [2] Undefined variable $difficult_exams_result in C:\xampp\htdocs\Practice\tryadmindashboard.php on line 900
2025-04-27 14:23:13 Error: [2] Undefined variable $difficult_exams_result in C:\xampp\htdocs\Practice\tryadmindashboard.php on line 900
2025-04-27 14:23:13 Error: [2] Undefined variable $difficult_exams_result in C:\xampp\htdocs\Practice\tryadmindashboard.php on line 900
2025-04-27 14:23:13 Error: [2] Undefined variable $difficult_exams_result in C:\xampp\htdocs\Practice\tryadmindashboard.php on line 900
2025-04-27 14:30:22 Error: [2] Undefined variable $difficult_exams_result in C:\xampp\htdocs\Practice\tryadmindashboard.php on line 900
2025-04-27 14:50:46 Error: [2] Undefined variable $difficult_exams_result in C:\xampp\htdocs\Practice\tryadmindashboard.php on line 900
2025-04-27 17:03:20 Error: [2] Undefined variable $upcoming_exams in C:\xampp\htdocs\Practice\tryadmindashboard.php on line 785
2025-04-27 17:03:21 Error: [2] Undefined variable $upcoming_exams in C:\xampp\htdocs\Practice\tryadmindashboard.php on line 785
2025-04-27 17:05:53 Error: [2] Undefined variable $upcoming_exams in C:\xampp\htdocs\Practice\tryadmindashboard.php on line 786
2025-04-27 17:13:46 Error: [2] Undefined variable $upcoming_exams in C:\xampp\htdocs\Practice\tryadmindashboard.php on line 848
2025-04-27 17:14:45 Error: [2] Undefined variable $upcoming_exams in C:\xampp\htdocs\Practice\tryadmindashboard.php on line 848
2025-04-27 17:14:45 Error: [2] Undefined variable $upcoming_exams in C:\xampp\htdocs\Practice\tryadmindashboard.php on line 848
2025-04-27 17:14:45 Error: [2] Undefined variable $upcoming_exams in C:\xampp\htdocs\Practice\tryadmindashboard.php on line 848
2025-04-27 17:14:46 Error: [2] Undefined variable $upcoming_exams in C:\xampp\htdocs\Practice\tryadmindashboard.php on line 848
2025-04-27 17:17:45 Error: [2] Undefined variable $upcoming_exams in C:\xampp\htdocs\Practice\tryadmindashboard.php on line 845
2025-04-27 17:17:45 Error: [2] Undefined array key "total_questions" in C:\xampp\htdocs\Practice\tryadmindashboard.php on line 984
2025-04-27 17:17:45 Error: [2] Undefined array key "difficult_questions" in C:\xampp\htdocs\Practice\tryadmindashboard.php on line 990
2025-04-27 17:17:45 Error: [2] Undefined array key "total_questions" in C:\xampp\htdocs\Practice\tryadmindashboard.php on line 984
2025-04-27 17:17:45 Error: [2] Undefined array key "difficult_questions" in C:\xampp\htdocs\Practice\tryadmindashboard.php on line 990
2025-04-27 17:17:45 Error: [2] Undefined array key "total_questions" in C:\xampp\htdocs\Practice\tryadmindashboard.php on line 984
2025-04-27 17:17:45 Error: [2] Undefined array key "difficult_questions" in C:\xampp\htdocs\Practice\tryadmindashboard.php on line 990
2025-04-27 17:17:45 Error: [2] Undefined array key "total_questions" in C:\xampp\htdocs\Practice\tryadmindashboard.php on line 984
2025-04-27 17:17:45 Error: [2] Undefined array key "difficult_questions" in C:\xampp\htdocs\Practice\tryadmindashboard.php on line 990
2025-04-27 17:17:45 Error: [2] Undefined array key "total_questions" in C:\xampp\htdocs\Practice\tryadmindashboard.php on line 984
2025-04-27 17:17:45 Error: [2] Undefined array key "difficult_questions" in C:\xampp\htdocs\Practice\tryadmindashboard.php on line 990
2025-04-27 17:18:07 Error: [2] Undefined variable $upcoming_exams in C:\xampp\htdocs\Practice\tryadmindashboard.php on line 845
2025-04-27 17:18:07 Error: [2] Undefined array key "total_questions" in C:\xampp\htdocs\Practice\tryadmindashboard.php on line 984
2025-04-27 17:18:07 Error: [2] Undefined array key "difficult_questions" in C:\xampp\htdocs\Practice\tryadmindashboard.php on line 990
2025-04-27 17:18:07 Error: [2] Undefined array key "total_questions" in C:\xampp\htdocs\Practice\tryadmindashboard.php on line 984
2025-04-27 17:18:07 Error: [2] Undefined array key "difficult_questions" in C:\xampp\htdocs\Practice\tryadmindashboard.php on line 990
2025-04-27 17:18:07 Error: [2] Undefined array key "total_questions" in C:\xampp\htdocs\Practice\tryadmindashboard.php on line 984
2025-04-27 17:18:07 Error: [2] Undefined array key "difficult_questions" in C:\xampp\htdocs\Practice\tryadmindashboard.php on line 990
2025-04-27 17:18:07 Error: [2] Undefined array key "total_questions" in C:\xampp\htdocs\Practice\tryadmindashboard.php on line 984
2025-04-27 17:18:07 Error: [2] Undefined array key "difficult_questions" in C:\xampp\htdocs\Practice\tryadmindashboard.php on line 990
2025-04-27 17:18:07 Error: [2] Undefined array key "total_questions" in C:\xampp\htdocs\Practice\tryadmindashboard.php on line 984
2025-04-27 17:18:07 Error: [2] Undefined array key "difficult_questions" in C:\xampp\htdocs\Practice\tryadmindashboard.php on line 990
2025-04-27 17:18:07 Error: [2] Undefined variable $upcoming_exams in C:\xampp\htdocs\Practice\tryadmindashboard.php on line 845
2025-04-27 17:18:07 Error: [2] Undefined array key "total_questions" in C:\xampp\htdocs\Practice\tryadmindashboard.php on line 984
2025-04-27 17:18:07 Error: [2] Undefined array key "difficult_questions" in C:\xampp\htdocs\Practice\tryadmindashboard.php on line 990
2025-04-27 17:18:07 Error: [2] Undefined array key "total_questions" in C:\xampp\htdocs\Practice\tryadmindashboard.php on line 984
2025-04-27 17:18:07 Error: [2] Undefined array key "difficult_questions" in C:\xampp\htdocs\Practice\tryadmindashboard.php on line 990
2025-04-27 17:18:07 Error: [2] Undefined array key "total_questions" in C:\xampp\htdocs\Practice\tryadmindashboard.php on line 984
2025-04-27 17:18:07 Error: [2] Undefined array key "difficult_questions" in C:\xampp\htdocs\Practice\tryadmindashboard.php on line 990
2025-04-27 17:18:07 Error: [2] Undefined array key "total_questions" in C:\xampp\htdocs\Practice\tryadmindashboard.php on line 984
2025-04-27 17:18:07 Error: [2] Undefined array key "difficult_questions" in C:\xampp\htdocs\Practice\tryadmindashboard.php on line 990
2025-04-27 17:18:07 Error: [2] Undefined array key "total_questions" in C:\xampp\htdocs\Practice\tryadmindashboard.php on line 984
2025-04-27 17:18:07 Error: [2] Undefined array key "difficult_questions" in C:\xampp\htdocs\Practice\tryadmindashboard.php on line 990
2025-04-27 17:18:08 Error: [2] Undefined variable $upcoming_exams in C:\xampp\htdocs\Practice\tryadmindashboard.php on line 845
2025-04-27 17:18:08 Error: [2] Undefined array key "total_questions" in C:\xampp\htdocs\Practice\tryadmindashboard.php on line 984
2025-04-27 17:18:08 Error: [2] Undefined array key "difficult_questions" in C:\xampp\htdocs\Practice\tryadmindashboard.php on line 990
2025-04-27 17:18:08 Error: [2] Undefined array key "total_questions" in C:\xampp\htdocs\Practice\tryadmindashboard.php on line 984
2025-04-27 17:18:08 Error: [2] Undefined array key "difficult_questions" in C:\xampp\htdocs\Practice\tryadmindashboard.php on line 990
2025-04-27 17:18:08 Error: [2] Undefined array key "total_questions" in C:\xampp\htdocs\Practice\tryadmindashboard.php on line 984
2025-04-27 17:18:08 Error: [2] Undefined array key "difficult_questions" in C:\xampp\htdocs\Practice\tryadmindashboard.php on line 990
2025-04-27 17:18:08 Error: [2] Undefined array key "total_questions" in C:\xampp\htdocs\Practice\tryadmindashboard.php on line 984
2025-04-27 17:18:08 Error: [2] Undefined array key "difficult_questions" in C:\xampp\htdocs\Practice\tryadmindashboard.php on line 990
2025-04-27 17:18:08 Error: [2] Undefined array key "total_questions" in C:\xampp\htdocs\Practice\tryadmindashboard.php on line 984
2025-04-27 17:18:08 Error: [2] Undefined array key "difficult_questions" in C:\xampp\htdocs\Practice\tryadmindashboard.php on line 990
2025-04-27 17:18:10 Error: [2] Undefined variable $upcoming_exams in C:\xampp\htdocs\Practice\tryadmindashboard.php on line 845
2025-04-27 17:18:10 Error: [2] Undefined array key "total_questions" in C:\xampp\htdocs\Practice\tryadmindashboard.php on line 984
2025-04-27 17:18:10 Error: [2] Undefined array key "difficult_questions" in C:\xampp\htdocs\Practice\tryadmindashboard.php on line 990
2025-04-27 17:18:10 Error: [2] Undefined array key "total_questions" in C:\xampp\htdocs\Practice\tryadmindashboard.php on line 984
2025-04-27 17:18:10 Error: [2] Undefined array key "difficult_questions" in C:\xampp\htdocs\Practice\tryadmindashboard.php on line 990
2025-04-27 17:18:10 Error: [2] Undefined array key "total_questions" in C:\xampp\htdocs\Practice\tryadmindashboard.php on line 984
2025-04-27 17:18:10 Error: [2] Undefined array key "difficult_questions" in C:\xampp\htdocs\Practice\tryadmindashboard.php on line 990
2025-04-27 17:18:10 Error: [2] Undefined array key "total_questions" in C:\xampp\htdocs\Practice\tryadmindashboard.php on line 984
2025-04-27 17:18:10 Error: [2] Undefined array key "difficult_questions" in C:\xampp\htdocs\Practice\tryadmindashboard.php on line 990
2025-04-27 17:18:10 Error: [2] Undefined array key "total_questions" in C:\xampp\htdocs\Practice\tryadmindashboard.php on line 984
2025-04-27 17:18:10 Error: [2] Undefined array key "difficult_questions" in C:\xampp\htdocs\Practice\tryadmindashboard.php on line 990
2025-04-27 17:18:10 Error: [2] Undefined variable $upcoming_exams in C:\xampp\htdocs\Practice\tryadmindashboard.php on line 845
2025-04-27 17:18:10 Error: [2] Undefined array key "total_questions" in C:\xampp\htdocs\Practice\tryadmindashboard.php on line 984
2025-04-27 17:18:10 Error: [2] Undefined array key "difficult_questions" in C:\xampp\htdocs\Practice\tryadmindashboard.php on line 990
2025-04-27 17:18:10 Error: [2] Undefined array key "total_questions" in C:\xampp\htdocs\Practice\tryadmindashboard.php on line 984
2025-04-27 17:18:10 Error: [2] Undefined array key "difficult_questions" in C:\xampp\htdocs\Practice\tryadmindashboard.php on line 990
2025-04-27 17:18:10 Error: [2] Undefined array key "total_questions" in C:\xampp\htdocs\Practice\tryadmindashboard.php on line 984
2025-04-27 17:18:10 Error: [2] Undefined array key "difficult_questions" in C:\xampp\htdocs\Practice\tryadmindashboard.php on line 990
2025-04-27 17:18:10 Error: [2] Undefined array key "total_questions" in C:\xampp\htdocs\Practice\tryadmindashboard.php on line 984
2025-04-27 17:18:10 Error: [2] Undefined array key "difficult_questions" in C:\xampp\htdocs\Practice\tryadmindashboard.php on line 990
2025-04-27 17:18:10 Error: [2] Undefined array key "total_questions" in C:\xampp\htdocs\Practice\tryadmindashboard.php on line 984
2025-04-27 17:18:10 Error: [2] Undefined array key "difficult_questions" in C:\xampp\htdocs\Practice\tryadmindashboard.php on line 990
2025-04-27 17:18:10 Error: [2] Undefined variable $upcoming_exams in C:\xampp\htdocs\Practice\tryadmindashboard.php on line 845
2025-04-27 17:18:10 Error: [2] Undefined array key "total_questions" in C:\xampp\htdocs\Practice\tryadmindashboard.php on line 984
2025-04-27 17:18:10 Error: [2] Undefined array key "difficult_questions" in C:\xampp\htdocs\Practice\tryadmindashboard.php on line 990
2025-04-27 17:18:10 Error: [2] Undefined array key "total_questions" in C:\xampp\htdocs\Practice\tryadmindashboard.php on line 984
2025-04-27 17:18:10 Error: [2] Undefined array key "difficult_questions" in C:\xampp\htdocs\Practice\tryadmindashboard.php on line 990
2025-04-27 17:18:10 Error: [2] Undefined array key "total_questions" in C:\xampp\htdocs\Practice\tryadmindashboard.php on line 984
2025-04-27 17:18:10 Error: [2] Undefined array key "difficult_questions" in C:\xampp\htdocs\Practice\tryadmindashboard.php on line 990
2025-04-27 17:18:10 Error: [2] Undefined array key "total_questions" in C:\xampp\htdocs\Practice\tryadmindashboard.php on line 984
2025-04-27 17:18:10 Error: [2] Undefined array key "difficult_questions" in C:\xampp\htdocs\Practice\tryadmindashboard.php on line 990
2025-04-27 17:18:10 Error: [2] Undefined array key "total_questions" in C:\xampp\htdocs\Practice\tryadmindashboard.php on line 984
2025-04-27 17:18:10 Error: [2] Undefined array key "difficult_questions" in C:\xampp\htdocs\Practice\tryadmindashboard.php on line 990
2025-04-27 17:18:10 Error: [2] Undefined variable $upcoming_exams in C:\xampp\htdocs\Practice\tryadmindashboard.php on line 845
2025-04-27 17:18:10 Error: [2] Undefined array key "total_questions" in C:\xampp\htdocs\Practice\tryadmindashboard.php on line 984
2025-04-27 17:18:10 Error: [2] Undefined array key "difficult_questions" in C:\xampp\htdocs\Practice\tryadmindashboard.php on line 990
2025-04-27 17:18:10 Error: [2] Undefined array key "total_questions" in C:\xampp\htdocs\Practice\tryadmindashboard.php on line 984
2025-04-27 17:18:10 Error: [2] Undefined array key "difficult_questions" in C:\xampp\htdocs\Practice\tryadmindashboard.php on line 990
2025-04-27 17:18:10 Error: [2] Undefined array key "total_questions" in C:\xampp\htdocs\Practice\tryadmindashboard.php on line 984
2025-04-27 17:18:10 Error: [2] Undefined array key "difficult_questions" in C:\xampp\htdocs\Practice\tryadmindashboard.php on line 990
2025-04-27 17:18:10 Error: [2] Undefined array key "total_questions" in C:\xampp\htdocs\Practice\tryadmindashboard.php on line 984
2025-04-27 17:18:10 Error: [2] Undefined array key "difficult_questions" in C:\xampp\htdocs\Practice\tryadmindashboard.php on line 990
2025-04-27 17:18:10 Error: [2] Undefined array key "total_questions" in C:\xampp\htdocs\Practice\tryadmindashboard.php on line 984
2025-04-27 17:18:10 Error: [2] Undefined array key "difficult_questions" in C:\xampp\htdocs\Practice\tryadmindashboard.php on line 990
2025-04-27 17:18:10 Error: [2] Undefined variable $upcoming_exams in C:\xampp\htdocs\Practice\tryadmindashboard.php on line 845
2025-04-27 17:18:10 Error: [2] Undefined array key "total_questions" in C:\xampp\htdocs\Practice\tryadmindashboard.php on line 984
2025-04-27 17:18:10 Error: [2] Undefined array key "difficult_questions" in C:\xampp\htdocs\Practice\tryadmindashboard.php on line 990
2025-04-27 17:18:10 Error: [2] Undefined array key "total_questions" in C:\xampp\htdocs\Practice\tryadmindashboard.php on line 984
2025-04-27 17:18:10 Error: [2] Undefined array key "difficult_questions" in C:\xampp\htdocs\Practice\tryadmindashboard.php on line 990
2025-04-27 17:18:10 Error: [2] Undefined array key "total_questions" in C:\xampp\htdocs\Practice\tryadmindashboard.php on line 984
2025-04-27 17:18:10 Error: [2] Undefined array key "difficult_questions" in C:\xampp\htdocs\Practice\tryadmindashboard.php on line 990
2025-04-27 17:18:10 Error: [2] Undefined array key "total_questions" in C:\xampp\htdocs\Practice\tryadmindashboard.php on line 984
2025-04-27 17:18:10 Error: [2] Undefined array key "difficult_questions" in C:\xampp\htdocs\Practice\tryadmindashboard.php on line 990
2025-04-27 17:18:10 Error: [2] Undefined array key "total_questions" in C:\xampp\htdocs\Practice\tryadmindashboard.php on line 984
2025-04-27 17:18:10 Error: [2] Undefined array key "difficult_questions" in C:\xampp\htdocs\Practice\tryadmindashboard.php on line 990
2025-04-27 17:18:44 Error: [2] Undefined variable $upcoming_exams in C:\xampp\htdocs\Practice\tryadmindashboard.php on line 845
2025-04-27 17:18:44 Error: [2] Undefined array key "total_questions" in C:\xampp\htdocs\Practice\tryadmindashboard.php on line 985
2025-04-27 17:18:44 Error: [2] Undefined array key "difficult_questions" in C:\xampp\htdocs\Practice\tryadmindashboard.php on line 991
2025-04-27 17:18:44 Error: [2] Undefined array key "total_questions" in C:\xampp\htdocs\Practice\tryadmindashboard.php on line 985
2025-04-27 17:18:44 Error: [2] Undefined array key "difficult_questions" in C:\xampp\htdocs\Practice\tryadmindashboard.php on line 991
2025-04-27 17:18:44 Error: [2] Undefined array key "total_questions" in C:\xampp\htdocs\Practice\tryadmindashboard.php on line 985
2025-04-27 17:18:44 Error: [2] Undefined array key "difficult_questions" in C:\xampp\htdocs\Practice\tryadmindashboard.php on line 991
2025-04-27 17:18:44 Error: [2] Undefined array key "total_questions" in C:\xampp\htdocs\Practice\tryadmindashboard.php on line 985
2025-04-27 17:18:44 Error: [2] Undefined array key "difficult_questions" in C:\xampp\htdocs\Practice\tryadmindashboard.php on line 991
2025-04-27 17:18:44 Error: [2] Undefined array key "total_questions" in C:\xampp\htdocs\Practice\tryadmindashboard.php on line 985
2025-04-27 17:18:44 Error: [2] Undefined array key "difficult_questions" in C:\xampp\htdocs\Practice\tryadmindashboard.php on line 991
2025-04-27 17:19:13 Error: [2] Undefined variable $upcoming_exams in C:\xampp\htdocs\Practice\tryadmindashboard.php on line 848
2025-04-27 17:20:55 Error: [2] Undefined variable $upcoming_exams in C:\xampp\htdocs\Practice\tryadmindashboard.php on line 845
2025-04-27 17:21:29 Error: [2] Undefined variable $upcoming_exams in C:\xampp\htdocs\Practice\tryadmindashboard.php on line 845
2025-04-27 17:21:29 Error: [2] Undefined variable $upcoming_exams in C:\xampp\htdocs\Practice\tryadmindashboard.php on line 845
2025-04-27 17:21:29 Error: [2] Undefined variable $upcoming_exams in C:\xampp\htdocs\Practice\tryadmindashboard.php on line 845
2025-04-27 17:21:33 Error: [2] Undefined variable $upcoming_exams in C:\xampp\htdocs\Practice\tryadmindashboard.php on line 845
2025-04-27 17:21:34 Error: [2] Undefined variable $upcoming_exams in C:\xampp\htdocs\Practice\tryadmindashboard.php on line 845
2025-04-27 17:21:34 Error: [2] Undefined variable $upcoming_exams in C:\xampp\htdocs\Practice\tryadmindashboard.php on line 845
2025-04-27 17:21:54 Error: [2] Undefined variable $upcoming_exams in C:\xampp\htdocs\Practice\tryadmindashboard.php on line 845
2025-04-27 17:21:54 Error: [2] Undefined array key "total_questions" in C:\xampp\htdocs\Practice\tryadmindashboard.php on line 982
2025-04-27 17:21:54 Error: [2] Undefined array key "difficult_questions" in C:\xampp\htdocs\Practice\tryadmindashboard.php on line 985
2025-04-27 17:21:54 Error: [2] Undefined array key "total_questions" in C:\xampp\htdocs\Practice\tryadmindashboard.php on line 982
2025-04-27 17:21:54 Error: [2] Undefined array key "difficult_questions" in C:\xampp\htdocs\Practice\tryadmindashboard.php on line 985
2025-04-27 17:21:54 Error: [2] Undefined array key "total_questions" in C:\xampp\htdocs\Practice\tryadmindashboard.php on line 982
2025-04-27 17:21:54 Error: [2] Undefined array key "difficult_questions" in C:\xampp\htdocs\Practice\tryadmindashboard.php on line 985
2025-04-27 17:21:54 Error: [2] Undefined array key "total_questions" in C:\xampp\htdocs\Practice\tryadmindashboard.php on line 982
2025-04-27 17:21:54 Error: [2] Undefined array key "difficult_questions" in C:\xampp\htdocs\Practice\tryadmindashboard.php on line 985
2025-04-27 17:21:54 Error: [2] Undefined array key "total_questions" in C:\xampp\htdocs\Practice\tryadmindashboard.php on line 982
2025-04-27 17:21:54 Error: [2] Undefined array key "difficult_questions" in C:\xampp\htdocs\Practice\tryadmindashboard.php on line 985
2025-04-27 17:21:59 Error: [2] Undefined variable $upcoming_exams in C:\xampp\htdocs\Practice\tryadmindashboard.php on line 845
2025-04-27 17:21:59 Error: [2] Undefined variable $upcoming_exams in C:\xampp\htdocs\Practice\tryadmindashboard.php on line 845
2025-04-27 17:23:44 Error: [2] Undefined variable $upcoming_exams in C:\xampp\htdocs\Practice\tryadmindashboard.php on line 845
2025-04-27 17:23:44 Error: [2] Undefined variable $questions in C:\xampp\htdocs\Practice\tryadmindashboard.php on line 975
2025-04-27 17:23:44 Error: [2] foreach() argument must be of type array|object, null given in C:\xampp\htdocs\Practice\tryadmindashboard.php on line 975
2025-04-27 17:23:47 Error: [2] Undefined variable $upcoming_exams in C:\xampp\htdocs\Practice\tryadmindashboard.php on line 845
2025-04-27 17:23:47 Error: [2] Undefined variable $questions in C:\xampp\htdocs\Practice\tryadmindashboard.php on line 975
2025-04-27 17:23:47 Error: [2] foreach() argument must be of type array|object, null given in C:\xampp\htdocs\Practice\tryadmindashboard.php on line 975
2025-04-27 17:23:48 Error: [2] Undefined variable $upcoming_exams in C:\xampp\htdocs\Practice\tryadmindashboard.php on line 845
2025-04-27 17:23:48 Error: [2] Undefined variable $questions in C:\xampp\htdocs\Practice\tryadmindashboard.php on line 975
2025-04-27 17:23:48 Error: [2] foreach() argument must be of type array|object, null given in C:\xampp\htdocs\Practice\tryadmindashboard.php on line 975
2025-04-27 17:23:48 Error: [2] Undefined variable $upcoming_exams in C:\xampp\htdocs\Practice\tryadmindashboard.php on line 845
2025-04-27 17:23:48 Error: [2] Undefined variable $questions in C:\xampp\htdocs\Practice\tryadmindashboard.php on line 975
2025-04-27 17:23:48 Error: [2] foreach() argument must be of type array|object, null given in C:\xampp\htdocs\Practice\tryadmindashboard.php on line 975
2025-04-27 17:23:48 Error: [2] Undefined variable $upcoming_exams in C:\xampp\htdocs\Practice\tryadmindashboard.php on line 845
2025-04-27 17:23:48 Error: [2] Undefined variable $questions in C:\xampp\htdocs\Practice\tryadmindashboard.php on line 975
2025-04-27 17:23:48 Error: [2] foreach() argument must be of type array|object, null given in C:\xampp\htdocs\Practice\tryadmindashboard.php on line 975
2025-04-27 17:24:16 Error: [2] Undefined variable $upcoming_exams in C:\xampp\htdocs\Practice\tryadmindashboard.php on line 845
2025-04-27 17:24:23 Error: [2] Undefined variable $upcoming_exams in C:\xampp\htdocs\Practice\tryadmindashboard.php on line 845
2025-04-27 17:24:23 Error: [2] Undefined variable $upcoming_exams in C:\xampp\htdocs\Practice\tryadmindashboard.php on line 845
2025-04-27 17:24:23 Error: [2] Undefined variable $upcoming_exams in C:\xampp\htdocs\Practice\tryadmindashboard.php on line 845
2025-04-27 18:07:54 Error: [8192] round(): Passing null to parameter #1 ($num) of type int|float is deprecated in C:\xampp\htdocs\Practice\dashboard.php on line 901
2025-04-27 18:07:54 Error: [8192] round(): Passing null to parameter #1 ($num) of type int|float is deprecated in C:\xampp\htdocs\Practice\dashboard.php on line 901
2025-04-27 18:07:54 Error: [8192] round(): Passing null to parameter #1 ($num) of type int|float is deprecated in C:\xampp\htdocs\Practice\dashboard.php on line 901
2025-04-27 18:07:54 Error: [8192] round(): Passing null to parameter #1 ($num) of type int|float is deprecated in C:\xampp\htdocs\Practice\dashboard.php on line 901
2025-04-27 18:09:24 Error: [8192] round(): Passing null to parameter #1 ($num) of type int|float is deprecated in C:\xampp\htdocs\Practice\dashboard.php on line 901
2025-04-27 18:09:24 Error: [8192] round(): Passing null to parameter #1 ($num) of type int|float is deprecated in C:\xampp\htdocs\Practice\dashboard.php on line 901
2025-04-27 18:09:24 Error: [8192] round(): Passing null to parameter #1 ($num) of type int|float is deprecated in C:\xampp\htdocs\Practice\dashboard.php on line 901
2025-04-27 18:09:24 Error: [8192] round(): Passing null to parameter #1 ($num) of type int|float is deprecated in C:\xampp\htdocs\Practice\dashboard.php on line 901
2025-04-27 18:53:37 Error: [2] Undefined variable $result in C:\xampp\htdocs\Practice\Applicants.php on line 583
2025-04-27 18:53:37 Error: [2] Attempt to read property "num_rows" on null in C:\xampp\htdocs\Practice\Applicants.php on line 583
2025-04-27 18:53:37 Error: [2] Undefined variable $records_per_page in C:\xampp\htdocs\Practice\Applicants.php on line 633
2025-04-27 18:53:37 Error: [2] Undefined variable $total_records in C:\xampp\htdocs\Practice\Applicants.php on line 633
2025-04-27 20:33:21 Error: [2] Undefined array key "difficulty_level" in C:\xampp\htdocs\Practice\analytics.php on line 227
2025-04-27 20:33:21 Error: [8192] ucfirst(): Passing null to parameter #1 ($string) of type string is deprecated in C:\xampp\htdocs\Practice\analytics.php on line 227
2025-04-27 20:33:21 Error: [2] Undefined array key "difficulty_level" in C:\xampp\htdocs\Practice\analytics.php on line 227
2025-04-27 20:33:21 Error: [8192] ucfirst(): Passing null to parameter #1 ($string) of type string is deprecated in C:\xampp\htdocs\Practice\analytics.php on line 227
2025-04-27 20:33:21 Error: [2] Undefined array key "difficulty_level" in C:\xampp\htdocs\Practice\analytics.php on line 227
2025-04-27 20:33:21 Error: [8192] ucfirst(): Passing null to parameter #1 ($string) of type string is deprecated in C:\xampp\htdocs\Practice\analytics.php on line 227
2025-04-27 20:33:21 Error: [2] Undefined array key "difficulty_level" in C:\xampp\htdocs\Practice\analytics.php on line 227
2025-04-27 20:33:21 Error: [8192] ucfirst(): Passing null to parameter #1 ($string) of type string is deprecated in C:\xampp\htdocs\Practice\analytics.php on line 227
2025-04-27 20:33:21 Error: [2] Undefined array key "difficulty_level" in C:\xampp\htdocs\Practice\analytics.php on line 227
2025-04-27 20:33:21 Error: [8192] ucfirst(): Passing null to parameter #1 ($string) of type string is deprecated in C:\xampp\htdocs\Practice\analytics.php on line 227
2025-04-27 20:33:21 Error: [2] Undefined array key "difficulty_level" in C:\xampp\htdocs\Practice\analytics.php on line 227
2025-04-27 20:33:21 Error: [8192] ucfirst(): Passing null to parameter #1 ($string) of type string is deprecated in C:\xampp\htdocs\Practice\analytics.php on line 227
2025-04-27 20:33:21 Error: [2] Undefined array key "difficulty_level" in C:\xampp\htdocs\Practice\analytics.php on line 227
2025-04-27 20:33:21 Error: [8192] ucfirst(): Passing null to parameter #1 ($string) of type string is deprecated in C:\xampp\htdocs\Practice\analytics.php on line 227
2025-04-27 20:33:21 Error: [2] Undefined array key "difficulty_level" in C:\xampp\htdocs\Practice\analytics.php on line 227
2025-04-27 20:33:21 Error: [8192] ucfirst(): Passing null to parameter #1 ($string) of type string is deprecated in C:\xampp\htdocs\Practice\analytics.php on line 227
2025-04-27 20:33:21 Error: [2] Undefined array key "difficulty_level" in C:\xampp\htdocs\Practice\analytics.php on line 227
2025-04-27 20:33:21 Error: [8192] ucfirst(): Passing null to parameter #1 ($string) of type string is deprecated in C:\xampp\htdocs\Practice\analytics.php on line 227
2025-04-27 20:33:21 Error: [2] Undefined array key "difficulty_level" in C:\xampp\htdocs\Practice\analytics.php on line 227
2025-04-27 20:33:21 Error: [8192] ucfirst(): Passing null to parameter #1 ($string) of type string is deprecated in C:\xampp\htdocs\Practice\analytics.php on line 227
2025-04-27 20:33:21 Error: [2] Undefined array key "difficulty_level" in C:\xampp\htdocs\Practice\analytics.php on line 227
2025-04-27 20:33:21 Error: [8192] ucfirst(): Passing null to parameter #1 ($string) of type string is deprecated in C:\xampp\htdocs\Practice\analytics.php on line 227
2025-04-27 20:33:21 Error: [2] Undefined array key "difficulty_level" in C:\xampp\htdocs\Practice\analytics.php on line 227
2025-04-27 20:33:21 Error: [8192] ucfirst(): Passing null to parameter #1 ($string) of type string is deprecated in C:\xampp\htdocs\Practice\analytics.php on line 227
2025-04-27 20:33:21 Error: [2] Undefined array key "difficulty_level" in C:\xampp\htdocs\Practice\analytics.php on line 227
2025-04-27 20:33:21 Error: [8192] ucfirst(): Passing null to parameter #1 ($string) of type string is deprecated in C:\xampp\htdocs\Practice\analytics.php on line 227
2025-04-27 20:33:21 Error: [2] Undefined array key "difficulty_level" in C:\xampp\htdocs\Practice\analytics.php on line 227
2025-04-27 20:33:21 Error: [8192] ucfirst(): Passing null to parameter #1 ($string) of type string is deprecated in C:\xampp\htdocs\Practice\analytics.php on line 227
2025-04-27 20:33:21 Error: [2] Undefined array key "difficulty_level" in C:\xampp\htdocs\Practice\analytics.php on line 227
2025-04-27 20:33:21 Error: [8192] ucfirst(): Passing null to parameter #1 ($string) of type string is deprecated in C:\xampp\htdocs\Practice\analytics.php on line 227
2025-04-27 20:33:21 Error: [2] Undefined array key "difficulty_level" in C:\xampp\htdocs\Practice\analytics.php on line 227
2025-04-27 20:33:21 Error: [8192] ucfirst(): Passing null to parameter #1 ($string) of type string is deprecated in C:\xampp\htdocs\Practice\analytics.php on line 227
2025-04-27 20:33:21 Error: [2] Undefined array key "difficulty_level" in C:\xampp\htdocs\Practice\analytics.php on line 227
2025-04-27 20:33:21 Error: [8192] ucfirst(): Passing null to parameter #1 ($string) of type string is deprecated in C:\xampp\htdocs\Practice\analytics.php on line 227
2025-04-27 20:33:21 Error: [2] Undefined array key "difficulty_level" in C:\xampp\htdocs\Practice\analytics.php on line 227
2025-04-27 20:33:21 Error: [8192] ucfirst(): Passing null to parameter #1 ($string) of type string is deprecated in C:\xampp\htdocs\Practice\analytics.php on line 227
2025-04-27 20:33:21 Error: [2] Undefined array key "difficulty_level" in C:\xampp\htdocs\Practice\analytics.php on line 227
2025-04-27 20:33:21 Error: [8192] ucfirst(): Passing null to parameter #1 ($string) of type string is deprecated in C:\xampp\htdocs\Practice\analytics.php on line 227
2025-04-27 20:33:21 Error: [2] Undefined array key "difficulty_level" in C:\xampp\htdocs\Practice\analytics.php on line 227
2025-04-27 20:33:21 Error: [8192] ucfirst(): Passing null to parameter #1 ($string) of type string is deprecated in C:\xampp\htdocs\Practice\analytics.php on line 227
2025-04-27 20:33:26 Error: [2] Undefined array key "difficulty_level" in C:\xampp\htdocs\Practice\analytics.php on line 227
2025-04-27 20:33:26 Error: [8192] ucfirst(): Passing null to parameter #1 ($string) of type string is deprecated in C:\xampp\htdocs\Practice\analytics.php on line 227
2025-04-27 20:33:26 Error: [2] Undefined array key "difficulty_level" in C:\xampp\htdocs\Practice\analytics.php on line 227
2025-04-27 20:33:26 Error: [8192] ucfirst(): Passing null to parameter #1 ($string) of type string is deprecated in C:\xampp\htdocs\Practice\analytics.php on line 227
2025-04-28 10:25:58 Error: [2] Undefined array key "reference_id" in C:\xampp\htdocs\Practice\generate_pdf.php on line 40
2025-04-28 10:25:58 Error: [2] Undefined array key "first_name" in C:\xampp\htdocs\Practice\generate_pdf.php on line 41
2025-04-28 10:25:58 Error: [2] Undefined array key "last_name" in C:\xampp\htdocs\Practice\generate_pdf.php on line 41
2025-04-28 10:25:58 Error: [2] Undefined array key "student_type" in C:\xampp\htdocs\Practice\generate_pdf.php on line 42
2025-04-28 10:25:58 Error: [2] Undefined array key "email" in C:\xampp\htdocs\Practice\generate_pdf.php on line 43
2025-04-28 10:25:58 Error: [2] Undefined array key "registration_date" in C:\xampp\htdocs\Practice\generate_pdf.php on line 44
2025-04-28 10:25:58 Error: [8192] strtotime(): Passing null to parameter #1 ($datetime) of type string is deprecated in C:\xampp\htdocs\Practice\generate_pdf.php on line 44
2025-04-28 12:01:35 Error: [2] Undefined variable $typeString in C:\xampp\htdocs\Practice\generate_pdf.php on line 28
2025-05-03 16:17:55 Error: [2] Undefined array key "id" in C:\xampp\htdocs\Practice\manage_edit_registration_form.php on line 217
2025-05-03 16:17:55 Error: [2] Undefined array key "id" in C:\xampp\htdocs\Practice\manage_edit_registration_form.php on line 218
2025-05-03 16:17:55 Error: [2] Undefined array key "id" in C:\xampp\htdocs\Practice\manage_edit_registration_form.php on line 217
2025-05-03 16:17:55 Error: [2] Undefined array key "id" in C:\xampp\htdocs\Practice\manage_edit_registration_form.php on line 218
2025-05-03 16:17:55 Error: [2] Undefined array key "id" in C:\xampp\htdocs\Practice\manage_edit_registration_form.php on line 217
2025-05-03 16:17:55 Error: [2] Undefined array key "id" in C:\xampp\htdocs\Practice\manage_edit_registration_form.php on line 218
2025-05-03 16:17:55 Error: [2] Undefined array key "id" in C:\xampp\htdocs\Practice\manage_edit_registration_form.php on line 217
2025-05-03 16:17:55 Error: [2] Undefined array key "id" in C:\xampp\htdocs\Practice\manage_edit_registration_form.php on line 218
2025-05-03 16:17:55 Error: [2] Undefined array key "id" in C:\xampp\htdocs\Practice\manage_edit_registration_form.php on line 217
2025-05-03 16:17:55 Error: [2] Undefined array key "id" in C:\xampp\htdocs\Practice\manage_edit_registration_form.php on line 218
2025-05-03 16:17:55 Error: [2] Undefined array key "id" in C:\xampp\htdocs\Practice\manage_edit_registration_form.php on line 217
2025-05-03 16:17:55 Error: [2] Undefined array key "id" in C:\xampp\htdocs\Practice\manage_edit_registration_form.php on line 218
2025-05-03 16:17:55 Error: [2] Undefined array key "id" in C:\xampp\htdocs\Practice\manage_edit_registration_form.php on line 217
2025-05-03 16:17:55 Error: [2] Undefined array key "id" in C:\xampp\htdocs\Practice\manage_edit_registration_form.php on line 218
2025-05-03 16:17:55 Error: [2] Undefined array key "id" in C:\xampp\htdocs\Practice\manage_edit_registration_form.php on line 217
2025-05-03 16:17:55 Error: [2] Undefined array key "id" in C:\xampp\htdocs\Practice\manage_edit_registration_form.php on line 218
2025-05-03 16:17:55 Error: [2] Undefined array key "id" in C:\xampp\htdocs\Practice\manage_edit_registration_form.php on line 217
2025-05-03 16:17:55 Error: [2] Undefined array key "id" in C:\xampp\htdocs\Practice\manage_edit_registration_form.php on line 218
2025-05-03 16:17:55 Error: [2] Undefined array key "id" in C:\xampp\htdocs\Practice\manage_edit_registration_form.php on line 217
2025-05-03 16:17:55 Error: [2] Undefined array key "id" in C:\xampp\htdocs\Practice\manage_edit_registration_form.php on line 218
2025-05-03 16:17:55 Error: [2] Undefined array key "id" in C:\xampp\htdocs\Practice\manage_edit_registration_form.php on line 217
2025-05-03 16:17:55 Error: [2] Undefined array key "id" in C:\xampp\htdocs\Practice\manage_edit_registration_form.php on line 218
2025-05-03 16:17:55 Error: [2] Undefined array key "id" in C:\xampp\htdocs\Practice\manage_edit_registration_form.php on line 217
2025-05-03 16:17:55 Error: [2] Undefined array key "id" in C:\xampp\htdocs\Practice\manage_edit_registration_form.php on line 218
2025-05-03 16:17:55 Error: [2] Undefined array key "id" in C:\xampp\htdocs\Practice\manage_edit_registration_form.php on line 217
2025-05-03 16:17:55 Error: [2] Undefined array key "id" in C:\xampp\htdocs\Practice\manage_edit_registration_form.php on line 218
2025-05-03 16:17:55 Error: [2] Undefined array key "id" in C:\xampp\htdocs\Practice\manage_edit_registration_form.php on line 217
2025-05-03 16:17:55 Error: [2] Undefined array key "id" in C:\xampp\htdocs\Practice\manage_edit_registration_form.php on line 218
2025-05-03 16:17:55 Error: [2] Undefined array key "id" in C:\xampp\htdocs\Practice\manage_edit_registration_form.php on line 217
2025-05-03 16:17:55 Error: [2] Undefined array key "id" in C:\xampp\htdocs\Practice\manage_edit_registration_form.php on line 218
2025-05-03 16:17:55 Error: [2] Undefined array key "id" in C:\xampp\htdocs\Practice\manage_edit_registration_form.php on line 217
2025-05-03 16:17:55 Error: [2] Undefined array key "id" in C:\xampp\htdocs\Practice\manage_edit_registration_form.php on line 218
2025-05-03 16:17:55 Error: [2] Undefined array key "id" in C:\xampp\htdocs\Practice\manage_edit_registration_form.php on line 217
2025-05-03 16:17:55 Error: [2] Undefined array key "id" in C:\xampp\htdocs\Practice\manage_edit_registration_form.php on line 218
2025-05-03 16:17:55 Error: [2] Undefined array key "id" in C:\xampp\htdocs\Practice\manage_edit_registration_form.php on line 217
2025-05-03 16:17:55 Error: [2] Undefined array key "id" in C:\xampp\htdocs\Practice\manage_edit_registration_form.php on line 218
2025-05-03 16:17:55 Error: [2] Undefined array key "id" in C:\xampp\htdocs\Practice\manage_edit_registration_form.php on line 217
2025-05-03 16:17:55 Error: [2] Undefined array key "id" in C:\xampp\htdocs\Practice\manage_edit_registration_form.php on line 218
2025-05-03 16:17:55 Error: [2] Undefined array key "id" in C:\xampp\htdocs\Practice\manage_edit_registration_form.php on line 217
2025-05-03 16:17:55 Error: [2] Undefined array key "id" in C:\xampp\htdocs\Practice\manage_edit_registration_form.php on line 218
2025-05-03 16:17:55 Error: [2] Undefined array key "id" in C:\xampp\htdocs\Practice\manage_edit_registration_form.php on line 250
2025-05-03 16:17:55 Error: [2] Undefined array key "id" in C:\xampp\htdocs\Practice\manage_edit_registration_form.php on line 251
2025-05-03 16:17:55 Error: [2] Undefined array key "id" in C:\xampp\htdocs\Practice\manage_edit_registration_form.php on line 250
2025-05-03 16:17:55 Error: [2] Undefined array key "id" in C:\xampp\htdocs\Practice\manage_edit_registration_form.php on line 251
2025-05-03 16:17:55 Error: [2] Undefined array key "id" in C:\xampp\htdocs\Practice\manage_edit_registration_form.php on line 250
2025-05-03 16:17:55 Error: [2] Undefined array key "id" in C:\xampp\htdocs\Practice\manage_edit_registration_form.php on line 251
2025-05-03 16:17:55 Error: [2] Undefined array key "id" in C:\xampp\htdocs\Practice\manage_edit_registration_form.php on line 250
2025-05-03 16:17:55 Error: [2] Undefined array key "id" in C:\xampp\htdocs\Practice\manage_edit_registration_form.php on line 251
2025-05-03 16:17:55 Error: [2] Undefined array key "id" in C:\xampp\htdocs\Practice\manage_edit_registration_form.php on line 250
2025-05-03 16:17:55 Error: [2] Undefined array key "id" in C:\xampp\htdocs\Practice\manage_edit_registration_form.php on line 251
2025-05-03 16:17:55 Error: [2] Undefined array key "id" in C:\xampp\htdocs\Practice\manage_edit_registration_form.php on line 250
2025-05-03 16:17:55 Error: [2] Undefined array key "id" in C:\xampp\htdocs\Practice\manage_edit_registration_form.php on line 251
2025-05-03 16:17:55 Error: [2] Undefined array key "id" in C:\xampp\htdocs\Practice\manage_edit_registration_form.php on line 250
2025-05-03 16:17:55 Error: [2] Undefined array key "id" in C:\xampp\htdocs\Practice\manage_edit_registration_form.php on line 251
2025-05-03 16:17:55 Error: [2] Undefined array key "id" in C:\xampp\htdocs\Practice\manage_edit_registration_form.php on line 250
2025-05-03 16:17:55 Error: [2] Undefined array key "id" in C:\xampp\htdocs\Practice\manage_edit_registration_form.php on line 251
2025-05-03 16:17:55 Error: [2] Undefined array key "id" in C:\xampp\htdocs\Practice\manage_edit_registration_form.php on line 250
2025-05-03 16:17:55 Error: [2] Undefined array key "id" in C:\xampp\htdocs\Practice\manage_edit_registration_form.php on line 251
2025-05-03 16:17:55 Error: [2] Undefined array key "id" in C:\xampp\htdocs\Practice\manage_edit_registration_form.php on line 250
2025-05-03 16:17:55 Error: [2] Undefined array key "id" in C:\xampp\htdocs\Practice\manage_edit_registration_form.php on line 251
2025-05-03 16:17:55 Error: [2] Undefined array key "id" in C:\xampp\htdocs\Practice\manage_edit_registration_form.php on line 283
2025-05-03 16:17:55 Error: [2] Undefined array key "id" in C:\xampp\htdocs\Practice\manage_edit_registration_form.php on line 284
2025-05-03 16:17:55 Error: [2] Undefined array key "id" in C:\xampp\htdocs\Practice\manage_edit_registration_form.php on line 283
2025-05-03 16:17:55 Error: [2] Undefined array key "id" in C:\xampp\htdocs\Practice\manage_edit_registration_form.php on line 284
2025-05-03 16:23:12 Error: [2] Undefined array key "id" in C:\xampp\htdocs\Practice\manage_edit_registration_form.php on line 217
2025-05-03 16:23:12 Error: [2] Undefined array key "id" in C:\xampp\htdocs\Practice\manage_edit_registration_form.php on line 218
2025-05-03 16:23:12 Error: [2] Undefined array key "id" in C:\xampp\htdocs\Practice\manage_edit_registration_form.php on line 217
2025-05-03 16:23:12 Error: [2] Undefined array key "id" in C:\xampp\htdocs\Practice\manage_edit_registration_form.php on line 218
2025-05-03 16:23:12 Error: [2] Undefined array key "id" in C:\xampp\htdocs\Practice\manage_edit_registration_form.php on line 217
2025-05-03 16:23:12 Error: [2] Undefined array key "id" in C:\xampp\htdocs\Practice\manage_edit_registration_form.php on line 218
2025-05-03 16:23:12 Error: [2] Undefined array key "id" in C:\xampp\htdocs\Practice\manage_edit_registration_form.php on line 217
2025-05-03 16:23:12 Error: [2] Undefined array key "id" in C:\xampp\htdocs\Practice\manage_edit_registration_form.php on line 218
2025-05-03 16:23:12 Error: [2] Undefined array key "id" in C:\xampp\htdocs\Practice\manage_edit_registration_form.php on line 217
2025-05-03 16:23:12 Error: [2] Undefined array key "id" in C:\xampp\htdocs\Practice\manage_edit_registration_form.php on line 218
2025-05-03 16:23:12 Error: [2] Undefined array key "id" in C:\xampp\htdocs\Practice\manage_edit_registration_form.php on line 217
2025-05-03 16:23:12 Error: [2] Undefined array key "id" in C:\xampp\htdocs\Practice\manage_edit_registration_form.php on line 218
2025-05-03 16:23:12 Error: [2] Undefined array key "id" in C:\xampp\htdocs\Practice\manage_edit_registration_form.php on line 217
2025-05-03 16:23:12 Error: [2] Undefined array key "id" in C:\xampp\htdocs\Practice\manage_edit_registration_form.php on line 218
2025-05-03 16:23:12 Error: [2] Undefined array key "id" in C:\xampp\htdocs\Practice\manage_edit_registration_form.php on line 217
2025-05-03 16:23:12 Error: [2] Undefined array key "id" in C:\xampp\htdocs\Practice\manage_edit_registration_form.php on line 218
2025-05-03 16:23:12 Error: [2] Undefined array key "id" in C:\xampp\htdocs\Practice\manage_edit_registration_form.php on line 217
2025-05-03 16:23:12 Error: [2] Undefined array key "id" in C:\xampp\htdocs\Practice\manage_edit_registration_form.php on line 218
2025-05-03 16:23:12 Error: [2] Undefined array key "id" in C:\xampp\htdocs\Practice\manage_edit_registration_form.php on line 217
2025-05-03 16:23:12 Error: [2] Undefined array key "id" in C:\xampp\htdocs\Practice\manage_edit_registration_form.php on line 218
2025-05-03 16:23:12 Error: [2] Undefined array key "id" in C:\xampp\htdocs\Practice\manage_edit_registration_form.php on line 217
2025-05-03 16:23:12 Error: [2] Undefined array key "id" in C:\xampp\htdocs\Practice\manage_edit_registration_form.php on line 218
2025-05-03 16:23:12 Error: [2] Undefined array key "id" in C:\xampp\htdocs\Practice\manage_edit_registration_form.php on line 217
2025-05-03 16:23:12 Error: [2] Undefined array key "id" in C:\xampp\htdocs\Practice\manage_edit_registration_form.php on line 218
2025-05-03 16:23:12 Error: [2] Undefined array key "id" in C:\xampp\htdocs\Practice\manage_edit_registration_form.php on line 217
2025-05-03 16:23:12 Error: [2] Undefined array key "id" in C:\xampp\htdocs\Practice\manage_edit_registration_form.php on line 218
2025-05-03 16:23:12 Error: [2] Undefined array key "id" in C:\xampp\htdocs\Practice\manage_edit_registration_form.php on line 217
2025-05-03 16:23:12 Error: [2] Undefined array key "id" in C:\xampp\htdocs\Practice\manage_edit_registration_form.php on line 218
2025-05-03 16:23:12 Error: [2] Undefined array key "id" in C:\xampp\htdocs\Practice\manage_edit_registration_form.php on line 217
2025-05-03 16:23:12 Error: [2] Undefined array key "id" in C:\xampp\htdocs\Practice\manage_edit_registration_form.php on line 218
2025-05-03 16:23:12 Error: [2] Undefined array key "id" in C:\xampp\htdocs\Practice\manage_edit_registration_form.php on line 217
2025-05-03 16:23:12 Error: [2] Undefined array key "id" in C:\xampp\htdocs\Practice\manage_edit_registration_form.php on line 218
2025-05-03 16:23:12 Error: [2] Undefined array key "id" in C:\xampp\htdocs\Practice\manage_edit_registration_form.php on line 217
2025-05-03 16:23:12 Error: [2] Undefined array key "id" in C:\xampp\htdocs\Practice\manage_edit_registration_form.php on line 218
2025-05-03 16:23:12 Error: [2] Undefined array key "id" in C:\xampp\htdocs\Practice\manage_edit_registration_form.php on line 217
2025-05-03 16:23:12 Error: [2] Undefined array key "id" in C:\xampp\htdocs\Practice\manage_edit_registration_form.php on line 218
2025-05-03 16:23:12 Error: [2] Undefined array key "id" in C:\xampp\htdocs\Practice\manage_edit_registration_form.php on line 217
2025-05-03 16:23:12 Error: [2] Undefined array key "id" in C:\xampp\htdocs\Practice\manage_edit_registration_form.php on line 218
2025-05-03 16:23:12 Error: [2] Undefined array key "id" in C:\xampp\htdocs\Practice\manage_edit_registration_form.php on line 217
2025-05-03 16:23:12 Error: [2] Undefined array key "id" in C:\xampp\htdocs\Practice\manage_edit_registration_form.php on line 218
2025-05-03 16:23:12 Error: [2] Undefined array key "id" in C:\xampp\htdocs\Practice\manage_edit_registration_form.php on line 250
2025-05-03 16:23:12 Error: [2] Undefined array key "id" in C:\xampp\htdocs\Practice\manage_edit_registration_form.php on line 251
2025-05-03 16:23:12 Error: [2] Undefined array key "id" in C:\xampp\htdocs\Practice\manage_edit_registration_form.php on line 250
2025-05-03 16:23:12 Error: [2] Undefined array key "id" in C:\xampp\htdocs\Practice\manage_edit_registration_form.php on line 251
2025-05-03 16:23:12 Error: [2] Undefined array key "id" in C:\xampp\htdocs\Practice\manage_edit_registration_form.php on line 250
2025-05-03 16:23:12 Error: [2] Undefined array key "id" in C:\xampp\htdocs\Practice\manage_edit_registration_form.php on line 251
2025-05-03 16:23:12 Error: [2] Undefined array key "id" in C:\xampp\htdocs\Practice\manage_edit_registration_form.php on line 250
2025-05-03 16:23:12 Error: [2] Undefined array key "id" in C:\xampp\htdocs\Practice\manage_edit_registration_form.php on line 251
2025-05-03 16:23:12 Error: [2] Undefined array key "id" in C:\xampp\htdocs\Practice\manage_edit_registration_form.php on line 250
2025-05-03 16:23:12 Error: [2] Undefined array key "id" in C:\xampp\htdocs\Practice\manage_edit_registration_form.php on line 251
2025-05-03 16:23:12 Error: [2] Undefined array key "id" in C:\xampp\htdocs\Practice\manage_edit_registration_form.php on line 250
2025-05-03 16:23:12 Error: [2] Undefined array key "id" in C:\xampp\htdocs\Practice\manage_edit_registration_form.php on line 251
2025-05-03 16:23:12 Error: [2] Undefined array key "id" in C:\xampp\htdocs\Practice\manage_edit_registration_form.php on line 250
2025-05-03 16:23:12 Error: [2] Undefined array key "id" in C:\xampp\htdocs\Practice\manage_edit_registration_form.php on line 251
2025-05-03 16:23:12 Error: [2] Undefined array key "id" in C:\xampp\htdocs\Practice\manage_edit_registration_form.php on line 250
2025-05-03 16:23:12 Error: [2] Undefined array key "id" in C:\xampp\htdocs\Practice\manage_edit_registration_form.php on line 251
2025-05-03 16:23:12 Error: [2] Undefined array key "id" in C:\xampp\htdocs\Practice\manage_edit_registration_form.php on line 250
2025-05-03 16:23:12 Error: [2] Undefined array key "id" in C:\xampp\htdocs\Practice\manage_edit_registration_form.php on line 251
2025-05-03 16:23:12 Error: [2] Undefined array key "id" in C:\xampp\htdocs\Practice\manage_edit_registration_form.php on line 250
2025-05-03 16:23:12 Error: [2] Undefined array key "id" in C:\xampp\htdocs\Practice\manage_edit_registration_form.php on line 251
2025-05-03 16:23:12 Error: [2] Undefined array key "id" in C:\xampp\htdocs\Practice\manage_edit_registration_form.php on line 283
2025-05-03 16:23:12 Error: [2] Undefined array key "id" in C:\xampp\htdocs\Practice\manage_edit_registration_form.php on line 284
2025-05-03 16:23:12 Error: [2] Undefined array key "id" in C:\xampp\htdocs\Practice\manage_edit_registration_form.php on line 283
2025-05-03 16:23:12 Error: [2] Undefined array key "id" in C:\xampp\htdocs\Practice\manage_edit_registration_form.php on line 284
2025-05-03 16:53:32 Error: [2] Undefined variable $activeTab in C:\xampp\htdocs\Practice\manage_edit_registration_form.php on line 244
2025-05-03 16:53:32 Error: [2] Undefined variable $activeTab in C:\xampp\htdocs\Practice\manage_edit_registration_form.php on line 245
2025-05-03 16:53:32 Error: [2] Undefined variable $activeTab in C:\xampp\htdocs\Practice\manage_edit_registration_form.php on line 246
2025-05-03 16:53:33 Error: [2] Undefined variable $activeTab in C:\xampp\htdocs\Practice\manage_edit_registration_form.php on line 244
2025-05-03 16:53:33 Error: [2] Undefined variable $activeTab in C:\xampp\htdocs\Practice\manage_edit_registration_form.php on line 245
2025-05-03 16:53:33 Error: [2] Undefined variable $activeTab in C:\xampp\htdocs\Practice\manage_edit_registration_form.php on line 246
2025-05-03 16:53:34 Error: [2] Undefined variable $activeTab in C:\xampp\htdocs\Practice\manage_edit_registration_form.php on line 244
2025-05-03 16:53:34 Error: [2] Undefined variable $activeTab in C:\xampp\htdocs\Practice\manage_edit_registration_form.php on line 245
2025-05-03 16:53:34 Error: [2] Undefined variable $activeTab in C:\xampp\htdocs\Practice\manage_edit_registration_form.php on line 246
2025-05-03 16:53:35 Error: [2] Undefined variable $activeTab in C:\xampp\htdocs\Practice\manage_edit_registration_form.php on line 244
2025-05-03 16:53:35 Error: [2] Undefined variable $activeTab in C:\xampp\htdocs\Practice\manage_edit_registration_form.php on line 245
2025-05-03 16:53:35 Error: [2] Undefined variable $activeTab in C:\xampp\htdocs\Practice\manage_edit_registration_form.php on line 246
2025-05-03 16:53:37 Error: [2] Undefined variable $activeTab in C:\xampp\htdocs\Practice\manage_edit_registration_form.php on line 244
2025-05-03 16:53:37 Error: [2] Undefined variable $activeTab in C:\xampp\htdocs\Practice\manage_edit_registration_form.php on line 245
2025-05-03 16:53:37 Error: [2] Undefined variable $activeTab in C:\xampp\htdocs\Practice\manage_edit_registration_form.php on line 246
2025-05-03 16:53:56 Error: [2] Undefined variable $activeTab in C:\xampp\htdocs\Practice\manage_edit_registration_form.php on line 244
2025-05-03 16:53:56 Error: [2] Undefined variable $activeTab in C:\xampp\htdocs\Practice\manage_edit_registration_form.php on line 245
2025-05-03 16:53:56 Error: [2] Undefined variable $activeTab in C:\xampp\htdocs\Practice\manage_edit_registration_form.php on line 246
2025-05-03 16:53:59 Error: [2] Undefined variable $activeTab in C:\xampp\htdocs\Practice\manage_edit_registration_form.php on line 244
2025-05-03 16:53:59 Error: [2] Undefined variable $activeTab in C:\xampp\htdocs\Practice\manage_edit_registration_form.php on line 245
2025-05-03 16:53:59 Error: [2] Undefined variable $activeTab in C:\xampp\htdocs\Practice\manage_edit_registration_form.php on line 246
2025-05-03 16:54:00 Error: [2] Undefined variable $activeTab in C:\xampp\htdocs\Practice\manage_edit_registration_form.php on line 244
2025-05-03 16:54:00 Error: [2] Undefined variable $activeTab in C:\xampp\htdocs\Practice\manage_edit_registration_form.php on line 245
2025-05-03 16:54:00 Error: [2] Undefined variable $activeTab in C:\xampp\htdocs\Practice\manage_edit_registration_form.php on line 246
2025-05-03 16:54:00 Error: [2] Undefined variable $activeTab in C:\xampp\htdocs\Practice\manage_edit_registration_form.php on line 244
2025-05-03 16:54:00 Error: [2] Undefined variable $activeTab in C:\xampp\htdocs\Practice\manage_edit_registration_form.php on line 245
2025-05-03 16:54:00 Error: [2] Undefined variable $activeTab in C:\xampp\htdocs\Practice\manage_edit_registration_form.php on line 246
2025-05-03 16:54:01 Error: [2] Undefined variable $activeTab in C:\xampp\htdocs\Practice\manage_edit_registration_form.php on line 244
2025-05-03 16:54:01 Error: [2] Undefined variable $activeTab in C:\xampp\htdocs\Practice\manage_edit_registration_form.php on line 245
2025-05-03 16:54:01 Error: [2] Undefined variable $activeTab in C:\xampp\htdocs\Practice\manage_edit_registration_form.php on line 246
2025-05-03 16:56:59 Error: [2] Undefined variable $table in C:\xampp\htdocs\Practice\manage_edit_registration_form.php on line 70
2025-05-03 16:56:59 Error: [2] Undefined variable $idKey in C:\xampp\htdocs\Practice\manage_edit_registration_form.php on line 70
2025-05-03 16:57:42 Error: [2] Undefined array key "universities" in C:\xampp\htdocs\Practice\manage_edit_registration_form.php on line 20
2025-05-03 16:57:42 Error: [2] Trying to access array offset on value of type null in C:\xampp\htdocs\Practice\manage_edit_registration_form.php on line 20
2025-05-03 16:57:42 Error: [2] Undefined array key "universities" in C:\xampp\htdocs\Practice\manage_edit_registration_form.php on line 21
2025-05-03 16:57:42 Error: [2] Trying to access array offset on value of type null in C:\xampp\htdocs\Practice\manage_edit_registration_form.php on line 21
2025-05-03 16:57:42 Error: [2] Undefined array key "universities" in C:\xampp\htdocs\Practice\manage_edit_registration_form.php on line 22
2025-05-03 16:57:42 Error: [2] Trying to access array offset on value of type null in C:\xampp\htdocs\Practice\manage_edit_registration_form.php on line 22
2025-05-03 16:57:42 Error: [2] Undefined array key "universities" in C:\xampp\htdocs\Practice\manage_edit_registration_form.php on line 23
2025-05-03 16:57:42 Error: [2] Trying to access array offset on value of type null in C:\xampp\htdocs\Practice\manage_edit_registration_form.php on line 23
2025-05-03 16:58:35 Error: [2] Undefined array key "university_programs" in C:\xampp\htdocs\Practice\manage_edit_registration_form.php on line 20
2025-05-03 16:58:35 Error: [2] Trying to access array offset on value of type null in C:\xampp\htdocs\Practice\manage_edit_registration_form.php on line 20
2025-05-03 16:58:35 Error: [2] Undefined array key "university_programs" in C:\xampp\htdocs\Practice\manage_edit_registration_form.php on line 21
2025-05-03 16:58:35 Error: [2] Trying to access array offset on value of type null in C:\xampp\htdocs\Practice\manage_edit_registration_form.php on line 21
2025-05-03 16:58:35 Error: [2] Undefined array key "university_programs" in C:\xampp\htdocs\Practice\manage_edit_registration_form.php on line 22
2025-05-03 16:58:35 Error: [2] Trying to access array offset on value of type null in C:\xampp\htdocs\Practice\manage_edit_registration_form.php on line 22
2025-05-03 16:58:35 Error: [2] Undefined array key "university_programs" in C:\xampp\htdocs\Practice\manage_edit_registration_form.php on line 23
2025-05-03 16:58:35 Error: [2] Trying to access array offset on value of type null in C:\xampp\htdocs\Practice\manage_edit_registration_form.php on line 23
2025-05-03 17:39:44 Error: [2] Undefined variable $table in C:\xampp\htdocs\Practice\manage_edit_registration_form.php on line 75
2025-05-03 17:40:01 Error: [2] Undefined variable $tableMap in C:\xampp\htdocs\Practice\manage_edit_registration_form.php on line 9
2025-05-03 17:40:01 Error: [2] Undefined variable $type in C:\xampp\htdocs\Practice\manage_edit_registration_form.php on line 9
2025-05-03 17:40:01 Error: [2] Trying to access array offset on value of type null in C:\xampp\htdocs\Practice\manage_edit_registration_form.php on line 9
2025-05-03 17:40:01 Error: [2] Trying to access array offset on value of type null in C:\xampp\htdocs\Practice\manage_edit_registration_form.php on line 9
2025-05-03 17:40:07 Error: [2] Undefined variable $table in C:\xampp\htdocs\Practice\manage_edit_registration_form.php on line 75
2025-05-03 17:40:20 Error: [2] Undefined variable $table in C:\xampp\htdocs\Practice\manage_edit_registration_form.php on line 75
2025-05-03 17:40:20 Error: [2] Undefined variable $table in C:\xampp\htdocs\Practice\manage_edit_registration_form.php on line 75
2025-05-03 17:40:20 Error: [2] Undefined variable $table in C:\xampp\htdocs\Practice\manage_edit_registration_form.php on line 75
2025-05-03 17:46:29 Error: [2] Undefined variable $table in C:\xampp\htdocs\Practice\manage_edit_registration_form.php on line 77
2025-05-03 17:46:39 Error: [2] Undefined variable $table in C:\xampp\htdocs\Practice\manage_edit_registration_form.php on line 77
2025-05-03 17:47:10 Error: [2] Undefined variable $table in C:\xampp\htdocs\Practice\manage_edit_registration_form.php on line 77
2025-05-03 17:47:33 Error: [2] Undefined variable $table in C:\xampp\htdocs\Practice\manage_edit_registration_form.php on line 77
2025-05-03 17:47:34 Error: [2] Undefined variable $table in C:\xampp\htdocs\Practice\manage_edit_registration_form.php on line 77
2025-05-03 17:47:34 Error: [2] Undefined variable $table in C:\xampp\htdocs\Practice\manage_edit_registration_form.php on line 77
2025-05-03 17:47:34 Error: [2] Undefined variable $table in C:\xampp\htdocs\Practice\manage_edit_registration_form.php on line 77
2025-05-03 17:47:36 Error: [2] Undefined variable $table in C:\xampp\htdocs\Practice\manage_edit_registration_form.php on line 77
2025-05-03 17:48:16 Error: [2] Undefined array key "university" in C:\xampp\htdocs\Practice\manage_edit_registration_form.php on line 20
2025-05-03 17:48:16 Error: [2] Trying to access array offset on value of type null in C:\xampp\htdocs\Practice\manage_edit_registration_form.php on line 20
2025-05-03 17:48:16 Error: [2] Undefined array key "university" in C:\xampp\htdocs\Practice\manage_edit_registration_form.php on line 21
2025-05-03 17:48:16 Error: [2] Trying to access array offset on value of type null in C:\xampp\htdocs\Practice\manage_edit_registration_form.php on line 21
2025-05-03 17:48:16 Error: [2] Undefined array key "university" in C:\xampp\htdocs\Practice\manage_edit_registration_form.php on line 22
2025-05-03 17:48:16 Error: [2] Trying to access array offset on value of type null in C:\xampp\htdocs\Practice\manage_edit_registration_form.php on line 22
2025-05-03 17:48:16 Error: [2] Undefined array key "university" in C:\xampp\htdocs\Practice\manage_edit_registration_form.php on line 23
2025-05-03 17:48:16 Error: [2] Trying to access array offset on value of type null in C:\xampp\htdocs\Practice\manage_edit_registration_form.php on line 23
2025-05-03 17:48:54 Error: [2] Undefined variable $editRow in C:\xampp\htdocs\Practice\manage_edit_registration_form.php on line 371
2025-05-03 17:48:55 Error: [2] Undefined variable $editRow in C:\xampp\htdocs\Practice\manage_edit_registration_form.php on line 371
2025-05-03 17:48:56 Error: [2] Undefined variable $editRow in C:\xampp\htdocs\Practice\manage_edit_registration_form.php on line 371
2025-05-03 17:48:57 Error: [2] Undefined variable $editRow in C:\xampp\htdocs\Practice\manage_edit_registration_form.php on line 371
2025-05-03 17:48:57 Error: [2] Undefined variable $editRow in C:\xampp\htdocs\Practice\manage_edit_registration_form.php on line 371
2025-05-03 17:48:58 Error: [2] Undefined variable $editRow in C:\xampp\htdocs\Practice\manage_edit_registration_form.php on line 371
2025-05-03 17:48:58 Error: [2] Undefined variable $editRow in C:\xampp\htdocs\Practice\manage_edit_registration_form.php on line 371
2025-05-03 17:48:59 Error: [2] Undefined variable $editRow in C:\xampp\htdocs\Practice\manage_edit_registration_form.php on line 371
2025-05-03 17:48:59 Error: [2] Undefined variable $editRow in C:\xampp\htdocs\Practice\manage_edit_registration_form.php on line 371
2025-05-03 17:49:00 Error: [2] Undefined variable $editRow in C:\xampp\htdocs\Practice\manage_edit_registration_form.php on line 371
2025-05-03 17:49:00 Error: [2] Undefined variable $editRow in C:\xampp\htdocs\Practice\manage_edit_registration_form.php on line 371
2025-05-03 17:49:49 Error: [2] Undefined variable $table in C:\xampp\htdocs\Practice\manage_edit_registration_form.php on line 79
2025-05-03 17:50:06 Error: [2] Undefined variable $table in C:\xampp\htdocs\Practice\manage_edit_registration_form.php on line 77
2025-05-03 17:50:07 Error: [2] Undefined variable $table in C:\xampp\htdocs\Practice\manage_edit_registration_form.php on line 77
2025-05-03 17:50:07 Error: [2] Undefined variable $table in C:\xampp\htdocs\Practice\manage_edit_registration_form.php on line 77
2025-05-03 17:50:07 Error: [2] Undefined variable $table in C:\xampp\htdocs\Practice\manage_edit_registration_form.php on line 77
2025-05-03 17:50:17 Error: [2] Undefined variable $table in C:\xampp\htdocs\Practice\manage_edit_registration_form.php on line 77
2025-05-03 17:50:17 Error: [2] Undefined variable $table in C:\xampp\htdocs\Practice\manage_edit_registration_form.php on line 77
2025-05-03 17:50:17 Error: [2] Undefined variable $table in C:\xampp\htdocs\Practice\manage_edit_registration_form.php on line 77
2025-05-03 17:50:17 Error: [2] Undefined variable $table in C:\xampp\htdocs\Practice\manage_edit_registration_form.php on line 77
2025-05-03 17:50:17 Error: [2] Undefined variable $table in C:\xampp\htdocs\Practice\manage_edit_registration_form.php on line 77
2025-05-03 17:50:17 Error: [2] Undefined variable $table in C:\xampp\htdocs\Practice\manage_edit_registration_form.php on line 77
2025-05-03 17:50:18 Error: [2] Undefined variable $table in C:\xampp\htdocs\Practice\manage_edit_registration_form.php on line 77
2025-05-03 17:53:18 Error: [2] Undefined variable $editRow in C:\xampp\htdocs\Practice\manage_edit_registration_form.php on line 348
2025-05-03 17:53:21 Error: [2] Undefined variable $editRow in C:\xampp\htdocs\Practice\manage_edit_registration_form.php on line 348
2025-05-03 17:53:28 Error: [2] Undefined variable $editRow in C:\xampp\htdocs\Practice\manage_edit_registration_form.php on line 348
2025-05-03 17:53:32 Error: [2] Undefined variable $editRow in C:\xampp\htdocs\Practice\manage_edit_registration_form.php on line 348
2025-05-03 17:53:32 Error: [2] Undefined variable $editRow in C:\xampp\htdocs\Practice\manage_edit_registration_form.php on line 348
2025-05-03 17:54:00 Error: [2] Undefined variable $editRow in C:\xampp\htdocs\Practice\manage_edit_registration_form.php on line 348
2025-05-03 18:08:29 Error: [2] Undefined variable $editRow in C:\xampp\htdocs\Practice\manage_edit_registration_form.php on line 348
2025-05-03 20:50:59 Error: [2] Undefined variable $codeLabel in C:\xampp\htdocs\Practice\manage_edit_registration_form.php on line 456
2025-05-03 20:50:59 Error: [2] Undefined variable $nameLabel in C:\xampp\htdocs\Practice\manage_edit_registration_form.php on line 458
2025-05-04 01:30:21 Error: [8192] Constant FILTER_SANITIZE_STRING is deprecated in C:\xampp\htdocs\Practice\manage_edit_registration_form.php on line 10
2025-05-04 01:30:21 Error: [8192] Constant FILTER_SANITIZE_STRING is deprecated in C:\xampp\htdocs\Practice\manage_edit_registration_form.php on line 11
=======
>>>>>>> Stashed changes
=======
>>>>>>> Stashed changes
=======
>>>>>>> Stashed changes
=======
>>>>>>> Stashed changes
=======
>>>>>>> Stashed changes
=======
>>>>>>> Stashed changes
=======
>>>>>>> Stashed changes
=======
>>>>>>> Stashed changes
