[2025-03-31 02:05:07][INFO] === Starting New Exam Submission ===
[2025-03-31 02:05:07][INFO] Session ID: thn66r2u09j8alfhsrat7i8cta
[2025-03-31 02:05:07][INFO] Student ID: 1
[2025-03-31 02:05:07][INFO] Raw input data: {"exam_id":7,"answers":[{"type":"multiple-choice","question_id":"28","selected_answer_id":"43"}]}
[2025-03-31 02:05:07][INFO] Decoded data: Array
(
    [exam_id] => 7
    [answers] => Array
        (
            [0] => Array
                (
                    [type] => multiple-choice
                    [question_id] => 28
                    [selected_answer_id] => 43
                )

        )

)

[2025-03-31 02:05:07][INFO] Started database transaction
[2025-03-31 02:05:07][INFO] Processing submission for Student ID: 1, Exam ID: 7
[2025-03-31 02:05:07][INFO] Number of answers to process: 1
[2025-03-31 02:05:07][INFO] Processing answer 1 of type: multiple-choice
[2025-03-31 02:05:07][INFO] Saving MCQ/True-False answer for question ID: 28
[2025-03-31 02:05:07][ERROR] Error in exam submission: Cannot add or update a child row: a foreign key constraint fails (`exam`.`student_answers`, CONSTRAINT `student_answers_ibfk_1` FOREIGN KEY (`student_id`) REFERENCES `register_studentsqe` (`student_id`))
[2025-03-31 02:05:07][INFO] Transaction rolled back
[2025-03-31 02:05:07][INFO] Sending error response: Array
(
    [success] => 
    [error] => Error submitting exam: Cannot add or update a child row: a foreign key constraint fails (`exam`.`student_answers`, CONSTRAINT `student_answers_ibfk_1` FOREIGN KEY (`student_id`) REFERENCES `register_studentsqe` (`student_id`))
)

[2025-03-31 02:05:07][INFO] === End of Exam Submission ===

[2025-03-31 02:22:28][INFO] === Starting New Exam Submission ===
[2025-03-31 02:22:28][INFO] Session ID: thn66r2u09j8alfhsrat7i8cta
[2025-03-31 02:22:28][INFO] Student ID: 1
[2025-03-31 02:22:28][INFO] Raw input data: {"exam_id":7,"answers":[{"type":"multiple-choice","question_id":"28","selected_answer_id":"44"}]}
[2025-03-31 02:22:28][INFO] Decoded data: Array
(
    [exam_id] => 7
    [answers] => Array
        (
            [0] => Array
                (
                    [type] => multiple-choice
                    [question_id] => 28
                    [selected_answer_id] => 44
                )

        )

)

[2025-03-31 02:22:28][INFO] Started database transaction
[2025-03-31 02:22:28][INFO] Processing for stud_id: 1
[2025-03-31 02:22:28][INFO] Found student_id: 79
[2025-03-31 02:22:28][INFO] Processing answer 1 of type: multiple-choice
[2025-03-31 02:22:28][INFO] Saving MCQ/True-False answer for question ID: 28
[2025-03-31 02:22:28][INFO] Successfully saved MCQ/True-False answer
[2025-03-31 02:22:28][INFO] Answer correctness: Incorrect
[2025-03-31 02:22:28][INFO] Final score calculated: 0
[2025-03-31 02:22:28][INFO] Updating exam assignment status
[2025-03-31 02:48:56][INFO] === Starting New Exam Submission ===
[2025-03-31 02:48:56][INFO] Session ID: thn66r2u09j8alfhsrat7i8cta
[2025-03-31 02:48:56][INFO] Student ID: 1
[2025-03-31 02:48:56][INFO] Received data: Array
(
    [exam_id] => 7
    [answers] => Array
        (
            [0] => Array
                (
                    [type] => multiple-choice
                    [question_id] => 28
                    [selected_answer_id] => 42
                )

        )

)

[2025-03-31 02:48:56][ERROR] Error in exam submission: Unknown column 'completion_time' in 'field list'
[2025-03-31 02:54:53][INFO] === Starting New Exam Submission ===
[2025-03-31 02:54:53][INFO] Session ID: thn66r2u09j8alfhsrat7i8cta
[2025-03-31 02:54:53][INFO] Student ID: 1
[2025-03-31 02:54:53][INFO] === End of Exam Submission ===

[2025-03-31 03:00:21][INFO] === Starting New Exam Submission ===
[2025-03-31 03:00:21][INFO] Session ID: thn66r2u09j8alfhsrat7i8cta
[2025-03-31 03:00:21][INFO] Student ID: 1
[2025-03-31 03:05:28][INFO] === Starting New Exam Submission ===
[2025-03-31 03:05:28][INFO] Session ID: thn66r2u09j8alfhsrat7i8cta
[2025-03-31 03:05:28][INFO] Student ID: 1
[2025-03-31 03:12:03][INFO] === Starting New Exam Submission ===
[2025-03-31 03:12:03][INFO] Session ID: thn66r2u09j8alfhsrat7i8cta
[2025-03-31 03:12:03][INFO] Student ID: 1
[2025-03-31 03:22:28][INFO] === Starting New Exam Submission ===
[2025-03-31 03:22:28][INFO] Session ID: thn66r2u09j8alfhsrat7i8cta
[2025-03-31 03:22:28][INFO] Student ID: 1
[2025-03-31 03:35:50][INFO] === Starting New Exam Submission ===
[2025-03-31 03:35:50][INFO] Session ID: thn66r2u09j8alfhsrat7i8cta
[2025-03-31 03:35:50][INFO] Student ID: 1
[2025-03-31 11:56:37][INFO] === Starting New Exam Submission ===
[2025-03-31 11:56:37][INFO] Session ID: thn66r2u09j8alfhsrat7i8cta
[2025-03-31 11:56:37][INFO] Student ID: 1
[2025-03-31 11:56:38][ERROR] Error during submission: Unknown column 'question_type' in 'field list'
[2025-04-01 00:15:12][INFO] === Starting New Exam Submission ===
[2025-04-01 00:15:12][INFO] Session ID: 9b1l2u1lplnanru8k10jnqpmen
[2025-04-01 00:15:12][INFO] Student ID: 1
[2025-04-01 00:15:12][ERROR] Error during submission: Unknown column 'question_type' in 'field list'
[2025-04-01 00:44:37][INFO] === Starting New Exam Submission ===
[2025-04-01 00:44:37][INFO] Session ID: 9b1l2u1lplnanru8k10jnqpmen
[2025-04-01 00:44:37][INFO] Student ID: 1
[2025-04-01 00:44:37][INFO] Saving programming answer for question 30
[2025-04-01 01:11:29][INFO] === Starting New Exam Submission ===
[2025-04-01 01:11:29][INFO] Session ID: 9b1l2u1lplnanru8k10jnqpmen
[2025-04-01 01:11:29][INFO] Student ID: 1
[2025-04-01 01:11:29][ERROR] Error during submission: Unknown column 'language_id' in 'field list'
[2025-04-01 01:23:37][INFO] === Starting New Exam Submission ===
[2025-04-01 01:23:37][INFO] Session ID: 9b1l2u1lplnanru8k10jnqpmen
[2025-04-01 01:23:37][INFO] Student ID: 1
[2025-04-01 01:23:37][INFO] Language from DB: python
[2025-04-01 01:23:37][INFO] Mapped to Judge0 language ID: 71
[2025-04-01 01:23:37][INFO] Sending code to Judge0: Language ID: 71
[2025-04-01 01:23:37][INFO] Test case input: 
[2025-04-01 01:23:37][INFO] Expected output: 
[2025-04-01 01:23:42][INFO] Judge0 result for test case 13: Array
(
    [stdout] => 4

    [time] => 0.009
    [memory] => 3296
    [stderr] => 
    [token] => db01af2e-4b35-4ed8-8006-231fb5c0f05e
    [compile_output] => 
    [message] => 
    [status] => Array
        (
            [id] => 3
            [description] => Accepted
        )

)

[2025-04-01 01:23:45][INFO] Judge0 result for test case 14: Array
(
    [stdout] => 9

    [time] => 0.008
    [memory] => 3472
    [stderr] => 
    [token] => bb22767c-6322-40a8-af08-d469e0cbe795
    [compile_output] => 
    [message] => 
    [status] => Array
        (
            [id] => 3
            [description] => Accepted
        )

)

[2025-04-01 01:23:45][INFO] Evaluating and saving programming answer for question 30
[2025-04-01 01:31:43][INFO] === Starting New Exam Submission ===
[2025-04-01 01:31:43][INFO] Session ID: 9b1l2u1lplnanru8k10jnqpmen
[2025-04-01 01:31:43][INFO] Student ID: 1
[2025-04-01 01:31:43][INFO] Language from DB: python
[2025-04-01 01:31:43][INFO] Mapped to Judge0 language ID: 71
[2025-04-01 01:31:43][INFO] Sending code to Judge0: Language ID: 71
[2025-04-01 01:31:43][INFO] Test case input: 
[2025-04-01 01:31:43][INFO] Expected output: 
[2025-04-01 01:31:47][INFO] Judge0 result for test case 13: Array
(
    [stdout] => 4

    [time] => 0.007
    [memory] => 3320
    [stderr] => 
    [token] => dcfd2381-2af3-42ed-9ac3-ac837849065b
    [compile_output] => 
    [message] => 
    [status] => Array
        (
            [id] => 3
            [description] => Accepted
        )

)

[2025-04-01 01:31:51][INFO] Judge0 result for test case 14: Array
(
    [stdout] => 9

    [time] => 0.008
    [memory] => 3340
    [stderr] => 
    [token] => 50b06bf5-ddbc-4897-8f03-20c53c8306ee
    [compile_output] => 
    [message] => 
    [status] => Array
        (
            [id] => 3
            [description] => Accepted
        )

)

[2025-04-01 01:31:51][INFO] Evaluating and saving programming answer for question 30
[2025-04-01 13:31:52][INFO] === Starting New Exam Submission ===
[2025-04-01 13:31:52][INFO] Session ID: mhqmmkjf740n956ccqv8uu2rp8
[2025-04-01 13:31:52][INFO] Student ID: 1
[2025-04-01 13:31:52][INFO] Language from DB: python
[2025-04-01 13:31:52][INFO] Mapped to Judge0 language ID: 71
[2025-04-01 13:31:52][INFO] Sending code to Judge0: Language ID: 71
[2025-04-01 13:31:52][INFO] Test case input: 
[2025-04-01 13:31:52][INFO] Expected output: 
[2025-04-01 13:31:57][INFO] Judge0 result for test case 15: Array
(
    [stdout] => 
    [time] => 0.008
    [memory] => 3224
    [stderr] =>   File "script.py", line 1
    def ab
         ^
SyntaxError: invalid syntax

    [token] => 3385d348-a10d-4bd3-9e45-f570c041ad32
    [compile_output] => 
    [message] => Exited with error status 1
    [status] => Array
        (
            [id] => 11
            [description] => Runtime Error (NZEC)
        )

)

[2025-04-01 13:32:01][INFO] Judge0 result for test case 16: Array
(
    [stdout] => 
    [time] => 0.007
    [memory] => 3296
    [stderr] =>   File "script.py", line 1
    def ab
         ^
SyntaxError: invalid syntax

    [token] => f1f85795-8d5d-4255-a44b-9e62a19234a5
    [compile_output] => 
    [message] => Exited with error status 1
    [status] => Array
        (
            [id] => 11
            [description] => Runtime Error (NZEC)
        )

)

[2025-04-01 13:32:01][INFO] Evaluating and saving programming answer for question 33
[2025-04-01 13:32:01][INFO] Language from DB: python
[2025-04-01 13:32:01][INFO] Mapped to Judge0 language ID: 71
[2025-04-01 13:32:01][INFO] Sending code to Judge0: Language ID: 71
[2025-04-01 13:32:01][INFO] Test case input: 
[2025-04-01 13:32:01][INFO] Expected output: 
[2025-04-01 13:32:05][INFO] Judge0 result for test case 17: Array
(
    [stdout] => 
    [time] => 0.008
    [memory] => 3224
    [stderr] => 
    [token] => 44295675-3039-4714-b4ea-e9964c4363a2
    [compile_output] => 
    [message] => 
    [status] => Array
        (
            [id] => 4
            [description] => Wrong Answer
        )

)

[2025-04-01 13:32:09][INFO] Judge0 result for test case 18: Array
(
    [stdout] => 
    [time] => 0.009
    [memory] => 3576
    [stderr] => 
    [token] => 78076e22-4d40-4c02-b3ac-c7e1f6442544
    [compile_output] => 
    [message] => 
    [status] => Array
        (
            [id] => 4
            [description] => Wrong Answer
        )

)

[2025-04-01 13:32:09][INFO] Evaluating and saving programming answer for question 35
[2025-04-02 00:26:45][INFO] === Starting New Exam Submission ===
[2025-04-02 00:26:45][INFO] Session ID: 82de07dei5eujhb1ab7sgmr5nh
[2025-04-02 00:26:45][INFO] Student ID: 1
[2025-04-02 00:26:45][WARNING] Auto-submitted exam for student 79 due to security violations
[2025-04-02 02:44:10][INFO] === Starting New Exam Submission ===
[2025-04-02 02:44:10][INFO] Session ID: 82de07dei5eujhb1ab7sgmr5nh
[2025-04-02 02:44:10][INFO] Student ID: 1
[2025-04-02 13:49:41][INFO] === Starting New Exam Submission ===
[2025-04-02 13:49:41][INFO] Session ID: p39t7jq9a7l20f0feiabd0tlf3
[2025-04-02 13:49:41][INFO] Student ID: 1
[2025-04-02 13:49:41][INFO] Language from DB: python
[2025-04-02 13:49:41][INFO] Mapped to Judge0 language ID: 71
[2025-04-02 13:49:41][INFO] Sending code to Judge0: Language ID: 71
[2025-04-02 13:49:41][INFO] Test case input: 
[2025-04-02 13:49:41][INFO] Expected output: 
[2025-04-02 13:49:45][INFO] Judge0 result for test case 31: Array
(
    [stdout] => 3

    [time] => 0.008
    [memory] => 3888
    [stderr] => 
    [token] => 8de99109-f952-455c-9cd1-782388637e9b
    [compile_output] => 
    [message] => 
    [status] => Array
        (
            [id] => 3
            [description] => Accepted
        )

)

[2025-04-02 13:49:49][INFO] Judge0 result for test case 32: Array
(
    [stdout] => 8

    [time] => 0.009
    [memory] => 3296
    [stderr] => 
    [token] => b5f83cd9-d96c-4b8b-aafa-bd1f5ad70855
    [compile_output] => 
    [message] => 
    [status] => Array
        (
            [id] => 3
            [description] => Accepted
        )

)

[2025-04-02 13:49:49][INFO] Evaluating and saving programming answer for question 52
[2025-04-02 13:49:49][INFO] Language from DB: python
[2025-04-02 13:49:49][INFO] Mapped to Judge0 language ID: 71
[2025-04-02 13:49:49][INFO] Sending code to Judge0: Language ID: 71
[2025-04-02 13:49:49][INFO] Test case input: 
[2025-04-02 13:49:49][INFO] Expected output: 
[2025-04-02 13:49:52][INFO] Judge0 result for test case 33: Array
(
    [stdout] => 
    [time] => 0.008
    [memory] => 3224
    [stderr] => Traceback (most recent call last):
  File "script.py", line 9, in <module>
    a, b = map(int, line.split())
ValueError: invalid literal for int() with base 10: '5,'

    [token] => dcc3a7cf-7960-4e95-9eff-5b17a2160360
    [compile_output] => 
    [message] => Exited with error status 1
    [status] => Array
        (
            [id] => 11
            [description] => Runtime Error (NZEC)
        )

)

[2025-04-02 13:49:56][INFO] Judge0 result for test case 34: Array
(
    [stdout] => 
    [time] => 0.008
    [memory] => 3296
    [stderr] => Traceback (most recent call last):
  File "script.py", line 9, in <module>
    a, b = map(int, line.split())
ValueError: invalid literal for int() with base 10: '10,'

    [token] => c83f2f04-659e-4197-b250-4b38696e1041
    [compile_output] => 
    [message] => Exited with error status 1
    [status] => Array
        (
            [id] => 11
            [description] => Runtime Error (NZEC)
        )

)

[2025-04-02 13:49:56][INFO] Evaluating and saving programming answer for question 58
[2025-04-02 13:49:56][INFO] Language from DB: python
[2025-04-02 13:49:56][INFO] Mapped to Judge0 language ID: 71
[2025-04-02 13:49:56][INFO] Sending code to Judge0: Language ID: 71
[2025-04-02 13:49:56][INFO] Test case input: 
[2025-04-02 13:49:56][INFO] Expected output: 
[2025-04-02 13:50:00][INFO] Judge0 result for test case 36: Array
(
    [stdout] => 
    [time] => 0.012
    [memory] => 3332
    [stderr] => Traceback (most recent call last):
  File "script.py", line 9, in <module>
    a, b = map(int, line.split())
ValueError: invalid literal for int() with base 10: '5,'

    [token] => a604b97b-abad-407f-babd-a7af9824c4f7
    [compile_output] => 
    [message] => Exited with error status 1
    [status] => Array
        (
            [id] => 11
            [description] => Runtime Error (NZEC)
        )

)

[2025-04-02 13:50:03][INFO] Judge0 result for test case 37: Array
(
    [stdout] => 
    [time] => 0.008
    [memory] => 3296
    [stderr] => Traceback (most recent call last):
  File "script.py", line 9, in <module>
    a, b = map(int, line.split())
ValueError: invalid literal for int() with base 10: '10,'

    [token] => 254bfd7f-d2e1-4345-af81-61c61826c295
    [compile_output] => 
    [message] => Exited with error status 1
    [status] => Array
        (
            [id] => 11
            [description] => Runtime Error (NZEC)
        )

)

[2025-04-02 13:50:03][INFO] Evaluating and saving programming answer for question 61
[2025-04-02 13:50:04][INFO] === Starting New Exam Submission ===
[2025-04-02 13:50:04][INFO] Session ID: p39t7jq9a7l20f0feiabd0tlf3
[2025-04-02 13:50:04][INFO] Student ID: 1
[2025-04-02 13:50:04][INFO] Language from DB: python
[2025-04-02 13:50:04][INFO] Mapped to Judge0 language ID: 71
[2025-04-02 13:50:04][INFO] Sending code to Judge0: Language ID: 71
[2025-04-02 13:50:04][INFO] Test case input: 
[2025-04-02 13:50:04][INFO] Expected output: 
[2025-04-02 13:50:07][INFO] Judge0 result for test case 31: Array
(
    [stdout] => 3

    [time] => 0.008
    [memory] => 3296
    [stderr] => 
    [token] => 3fba6b5b-4b3b-4f4e-937c-7c39719d7758
    [compile_output] => 
    [message] => 
    [status] => Array
        (
            [id] => 3
            [description] => Accepted
        )

)

[2025-04-02 13:50:11][INFO] Judge0 result for test case 32: Array
(
    [stdout] => 8

    [time] => 0.008
    [memory] => 3296
    [stderr] => 
    [token] => 27972cd0-ccf5-4fee-9085-30d0f95a692a
    [compile_output] => 
    [message] => 
    [status] => Array
        (
            [id] => 3
            [description] => Accepted
        )

)

[2025-04-02 13:50:11][INFO] Evaluating and saving programming answer for question 52
[2025-04-02 13:50:11][ERROR] Error during submission: Duplicate entry '131' for key 'student_answers.PRIMARY'
[2025-04-02 13:50:11][INFO] === Starting New Exam Submission ===
[2025-04-02 13:50:11][INFO] Session ID: p39t7jq9a7l20f0feiabd0tlf3
[2025-04-02 13:50:11][INFO] Student ID: 1
[2025-04-02 13:50:11][INFO] Language from DB: python
[2025-04-02 13:50:11][INFO] Mapped to Judge0 language ID: 71
[2025-04-02 13:50:11][INFO] Sending code to Judge0: Language ID: 71
[2025-04-02 13:50:11][INFO] Test case input: 
[2025-04-02 13:50:11][INFO] Expected output: 
[2025-04-02 13:50:15][INFO] Judge0 result for test case 31: Array
(
    [stdout] => 3

    [time] => 0.007
    [memory] => 3296
    [stderr] => 
    [token] => 9a929a20-9397-466c-98e0-4398b3680e4a
    [compile_output] => 
    [message] => 
    [status] => Array
        (
            [id] => 3
            [description] => Accepted
        )

)

[2025-04-02 13:50:18][INFO] Judge0 result for test case 32: Array
(
    [stdout] => 8

    [time] => 0.008
    [memory] => 3468
    [stderr] => 
    [token] => 45660e07-fff9-43d6-b6ef-92f5a9bb4f3e
    [compile_output] => 
    [message] => 
    [status] => Array
        (
            [id] => 3
            [description] => Accepted
        )

)

[2025-04-02 13:50:18][INFO] Evaluating and saving programming answer for question 52
[2025-04-02 13:50:18][ERROR] Error during submission: Duplicate entry '131' for key 'student_answers.PRIMARY'
[2025-04-02 13:50:18][INFO] === Starting New Exam Submission ===
[2025-04-02 13:50:18][INFO] Session ID: p39t7jq9a7l20f0feiabd0tlf3
[2025-04-02 13:50:18][INFO] Student ID: 1
[2025-04-02 13:50:19][INFO] Language from DB: python
[2025-04-02 13:50:19][INFO] Mapped to Judge0 language ID: 71
[2025-04-02 13:50:19][INFO] Sending code to Judge0: Language ID: 71
[2025-04-02 13:50:19][INFO] Test case input: 
[2025-04-02 13:50:19][INFO] Expected output: 
[2025-04-02 13:50:22][INFO] Judge0 result for test case 31: Array
(
    [stdout] => 3

    [time] => 0.008
    [memory] => 3296
    [stderr] => 
    [token] => c4d4e437-59f3-469a-a4b8-57911b6a8d5c
    [compile_output] => 
    [message] => 
    [status] => Array
        (
            [id] => 3
            [description] => Accepted
        )

)

[2025-04-02 13:50:26][INFO] Judge0 result for test case 32: Array
(
    [stdout] => 8

    [time] => 0.008
    [memory] => 3396
    [stderr] => 
    [token] => cd470686-d0d5-4a4b-8ea9-f26afaddcc4e
    [compile_output] => 
    [message] => 
    [status] => Array
        (
            [id] => 3
            [description] => Accepted
        )

)

[2025-04-02 13:50:26][INFO] Evaluating and saving programming answer for question 52
[2025-04-02 13:50:26][ERROR] Error during submission: Duplicate entry '131' for key 'student_answers.PRIMARY'
[2025-04-02 13:50:26][INFO] === Starting New Exam Submission ===
[2025-04-02 13:50:26][INFO] Session ID: p39t7jq9a7l20f0feiabd0tlf3
[2025-04-02 13:50:26][INFO] Student ID: 1
[2025-04-02 13:50:26][INFO] Language from DB: python
[2025-04-02 13:50:26][INFO] Mapped to Judge0 language ID: 71
[2025-04-02 13:50:26][INFO] Sending code to Judge0: Language ID: 71
[2025-04-02 13:50:26][INFO] Test case input: 
[2025-04-02 13:50:26][INFO] Expected output: 
[2025-04-02 13:50:30][INFO] Judge0 result for test case 31: Array
(
    [stdout] => 3

    [time] => 0.007
    [memory] => 3296
    [stderr] => 
    [token] => 6fa25db7-edf0-40f4-8e4d-0052ae44c8e4
    [compile_output] => 
    [message] => 
    [status] => Array
        (
            [id] => 3
            [description] => Accepted
        )

)

[2025-04-02 13:50:33][INFO] Judge0 result for test case 32: Array
(
    [stdout] => 8

    [time] => 0.007
    [memory] => 3548
    [stderr] => 
    [token] => c2defefb-8cbc-4d12-bbfb-ae577f3ae031
    [compile_output] => 
    [message] => 
    [status] => Array
        (
            [id] => 3
            [description] => Accepted
        )

)

[2025-04-02 13:50:33][INFO] Evaluating and saving programming answer for question 52
[2025-04-02 13:50:33][ERROR] Error during submission: Duplicate entry '131' for key 'student_answers.PRIMARY'
[2025-04-02 13:50:33][INFO] === Starting New Exam Submission ===
[2025-04-02 13:50:33][INFO] Session ID: p39t7jq9a7l20f0feiabd0tlf3
[2025-04-02 13:50:33][INFO] Student ID: 1
[2025-04-02 13:50:33][INFO] Language from DB: python
[2025-04-02 13:50:33][INFO] Mapped to Judge0 language ID: 71
[2025-04-02 13:50:33][INFO] Sending code to Judge0: Language ID: 71
[2025-04-02 13:50:33][INFO] Test case input: 
[2025-04-02 13:50:33][INFO] Expected output: 
[2025-04-02 13:50:37][INFO] Judge0 result for test case 31: Array
(
    [stdout] => 3

    [time] => 0.007
    [memory] => 3560
    [stderr] => 
    [token] => 64862944-7c60-4683-bc16-bd65b2f11032
    [compile_output] => 
    [message] => 
    [status] => Array
        (
            [id] => 3
            [description] => Accepted
        )

)

[2025-04-02 13:50:41][INFO] Judge0 result for test case 32: Array
(
    [stdout] => 8

    [time] => 0.008
    [memory] => 3296
    [stderr] => 
    [token] => 69f5df23-de0b-4488-a003-f4f52931abc3
    [compile_output] => 
    [message] => 
    [status] => Array
        (
            [id] => 3
            [description] => Accepted
        )

)

[2025-04-02 13:50:41][INFO] Evaluating and saving programming answer for question 52
[2025-04-02 13:50:41][ERROR] Error during submission: Duplicate entry '131' for key 'student_answers.PRIMARY'
[2025-04-02 13:53:59][INFO] === Starting New Exam Submission ===
[2025-04-02 13:53:59][INFO] Session ID: p39t7jq9a7l20f0feiabd0tlf3
[2025-04-02 13:53:59][INFO] Student ID: 1
[2025-04-02 13:53:59][INFO] Language from DB: python
[2025-04-02 13:53:59][INFO] Mapped to Judge0 language ID: 71
[2025-04-02 13:53:59][INFO] Sending code to Judge0: Language ID: 71
[2025-04-02 13:53:59][INFO] Test case input: 
[2025-04-02 13:53:59][INFO] Expected output: 
[2025-04-02 13:54:03][INFO] Judge0 result for test case 31: Array
(
    [stdout] => 3

    [time] => 0.007
    [memory] => 3296
    [stderr] => 
    [token] => 6b23c641-d645-41fa-bea9-568c9cae3ef9
    [compile_output] => 
    [message] => 
    [status] => Array
        (
            [id] => 3
            [description] => Accepted
        )

)

[2025-04-02 13:54:07][INFO] Judge0 result for test case 32: Array
(
    [stdout] => 8

    [time] => 0.007
    [memory] => 3296
    [stderr] => 
    [token] => 01d620ca-9bc1-4257-a8a9-dc87380a3597
    [compile_output] => 
    [message] => 
    [status] => Array
        (
            [id] => 3
            [description] => Accepted
        )

)

[2025-04-02 13:54:07][INFO] Evaluating and saving programming answer for question 52
[2025-04-02 13:54:07][ERROR] Error during submission: Duplicate entry '131' for key 'student_answers.PRIMARY'
[2025-04-02 14:06:32][INFO] === Starting New Exam Submission ===
[2025-04-02 14:06:32][INFO] Session ID: p39t7jq9a7l20f0feiabd0tlf3
[2025-04-02 14:06:32][INFO] Student ID: 1
[2025-04-02 14:06:32][INFO] Language from DB: python
[2025-04-02 14:06:32][INFO] Mapped to Judge0 language ID: 71
[2025-04-02 14:06:32][INFO] Sending code to Judge0: Language ID: 71
[2025-04-02 14:06:32][INFO] Test case input: 
[2025-04-02 14:06:32][INFO] Expected output: 
[2025-04-02 14:06:36][INFO] Judge0 result for test case 31: Array
(
    [stdout] => 3

    [time] => 0.011
    [memory] => 3132
    [stderr] => 
    [token] => 10290fd5-3adc-4288-b39c-977521819bf4
    [compile_output] => 
    [message] => 
    [status] => Array
        (
            [id] => 3
            [description] => Accepted
        )

)

[2025-04-02 14:06:40][INFO] Judge0 result for test case 32: Array
(
    [stdout] => 8

    [time] => 0.007
    [memory] => 3296
    [stderr] => 
    [token] => 68c9987a-cc02-440b-888f-c61710dde0da
    [compile_output] => 
    [message] => 
    [status] => Array
        (
            [id] => 3
            [description] => Accepted
        )

)

[2025-04-02 14:06:40][INFO] Evaluating and saving programming answer for question 52
[2025-04-02 14:06:40][INFO] Language from DB: python
[2025-04-02 14:06:40][INFO] Mapped to Judge0 language ID: 71
[2025-04-02 14:06:40][INFO] Sending code to Judge0: Language ID: 71
[2025-04-02 14:06:40][INFO] Test case input: 
[2025-04-02 14:06:40][INFO] Expected output: 
[2025-04-02 14:06:43][INFO] Judge0 result for test case 33: Array
(
    [stdout] => 
    [time] => 0.007
    [memory] => 3296
    [stderr] => Traceback (most recent call last):
  File "script.py", line 9, in <module>
    a, b = map(int, line.split())
ValueError: invalid literal for int() with base 10: '5,'

    [token] => 1c0d88e7-9e5e-43ab-85ba-ca2aa1dde384
    [compile_output] => 
    [message] => Exited with error status 1
    [status] => Array
        (
            [id] => 11
            [description] => Runtime Error (NZEC)
        )

)

[2025-04-02 14:06:47][INFO] Judge0 result for test case 34: Array
(
    [stdout] => 
    [time] => 0.007
    [memory] => 3296
    [stderr] => Traceback (most recent call last):
  File "script.py", line 9, in <module>
    a, b = map(int, line.split())
ValueError: invalid literal for int() with base 10: '10,'

    [token] => 50ce3345-9362-4c20-92f3-26fab7247475
    [compile_output] => 
    [message] => Exited with error status 1
    [status] => Array
        (
            [id] => 11
            [description] => Runtime Error (NZEC)
        )

)

[2025-04-02 14:06:47][INFO] Evaluating and saving programming answer for question 58
[2025-04-02 14:06:47][INFO] Language from DB: python
[2025-04-02 14:06:47][INFO] Mapped to Judge0 language ID: 71
[2025-04-02 14:06:47][INFO] Sending code to Judge0: Language ID: 71
[2025-04-02 14:06:47][INFO] Test case input: 
[2025-04-02 14:06:47][INFO] Expected output: 
[2025-04-02 14:06:51][INFO] Judge0 result for test case 36: Array
(
    [stdout] => 
    [time] => 0.008
    [memory] => 3472
    [stderr] => Traceback (most recent call last):
  File "script.py", line 9, in <module>
    a, b = map(int, line.split())
ValueError: invalid literal for int() with base 10: '5,'

    [token] => 2dd6ae8a-2f87-4b56-aa60-ad9a17322f0f
    [compile_output] => 
    [message] => Exited with error status 1
    [status] => Array
        (
            [id] => 11
            [description] => Runtime Error (NZEC)
        )

)

[2025-04-02 14:06:55][INFO] Judge0 result for test case 37: Array
(
    [stdout] => 
    [time] => 0.011
    [memory] => 3296
    [stderr] => Traceback (most recent call last):
  File "script.py", line 9, in <module>
    a, b = map(int, line.split())
ValueError: invalid literal for int() with base 10: '10,'

    [token] => 2890d788-4f31-4118-a789-c596c7f8a471
    [compile_output] => 
    [message] => Exited with error status 1
    [status] => Array
        (
            [id] => 11
            [description] => Runtime Error (NZEC)
        )

)

[2025-04-02 14:06:55][INFO] Evaluating and saving programming answer for question 61
[2025-04-02 14:06:55][INFO] === Starting New Exam Submission ===
[2025-04-02 14:06:55][INFO] Session ID: p39t7jq9a7l20f0feiabd0tlf3
[2025-04-02 14:06:55][INFO] Student ID: 1
[2025-04-02 14:06:55][INFO] Language from DB: python
[2025-04-02 14:06:55][INFO] Mapped to Judge0 language ID: 71
[2025-04-02 14:06:55][INFO] Sending code to Judge0: Language ID: 71
[2025-04-02 14:06:55][INFO] Test case input: 
[2025-04-02 14:06:55][INFO] Expected output: 
[2025-04-02 14:06:59][INFO] Judge0 result for test case 31: Array
(
    [stdout] => 3

    [time] => 0.008
    [memory] => 3288
    [stderr] => 
    [token] => fec3b5b5-1a6e-4574-b7bb-5da289bb7c10
    [compile_output] => 
    [message] => 
    [status] => Array
        (
            [id] => 3
            [description] => Accepted
        )

)

[2025-04-02 14:07:03][INFO] Judge0 result for test case 32: Array
(
    [stdout] => 8

    [time] => 0.01
    [memory] => 3228
    [stderr] => 
    [token] => 4bccd2d4-adf7-4d0c-bf41-5db64483ee88
    [compile_output] => 
    [message] => 
    [status] => Array
        (
            [id] => 3
            [description] => Accepted
        )

)

[2025-04-02 14:07:03][INFO] Evaluating and saving programming answer for question 52
[2025-04-02 14:07:03][ERROR] Error during submission: Duplicate entry '133' for key 'student_answers.PRIMARY'
[2025-04-02 14:07:03][INFO] === Starting New Exam Submission ===
[2025-04-02 14:07:03][INFO] Session ID: p39t7jq9a7l20f0feiabd0tlf3
[2025-04-02 14:07:03][INFO] Student ID: 1
[2025-04-02 14:07:03][INFO] Language from DB: python
[2025-04-02 14:07:03][INFO] Mapped to Judge0 language ID: 71
[2025-04-02 14:07:03][INFO] Sending code to Judge0: Language ID: 71
[2025-04-02 14:07:03][INFO] Test case input: 
[2025-04-02 14:07:03][INFO] Expected output: 
[2025-04-02 14:07:07][INFO] Judge0 result for test case 31: Array
(
    [stdout] => 3

    [time] => 0.009
    [memory] => 3580
    [stderr] => 
    [token] => 429890b8-c48a-400e-9ffb-c7ec484ff04c
    [compile_output] => 
    [message] => 
    [status] => Array
        (
            [id] => 3
            [description] => Accepted
        )

)

[2025-04-02 14:07:10][INFO] Judge0 result for test case 32: Array
(
    [stdout] => 8

    [time] => 0.007
    [memory] => 3296
    [stderr] => 
    [token] => ac0157d3-626c-4b26-8f17-13517a86fd5f
    [compile_output] => 
    [message] => 
    [status] => Array
        (
            [id] => 3
            [description] => Accepted
        )

)

[2025-04-02 14:07:10][INFO] Evaluating and saving programming answer for question 52
[2025-04-02 14:07:10][ERROR] Error during submission: Duplicate entry '133' for key 'student_answers.PRIMARY'
[2025-04-02 14:23:24][INFO] === Starting New Exam Submission ===
[2025-04-02 14:23:24][INFO] Session ID: p39t7jq9a7l20f0feiabd0tlf3
[2025-04-02 14:23:24][INFO] Student ID: 1
[2025-04-02 14:23:24][INFO] Language from DB: python
[2025-04-02 14:23:24][INFO] Mapped to Judge0 language ID: 71
[2025-04-02 14:23:24][INFO] Sending code to Judge0: Language ID: 71
[2025-04-02 14:23:24][INFO] Test case input: 
[2025-04-02 14:23:24][INFO] Expected output: 
[2025-04-02 14:23:28][INFO] Judge0 result for test case 31: Array
(
    [stdout] => 
    [time] => 0.009
    [memory] => 3296
    [stderr] => Traceback (most recent call last):
  File "script.py", line 1, in <module>
    ffsdfasdffczcZXCZX
NameError: name 'ffsdfasdffczcZXCZX' is not defined

    [token] => 9f789b71-3aa0-4f20-9cc3-d1eecd4940fb
    [compile_output] => 
    [message] => Exited with error status 1
    [status] => Array
        (
            [id] => 11
            [description] => Runtime Error (NZEC)
        )

)

[2025-04-02 14:23:32][INFO] Judge0 result for test case 32: Array
(
    [stdout] => 
    [time] => 0.007
    [memory] => 3296
    [stderr] => Traceback (most recent call last):
  File "script.py", line 1, in <module>
    ffsdfasdffczcZXCZX
NameError: name 'ffsdfasdffczcZXCZX' is not defined

    [token] => d015101e-4096-4279-aa24-ce56360d3080
    [compile_output] => 
    [message] => Exited with error status 1
    [status] => Array
        (
            [id] => 11
            [description] => Runtime Error (NZEC)
        )

)

[2025-04-02 14:23:32][INFO] Evaluating and saving programming answer for question 52
[2025-04-02 14:23:32][INFO] Language from DB: python
[2025-04-02 14:23:32][INFO] Mapped to Judge0 language ID: 71
[2025-04-02 14:23:32][INFO] Sending code to Judge0: Language ID: 71
[2025-04-02 14:23:32][INFO] Test case input: 
[2025-04-02 14:23:32][INFO] Expected output: 
[2025-04-02 14:23:36][INFO] Judge0 result for test case 33: Array
(
    [stdout] => 
    [time] => 0.008
    [memory] => 3296
    [stderr] => 
    [token] => ee0828ab-d2ec-4b97-937c-736feb61746a
    [compile_output] => 
    [message] => 
    [status] => Array
        (
            [id] => 4
            [description] => Wrong Answer
        )

)

[2025-04-02 14:23:40][INFO] Judge0 result for test case 34: Array
(
    [stdout] => 
    [time] => 0.008
    [memory] => 3224
    [stderr] => 
    [token] => 7cea1d93-e0bd-418c-aafc-c74fe564afd6
    [compile_output] => 
    [message] => 
    [status] => Array
        (
            [id] => 4
            [description] => Wrong Answer
        )

)

[2025-04-02 14:23:40][INFO] Evaluating and saving programming answer for question 58
[2025-04-02 14:23:40][INFO] Language from DB: python
[2025-04-02 14:23:40][INFO] Mapped to Judge0 language ID: 71
[2025-04-02 14:23:40][INFO] Sending code to Judge0: Language ID: 71
[2025-04-02 14:23:40][INFO] Test case input: 
[2025-04-02 14:23:40][INFO] Expected output: 
[2025-04-02 14:23:44][INFO] Judge0 result for test case 36: Array
(
    [stdout] => 
    [time] => 0.008
    [memory] => 3296
    [stderr] => 
    [token] => ff04db80-7967-4156-98b3-c2f41f412d50
    [compile_output] => 
    [message] => 
    [status] => Array
        (
            [id] => 4
            [description] => Wrong Answer
        )

)

[2025-04-02 14:23:47][INFO] Judge0 result for test case 37: Array
(
    [stdout] => 
    [time] => 0.008
    [memory] => 3416
    [stderr] => 
    [token] => 73db01e7-52ed-4cd2-81e5-deb9a5caaa1f
    [compile_output] => 
    [message] => 
    [status] => Array
        (
            [id] => 4
            [description] => Wrong Answer
        )

)

[2025-04-02 14:23:47][INFO] Evaluating and saving programming answer for question 61
[2025-04-02 14:23:47][INFO] === Starting New Exam Submission ===
[2025-04-02 14:23:47][INFO] Session ID: p39t7jq9a7l20f0feiabd0tlf3
[2025-04-02 14:23:47][INFO] Student ID: 1
[2025-04-02 14:23:47][INFO] Language from DB: python
[2025-04-02 14:23:47][INFO] Mapped to Judge0 language ID: 71
[2025-04-02 14:23:47][INFO] Sending code to Judge0: Language ID: 71
[2025-04-02 14:23:47][INFO] Test case input: 
[2025-04-02 14:23:47][INFO] Expected output: 
[2025-04-02 14:23:51][INFO] Judge0 result for test case 31: Array
(
    [stdout] => 
    [time] => 0.009
    [memory] => 3456
    [stderr] => Traceback (most recent call last):
  File "script.py", line 1, in <module>
    ffsdfasdffczcZXCZX
NameError: name 'ffsdfasdffczcZXCZX' is not defined

    [token] => 6d77e3f9-a2e9-47da-8aec-bcbd330e53f3
    [compile_output] => 
    [message] => Exited with error status 1
    [status] => Array
        (
            [id] => 11
            [description] => Runtime Error (NZEC)
        )

)

[2025-04-02 14:23:55][INFO] Judge0 result for test case 32: Array
(
    [stdout] => 
    [time] => 0.008
    [memory] => 3520
    [stderr] => Traceback (most recent call last):
  File "script.py", line 1, in <module>
    ffsdfasdffczcZXCZX
NameError: name 'ffsdfasdffczcZXCZX' is not defined

    [token] => 7aab0997-314d-4030-bb3d-add11887db25
    [compile_output] => 
    [message] => Exited with error status 1
    [status] => Array
        (
            [id] => 11
            [description] => Runtime Error (NZEC)
        )

)

[2025-04-02 14:23:55][INFO] Evaluating and saving programming answer for question 52
[2025-04-02 14:23:55][ERROR] Error during submission: Duplicate entry '133' for key 'student_answers.PRIMARY'
[2025-04-02 14:23:55][INFO] === Starting New Exam Submission ===
[2025-04-02 14:23:55][INFO] Session ID: p39t7jq9a7l20f0feiabd0tlf3
[2025-04-02 14:23:55][INFO] Student ID: 1
[2025-04-02 14:23:55][INFO] Language from DB: python
[2025-04-02 14:23:55][INFO] Mapped to Judge0 language ID: 71
[2025-04-02 14:23:55][INFO] Sending code to Judge0: Language ID: 71
[2025-04-02 14:23:55][INFO] Test case input: 
[2025-04-02 14:23:55][INFO] Expected output: 
[2025-04-02 14:23:59][INFO] Judge0 result for test case 31: Array
(
    [stdout] => 
    [time] => 0.009
    [memory] => 3552
    [stderr] => Traceback (most recent call last):
  File "script.py", line 1, in <module>
    ffsdfasdffczcZXCZX
NameError: name 'ffsdfasdffczcZXCZX' is not defined

    [token] => 68fc2e61-0d25-442b-a8ed-cf1295a69cad
    [compile_output] => 
    [message] => Exited with error status 1
    [status] => Array
        (
            [id] => 11
            [description] => Runtime Error (NZEC)
        )

)

[2025-04-02 14:24:03][INFO] Judge0 result for test case 32: Array
(
    [stdout] => 
    [time] => 0.008
    [memory] => 3072
    [stderr] => Traceback (most recent call last):
  File "script.py", line 1, in <module>
    ffsdfasdffczcZXCZX
NameError: name 'ffsdfasdffczcZXCZX' is not defined

    [token] => 33b1edeb-f692-435d-aeed-c398c99291d7
    [compile_output] => 
    [message] => Exited with error status 1
    [status] => Array
        (
            [id] => 11
            [description] => Runtime Error (NZEC)
        )

)

[2025-04-02 14:24:03][INFO] Evaluating and saving programming answer for question 52
[2025-04-02 14:24:03][ERROR] Error during submission: Duplicate entry '133' for key 'student_answers.PRIMARY'
[2025-04-02 14:24:03][INFO] === Starting New Exam Submission ===
[2025-04-02 14:24:03][INFO] Session ID: p39t7jq9a7l20f0feiabd0tlf3
[2025-04-02 14:24:03][INFO] Student ID: 1
[2025-04-02 14:24:03][INFO] Language from DB: python
[2025-04-02 14:24:03][INFO] Mapped to Judge0 language ID: 71
[2025-04-02 14:24:03][INFO] Sending code to Judge0: Language ID: 71
[2025-04-02 14:24:03][INFO] Test case input: 
[2025-04-02 14:24:03][INFO] Expected output: 
[2025-04-02 14:24:07][INFO] Judge0 result for test case 31: Array
(
    [stdout] => 
    [time] => 0.008
    [memory] => 3556
    [stderr] => Traceback (most recent call last):
  File "script.py", line 1, in <module>
    ffsdfasdffczcZXCZX
NameError: name 'ffsdfasdffczcZXCZX' is not defined

    [token] => ec305a92-8149-4286-8f44-0eed5faafbcf
    [compile_output] => 
    [message] => Exited with error status 1
    [status] => Array
        (
            [id] => 11
            [description] => Runtime Error (NZEC)
        )

)

[2025-04-02 14:24:11][INFO] Judge0 result for test case 32: Array
(
    [stdout] => 
    [time] => 0.008
    [memory] => 3280
    [stderr] => Traceback (most recent call last):
  File "script.py", line 1, in <module>
    ffsdfasdffczcZXCZX
NameError: name 'ffsdfasdffczcZXCZX' is not defined

    [token] => 86df343a-7229-402b-817b-791208cbeb42
    [compile_output] => 
    [message] => Exited with error status 1
    [status] => Array
        (
            [id] => 11
            [description] => Runtime Error (NZEC)
        )

)

[2025-04-02 14:24:11][INFO] Evaluating and saving programming answer for question 52
[2025-04-02 14:24:11][ERROR] Error during submission: Duplicate entry '133' for key 'student_answers.PRIMARY'
[2025-04-02 14:24:11][INFO] === Starting New Exam Submission ===
[2025-04-02 14:24:11][INFO] Session ID: p39t7jq9a7l20f0feiabd0tlf3
[2025-04-02 14:24:11][INFO] Student ID: 1
[2025-04-02 14:24:11][INFO] Language from DB: python
[2025-04-02 14:24:11][INFO] Mapped to Judge0 language ID: 71
[2025-04-02 14:24:11][INFO] Sending code to Judge0: Language ID: 71
[2025-04-02 14:24:11][INFO] Test case input: 
[2025-04-02 14:24:11][INFO] Expected output: 
[2025-04-02 14:24:14][INFO] Judge0 result for test case 31: Array
(
    [stdout] => 
    [time] => 0.008
    [memory] => 3336
    [stderr] => Traceback (most recent call last):
  File "script.py", line 1, in <module>
    ffsdfasdffczcZXCZX
NameError: name 'ffsdfasdffczcZXCZX' is not defined

    [token] => bb108dcf-7492-4fa2-9e26-19d6481b9740
    [compile_output] => 
    [message] => Exited with error status 1
    [status] => Array
        (
            [id] => 11
            [description] => Runtime Error (NZEC)
        )

)

[2025-04-02 14:24:18][INFO] Judge0 result for test case 32: Array
(
    [stdout] => 
    [time] => 0.007
    [memory] => 3296
    [stderr] => Traceback (most recent call last):
  File "script.py", line 1, in <module>
    ffsdfasdffczcZXCZX
NameError: name 'ffsdfasdffczcZXCZX' is not defined

    [token] => 44fa141f-0244-42c1-933d-23a6e188ae1f
    [compile_output] => 
    [message] => Exited with error status 1
    [status] => Array
        (
            [id] => 11
            [description] => Runtime Error (NZEC)
        )

)

[2025-04-02 14:24:18][INFO] Evaluating and saving programming answer for question 52
[2025-04-02 14:24:18][ERROR] Error during submission: Duplicate entry '133' for key 'student_answers.PRIMARY'
[2025-04-02 18:44:35][INFO] === Starting New Exam Submission ===
[2025-04-02 18:44:35][INFO] Session ID: jh5ntncm0itlsdi4rpkf989v0l
[2025-04-02 18:44:35][INFO] Student ID: 1
[2025-04-02 18:44:35][INFO] Language from DB: python
[2025-04-02 18:44:35][INFO] Mapped to Judge0 language ID: 71
[2025-04-02 18:44:35][INFO] Sending code to Judge0: Language ID: 71
[2025-04-02 18:44:35][INFO] Test case input: 
[2025-04-02 18:44:35][INFO] Expected output: 
[2025-04-02 18:44:40][INFO] Judge0 result for test case 31: Array
(
    [stdout] => 
    [time] => 0.009
    [memory] => 3296
    [stderr] => Traceback (most recent call last):
  File "script.py", line 1, in <module>
    safsdsafsdafsfsasafasfsdafa
NameError: name 'safsdsafsdafsfsasafasfsdafa' is not defined

    [token] => fe0700c3-c199-4579-a3fa-06046adcd408
    [compile_output] => 
    [message] => Exited with error status 1
    [status] => Array
        (
            [id] => 11
            [description] => Runtime Error (NZEC)
        )

)

[2025-04-02 18:44:44][INFO] Judge0 result for test case 32: Array
(
    [stdout] => 
    [time] => 0.008
    [memory] => 3296
    [stderr] => Traceback (most recent call last):
  File "script.py", line 1, in <module>
    safsdsafsdafsfsasafasfsdafa
NameError: name 'safsdsafsdafsfsasafasfsdafa' is not defined

    [token] => 50e6ddc8-99d1-4148-95a5-3959bdb7dc71
    [compile_output] => 
    [message] => Exited with error status 1
    [status] => Array
        (
            [id] => 11
            [description] => Runtime Error (NZEC)
        )

)

[2025-04-02 18:44:44][ERROR] Error during submission: Column count doesn't match value count at row 1
[2025-04-02 18:44:44][INFO] === Starting New Exam Submission ===
[2025-04-02 18:44:44][INFO] Session ID: jh5ntncm0itlsdi4rpkf989v0l
[2025-04-02 18:44:44][INFO] Student ID: 1
[2025-04-02 18:44:44][INFO] Language from DB: python
[2025-04-02 18:44:44][INFO] Mapped to Judge0 language ID: 71
[2025-04-02 18:44:44][INFO] Sending code to Judge0: Language ID: 71
[2025-04-02 18:44:44][INFO] Test case input: 
[2025-04-02 18:44:44][INFO] Expected output: 
[2025-04-02 18:44:49][INFO] Judge0 result for test case 31: Array
(
    [stdout] => 
    [time] => 0.007
    [memory] => 3340
    [stderr] => Traceback (most recent call last):
  File "script.py", line 1, in <module>
    safsdsafsdafsfsasafasfsdafa
NameError: name 'safsdsafsdafsfsasafasfsdafa' is not defined

    [token] => 30663e18-0f37-4c99-8e51-3279cf74493f
    [compile_output] => 
    [message] => Exited with error status 1
    [status] => Array
        (
            [id] => 11
            [description] => Runtime Error (NZEC)
        )

)

[2025-04-02 18:44:54][INFO] Judge0 result for test case 32: Array
(
    [stdout] => 
    [time] => 0.008
    [memory] => 3552
    [stderr] => Traceback (most recent call last):
  File "script.py", line 1, in <module>
    safsdsafsdafsfsasafasfsdafa
NameError: name 'safsdsafsdafsfsasafasfsdafa' is not defined

    [token] => e87f9cbf-ab70-4dd0-a9a1-fa36ee6a383a
    [compile_output] => 
    [message] => Exited with error status 1
    [status] => Array
        (
            [id] => 11
            [description] => Runtime Error (NZEC)
        )

)

[2025-04-02 18:44:54][ERROR] Error during submission: Column count doesn't match value count at row 1
[2025-04-02 18:48:00][INFO] === Starting New Exam Submission ===
[2025-04-02 18:48:00][INFO] Session ID: jh5ntncm0itlsdi4rpkf989v0l
[2025-04-02 18:48:00][INFO] Student ID: 1
[2025-04-02 18:48:00][INFO] Language from DB: python
[2025-04-02 18:48:00][INFO] Mapped to Judge0 language ID: 71
[2025-04-02 18:48:00][INFO] Sending code to Judge0: Language ID: 71
[2025-04-02 18:48:00][INFO] Test case input: 
[2025-04-02 18:48:00][INFO] Expected output: 
[2025-04-02 18:48:05][INFO] Judge0 result for test case 31: Array
(
    [stdout] => 
    [time] => 0.007
    [memory] => 3296
    [stderr] =>   File "script.py", line 1
    ffsdfasdffdasdadkccxz xzxc
                          ^
SyntaxError: invalid syntax

    [token] => a89e0ebb-6012-4e11-ad4a-bc7c75d46c6c
    [compile_output] => 
    [message] => Exited with error status 1
    [status] => Array
        (
            [id] => 11
            [description] => Runtime Error (NZEC)
        )

)

[2025-04-02 18:48:10][INFO] Judge0 result for test case 32: Array
(
    [stdout] => 
    [time] => 0.007
    [memory] => 3552
    [stderr] =>   File "script.py", line 1
    ffsdfasdffdasdadkccxz xzxc
                          ^
SyntaxError: invalid syntax

    [token] => 9a8f2e24-e2a0-4322-9446-2160f599c6a7
    [compile_output] => 
    [message] => Exited with error status 1
    [status] => Array
        (
            [id] => 11
            [description] => Runtime Error (NZEC)
        )

)

[2025-04-02 18:48:10][INFO] === End of Exam Submission ===

[2025-04-02 18:48:14][INFO] === Starting New Exam Submission ===
[2025-04-02 18:48:14][INFO] Session ID: jh5ntncm0itlsdi4rpkf989v0l
[2025-04-02 18:48:14][INFO] Student ID: 1
[2025-04-02 18:48:14][INFO] Language from DB: python
[2025-04-02 18:48:14][INFO] Mapped to Judge0 language ID: 71
[2025-04-02 18:48:14][INFO] Sending code to Judge0: Language ID: 71
[2025-04-02 18:48:14][INFO] Test case input: 
[2025-04-02 18:48:14][INFO] Expected output: 
[2025-04-02 18:48:15][ERROR] Judge0 API error: Array
(
    [message] => You have exceeded the DAILY quota for Submissions on your current plan, BASIC. Upgrade your plan at https://rapidapi.com/judge0-official/api/judge0-ce
)

[2025-04-02 18:48:15][ERROR] Error during submission: Invalid response from Judge0 API
[2025-04-02 18:51:30][INFO] === Starting New Exam Submission ===
[2025-04-02 18:51:30][INFO] Session ID: jh5ntncm0itlsdi4rpkf989v0l
[2025-04-02 18:51:30][INFO] Student ID: 1
[2025-04-02 18:51:30][INFO] Language from DB: python
[2025-04-02 18:51:30][INFO] Mapped to Judge0 language ID: 71
[2025-04-02 18:51:30][INFO] Sending code to Judge0: Language ID: 71
[2025-04-02 18:51:30][INFO] Test case input: 
[2025-04-02 18:51:30][INFO] Expected output: 
[2025-04-02 18:51:31][ERROR] Judge0 API error: Array
(
    [message] => You have exceeded the DAILY quota for Submissions on your current plan, BASIC. Upgrade your plan at https://rapidapi.com/judge0-official/api/judge0-ce
)

[2025-04-02 18:51:31][ERROR] Error during submission: Invalid response from Judge0 API
[2025-04-02 18:52:16][INFO] === Starting New Exam Submission ===
[2025-04-02 18:52:16][INFO] Session ID: jh5ntncm0itlsdi4rpkf989v0l
[2025-04-02 18:52:16][INFO] Student ID: 1
[2025-04-02 18:52:16][INFO] Language from DB: python
[2025-04-02 18:52:16][INFO] Mapped to Judge0 language ID: 71
[2025-04-02 18:52:16][INFO] Sending code to Judge0: Language ID: 71
[2025-04-02 18:52:16][INFO] Test case input: 
[2025-04-02 18:52:16][INFO] Expected output: 
[2025-04-02 18:52:17][ERROR] Judge0 API error: Array
(
    [message] => You have exceeded the DAILY quota for Submissions on your current plan, BASIC. Upgrade your plan at https://rapidapi.com/judge0-official/api/judge0-ce
)

[2025-04-02 18:52:17][ERROR] Error during submission: Invalid response from Judge0 API
[2025-04-02 18:52:51][INFO] === Starting New Exam Submission ===
[2025-04-02 18:52:51][INFO] Session ID: jh5ntncm0itlsdi4rpkf989v0l
[2025-04-02 18:52:51][INFO] Student ID: 1
[2025-04-02 18:52:51][INFO] Language from DB: python
[2025-04-02 18:52:51][INFO] Mapped to Judge0 language ID: 71
[2025-04-02 18:52:51][INFO] Sending code to Judge0: Language ID: 71
[2025-04-02 18:52:51][INFO] Test case input: 
[2025-04-02 18:52:51][INFO] Expected output: 
[2025-04-02 18:52:52][ERROR] Judge0 API error: Array
(
    [message] => You have exceeded the DAILY quota for Submissions on your current plan, BASIC. Upgrade your plan at https://rapidapi.com/judge0-official/api/judge0-ce
)

[2025-04-02 18:52:52][ERROR] Error during submission: Invalid response from Judge0 API
[2025-04-02 18:55:00][INFO] === Starting New Exam Submission ===
[2025-04-02 18:55:00][INFO] Session ID: jh5ntncm0itlsdi4rpkf989v0l
[2025-04-02 18:55:00][INFO] Student ID: 1
[2025-04-02 18:55:00][INFO] Language from DB: python
[2025-04-02 18:55:00][INFO] Mapped to Judge0 language ID: 71
[2025-04-02 18:55:00][INFO] Sending code to Judge0: Language ID: 71
[2025-04-02 18:55:00][INFO] Test case input: 
[2025-04-02 18:55:00][INFO] Expected output: 
[2025-04-02 18:55:01][ERROR] Judge0 API error: Array
(
    [message] => You have exceeded the DAILY quota for Submissions on your current plan, BASIC. Upgrade your plan at https://rapidapi.com/judge0-official/api/judge0-ce
)

[2025-04-02 18:55:01][ERROR] Error during submission: Invalid response from Judge0 API
[2025-04-03 00:58:15][INFO] === Starting New Exam Submission ===
[2025-04-03 00:58:15][INFO] Session ID: jh5ntncm0itlsdi4rpkf989v0l
[2025-04-03 00:58:15][INFO] Student ID: 1
[2025-04-03 00:58:15][INFO] Language from DB: python
[2025-04-03 00:58:15][INFO] Mapped to Judge0 language ID: 71
[2025-04-03 00:58:15][INFO] Sending code to Judge0: Language ID: 71
[2025-04-03 00:58:15][INFO] Test case input: 
[2025-04-03 00:58:15][INFO] Expected output: 
[2025-04-03 00:58:19][INFO] Judge0 result for test case 31: Array
(
    [stdout] => 3

    [time] => 0.008
    [memory] => 3296
    [stderr] => 
    [token] => 39a108e6-aa58-412c-a672-05af40a466f1
    [compile_output] => 
    [message] => 
    [status] => Array
        (
            [id] => 3
            [description] => Accepted
        )

)

[2025-04-03 00:58:23][INFO] Judge0 result for test case 32: Array
(
    [stdout] => 8

    [time] => 0.007
    [memory] => 3296
    [stderr] => 
    [token] => 05b957bb-c768-49e0-a399-76d0ad20a642
    [compile_output] => 
    [message] => 
    [status] => Array
        (
            [id] => 3
            [description] => Accepted
        )

)

[2025-04-03 00:58:23][INFO] === End of Exam Submission ===

[2025-04-03 01:12:04][INFO] === Starting New Exam Submission ===
[2025-04-03 01:12:04][INFO] Session ID: jh5ntncm0itlsdi4rpkf989v0l
[2025-04-03 01:12:04][INFO] Student ID: 1
[2025-04-03 01:12:04][INFO] Raw JSON input: {"exam_id":"21","answers":{"52":{"code":"import sys\r\n\r\n# Read all input lines (including hidden test cases)\r\nlines = sys.stdin.readlines()\r\n\r\n# Iterate over the test cases\r\nfor i, line in enumerate(lines, start=1):\r\n    # Split and convert the input numbers to integers\r\n    a, b = map(int, line.split())\r\n    \r\n    # Print the result\r\n    print(a + b)","programming_id":"14","question_type":"programming"},"53":{"answer_id":"132","question_type":"multiple-choice"},"57":{"answer_id":"134","question_type":"true-false"},"58":{"code":"import sys\r\n\r\n# Read all input lines (including hidden test cases)\r\nlines = sys.stdin.readlines()\r\n\r\n# Iterate over the test cases\r\nfor i, line in enumerate(lines, start=1):\r\n    # Split and convert the input numbers to integers\r\n    a, b = map(int, line.split())\r\n    \r\n    # Print the result\r\n    print(a + b)","programming_id":"15","question_type":"programming"},"59":{"answer_id":"136","question_type":"true-false"},"60":{"answer_id":"139","question_type":"multiple-choice"},"61":{"code":"import sys\r\n\r\n# Read all input lines (including hidden test cases)\r\nlines = sys.stdin.readlines()\r\n\r\n# Iterate over the test cases\r\nfor i, line in enumerate(lines, start=1):\r\n    # Split and convert the input numbers to integers\r\n    a, b = map(int, line.split())\r\n    \r\n    # Print the result\r\n    print(a + b)","programming_id":"16","question_type":"programming"},"62":{"answer_id":"147","question_type":"true-false"},"63":{"answer_id":"148","question_type":"multiple-choice"}}}
[2025-04-03 01:12:04][INFO] Received submission data: Array
(
    [exam_id] => 21
    [answers] => Array
        (
            [52] => Array
                (
                    [code] => import sys

# Read all input lines (including hidden test cases)
lines = sys.stdin.readlines()

# Iterate over the test cases
for i, line in enumerate(lines, start=1):
    # Split and convert the input numbers to integers
    a, b = map(int, line.split())
    
    # Print the result
    print(a + b)
                    [programming_id] => 14
                    [question_type] => programming
                )

            [53] => Array
                (
                    [answer_id] => 132
                    [question_type] => multiple-choice
                )

            [57] => Array
                (
                    [answer_id] => 134
                    [question_type] => true-false
                )

            [58] => Array
                (
                    [code] => import sys

# Read all input lines (including hidden test cases)
lines = sys.stdin.readlines()

# Iterate over the test cases
for i, line in enumerate(lines, start=1):
    # Split and convert the input numbers to integers
    a, b = map(int, line.split())
    
    # Print the result
    print(a + b)
                    [programming_id] => 15
                    [question_type] => programming
                )

            [59] => Array
                (
                    [answer_id] => 136
                    [question_type] => true-false
                )

            [60] => Array
                (
                    [answer_id] => 139
                    [question_type] => multiple-choice
                )

            [61] => Array
                (
                    [code] => import sys

# Read all input lines (including hidden test cases)
lines = sys.stdin.readlines()

# Iterate over the test cases
for i, line in enumerate(lines, start=1):
    # Split and convert the input numbers to integers
    a, b = map(int, line.split())
    
    # Print the result
    print(a + b)
                    [programming_id] => 16
                    [question_type] => programming
                )

            [62] => Array
                (
                    [answer_id] => 147
                    [question_type] => true-false
                )

            [63] => Array
                (
                    [answer_id] => 148
                    [question_type] => multiple-choice
                )

        )

)

[2025-04-03 01:12:04][INFO] Language from DB: python
[2025-04-03 01:12:04][INFO] Mapped to Judge0 language ID: 71
[2025-04-03 01:12:04][INFO] Sending code to Judge0: Language ID: 71
[2025-04-03 01:12:04][INFO] Test case input: 
[2025-04-03 01:12:04][INFO] Expected output: 
[2025-04-03 01:12:08][INFO] Judge0 result for test case 31: Array
(
    [stdout] => 3

    [time] => 0.008
    [memory] => 3296
    [stderr] => 
    [token] => 0d3aef64-678e-4c63-b736-4bd61d64a007
    [compile_output] => 
    [message] => 
    [status] => Array
        (
            [id] => 3
            [description] => Accepted
        )

)

[2025-04-03 01:12:12][INFO] Judge0 result for test case 32: Array
(
    [stdout] => 8

    [time] => 0.007
    [memory] => 3296
    [stderr] => 
    [token] => 9dd0c5ea-6343-4730-aae5-fdc7018f6112
    [compile_output] => 
    [message] => 
    [status] => Array
        (
            [id] => 3
            [description] => Accepted
        )

)

[2025-04-03 01:12:12][INFO] === End of Exam Submission ===

[2025-04-03 01:28:41][INFO] === Starting New Exam Submission ===
[2025-04-03 01:28:41][INFO] Session ID: jh5ntncm0itlsdi4rpkf989v0l
[2025-04-03 01:28:41][INFO] Student ID: 1
[2025-04-03 01:28:41][INFO] Raw JSON input: {"exam_id":"21","answers":{"52":{"code":"import sys\r\n\r\n# Read all input lines (including hidden test cases)\r\nlines = sys.stdin.readlines()\r\n\r\n# Iterate over the test cases\r\nfor i, line in enumerate(lines, start=1):\r\n    # Split and convert the input numbers to integers\r\n    a, b = map(int, line.split())\r\n    \r\n    # Print the result\r\n    print(a + b)","programming_id":"14","question_type":"programming"},"53":{"answer_id":"133","question_type":"multiple-choice"},"57":{"answer_id":"134","question_type":"true-false"},"58":{"code":"import sys\r\n\r\n# Read all input lines (including hidden test cases)\r\nlines = sys.stdin.readlines()\r\n\r\n# Iterate over the test cases\r\nfor i, line in enumerate(lines, start=1):\r\n    # Split and convert the input numbers to integers\r\n    a, b = map(int, line.split())\r\n    \r\n    # Print the result\r\n    print(a + b)","programming_id":"15","question_type":"programming"},"59":{"answer_id":"136","question_type":"true-false"},"60":{"answer_id":"139","question_type":"multiple-choice"},"61":{"code":"import sys\r\n\r\n# Read all input lines (including hidden test cases)\r\nlines = sys.stdin.readlines()\r\n\r\n# Iterate over the test cases\r\nfor i, line in enumerate(lines, start=1):\r\n    # Split and convert the input numbers to integers\r\n    a, b = map(int, line.split())\r\n    \r\n    # Print the result\r\n    print(a + b)","programming_id":"16","question_type":"programming"},"62":{"answer_id":"146","question_type":"true-false"},"63":{"answer_id":"148","question_type":"multiple-choice"}}}
[2025-04-03 01:28:41][INFO] Received submission data: Array
(
    [exam_id] => 21
    [answers] => Array
        (
            [52] => Array
                (
                    [code] => import sys

# Read all input lines (including hidden test cases)
lines = sys.stdin.readlines()

# Iterate over the test cases
for i, line in enumerate(lines, start=1):
    # Split and convert the input numbers to integers
    a, b = map(int, line.split())
    
    # Print the result
    print(a + b)
                    [programming_id] => 14
                    [question_type] => programming
                )

            [53] => Array
                (
                    [answer_id] => 133
                    [question_type] => multiple-choice
                )

            [57] => Array
                (
                    [answer_id] => 134
                    [question_type] => true-false
                )

            [58] => Array
                (
                    [code] => import sys

# Read all input lines (including hidden test cases)
lines = sys.stdin.readlines()

# Iterate over the test cases
for i, line in enumerate(lines, start=1):
    # Split and convert the input numbers to integers
    a, b = map(int, line.split())
    
    # Print the result
    print(a + b)
                    [programming_id] => 15
                    [question_type] => programming
                )

            [59] => Array
                (
                    [answer_id] => 136
                    [question_type] => true-false
                )

            [60] => Array
                (
                    [answer_id] => 139
                    [question_type] => multiple-choice
                )

            [61] => Array
                (
                    [code] => import sys

# Read all input lines (including hidden test cases)
lines = sys.stdin.readlines()

# Iterate over the test cases
for i, line in enumerate(lines, start=1):
    # Split and convert the input numbers to integers
    a, b = map(int, line.split())
    
    # Print the result
    print(a + b)
                    [programming_id] => 16
                    [question_type] => programming
                )

            [62] => Array
                (
                    [answer_id] => 146
                    [question_type] => true-false
                )

            [63] => Array
                (
                    [answer_id] => 148
                    [question_type] => multiple-choice
                )

        )

)

[2025-04-03 01:28:41][INFO] Language from DB: python
[2025-04-03 01:28:41][INFO] Mapped to Judge0 language ID: 71
[2025-04-03 01:28:41][INFO] Sending code to Judge0: Language ID: 71
[2025-04-03 01:28:41][INFO] Test case input: 
[2025-04-03 01:28:41][INFO] Expected output: 
[2025-04-03 01:28:45][INFO] Judge0 result for test case 31: Array
(
    [stdout] => 3

    [time] => 0.008
    [memory] => 3316
    [stderr] => 
    [token] => 44e24075-12e3-4d20-bcf4-eac12d704f76
    [compile_output] => 
    [message] => 
    [status] => Array
        (
            [id] => 3
            [description] => Accepted
        )

)

[2025-04-03 01:28:49][INFO] Judge0 result for test case 32: Array
(
    [stdout] => 8

    [time] => 0.007
    [memory] => 3228
    [stderr] => 
    [token] => 8cfa9f22-65f7-4006-8150-e6a99b5dd077
    [compile_output] => 
    [message] => 
    [status] => Array
        (
            [id] => 3
            [description] => Accepted
        )

)

[2025-04-03 01:28:49][INFO] === End of Exam Submission ===

[2025-04-03 01:33:54][INFO] === Starting New Exam Submission ===
[2025-04-03 01:33:54][INFO] Session ID: jh5ntncm0itlsdi4rpkf989v0l
[2025-04-03 01:33:54][INFO] Student ID: 1
[2025-04-03 01:33:54][INFO] Raw JSON input (truncated): {"exam_id":"21","answers":{"52":{"code":"import sys\\r\\n\\r\\n# Read all input lines (including hidden test cases)\\r\\nlines = sys.stdin.readlines()\\r\\n\\r\\n# Iterate over the test cases\\r\\nfor i, line in enumerate(lines, start=1):\\r\\n    # Split and convert the input numbers to integers\\r\\n    a, b = map(int, line.split())\\r\\n    \\r\\n    # Print the result\\r\\n    print(a + b)","programming_id":"14","question_type":"programming"},"53":{"answer_id":"131","question_type":"multiple-choice"},"57":{"answer_id":"134","question_type":"true-false"},"59":{"answer_id":"136","question_type":"true-false"},"60":{"answer_id":"139","question_type":"multiple-choice"},"62":{"answer_id":"146","question_type":"true-false"},"63":{"answer_id":"148","question_type":"multiple-choice"}}}
[2025-04-03 01:33:54][INFO] JSON successfully decoded
[2025-04-03 01:33:54][INFO] Language from DB: python
[2025-04-03 01:33:54][INFO] Mapped to Judge0 language ID: 71
[2025-04-03 01:33:54][INFO] Sending code to Judge0: Language ID: 71
[2025-04-03 01:33:54][INFO] Test case input: 
[2025-04-03 01:33:54][INFO] Expected output: 
[2025-04-03 01:33:57][INFO] Judge0 result for test case 31: Array
(
    [stdout] => 
    [time] => 0.007
    [memory] => 3296
    [stderr] =>   File "script.py", line 1
    import sys\r\n\r\n# Read all input lines (including hidden test cases)\r\nlines = sys.stdin.readlines()\r\n\r\n# Iterate over the test cases\r\nfor i, line in enumerate(lines, start=1):\r\n    # Split and convert the input numbers to integers\r\n    a, b = map(int, line.split())\r\n    \r\n    # Print the result\r\n    print(a + b)
                                                                                                                                                                                                                                                                                                                                                ^
SyntaxError: unexpected character after line continuation character

    [token] => 24049544-a197-41f1-9cbe-fc977f543de8
    [compile_output] => 
    [message] => Exited with error status 1
    [status] => Array
        (
            [id] => 11
            [description] => Runtime Error (NZEC)
        )

)

[2025-04-03 01:34:01][INFO] Judge0 result for test case 32: Array
(
    [stdout] => 
    [time] => 0.007
    [memory] => 3568
    [stderr] =>   File "script.py", line 1
    import sys\r\n\r\n# Read all input lines (including hidden test cases)\r\nlines = sys.stdin.readlines()\r\n\r\n# Iterate over the test cases\r\nfor i, line in enumerate(lines, start=1):\r\n    # Split and convert the input numbers to integers\r\n    a, b = map(int, line.split())\r\n    \r\n    # Print the result\r\n    print(a + b)
                                                                                                                                                                                                                                                                                                                                                ^
SyntaxError: unexpected character after line continuation character

    [token] => 6b057e6a-13b7-450a-8ae2-4c23ab3a8959
    [compile_output] => 
    [message] => Exited with error status 1
    [status] => Array
        (
            [id] => 11
            [description] => Runtime Error (NZEC)
        )

)

[2025-04-03 01:34:01][INFO] === End of Exam Submission ===

[2025-04-03 01:41:33][INFO] === Starting New Exam Submission ===
[2025-04-03 01:41:33][INFO] Session ID: jh5ntncm0itlsdi4rpkf989v0l
[2025-04-03 01:41:33][INFO] Student ID: 1
[2025-04-03 01:41:33][INFO] Checking request type
[2025-04-03 01:41:33][INFO] Received data via form submission
[2025-04-03 01:41:33][INFO] Raw input (truncated): {"exam_id":"21","answers":{"52":{"code":"aW1wb3J0IHN5cw0KDQojIFJlYWQgYWxsIGlucHV0IGxpbmVzIChpbmNsdWRpbmcgaGlkZGVuIHRlc3QgY2FzZXMpDQpsaW5lcyA9IHN5cy5zdGRpbi5yZWFkbGluZXMoKQ0KDQojIEl0ZXJhdGUgb3ZlciB0aGUgdGVzdCBjYXNlcw0KZm9yIGksIGxpbmUgaW4gZW51bWVyYXRlKGxpbmVzLCBzdGFydD0xKToNCiAgICAjIFNwbGl0IGFuZCBjb252ZXJ0IHRoZSBpbnB1dCBudW1iZXJzIHRvIGludGVnZXJzDQogICAgYSwgYiA9IG1hcChpbnQsIGxpbmUuc3BsaXQoKSkNCiAgICANCiAgICAjIFByaW50IHRoZSByZXN1bHQNCiAgICBwcmludChhICsgYik=","isBase64":true,"programming_id":"14","qu...[truncated]
[2025-04-03 01:41:33][INFO] JSON successfully decoded
[2025-04-03 01:41:33][INFO] Successfully decoded base64 for question 52
[2025-04-03 01:41:33][INFO] Language from DB: python
[2025-04-03 01:41:33][INFO] Mapped to Judge0 language ID: 71
[2025-04-03 01:41:33][INFO] Sending code to Judge0: Language ID: 71
[2025-04-03 01:41:33][INFO] Test case input: 
[2025-04-03 01:41:33][INFO] Expected output: 
[2025-04-03 01:41:37][INFO] Judge0 result for test case 31: Array
(
    [stdout] => 3

    [time] => 0.008
    [memory] => 3548
    [stderr] => 
    [token] => 19630c3d-467d-4b4c-bab0-44ad7e9f5d67
    [compile_output] => 
    [message] => 
    [status] => Array
        (
            [id] => 3
            [description] => Accepted
        )

)

[2025-04-03 01:41:41][INFO] Judge0 result for test case 32: Array
(
    [stdout] => 8

    [time] => 0.007
    [memory] => 3296
    [stderr] => 
    [token] => 14a2705f-bd1d-48d2-a225-150bfcca34a2
    [compile_output] => 
    [message] => 
    [status] => Array
        (
            [id] => 3
            [description] => Accepted
        )

)

[2025-04-03 01:41:41][INFO] === End of Exam Submission ===

[2025-04-03 01:47:48][INFO] === Starting New Exam Submission ===
[2025-04-03 01:47:48][INFO] Session ID: jh5ntncm0itlsdi4rpkf989v0l
[2025-04-03 01:47:48][INFO] Student ID: 1
[2025-04-03 01:47:48][INFO] Checking for form submission
[2025-04-03 01:47:48][INFO] Received form submission for exam ID: 21
[2025-04-03 01:47:48][INFO] Processing submission for student ID: 1
[2025-04-03 01:47:48][ERROR] Error during submission: Commands out of sync; you can't run this command now
[2025-04-03 01:52:32][INFO] === Starting New Exam Submission ===
[2025-04-03 01:52:32][INFO] Session ID: jh5ntncm0itlsdi4rpkf989v0l
[2025-04-03 01:52:32][INFO] Student ID: 1
[2025-04-03 01:52:32][INFO] Checking for form submission
[2025-04-03 01:52:32][INFO] Received form submission for exam ID: 21
[2025-04-03 01:52:32][INFO] Processing submission for student ID: 1
[2025-04-03 01:52:32][INFO] === End of Exam Submission ===

[2025-04-03 01:59:56][INFO] === Starting New Exam Submission ===
[2025-04-03 01:59:56][INFO] Exam ID: 21, Answer count: 6
[2025-04-03 01:59:56][INFO] Student ID: 1, Database ID: 79
[2025-04-03 01:59:56][INFO] Processing answer for question 53, type: multiple-choice
[2025-04-03 01:59:56][INFO] Processing answer for question 57, type: true-false
[2025-04-03 01:59:56][INFO] Processing answer for question 59, type: true-false
[2025-04-03 01:59:56][INFO] Processing answer for question 60, type: multiple-choice
[2025-04-03 01:59:56][INFO] Processing answer for question 62, type: true-false
[2025-04-03 01:59:56][INFO] Processing answer for question 63, type: multiple-choice
[2025-04-03 01:59:56][INFO] Final score: 1% (6 / 6)
[2025-04-03 01:59:56][INFO] Exam submitted successfully
[2025-04-03 02:44:48][INFO] === Starting New Exam Submission ===
[2025-04-03 02:44:48][INFO] Exam ID: 21, Answer count: 6
[2025-04-03 02:44:48][INFO] Student ID: 1, Database ID: 79
[2025-04-03 02:44:48][INFO] Processing answer for question 53, type: multiple-choice
[2025-04-03 02:44:48][INFO] Processing answer for question 57, type: true-false
[2025-04-03 02:44:48][INFO] Processing answer for question 59, type: true-false
[2025-04-03 02:44:48][INFO] Processing answer for question 60, type: multiple-choice
[2025-04-03 02:44:48][INFO] Processing answer for question 62, type: true-false
[2025-04-03 02:44:48][INFO] Processing answer for question 63, type: multiple-choice
[2025-04-03 02:44:48][INFO] Final score: 0.83333333333333% (5 / 6)
[2025-04-03 02:44:48][INFO] Exam submitted successfully
[2025-04-03 03:01:08][INFO] === Starting New Exam Submission ===
[2025-04-03 03:01:08][INFO] Exam ID: 21, Answer count: 6
[2025-04-03 03:01:08][INFO] Student ID: 1, Database ID: 79
[2025-04-03 03:01:08][INFO] Processing answer for question 53, type: multiple-choice
[2025-04-03 03:01:08][INFO] Processing answer for question 57, type: true-false
[2025-04-03 03:01:08][INFO] Processing answer for question 59, type: true-false
[2025-04-03 03:01:08][INFO] Processing answer for question 60, type: multiple-choice
[2025-04-03 03:01:08][INFO] Processing answer for question 62, type: true-false
[2025-04-03 03:01:08][INFO] Processing answer for question 63, type: multiple-choice
[2025-04-03 03:01:08][INFO] Final score: 6 points (raw score-based, passing requires 70 points)
[2025-04-03 03:01:08][INFO] Exam submitted successfully
[2025-04-03 03:03:09][INFO] === Starting New Exam Submission ===
[2025-04-03 03:03:09][INFO] Exam ID: 21, Answer count: 6
[2025-04-03 03:03:09][INFO] Student ID: 1, Database ID: 79
[2025-04-03 03:03:09][INFO] Processing answer for question 53, type: multiple-choice
[2025-04-03 03:03:09][INFO] Processing answer for question 57, type: true-false
[2025-04-03 03:03:09][INFO] Processing answer for question 59, type: true-false
[2025-04-03 03:03:09][INFO] Processing answer for question 60, type: multiple-choice
[2025-04-03 03:03:09][INFO] Processing answer for question 62, type: true-false
[2025-04-03 03:03:09][INFO] Processing answer for question 63, type: multiple-choice
[2025-04-03 03:03:09][INFO] Final score: 8 points (raw score-based, passing requires 70 points)
[2025-04-03 03:03:09][INFO] Exam submitted successfully
[2025-04-03 03:32:36][INFO] === Starting New Exam Submission ===
[2025-04-03 03:32:36][INFO] Exam ID: 21, Answer count: 6
[2025-04-03 03:32:36][INFO] Student ID: 1, Database ID: 79
[2025-04-03 03:32:36][INFO] Processing answer for question 53, type: multiple-choice
[2025-04-03 03:32:36][INFO] Processing answer for question 57, type: true-false
[2025-04-03 03:32:36][INFO] Processing answer for question 59, type: true-false
[2025-04-03 03:32:36][INFO] Processing answer for question 60, type: multiple-choice
[2025-04-03 03:32:36][INFO] Processing answer for question 62, type: true-false
[2025-04-03 03:32:36][INFO] Processing answer for question 63, type: multiple-choice
[2025-04-03 03:32:36][INFO] Total score: 8, Max possible: 8, Question count: 6
[2025-04-03 03:32:36][INFO] Raw score: 8 points, Passing requires: 70, Passed: No
[2025-04-03 03:32:36][INFO] Exam submitted successfully
[2025-04-03 03:35:31][INFO] === Starting New Exam Submission ===
[2025-04-03 03:35:31][INFO] Exam ID: 21, Answer count: 6
[2025-04-03 03:35:31][INFO] Student ID: 1, Database ID: 79
[2025-04-03 03:35:31][INFO] Processing answer for question 53, type: multiple-choice
[2025-04-03 03:35:31][INFO] Processing answer for question 57, type: true-false
[2025-04-03 03:35:31][INFO] Processing answer for question 59, type: true-false
[2025-04-03 03:35:31][INFO] Processing answer for question 60, type: multiple-choice
[2025-04-03 03:35:31][INFO] Processing answer for question 62, type: true-false
[2025-04-03 03:35:31][INFO] Processing answer for question 63, type: multiple-choice
[2025-04-03 03:35:31][INFO] Total score: 8, Max possible: 8, Question count: 6
[2025-04-03 03:35:31][INFO] Raw score: 8 points, Passing requires: 70, Passed: No
[2025-04-03 03:35:31][INFO] Exam submitted successfully
[2025-04-03 03:48:14][INFO] === Starting New Exam Submission ===
[2025-04-03 03:48:14][INFO] Exam ID: 21, Answer count: 6
[2025-04-03 03:48:14][INFO] Student ID: 1, Database ID: 79
[2025-04-03 03:48:14][INFO] Processing answer for question 53, type: multiple-choice
[2025-04-03 03:48:14][INFO] Processing answer for question 57, type: true-false
[2025-04-03 03:48:14][INFO] Processing answer for question 59, type: true-false
[2025-04-03 03:48:14][INFO] Processing answer for question 60, type: multiple-choice
[2025-04-03 03:48:14][INFO] Processing answer for question 62, type: true-false
[2025-04-03 03:48:14][INFO] Processing answer for question 63, type: multiple-choice
[2025-04-03 03:48:14][INFO] Total score: 8, Max possible: 8, Question count: 6
[2025-04-03 03:48:14][INFO] Percentage calculation: (8 / 8) * 100 = 100%
[2025-04-03 03:48:14][INFO] Passing check: 100 >= 70 ? Yes
[2025-04-03 03:48:14][INFO] Exam submitted successfully
[2025-04-03 11:41:12][INFO] === Starting New Exam Submission ===
[2025-04-03 11:41:12][INFO] Exam ID: 23, Answer count: 1
[2025-04-03 11:41:12][INFO] Student ID: 1, Database ID: 79
[2025-04-03 11:41:12][INFO] Processing answer for question 66, type: programming
[2025-04-03 11:41:12][INFO] Total score: 1, Max possible: 1, Question count: 1
[2025-04-03 11:41:12][INFO] Percentage calculation: (1 / 1) * 100 = 100%
[2025-04-03 11:41:12][INFO] Passing check: 100 >= 70 ? Yes
[2025-04-03 11:41:12][INFO] Exam submitted successfully
