[2025-04-06 05:29:56] Starting POST request processing
----------------------------------------
[2025-04-06 05:29:56] Files uploaded successfully
Data: Array
(
    [tor_name] => Screenshot 2024-10-18 080627.png
    [school_id_name] => 449292499_481139171214456_1108316609890498134_n.png
)

----------------------------------------
[2025-04-06 05:29:56] TOR file moved to destination
Data: Array
(
    [path] => C:\wamp64\www\Practice/uploads/tor/Screenshot 2024-10-18 080627.png
    [size] => 80116
)

----------------------------------------
[2025-04-06 05:29:56] Starting OCR process
----------------------------------------
[2025-04-06 05:29:56] Starting OCR process for file
Data: Array
(
    [path] => C:\wamp64\www\Practice/uploads/tor/Screenshot 2024-10-18 080627.png
)

----------------------------------------
[2025-04-06 05:29:56] File details
Data: Array
(
    [size] => 80116
    [type] => image/png
)

----------------------------------------
[2025-04-06 05:29:56] Sending request to Unstract API
----------------------------------------
[2025-04-06 05:30:21] API Response received
Data: Array
(
    [http_code] => 200
    [error] => None
    [response] => {"message":{"execution_status":"COMPLETED","status_api":"/deployment/api/org_SBbh31LYckHO5i28/tor-data-extractor/?execution_id=01eacc98-524a-4f13-8bbd-dbe4abeea1fc","error":null,"result":[{"file":"Screenshot 2024-10-18 080627.png","status":"Success","result":{"output":{"TOR_Extractor_":"{\n  \"subjects\": [\n    {\n      \"subject_code\": \"COMP 20033\",\n      \"subject_description\": \"Computer Programming 2\",\n      \"units\": 3.0,\n      \"grade\": 1.00\n    },\n    {\n      \"subject_code\": \"COMP 20043\",\n      \"subject_description\": \"Discrete Structures 1\",\n      \"units\": 3.0,\n      \"grade\": 1.00\n    },\n    {\n      \"subject_code\": \"CWTS 10023\",\n      \"subject_description\": \"Civic Welfare Training Service 2\",\n      \"units\": 3.0,\n      \"grade\": 1.50\n    },\n    {\n      \"subject_code\": \"GEED 10033\",\n      \"subject_description\": \"Readings In Philippine History\",\n      \"units\": 3.0,\n      \"grade\": 1.50\n    },\n    {\n      \"subject_code\": \"GEED 10113\",\n      \"subject_description\": \"Pagsasalin Sa Kontekstong Filipino\",\n      \"units\": 3.0,\n      \"grade\": 1.00\n    },\n    {\n      \"subject_code\": \"GEED 20023\",\n      \"subject_description\": \"Politics, Governance And Citizenship\",\n      \"units\": 3.0,\n      \"grade\": 1.50\n    },\n    {\n      \"subject_code\": \"PHED 10022\",\n      \"subject_description\": \"Rhythmic Activities\",\n      \"units\": 2.0,\n      \"grade\": 1.00\n    }\n  ]\n}"}},"metadata":{"source_name":"Screenshot 2024-10-18 080627.png","source_hash":"a42ec3fef1077385428465956c86817d038de22f15ca656d0fbad5440ea6c3c5","organization_id":"org_SBbh31LYckHO5i28","workflow_id":"ddb1a539-dded-49ba-91b2-afa46ce6f938","execution_id":"01eacc98-524a-4f13-8bbd-dbe4abeea1fc","file_execution_id":"404943f8-a9bb-47c9-a7c8-6b8e03b502d8","tags":[],"total_elapsed_time":12.190616,"tool_metadata":[{"tool_name":"structure_tool","elapsed_time":12.190606,"output_type":"JSON"}]}}]}}
    [verbose_log] => * Host us-central.unstract.com:443 was resolved.
* IPv6: (none)
* IPv4: 35.190.115.45
*   Trying 35.190.115.45:443...
* Connected to us-central.unstract.com (35.190.115.45) port 443
* ALPN: curl offers http/1.1
*  CAfile: C:\wamp64\www\Practice/cacert.pem
*  CApath: none
* SSL connection using TLSv1.3 / TLS_AES_256_GCM_SHA384 / X25519 / RSASSA-PSS
* ALPN: server accepted http/1.1
* Server certificate:
*  subject: CN=us-central.unstract.com
*  start date: Feb 25 02:49:44 2025 GMT
*  expire date: May 26 03:39:15 2025 GMT
*  subjectAltName: host "us-central.unstract.com" matched cert's "us-central.unstract.com"
*  issuer: C=US; O=Google Trust Services; CN=WR3
*  SSL certificate verify ok.
*   Certificate level 0: Public key type RSA (2048/112 Bits/secBits), signed using sha256WithRSAEncryption
*   Certificate level 1: Public key type RSA (2048/112 Bits/secBits), signed using sha256WithRSAEncryption
*   Certificate level 2: Public key type RSA (4096/152 Bits/secBits), signed using sha384WithRSAEncryption
* using HTTP/1.x
> POST /deployment/api/org_SBbh31LYckHO5i28/tor-data-extractor/ HTTP/1.1
Host: us-central.unstract.com
Accept: */*
Accept-Encoding: deflate, gzip
Authorization: Bearer dff56a8a-6d02-4089-bd87-996d7be8b1bb
Content-Length: 80609
Content-Type: multipart/form-data; boundary=------------------------DrSOXvFIvZlTMVla6fxHfV

* upload completely sent off: 80609 bytes
* old SSL session ID is stale, removing
< HTTP/1.1 200 OK
< Server: 
< Date: Sun, 06 Apr 2025 05:30:21 GMT
< Content-Type: application/json
< Cache-Control: max-age=0, no-cache, no-store, must-revalidate
< X-Frame-Options: DENY
< Content-Length: 1982
< Vary: Cookie, origin
< X-Content-Type-Options: nosniff
< Referrer-Policy: same-origin
< Cross-Origin-Opener-Policy: same-origin
< Via: 1.1 google
< Strict-Transport-Security: max-age=31536000; includeSubDomains; preload
< Alt-Svc: h3=":443"; ma=2592000,h3-29=":443"; ma=2592000
< 
* Connection #0 to host us-central.unstract.com left intact

)

----------------------------------------
[2025-04-06 05:30:21] Successfully extracted subjects JSON
Data: Array
(
    [subjects_json] => {
  "subjects": [
    {
      "subject_code": "COMP 20033",
      "subject_description": "Computer Programming 2",
      "units": 3.0,
      "grade": 1.00
    },
    {
      "subject_code": "COMP 20043",
      "subject_description": "Discrete Structures 1",
      "units": 3.0,
      "grade": 1.00
    },
    {
      "subject_code": "CWTS 10023",
      "subject_description": "Civic Welfare Training Service 2",
      "units": 3.0,
      "grade": 1.50
    },
    {
      "subject_code": "GEED 10033",
      "subject_description": "Readings In Philippine History",
      "units": 3.0,
      "grade": 1.50
    },
    {
      "subject_code": "GEED 10113",
      "subject_description": "Pagsasalin Sa Kontekstong Filipino",
      "units": 3.0,
      "grade": 1.00
    },
    {
      "subject_code": "GEED 20023",
      "subject_description": "Politics, Governance And Citizenship",
      "units": 3.0,
      "grade": 1.50
    },
    {
      "subject_code": "PHED 10022",
      "subject_description": "Rhythmic Activities",
      "units": 2.0,
      "grade": 1.00
    }
  ]
}
)

----------------------------------------
[2025-04-06 05:30:22] OCR completed successfully
Data: Array
(
    [output_length] => 1070
)

----------------------------------------
[2025-04-06 05:30:22] Successfully parsed JSON subjects
Data: Array
(
    [count] => 7
)

----------------------------------------
[2025-04-06 05:30:22] Subjects extracted successfully
Data: Array
(
    [count] => 7
    [first_subject] => {"subject_code":"COMP 20033","subject_description":"Computer Programming 2","units":3,"grade":1}
)

----------------------------------------
[2025-04-06 05:30:22] Processing eligibility
Data: Array
(
    [student_type] => transferee
)

----------------------------------------
[2025-04-06 05:30:22] Checking grading rules
Data: Array
(
    [previous_school] => Technological University of the Philippines
)

----------------------------------------
[2025-04-06 05:30:22] Database configuration loaded
Data: Array
(
    [host] => localhost
    [database] => exam
)

----------------------------------------
[2025-04-06 05:30:22] New connection established with extended timeouts
Data: Array
(
    [wait_timeout] => 28800
    [interactive_timeout] => 28800
    [net_read_timeout] => 600
    [net_write_timeout] => 600
    [database] => exam
    [connection_id] => 112
)

----------------------------------------
[2025-04-06 05:30:22] Getting grading system rules
Data: Array
(
    [university] => Technological University of the Philippines
)

----------------------------------------
[2025-04-06 05:30:22] Successfully retrieved grading rules
Data: Array
(
    [rules_count] => 9
)

----------------------------------------
[2025-04-06 05:30:22] Retrieved grading rules
Data: Array
(
    [rules_count] => 9
)

----------------------------------------
[2025-04-06 05:30:22] Starting Tech Student Check
----------------------------------------
[2025-04-06 05:30:22] Checking tech subjects against
Data: Array
(
    [tech_keywords] => Array
        (
            [0] => Computer Programming
            [1] => Software Engineering
            [2] => Database Systems
            [3] => Operating Systems
            [4] => Data Structures
            [5] => Algorithms
            [6] => Web Development
            [7] => Information Technology
            [8] => Cybersecurity
            [9] => System Analysis
            [10] => Introduction to Computing
        )

    [total_subjects] => 7
)

----------------------------------------
[2025-04-06 05:30:22] Found tech subject match
Data: Array
(
    [subject] => Computer Programming 2
    [matched_keyword] => Computer Programming
)

----------------------------------------
[2025-04-06 05:30:22] Prepared student data
Data: Array
(
    [data] => Array
        (
            [first_name] => Angelica
            [middle_name] => D.
            [last_name] => Dela Cruz
            [gender] => Female
            [dob] => 2025-04-07
            [email] => janlloyddugo21@gmail.com
            [contact_number] => 09667311953
            [street] => c raymundo
            [student_type] => transferee
            [previous_school] => Technological University of the Philippines
            [year_level] => 1
            [previous_program] => Bachelor of Science in Entrepreneurship (BSEntrep)
            [desired_program] => BSIT
            [tor_path] => uploads/tor/Screenshot 2024-10-18 080627.png
            [school_id_path] => uploads/school_id/449292499_481139171214456_1108316609890498134_n.png
            [is_tech] => 1
            [status] => pending
        )

)

----------------------------------------
[2025-04-06 05:30:22] Starting Subject Matching Process
Data: Array
(
    [student_id] => 109
    [desired_program] => BSIT
    [total_subjects_from_tor] => 7
)

----------------------------------------
[2025-04-06 05:30:22] Retrieved Program Subjects
Data: Array
(
    [program] => BSIT
    [total_program_subjects] => 15
)

----------------------------------------
[2025-04-06 05:30:22] Processing TOR Subject
Data: Array
(
    [code] => COMP 20033
    [description] => Computer Programming 2
    [units] => 3
)

----------------------------------------
[2025-04-06 05:30:22] Checking similarity
Data: Array
(
    [program_subject] => Accounting Principles
    [tor_subject] => Computer Programming 2
    [similarity] => 37.209302325581
)

----------------------------------------
[2025-04-06 05:30:22] Checking similarity
Data: Array
(
    [program_subject] => Computer Programming 2
    [tor_subject] => Computer Programming 2
    [similarity] => 100
)

----------------------------------------
[2025-04-06 05:30:22] Checking similarity
Data: Array
(
    [program_subject] => Introduction to Computing
    [tor_subject] => Computer Programming 2
    [similarity] => 38.297872340426
)

----------------------------------------
[2025-04-06 05:30:22] Checking similarity
Data: Array
(
    [program_subject] => Computer Programming 1
    [tor_subject] => Computer Programming 2
    [similarity] => 95.454545454545
)

----------------------------------------
[2025-04-06 05:30:22] Checking similarity
Data: Array
(
    [program_subject] => Civic Welfare Training Service 1
    [tor_subject] => Computer Programming 2
    [similarity] => 33.333333333333
)

----------------------------------------
[2025-04-06 05:30:22] Checking similarity
Data: Array
(
    [program_subject] => Mathematics in the Modern World
    [tor_subject] => Computer Programming 2
    [similarity] => 22.641509433962
)

----------------------------------------
[2025-04-06 05:30:22] Checking similarity
Data: Array
(
    [program_subject] => Purposive Communication
    [tor_subject] => Computer Programming 2
    [similarity] => 22.222222222222
)

----------------------------------------
[2025-04-06 05:30:22] Checking similarity
Data: Array
(
    [program_subject] => Filipinolohiya at Pambansang Kaunlaran
    [tor_subject] => Computer Programming 2
    [similarity] => 30
)

----------------------------------------
[2025-04-06 05:30:22] Checking similarity
Data: Array
(
    [program_subject] => Discrete Structures 1
    [tor_subject] => Computer Programming 2
    [similarity] => 32.558139534884
)

----------------------------------------
[2025-04-06 05:30:22] Checking similarity
Data: Array
(
    [program_subject] => Civic Welfare Training Service 2
    [tor_subject] => Computer Programming 2
    [similarity] => 37.037037037037
)

----------------------------------------
[2025-04-06 05:30:22] Checking similarity
Data: Array
(
    [program_subject] => Readings in Philippine History
    [tor_subject] => Computer Programming 2
    [similarity] => 23.076923076923
)

----------------------------------------
[2025-04-06 05:30:22] Checking similarity
Data: Array
(
    [program_subject] => Pagsasalin sa Kontekstong Filipino
    [tor_subject] => Computer Programming 2
    [similarity] => 25
)

----------------------------------------
[2025-04-06 05:30:22] Checking similarity
Data: Array
(
    [program_subject] => Politics, Governance and Citizenship
    [tor_subject] => Computer Programming 2
    [similarity] => 20.689655172414
)

----------------------------------------
[2025-04-06 05:30:22] Successfully matched and inserted
Data: Array
(
    [tor_subject] => Computer Programming 2
    [program_subject] => Computer Programming 2
    [similarity] => 100
)

----------------------------------------
[2025-04-06 05:30:22] Processing TOR Subject
Data: Array
(
    [code] => COMP 20043
    [description] => Discrete Structures 1
    [units] => 3
)

----------------------------------------
[2025-04-06 05:30:22] Checking similarity
Data: Array
(
    [program_subject] => Accounting Principles
    [tor_subject] => Discrete Structures 1
    [similarity] => 28.571428571429
)

----------------------------------------
[2025-04-06 05:30:22] Checking similarity
Data: Array
(
    [program_subject] => Computer Programming 2
    [tor_subject] => Discrete Structures 1
    [similarity] => 23.255813953488
)

----------------------------------------
[2025-04-06 05:30:22] Checking similarity
Data: Array
(
    [program_subject] => Introduction to Computing
    [tor_subject] => Discrete Structures 1
    [similarity] => 30.434782608696
)

----------------------------------------
[2025-04-06 05:30:22] Checking similarity
Data: Array
(
    [program_subject] => Computer Programming 1
    [tor_subject] => Discrete Structures 1
    [similarity] => 32.558139534884
)

----------------------------------------
[2025-04-06 05:30:22] Checking similarity
Data: Array
(
    [program_subject] => Civic Welfare Training Service 1
    [tor_subject] => Discrete Structures 1
    [similarity] => 33.962264150943
)

----------------------------------------
[2025-04-06 05:30:22] Checking similarity
Data: Array
(
    [program_subject] => Mathematics in the Modern World
    [tor_subject] => Discrete Structures 1
    [similarity] => 23.076923076923
)

----------------------------------------
[2025-04-06 05:30:22] Checking similarity
Data: Array
(
    [program_subject] => Purposive Communication
    [tor_subject] => Discrete Structures 1
    [similarity] => 18.181818181818
)

----------------------------------------
[2025-04-06 05:30:22] Checking similarity
Data: Array
(
    [program_subject] => Filipinolohiya at Pambansang Kaunlaran
    [tor_subject] => Discrete Structures 1
    [similarity] => 13.559322033898
)

----------------------------------------
[2025-04-06 05:30:22] Checking similarity
Data: Array
(
    [program_subject] => Discrete Structures 1
    [tor_subject] => Discrete Structures 1
    [similarity] => 100
)

----------------------------------------
[2025-04-06 05:30:22] Checking similarity
Data: Array
(
    [program_subject] => Civic Welfare Training Service 2
    [tor_subject] => Discrete Structures 1
    [similarity] => 26.415094339623
)

----------------------------------------
[2025-04-06 05:30:22] Checking similarity
Data: Array
(
    [program_subject] => Readings in Philippine History
    [tor_subject] => Discrete Structures 1
    [similarity] => 15.686274509804
)

----------------------------------------
[2025-04-06 05:30:22] Checking similarity
Data: Array
(
    [program_subject] => Pagsasalin sa Kontekstong Filipino
    [tor_subject] => Discrete Structures 1
    [similarity] => 14.545454545455
)

----------------------------------------
[2025-04-06 05:30:22] Checking similarity
Data: Array
(
    [program_subject] => Politics, Governance and Citizenship
    [tor_subject] => Discrete Structures 1
    [similarity] => 17.543859649123
)

----------------------------------------
[2025-04-06 05:30:22] Successfully matched and inserted
Data: Array
(
    [tor_subject] => Discrete Structures 1
    [program_subject] => Discrete Structures 1
    [similarity] => 100
)

----------------------------------------
[2025-04-06 05:30:22] Processing TOR Subject
Data: Array
(
    [code] => CWTS 10023
    [description] => Civic Welfare Training Service 2
    [units] => 3
)

----------------------------------------
[2025-04-06 05:30:22] Checking similarity
Data: Array
(
    [program_subject] => Accounting Principles
    [tor_subject] => Civic Welfare Training Service 2
    [similarity] => 37.735849056604
)

----------------------------------------
[2025-04-06 05:30:22] Checking similarity
Data: Array
(
    [program_subject] => Computer Programming 2
    [tor_subject] => Civic Welfare Training Service 2
    [similarity] => 33.333333333333
)

----------------------------------------
[2025-04-06 05:30:22] Checking similarity
Data: Array
(
    [program_subject] => Introduction to Computing
    [tor_subject] => Civic Welfare Training Service 2
    [similarity] => 17.543859649123
)

----------------------------------------
[2025-04-06 05:30:22] Checking similarity
Data: Array
(
    [program_subject] => Computer Programming 1
    [tor_subject] => Civic Welfare Training Service 2
    [similarity] => 29.62962962963
)

----------------------------------------
[2025-04-06 05:30:22] Checking similarity
Data: Array
(
    [program_subject] => Civic Welfare Training Service 1
    [tor_subject] => Civic Welfare Training Service 2
    [similarity] => 96.875
)

----------------------------------------
[2025-04-06 05:30:22] Checking similarity
Data: Array
(
    [program_subject] => Mathematics in the Modern World
    [tor_subject] => Civic Welfare Training Service 2
    [similarity] => 25.396825396825
)

----------------------------------------
[2025-04-06 05:30:22] Checking similarity
Data: Array
(
    [program_subject] => Purposive Communication
    [tor_subject] => Civic Welfare Training Service 2
    [similarity] => 25.454545454545
)

----------------------------------------
[2025-04-06 05:30:22] Checking similarity
Data: Array
(
    [program_subject] => Filipinolohiya at Pambansang Kaunlaran
    [tor_subject] => Civic Welfare Training Service 2
    [similarity] => 22.857142857143
)

----------------------------------------
[2025-04-06 05:30:22] Checking similarity
Data: Array
(
    [program_subject] => Discrete Structures 1
    [tor_subject] => Civic Welfare Training Service 2
    [similarity] => 26.415094339623
)

----------------------------------------
[2025-04-06 05:30:22] Checking similarity
Data: Array
(
    [program_subject] => Civic Welfare Training Service 2
    [tor_subject] => Civic Welfare Training Service 2
    [similarity] => 100
)

----------------------------------------
[2025-04-06 05:30:22] Checking similarity
Data: Array
(
    [program_subject] => Readings in Philippine History
    [tor_subject] => Civic Welfare Training Service 2
    [similarity] => 32.258064516129
)

----------------------------------------
[2025-04-06 05:30:22] Checking similarity
Data: Array
(
    [program_subject] => Pagsasalin sa Kontekstong Filipino
    [tor_subject] => Civic Welfare Training Service 2
    [similarity] => 24.242424242424
)

----------------------------------------
[2025-04-06 05:30:22] Checking similarity
Data: Array
(
    [program_subject] => Politics, Governance and Citizenship
    [tor_subject] => Civic Welfare Training Service 2
    [similarity] => 26.470588235294
)

----------------------------------------
[2025-04-06 05:30:22] Successfully matched and inserted
Data: Array
(
    [tor_subject] => Civic Welfare Training Service 2
    [program_subject] => Civic Welfare Training Service 2
    [similarity] => 100
)

----------------------------------------
[2025-04-06 05:30:22] Processing TOR Subject
Data: Array
(
    [code] => GEED 10033
    [description] => Readings In Philippine History
    [units] => 3
)

----------------------------------------
[2025-04-06 05:30:22] Checking similarity
Data: Array
(
    [program_subject] => Accounting Principles
    [tor_subject] => Readings In Philippine History
    [similarity] => 39.21568627451
)

----------------------------------------
[2025-04-06 05:30:22] Checking similarity
Data: Array
(
    [program_subject] => Computer Programming 2
    [tor_subject] => Readings In Philippine History
    [similarity] => 23.076923076923
)

----------------------------------------
[2025-04-06 05:30:22] Checking similarity
Data: Array
(
    [program_subject] => Introduction to Computing
    [tor_subject] => Readings In Philippine History
    [similarity] => 18.181818181818
)

----------------------------------------
[2025-04-06 05:30:22] Checking similarity
Data: Array
(
    [program_subject] => Computer Programming 1
    [tor_subject] => Readings In Philippine History
    [similarity] => 23.076923076923
)

----------------------------------------
[2025-04-06 05:30:22] Checking similarity
Data: Array
(
    [program_subject] => Civic Welfare Training Service 1
    [tor_subject] => Readings In Philippine History
    [similarity] => 32.258064516129
)

----------------------------------------
[2025-04-06 05:30:22] Checking similarity
Data: Array
(
    [program_subject] => Mathematics in the Modern World
    [tor_subject] => Readings In Philippine History
    [similarity] => 39.344262295082
)

----------------------------------------
[2025-04-06 05:30:22] Checking similarity
Data: Array
(
    [program_subject] => Purposive Communication
    [tor_subject] => Readings In Philippine History
    [similarity] => 22.641509433962
)

----------------------------------------
[2025-04-06 05:30:22] Checking similarity
Data: Array
(
    [program_subject] => Filipinolohiya at Pambansang Kaunlaran
    [tor_subject] => Readings In Philippine History
    [similarity] => 26.470588235294
)

----------------------------------------
[2025-04-06 05:30:22] Checking similarity
Data: Array
(
    [program_subject] => Discrete Structures 1
    [tor_subject] => Readings In Philippine History
    [similarity] => 31.372549019608
)

----------------------------------------
[2025-04-06 05:30:22] Checking similarity
Data: Array
(
    [program_subject] => Civic Welfare Training Service 2
    [tor_subject] => Readings In Philippine History
    [similarity] => 32.258064516129
)

----------------------------------------
[2025-04-06 05:30:22] Checking similarity
Data: Array
(
    [program_subject] => Readings in Philippine History
    [tor_subject] => Readings In Philippine History
    [similarity] => 100
)

----------------------------------------
[2025-04-06 05:30:22] Checking similarity
Data: Array
(
    [program_subject] => Pagsasalin sa Kontekstong Filipino
    [tor_subject] => Readings In Philippine History
    [similarity] => 40.625
)

----------------------------------------
[2025-04-06 05:30:22] Checking similarity
Data: Array
(
    [program_subject] => Politics, Governance and Citizenship
    [tor_subject] => Readings In Philippine History
    [similarity] => 27.272727272727
)

----------------------------------------
[2025-04-06 05:30:22] Successfully matched and inserted
Data: Array
(
    [tor_subject] => Readings In Philippine History
    [program_subject] => Readings in Philippine History
    [similarity] => 100
)

----------------------------------------
[2025-04-06 05:30:22] Processing TOR Subject
Data: Array
(
    [code] => GEED 10113
    [description] => Pagsasalin Sa Kontekstong Filipino
    [units] => 3
)

----------------------------------------
[2025-04-06 05:30:22] Checking similarity
Data: Array
(
    [program_subject] => Accounting Principles
    [tor_subject] => Pagsasalin Sa Kontekstong Filipino
    [similarity] => 36.363636363636
)

----------------------------------------
[2025-04-06 05:30:22] Checking similarity
Data: Array
(
    [program_subject] => Computer Programming 2
    [tor_subject] => Pagsasalin Sa Kontekstong Filipino
    [similarity] => 25
)

----------------------------------------
[2025-04-06 05:30:22] Checking similarity
Data: Array
(
    [program_subject] => Introduction to Computing
    [tor_subject] => Pagsasalin Sa Kontekstong Filipino
    [similarity] => 33.898305084746
)

----------------------------------------
[2025-04-06 05:30:22] Checking similarity
Data: Array
(
    [program_subject] => Computer Programming 1
    [tor_subject] => Pagsasalin Sa Kontekstong Filipino
    [similarity] => 25
)

----------------------------------------
[2025-04-06 05:30:22] Checking similarity
Data: Array
(
    [program_subject] => Civic Welfare Training Service 1
    [tor_subject] => Pagsasalin Sa Kontekstong Filipino
    [similarity] => 21.212121212121
)

----------------------------------------
[2025-04-06 05:30:22] Checking similarity
Data: Array
(
    [program_subject] => Mathematics in the Modern World
    [tor_subject] => Pagsasalin Sa Kontekstong Filipino
    [similarity] => 30.769230769231
)

----------------------------------------
[2025-04-06 05:30:22] Checking similarity
Data: Array
(
    [program_subject] => Purposive Communication
    [tor_subject] => Pagsasalin Sa Kontekstong Filipino
    [similarity] => 24.561403508772
)

----------------------------------------
[2025-04-06 05:30:22] Checking similarity
Data: Array
(
    [program_subject] => Filipinolohiya at Pambansang Kaunlaran
    [tor_subject] => Pagsasalin Sa Kontekstong Filipino
    [similarity] => 22.222222222222
)

----------------------------------------
[2025-04-06 05:30:22] Checking similarity
Data: Array
(
    [program_subject] => Discrete Structures 1
    [tor_subject] => Pagsasalin Sa Kontekstong Filipino
    [similarity] => 25.454545454545
)

----------------------------------------
[2025-04-06 05:30:22] Checking similarity
Data: Array
(
    [program_subject] => Civic Welfare Training Service 2
    [tor_subject] => Pagsasalin Sa Kontekstong Filipino
    [similarity] => 21.212121212121
)

----------------------------------------
[2025-04-06 05:30:22] Checking similarity
Data: Array
(
    [program_subject] => Readings in Philippine History
    [tor_subject] => Pagsasalin Sa Kontekstong Filipino
    [similarity] => 40.625
)

----------------------------------------
[2025-04-06 05:30:22] Checking similarity
Data: Array
(
    [program_subject] => Pagsasalin sa Kontekstong Filipino
    [tor_subject] => Pagsasalin Sa Kontekstong Filipino
    [similarity] => 100
)

----------------------------------------
[2025-04-06 05:30:22] Checking similarity
Data: Array
(
    [program_subject] => Politics, Governance and Citizenship
    [tor_subject] => Pagsasalin Sa Kontekstong Filipino
    [similarity] => 20
)

----------------------------------------
[2025-04-06 05:30:22] Successfully matched and inserted
Data: Array
(
    [tor_subject] => Pagsasalin Sa Kontekstong Filipino
    [program_subject] => Pagsasalin sa Kontekstong Filipino
    [similarity] => 100
)

----------------------------------------
[2025-04-06 05:30:22] Processing TOR Subject
Data: Array
(
    [code] => GEED 20023
    [description] => Politics, Governance And Citizenship
    [units] => 3
)

----------------------------------------
[2025-04-06 05:30:22] Checking similarity
Data: Array
(
    [program_subject] => Accounting Principles
    [tor_subject] => Politics, Governance And Citizenship
    [similarity] => 28.070175438596
)

----------------------------------------
[2025-04-06 05:30:22] Checking similarity
Data: Array
(
    [program_subject] => Computer Programming 2
    [tor_subject] => Politics, Governance And Citizenship
    [similarity] => 20.689655172414
)

----------------------------------------
[2025-04-06 05:30:22] Checking similarity
Data: Array
(
    [program_subject] => Introduction to Computing
    [tor_subject] => Politics, Governance And Citizenship
    [similarity] => 36.065573770492
)

----------------------------------------
[2025-04-06 05:30:22] Checking similarity
Data: Array
(
    [program_subject] => Computer Programming 1
    [tor_subject] => Politics, Governance And Citizenship
    [similarity] => 20.689655172414
)

----------------------------------------
[2025-04-06 05:30:22] Checking similarity
Data: Array
(
    [program_subject] => Civic Welfare Training Service 1
    [tor_subject] => Politics, Governance And Citizenship
    [similarity] => 29.411764705882
)

----------------------------------------
[2025-04-06 05:30:22] Checking similarity
Data: Array
(
    [program_subject] => Mathematics in the Modern World
    [tor_subject] => Politics, Governance And Citizenship
    [similarity] => 32.835820895522
)

----------------------------------------
[2025-04-06 05:30:22] Checking similarity
Data: Array
(
    [program_subject] => Purposive Communication
    [tor_subject] => Politics, Governance And Citizenship
    [similarity] => 37.28813559322
)

----------------------------------------
[2025-04-06 05:30:22] Checking similarity
Data: Array
(
    [program_subject] => Filipinolohiya at Pambansang Kaunlaran
    [tor_subject] => Politics, Governance And Citizenship
    [similarity] => 18.918918918919
)

----------------------------------------
[2025-04-06 05:30:22] Checking similarity
Data: Array
(
    [program_subject] => Discrete Structures 1
    [tor_subject] => Politics, Governance And Citizenship
    [similarity] => 21.052631578947
)

----------------------------------------
[2025-04-06 05:30:22] Checking similarity
Data: Array
(
    [program_subject] => Civic Welfare Training Service 2
    [tor_subject] => Politics, Governance And Citizenship
    [similarity] => 29.411764705882
)

----------------------------------------
[2025-04-06 05:30:22] Checking similarity
Data: Array
(
    [program_subject] => Readings in Philippine History
    [tor_subject] => Politics, Governance And Citizenship
    [similarity] => 30.30303030303
)

----------------------------------------
[2025-04-06 05:30:22] Checking similarity
Data: Array
(
    [program_subject] => Pagsasalin sa Kontekstong Filipino
    [tor_subject] => Politics, Governance And Citizenship
    [similarity] => 22.857142857143
)

----------------------------------------
[2025-04-06 05:30:22] Checking similarity
Data: Array
(
    [program_subject] => Politics, Governance and Citizenship
    [tor_subject] => Politics, Governance And Citizenship
    [similarity] => 100
)

----------------------------------------
[2025-04-06 05:30:22] Successfully matched and inserted
Data: Array
(
    [tor_subject] => Politics, Governance And Citizenship
    [program_subject] => Politics, Governance and Citizenship
    [similarity] => 100
)

----------------------------------------
[2025-04-06 05:30:22] Processing TOR Subject
Data: Array
(
    [code] => PHED 10022
    [description] => Rhythmic Activities
    [units] => 2
)

----------------------------------------
[2025-04-06 05:30:22] Checking similarity
Data: Array
(
    [program_subject] => Physical Fitness and Self-Testing Activities
    [tor_subject] => Rhythmic Activities
    [similarity] => 47.619047619048
)

----------------------------------------
[2025-04-06 05:30:22] Checking similarity
Data: Array
(
    [program_subject] => Rhythmic Activities
    [tor_subject] => Rhythmic Activities
    [similarity] => 100
)

----------------------------------------
[2025-04-06 05:30:22] Successfully matched and inserted
Data: Array
(
    [tor_subject] => Rhythmic Activities
    [program_subject] => Rhythmic Activities
    [similarity] => 100
)

----------------------------------------
[2025-04-06 05:30:22] Matching Process Complete
Data: Array
(
    [total_matches] => 7
)

----------------------------------------
[2025-04-06 05:30:32] Student registration completed successfully
----------------------------------------
