[2025-04-12 00:41:19] Starting POST request processing
----------------------------------------
[2025-04-12 00:41:19] Files uploaded successfully
Data: Array
(
    [tor_name] => Screenshot 2024-10-18 080627.png
    [school_id_name] => 449292499_481139171214456_1108316609890498134_n.png
)

----------------------------------------
[2025-04-12 00:41:19] TOR file moved to destination
Data: Array
(
    [path] => C:\wamp64\www\Practice/uploads/tor/Screenshot 2024-10-18 080627.png
    [size] => 80116
)

----------------------------------------
[2025-04-12 00:41:19] Starting OCR process
----------------------------------------
[2025-04-12 00:41:19] Starting Azure Document Intelligence OCR process for file
Data: Array
(
    [path] => C:\wamp64\www\Practice/uploads/tor/Screenshot 2024-10-18 080627.png
)

----------------------------------------
[2025-04-12 00:41:26] OCR completed successfully with raw text
Data: Array
(
    [text_length] => 633
)

----------------------------------------
[2025-04-12 00:41:26] OCR completed successfully
Data: Array
(
    [output_length] => 633
)

----------------------------------------
[2025-04-12 00:41:26] Falling back to text parsing
Data: Array
(
    [text_length] => 633
)

----------------------------------------
[2025-04-12 00:41:26] Extraction complete
Data: Array
(
    [subjects_found] => 0
)

----------------------------------------
[2025-04-12 00:41:26] Error in registration process
Data: Array
(
    [error] => No subjects could be extracted from the document. Please ensure you have uploaded a valid Transcript of Records containing grades and subject information.
)

----------------------------------------
[2025-04-12 01:02:38] Starting POST request processing
----------------------------------------
[2025-04-12 01:02:38] Files uploaded successfully
Data: Array
(
    [tor_name] => Screenshot 2024-10-18 080627.png
    [school_id_name] => 449292499_481139171214456_1108316609890498134_n.png
)

----------------------------------------
[2025-04-12 01:02:38] TOR file moved to destination
Data: Array
(
    [path] => C:\wamp64\www\Practice/uploads/tor/Screenshot 2024-10-18 080627.png
    [size] => 80116
)

----------------------------------------
[2025-04-12 01:02:38] Starting OCR process
----------------------------------------
[2025-04-12 01:02:38] Starting Azure Document Intelligence OCR process for file
Data: Array
(
    [path] => C:\wamp64\www\Practice/uploads/tor/Screenshot 2024-10-18 080627.png
)

----------------------------------------
[2025-04-12 01:02:44] OCR completed successfully with raw text
Data: Array
(
    [text_length] => 633
)

----------------------------------------
[2025-04-12 01:02:44] OCR completed successfully
Data: Array
(
    [output_length] => 633
)

----------------------------------------
[2025-04-12 01:02:44] Falling back to text parsing
Data: Array
(
    [text_length] => 633
)

----------------------------------------
[2025-04-12 01:02:44] Extraction complete
Data: Array
(
    [subjects_found] => 0
)

----------------------------------------
[2025-04-12 01:02:44] Error in registration process
Data: Array
(
    [error] => No subjects could be extracted from the document. Please ensure you have uploaded a valid Transcript of Records containing grades and subject information.
)

----------------------------------------
[2025-04-12 02:06:08] Starting POST request processing
----------------------------------------
[2025-04-12 02:06:08] Files uploaded successfully
Data: Array
(
    [tor_name] => Screenshot 2024-10-18 080627.png
    [school_id_name] => 449467909_1205163000647861_8408110911620157242_n.png
)

----------------------------------------
[2025-04-12 02:06:08] TOR file moved to destination
Data: Array
(
    [path] => C:\wamp64\www\Practice/uploads/tor/Screenshot 2024-10-18 080627.png
    [size] => 80116
)

----------------------------------------
[2025-04-12 02:06:08] Starting OCR process
----------------------------------------
[2025-04-12 02:06:08] Starting Azure Document Intelligence OCR process for file
Data: Array
(
    [path] => C:\wamp64\www\Practice/uploads/tor/Screenshot 2024-10-18 080627.png
)

----------------------------------------
[2025-04-12 02:06:14] Raw result structure
Data: Array
(
    [status] => succeeded
    [has_documents] => 1
    [document_count] => 1
    [has_content] => 1
    [keys] => Array
        (
            [0] => apiVersion
            [1] => modelId
            [2] => stringIndexType
            [3] => content
            [4] => pages
            [5] => tables
            [6] => paragraphs
            [7] => styles
            [8] => documents
            [9] => contentFormat
            [10] => sections
        )

)

----------------------------------------
[2025-04-12 02:06:14] Document fields available
Data: Array
(
    [field_names] => Array
        (
            [0] => extractTable
        )

)

----------------------------------------
[2025-04-12 02:06:14] Returning structured JSON data
Data: Array
(
    [length] => 46509
)

----------------------------------------
[2025-04-12 02:06:14] OCR completed successfully
Data: Array
(
    [output_length] => 46509
)

----------------------------------------
[2025-04-12 02:06:14] Input appears to be JSON, checking structure
----------------------------------------
[2025-04-12 02:06:14] Found Azure Document Intelligence structure
----------------------------------------
[2025-04-12 02:06:14] Found table data in Azure results
----------------------------------------
[2025-04-12 02:06:14] Successfully extracted subjects from Azure format
Data: Array
(
    [count] => 7
)

----------------------------------------
[2025-04-12 02:06:14] Subjects extracted successfully
Data: Array
(
    [count] => 7
    [first_subject] => {"subject_code":"COMP 20033","subject_description":"Computer Programming 2","grade":1,"units":3}
)

----------------------------------------
[2025-04-12 02:06:14] Processing eligibility
Data: Array
(
    [student_type] => transferee
)

----------------------------------------
[2025-04-12 02:06:14] Checking grading rules
Data: Array
(
    [previous_school] => Polytechnic University of the Philippines
)

----------------------------------------
[2025-04-12 02:06:14] Database configuration loaded
Data: Array
(
    [host] => localhost
    [database] => exam
)

----------------------------------------
[2025-04-12 02:06:15] New connection established with extended timeouts
Data: Array
(
    [wait_timeout] => 28800
    [interactive_timeout] => 28800
    [net_read_timeout] => 600
    [net_write_timeout] => 600
    [database] => exam
    [connection_id] => 65
)

----------------------------------------
[2025-04-12 02:06:15] Getting grading system rules
Data: Array
(
    [university] => Polytechnic University of the Philippines
)

----------------------------------------
[2025-04-12 02:06:15] Successfully retrieved grading rules
Data: Array
(
    [rules_count] => 10
)

----------------------------------------
[2025-04-12 02:06:15] Retrieved grading rules
Data: Array
(
    [rules_count] => 10
)

----------------------------------------
[2025-04-12 02:06:15] Starting Tech Student Check
----------------------------------------
[2025-04-12 02:06:15] Checking tech subjects against
Data: Array
(
    [tech_keywords] => Array
        (
            [0] => Computer Programming
            [1] => Software Engineering
            [2] => Database Systems
            [3] => Operating Systems
            [4] => Data Structures
            [5] => Algorithms
            [6] => Web Development
            [7] => Information Technology
            [8] => Cybersecurity
            [9] => System Analysis
            [10] => Introduction to Computing
        )

    [total_subjects] => 7
)

----------------------------------------
[2025-04-12 02:06:15] Found tech subject match
Data: Array
(
    [subject] => Computer Programming 2
    [matched_keyword] => Computer Programming
)

----------------------------------------
[2025-04-12 02:06:15] Prepared student data
Data: Array
(
    [data] => Array
        (
            [first_name] => vcx
            [middle_name] => d
            [last_name] => dvfd
            [gender] => Male
            [dob] => 2025-04-18
            [email] => janlloyddugo21@gmail.com
            [contact_number] => 09667311954
            [street] => c raymundo
            [student_type] => transferee
            [previous_school] => Polytechnic University of the Philippines
            [year_level] => 1
            [previous_program] => Bachelor of Science in Business Administration major in Human Resource Development Management (BSBA-HRDM)
            [desired_program] => BSIT
            [tor_path] => uploads/tor/Screenshot 2024-10-18 080627.png
            [school_id_path] => uploads/school_id/449467909_1205163000647861_8408110911620157242_n.png
            [is_tech] => 1
            [status] => pending
        )

)

----------------------------------------
[2025-04-12 02:06:15] Starting Subject Matching Process
Data: Array
(
    [student_id] => 110
    [desired_program] => BSIT
    [total_subjects_from_tor] => 7
)

----------------------------------------
[2025-04-12 02:06:15] Retrieved Program Subjects
Data: Array
(
    [program] => BSIT
    [total_program_subjects] => 15
)

----------------------------------------
[2025-04-12 02:06:15] Processing TOR Subject
Data: Array
(
    [code] => COMP 20033
    [description] => Computer Programming 2
    [units] => 3
)

----------------------------------------
[2025-04-12 02:06:15] Checking similarity
Data: Array
(
    [program_subject] => Accounting Principles
    [tor_subject] => Computer Programming 2
    [similarity] => 37.209302325581
)

----------------------------------------
[2025-04-12 02:06:15] Checking similarity
Data: Array
(
    [program_subject] => Computer Programming 2
    [tor_subject] => Computer Programming 2
    [similarity] => 100
)

----------------------------------------
[2025-04-12 02:06:15] Checking similarity
Data: Array
(
    [program_subject] => Introduction to Computing
    [tor_subject] => Computer Programming 2
    [similarity] => 38.297872340426
)

----------------------------------------
[2025-04-12 02:06:15] Checking similarity
Data: Array
(
    [program_subject] => Computer Programming 1
    [tor_subject] => Computer Programming 2
    [similarity] => 95.454545454545
)

----------------------------------------
[2025-04-12 02:06:15] Checking similarity
Data: Array
(
    [program_subject] => Civic Welfare Training Service 1
    [tor_subject] => Computer Programming 2
    [similarity] => 33.333333333333
)

----------------------------------------
[2025-04-12 02:06:15] Checking similarity
Data: Array
(
    [program_subject] => Mathematics in the Modern World
    [tor_subject] => Computer Programming 2
    [similarity] => 22.641509433962
)

----------------------------------------
[2025-04-12 02:06:15] Checking similarity
Data: Array
(
    [program_subject] => Purposive Communication
    [tor_subject] => Computer Programming 2
    [similarity] => 22.222222222222
)

----------------------------------------
[2025-04-12 02:06:15] Checking similarity
Data: Array
(
    [program_subject] => Filipinolohiya at Pambansang Kaunlaran
    [tor_subject] => Computer Programming 2
    [similarity] => 30
)

----------------------------------------
[2025-04-12 02:06:15] Checking similarity
Data: Array
(
    [program_subject] => Discrete Structures 1
    [tor_subject] => Computer Programming 2
    [similarity] => 32.558139534884
)

----------------------------------------
[2025-04-12 02:06:15] Checking similarity
Data: Array
(
    [program_subject] => Civic Welfare Training Service 2
    [tor_subject] => Computer Programming 2
    [similarity] => 37.037037037037
)

----------------------------------------
[2025-04-12 02:06:15] Checking similarity
Data: Array
(
    [program_subject] => Readings in Philippine History
    [tor_subject] => Computer Programming 2
    [similarity] => 23.076923076923
)

----------------------------------------
[2025-04-12 02:06:15] Checking similarity
Data: Array
(
    [program_subject] => Pagsasalin sa Kontekstong Filipino
    [tor_subject] => Computer Programming 2
    [similarity] => 25
)

----------------------------------------
[2025-04-12 02:06:15] Checking similarity
Data: Array
(
    [program_subject] => Politics, Governance and Citizenship
    [tor_subject] => Computer Programming 2
    [similarity] => 20.689655172414
)

----------------------------------------
[2025-04-12 02:06:15] Successfully matched and inserted
Data: Array
(
    [tor_subject] => Computer Programming 2
    [program_subject] => Computer Programming 2
    [similarity] => 100
)

----------------------------------------
[2025-04-12 02:06:15] Processing TOR Subject
Data: Array
(
    [code] => COMP 20043
    [description] => Discrete Structures 1
    [units] => 3
)

----------------------------------------
[2025-04-12 02:06:15] Checking similarity
Data: Array
(
    [program_subject] => Accounting Principles
    [tor_subject] => Discrete Structures 1
    [similarity] => 28.571428571429
)

----------------------------------------
[2025-04-12 02:06:15] Checking similarity
Data: Array
(
    [program_subject] => Computer Programming 2
    [tor_subject] => Discrete Structures 1
    [similarity] => 23.255813953488
)

----------------------------------------
[2025-04-12 02:06:15] Checking similarity
Data: Array
(
    [program_subject] => Introduction to Computing
    [tor_subject] => Discrete Structures 1
    [similarity] => 30.434782608696
)

----------------------------------------
[2025-04-12 02:06:15] Checking similarity
Data: Array
(
    [program_subject] => Computer Programming 1
    [tor_subject] => Discrete Structures 1
    [similarity] => 32.558139534884
)

----------------------------------------
[2025-04-12 02:06:15] Checking similarity
Data: Array
(
    [program_subject] => Civic Welfare Training Service 1
    [tor_subject] => Discrete Structures 1
    [similarity] => 33.962264150943
)

----------------------------------------
[2025-04-12 02:06:15] Checking similarity
Data: Array
(
    [program_subject] => Mathematics in the Modern World
    [tor_subject] => Discrete Structures 1
    [similarity] => 23.076923076923
)

----------------------------------------
[2025-04-12 02:06:15] Checking similarity
Data: Array
(
    [program_subject] => Purposive Communication
    [tor_subject] => Discrete Structures 1
    [similarity] => 18.181818181818
)

----------------------------------------
[2025-04-12 02:06:15] Checking similarity
Data: Array
(
    [program_subject] => Filipinolohiya at Pambansang Kaunlaran
    [tor_subject] => Discrete Structures 1
    [similarity] => 13.559322033898
)

----------------------------------------
[2025-04-12 02:06:15] Checking similarity
Data: Array
(
    [program_subject] => Discrete Structures 1
    [tor_subject] => Discrete Structures 1
    [similarity] => 100
)

----------------------------------------
[2025-04-12 02:06:15] Checking similarity
Data: Array
(
    [program_subject] => Civic Welfare Training Service 2
    [tor_subject] => Discrete Structures 1
    [similarity] => 26.415094339623
)

----------------------------------------
[2025-04-12 02:06:15] Checking similarity
Data: Array
(
    [program_subject] => Readings in Philippine History
    [tor_subject] => Discrete Structures 1
    [similarity] => 15.686274509804
)

----------------------------------------
[2025-04-12 02:06:15] Checking similarity
Data: Array
(
    [program_subject] => Pagsasalin sa Kontekstong Filipino
    [tor_subject] => Discrete Structures 1
    [similarity] => 14.545454545455
)

----------------------------------------
[2025-04-12 02:06:15] Checking similarity
Data: Array
(
    [program_subject] => Politics, Governance and Citizenship
    [tor_subject] => Discrete Structures 1
    [similarity] => 17.543859649123
)

----------------------------------------
[2025-04-12 02:06:15] Successfully matched and inserted
Data: Array
(
    [tor_subject] => Discrete Structures 1
    [program_subject] => Discrete Structures 1
    [similarity] => 100
)

----------------------------------------
[2025-04-12 02:06:15] Processing TOR Subject
Data: Array
(
    [code] => CWTS 10023
    [description] => Civic Welfare Training Service 2
    [units] => 3
)

----------------------------------------
[2025-04-12 02:06:15] Checking similarity
Data: Array
(
    [program_subject] => Accounting Principles
    [tor_subject] => Civic Welfare Training Service 2
    [similarity] => 37.735849056604
)

----------------------------------------
[2025-04-12 02:06:15] Checking similarity
Data: Array
(
    [program_subject] => Computer Programming 2
    [tor_subject] => Civic Welfare Training Service 2
    [similarity] => 33.333333333333
)

----------------------------------------
[2025-04-12 02:06:15] Checking similarity
Data: Array
(
    [program_subject] => Introduction to Computing
    [tor_subject] => Civic Welfare Training Service 2
    [similarity] => 17.543859649123
)

----------------------------------------
[2025-04-12 02:06:15] Checking similarity
Data: Array
(
    [program_subject] => Computer Programming 1
    [tor_subject] => Civic Welfare Training Service 2
    [similarity] => 29.62962962963
)

----------------------------------------
[2025-04-12 02:06:15] Checking similarity
Data: Array
(
    [program_subject] => Civic Welfare Training Service 1
    [tor_subject] => Civic Welfare Training Service 2
    [similarity] => 96.875
)

----------------------------------------
[2025-04-12 02:06:15] Checking similarity
Data: Array
(
    [program_subject] => Mathematics in the Modern World
    [tor_subject] => Civic Welfare Training Service 2
    [similarity] => 25.396825396825
)

----------------------------------------
[2025-04-12 02:06:15] Checking similarity
Data: Array
(
    [program_subject] => Purposive Communication
    [tor_subject] => Civic Welfare Training Service 2
    [similarity] => 25.454545454545
)

----------------------------------------
[2025-04-12 02:06:15] Checking similarity
Data: Array
(
    [program_subject] => Filipinolohiya at Pambansang Kaunlaran
    [tor_subject] => Civic Welfare Training Service 2
    [similarity] => 22.857142857143
)

----------------------------------------
[2025-04-12 02:06:15] Checking similarity
Data: Array
(
    [program_subject] => Discrete Structures 1
    [tor_subject] => Civic Welfare Training Service 2
    [similarity] => 26.415094339623
)

----------------------------------------
[2025-04-12 02:06:15] Checking similarity
Data: Array
(
    [program_subject] => Civic Welfare Training Service 2
    [tor_subject] => Civic Welfare Training Service 2
    [similarity] => 100
)

----------------------------------------
[2025-04-12 02:06:15] Checking similarity
Data: Array
(
    [program_subject] => Readings in Philippine History
    [tor_subject] => Civic Welfare Training Service 2
    [similarity] => 32.258064516129
)

----------------------------------------
[2025-04-12 02:06:15] Checking similarity
Data: Array
(
    [program_subject] => Pagsasalin sa Kontekstong Filipino
    [tor_subject] => Civic Welfare Training Service 2
    [similarity] => 24.242424242424
)

----------------------------------------
[2025-04-12 02:06:15] Checking similarity
Data: Array
(
    [program_subject] => Politics, Governance and Citizenship
    [tor_subject] => Civic Welfare Training Service 2
    [similarity] => 26.470588235294
)

----------------------------------------
[2025-04-12 02:06:15] Successfully matched and inserted
Data: Array
(
    [tor_subject] => Civic Welfare Training Service 2
    [program_subject] => Civic Welfare Training Service 2
    [similarity] => 100
)

----------------------------------------
[2025-04-12 02:06:15] Processing TOR Subject
Data: Array
(
    [code] => GEED 10033
    [description] => Readings in Philippine History
    [units] => 3
)

----------------------------------------
[2025-04-12 02:06:15] Checking similarity
Data: Array
(
    [program_subject] => Accounting Principles
    [tor_subject] => Readings in Philippine History
    [similarity] => 39.21568627451
)

----------------------------------------
[2025-04-12 02:06:15] Checking similarity
Data: Array
(
    [program_subject] => Computer Programming 2
    [tor_subject] => Readings in Philippine History
    [similarity] => 23.076923076923
)

----------------------------------------
[2025-04-12 02:06:15] Checking similarity
Data: Array
(
    [program_subject] => Introduction to Computing
    [tor_subject] => Readings in Philippine History
    [similarity] => 18.181818181818
)

----------------------------------------
[2025-04-12 02:06:15] Checking similarity
Data: Array
(
    [program_subject] => Computer Programming 1
    [tor_subject] => Readings in Philippine History
    [similarity] => 23.076923076923
)

----------------------------------------
[2025-04-12 02:06:15] Checking similarity
Data: Array
(
    [program_subject] => Civic Welfare Training Service 1
    [tor_subject] => Readings in Philippine History
    [similarity] => 32.258064516129
)

----------------------------------------
[2025-04-12 02:06:15] Checking similarity
Data: Array
(
    [program_subject] => Mathematics in the Modern World
    [tor_subject] => Readings in Philippine History
    [similarity] => 39.344262295082
)

----------------------------------------
[2025-04-12 02:06:15] Checking similarity
Data: Array
(
    [program_subject] => Purposive Communication
    [tor_subject] => Readings in Philippine History
    [similarity] => 22.641509433962
)

----------------------------------------
[2025-04-12 02:06:15] Checking similarity
Data: Array
(
    [program_subject] => Filipinolohiya at Pambansang Kaunlaran
    [tor_subject] => Readings in Philippine History
    [similarity] => 26.470588235294
)

----------------------------------------
[2025-04-12 02:06:15] Checking similarity
Data: Array
(
    [program_subject] => Discrete Structures 1
    [tor_subject] => Readings in Philippine History
    [similarity] => 31.372549019608
)

----------------------------------------
[2025-04-12 02:06:15] Checking similarity
Data: Array
(
    [program_subject] => Civic Welfare Training Service 2
    [tor_subject] => Readings in Philippine History
    [similarity] => 32.258064516129
)

----------------------------------------
[2025-04-12 02:06:15] Checking similarity
Data: Array
(
    [program_subject] => Readings in Philippine History
    [tor_subject] => Readings in Philippine History
    [similarity] => 100
)

----------------------------------------
[2025-04-12 02:06:15] Checking similarity
Data: Array
(
    [program_subject] => Pagsasalin sa Kontekstong Filipino
    [tor_subject] => Readings in Philippine History
    [similarity] => 40.625
)

----------------------------------------
[2025-04-12 02:06:15] Checking similarity
Data: Array
(
    [program_subject] => Politics, Governance and Citizenship
    [tor_subject] => Readings in Philippine History
    [similarity] => 27.272727272727
)

----------------------------------------
[2025-04-12 02:06:15] Successfully matched and inserted
Data: Array
(
    [tor_subject] => Readings in Philippine History
    [program_subject] => Readings in Philippine History
    [similarity] => 100
)

----------------------------------------
[2025-04-12 02:06:15] Processing TOR Subject
Data: Array
(
    [code] => GEED 10113
    [description] => Pagsasalin sa Kontekstong Filipino
    [units] => 3
)

----------------------------------------
[2025-04-12 02:06:15] Checking similarity
Data: Array
(
    [program_subject] => Accounting Principles
    [tor_subject] => Pagsasalin sa Kontekstong Filipino
    [similarity] => 36.363636363636
)

----------------------------------------
[2025-04-12 02:06:15] Checking similarity
Data: Array
(
    [program_subject] => Computer Programming 2
    [tor_subject] => Pagsasalin sa Kontekstong Filipino
    [similarity] => 25
)

----------------------------------------
[2025-04-12 02:06:15] Checking similarity
Data: Array
(
    [program_subject] => Introduction to Computing
    [tor_subject] => Pagsasalin sa Kontekstong Filipino
    [similarity] => 33.898305084746
)

----------------------------------------
[2025-04-12 02:06:15] Checking similarity
Data: Array
(
    [program_subject] => Computer Programming 1
    [tor_subject] => Pagsasalin sa Kontekstong Filipino
    [similarity] => 25
)

----------------------------------------
[2025-04-12 02:06:15] Checking similarity
Data: Array
(
    [program_subject] => Civic Welfare Training Service 1
    [tor_subject] => Pagsasalin sa Kontekstong Filipino
    [similarity] => 21.212121212121
)

----------------------------------------
[2025-04-12 02:06:15] Checking similarity
Data: Array
(
    [program_subject] => Mathematics in the Modern World
    [tor_subject] => Pagsasalin sa Kontekstong Filipino
    [similarity] => 30.769230769231
)

----------------------------------------
[2025-04-12 02:06:15] Checking similarity
Data: Array
(
    [program_subject] => Purposive Communication
    [tor_subject] => Pagsasalin sa Kontekstong Filipino
    [similarity] => 24.561403508772
)

----------------------------------------
[2025-04-12 02:06:15] Checking similarity
Data: Array
(
    [program_subject] => Filipinolohiya at Pambansang Kaunlaran
    [tor_subject] => Pagsasalin sa Kontekstong Filipino
    [similarity] => 22.222222222222
)

----------------------------------------
[2025-04-12 02:06:15] Checking similarity
Data: Array
(
    [program_subject] => Discrete Structures 1
    [tor_subject] => Pagsasalin sa Kontekstong Filipino
    [similarity] => 25.454545454545
)

----------------------------------------
[2025-04-12 02:06:15] Checking similarity
Data: Array
(
    [program_subject] => Civic Welfare Training Service 2
    [tor_subject] => Pagsasalin sa Kontekstong Filipino
    [similarity] => 21.212121212121
)

----------------------------------------
[2025-04-12 02:06:15] Checking similarity
Data: Array
(
    [program_subject] => Readings in Philippine History
    [tor_subject] => Pagsasalin sa Kontekstong Filipino
    [similarity] => 40.625
)

----------------------------------------
[2025-04-12 02:06:15] Checking similarity
Data: Array
(
    [program_subject] => Pagsasalin sa Kontekstong Filipino
    [tor_subject] => Pagsasalin sa Kontekstong Filipino
    [similarity] => 100
)

----------------------------------------
[2025-04-12 02:06:15] Checking similarity
Data: Array
(
    [program_subject] => Politics, Governance and Citizenship
    [tor_subject] => Pagsasalin sa Kontekstong Filipino
    [similarity] => 20
)

----------------------------------------
[2025-04-12 02:06:15] Successfully matched and inserted
Data: Array
(
    [tor_subject] => Pagsasalin sa Kontekstong Filipino
    [program_subject] => Pagsasalin sa Kontekstong Filipino
    [similarity] => 100
)

----------------------------------------
[2025-04-12 02:06:15] Processing TOR Subject
Data: Array
(
    [code] => GEED 20023
    [description] => Politics, Governance and Citizenship
    [units] => 3
)

----------------------------------------
[2025-04-12 02:06:15] Checking similarity
Data: Array
(
    [program_subject] => Accounting Principles
    [tor_subject] => Politics, Governance and Citizenship
    [similarity] => 28.070175438596
)

----------------------------------------
[2025-04-12 02:06:15] Checking similarity
Data: Array
(
    [program_subject] => Computer Programming 2
    [tor_subject] => Politics, Governance and Citizenship
    [similarity] => 20.689655172414
)

----------------------------------------
[2025-04-12 02:06:15] Checking similarity
Data: Array
(
    [program_subject] => Introduction to Computing
    [tor_subject] => Politics, Governance and Citizenship
    [similarity] => 36.065573770492
)

----------------------------------------
[2025-04-12 02:06:15] Checking similarity
Data: Array
(
    [program_subject] => Computer Programming 1
    [tor_subject] => Politics, Governance and Citizenship
    [similarity] => 20.689655172414
)

----------------------------------------
[2025-04-12 02:06:15] Checking similarity
Data: Array
(
    [program_subject] => Civic Welfare Training Service 1
    [tor_subject] => Politics, Governance and Citizenship
    [similarity] => 29.411764705882
)

----------------------------------------
[2025-04-12 02:06:15] Checking similarity
Data: Array
(
    [program_subject] => Mathematics in the Modern World
    [tor_subject] => Politics, Governance and Citizenship
    [similarity] => 32.835820895522
)

----------------------------------------
[2025-04-12 02:06:15] Checking similarity
Data: Array
(
    [program_subject] => Purposive Communication
    [tor_subject] => Politics, Governance and Citizenship
    [similarity] => 37.28813559322
)

----------------------------------------
[2025-04-12 02:06:15] Checking similarity
Data: Array
(
    [program_subject] => Filipinolohiya at Pambansang Kaunlaran
    [tor_subject] => Politics, Governance and Citizenship
    [similarity] => 18.918918918919
)

----------------------------------------
[2025-04-12 02:06:15] Checking similarity
Data: Array
(
    [program_subject] => Discrete Structures 1
    [tor_subject] => Politics, Governance and Citizenship
    [similarity] => 21.052631578947
)

----------------------------------------
[2025-04-12 02:06:15] Checking similarity
Data: Array
(
    [program_subject] => Civic Welfare Training Service 2
    [tor_subject] => Politics, Governance and Citizenship
    [similarity] => 29.411764705882
)

----------------------------------------
[2025-04-12 02:06:15] Checking similarity
Data: Array
(
    [program_subject] => Readings in Philippine History
    [tor_subject] => Politics, Governance and Citizenship
    [similarity] => 30.30303030303
)

----------------------------------------
[2025-04-12 02:06:15] Checking similarity
Data: Array
(
    [program_subject] => Pagsasalin sa Kontekstong Filipino
    [tor_subject] => Politics, Governance and Citizenship
    [similarity] => 22.857142857143
)

----------------------------------------
[2025-04-12 02:06:15] Checking similarity
Data: Array
(
    [program_subject] => Politics, Governance and Citizenship
    [tor_subject] => Politics, Governance and Citizenship
    [similarity] => 100
)

----------------------------------------
[2025-04-12 02:06:15] Successfully matched and inserted
Data: Array
(
    [tor_subject] => Politics, Governance and Citizenship
    [program_subject] => Politics, Governance and Citizenship
    [similarity] => 100
)

----------------------------------------
[2025-04-12 02:06:15] Processing TOR Subject
Data: Array
(
    [code] => PHED 10022
    [description] => Rhythmic Activities
    [units] => 2
)

----------------------------------------
[2025-04-12 02:06:15] Checking similarity
Data: Array
(
    [program_subject] => Physical Fitness and Self-Testing Activities
    [tor_subject] => Rhythmic Activities
    [similarity] => 47.619047619048
)

----------------------------------------
[2025-04-12 02:06:15] Checking similarity
Data: Array
(
    [program_subject] => Rhythmic Activities
    [tor_subject] => Rhythmic Activities
    [similarity] => 100
)

----------------------------------------
[2025-04-12 02:06:15] Successfully matched and inserted
Data: Array
(
    [tor_subject] => Rhythmic Activities
    [program_subject] => Rhythmic Activities
    [similarity] => 100
)

----------------------------------------
[2025-04-12 02:06:15] Matching Process Complete
Data: Array
(
    [total_matches] => 7
)

----------------------------------------
[2025-04-12 02:06:19] Student registration completed successfully
----------------------------------------
[2025-04-12 02:10:20] Starting POST request processing
----------------------------------------
[2025-04-12 02:10:20] Files uploaded successfully
Data: Array
(
    [tor_name] => Screenshot 2024-10-23 182707.png
    [school_id_name] => 449467909_1205163000647861_8408110911620157242_n.png
)

----------------------------------------
[2025-04-12 02:10:20] TOR file moved to destination
Data: Array
(
    [path] => C:\wamp64\www\Practice/uploads/tor/Screenshot 2024-10-23 182707.png
    [size] => 72126
)

----------------------------------------
[2025-04-12 02:10:20] Starting OCR process
----------------------------------------
[2025-04-12 02:10:20] Starting Azure Document Intelligence OCR process for file
Data: Array
(
    [path] => C:\wamp64\www\Practice/uploads/tor/Screenshot 2024-10-23 182707.png
)

----------------------------------------
[2025-04-12 02:10:26] Raw result structure
Data: Array
(
    [status] => succeeded
    [has_documents] => 1
    [document_count] => 1
    [has_content] => 1
    [keys] => Array
        (
            [0] => apiVersion
            [1] => modelId
            [2] => stringIndexType
            [3] => content
            [4] => pages
            [5] => tables
            [6] => paragraphs
            [7] => styles
            [8] => documents
            [9] => contentFormat
            [10] => sections
        )

)

----------------------------------------
[2025-04-12 02:10:26] Document fields available
Data: Array
(
    [field_names] => Array
        (
            [0] => extractTable
        )

)

----------------------------------------
[2025-04-12 02:10:26] Returning structured JSON data
Data: Array
(
    [length] => 41175
)

----------------------------------------
[2025-04-12 02:10:26] OCR completed successfully
Data: Array
(
    [output_length] => 41175
)

----------------------------------------
[2025-04-12 02:10:26] Input appears to be JSON, checking structure
----------------------------------------
[2025-04-12 02:10:26] Found Azure Document Intelligence structure
----------------------------------------
[2025-04-12 02:10:26] Found table data in Azure results
----------------------------------------
[2025-04-12 02:10:26] Successfully extracted subjects from Azure format
Data: Array
(
    [count] => 7
)

----------------------------------------
[2025-04-12 02:10:26] Subjects extracted successfully
Data: Array
(
    [count] => 7
    [first_subject] => {"subject_code":"COMP 20123","subject_description":"Fundamentals of Research","grade":1,"units":3}
)

----------------------------------------
[2025-04-12 02:10:26] Processing eligibility
Data: Array
(
    [student_type] => shiftee
)

----------------------------------------
[2025-04-12 02:10:26] Checking grading rules
Data: Array
(
    [previous_school] => Polytechnic University of the Philippines
)

----------------------------------------
[2025-04-12 02:10:26] Database configuration loaded
Data: Array
(
    [host] => localhost
    [database] => exam
)

----------------------------------------
[2025-04-12 02:10:26] New connection established with extended timeouts
Data: Array
(
    [wait_timeout] => 28800
    [interactive_timeout] => 28800
    [net_read_timeout] => 600
    [net_write_timeout] => 600
    [database] => exam
    [connection_id] => 104
)

----------------------------------------
[2025-04-12 02:10:26] Getting grading system rules
Data: Array
(
    [university] => Polytechnic University of the Philippines
)

----------------------------------------
[2025-04-12 02:10:26] Successfully retrieved grading rules
Data: Array
(
    [rules_count] => 10
)

----------------------------------------
[2025-04-12 02:10:26] Retrieved grading rules
Data: Array
(
    [rules_count] => 10
)

----------------------------------------
[2025-04-12 02:10:26] Student not eligible
Data: Array
(
    [reason] => Did not meet eligibility criteria
)

----------------------------------------
[2025-04-12 04:51:50] Starting POST request processing
----------------------------------------
[2025-04-12 04:51:50] Files uploaded successfully
Data: Array
(
    [tor_name] => 084c9274-4edf-460e-9a0d-c37b989db651.jpg
    [school_id_name] => image 44.png
)

----------------------------------------
[2025-04-12 04:51:50] TOR file moved to destination
Data: Array
(
    [path] => C:\wamp64\www\Practice/uploads/tor/084c9274-4edf-460e-9a0d-c37b989db651.jpg
    [size] => 244816
)

----------------------------------------
[2025-04-12 04:51:50] Starting OCR process
----------------------------------------
[2025-04-12 04:51:50] Starting Azure Document Intelligence OCR process for file
Data: Array
(
    [path] => C:\wamp64\www\Practice/uploads/tor/084c9274-4edf-460e-9a0d-c37b989db651.jpg
)

----------------------------------------
[2025-04-12 04:52:00] Raw result structure
Data: Array
(
    [status] => succeeded
    [has_documents] => 1
    [document_count] => 1
    [has_content] => 1
    [keys] => Array
        (
            [0] => apiVersion
            [1] => modelId
            [2] => stringIndexType
            [3] => content
            [4] => pages
            [5] => tables
            [6] => paragraphs
            [7] => styles
            [8] => documents
            [9] => contentFormat
            [10] => sections
            [11] => figures
        )

)

----------------------------------------
[2025-04-12 04:52:00] Document fields available
Data: Array
(
    [field_names] => Array
        (
            [0] => extractTable
        )

)

----------------------------------------
[2025-04-12 04:52:00] Returning structured JSON data
Data: Array
(
    [length] => 153409
)

----------------------------------------
[2025-04-12 04:52:00] OCR completed successfully
Data: Array
(
    [output_length] => 153409
)

----------------------------------------
[2025-04-12 04:52:00] Input appears to be JSON, checking structure
----------------------------------------
[2025-04-12 04:52:00] Found Azure Document Intelligence structure
----------------------------------------
[2025-04-12 04:52:00] Found table data in Azure results
----------------------------------------
[2025-04-12 04:52:00] Successfully extracted subjects from Azure format
Data: Array
(
    [count] => 21
)

----------------------------------------
[2025-04-12 04:52:00] Subjects extracted successfully
Data: Array
(
    [count] => 21
    [first_subject] => {"subject_code":"CHEMGEN1-M","subject_description":"General Chemistry","grade":1.75,"units":3}
)

----------------------------------------
[2025-04-12 04:52:00] Processing eligibility
Data: Array
(
    [student_type] => transferee
)

----------------------------------------
[2025-04-12 04:52:00] Checking grading rules
Data: Array
(
    [previous_school] => Technological University of the Philippines
)

----------------------------------------
[2025-04-12 04:52:00] Database configuration loaded
Data: Array
(
    [host] => localhost
    [database] => exam
)

----------------------------------------
[2025-04-12 04:52:00] New connection established with extended timeouts
Data: Array
(
    [wait_timeout] => 28800
    [interactive_timeout] => 28800
    [net_read_timeout] => 600
    [net_write_timeout] => 600
    [database] => exam
    [connection_id] => 122
)

----------------------------------------
[2025-04-12 04:52:00] Getting grading system rules
Data: Array
(
    [university] => Technological University of the Philippines
)

----------------------------------------
[2025-04-12 04:52:00] Successfully retrieved grading rules
Data: Array
(
    [rules_count] => 9
)

----------------------------------------
[2025-04-12 04:52:00] Retrieved grading rules
Data: Array
(
    [rules_count] => 9
)

----------------------------------------
[2025-04-12 04:52:00] Starting Tech Student Check
----------------------------------------
[2025-04-12 04:52:00] Checking tech subjects against
Data: Array
(
    [tech_keywords] => Array
        (
            [0] => Computer Programming
            [1] => Software Engineering
            [2] => Database Systems
            [3] => Operating Systems
            [4] => Data Structures
            [5] => Algorithms
            [6] => Web Development
            [7] => Information Technology
            [8] => Cybersecurity
            [9] => System Analysis
            [10] => Introduction to Computing
        )

    [total_subjects] => 21
)

----------------------------------------
[2025-04-12 04:52:00] No tech subjects found
----------------------------------------
[2025-04-12 04:52:00] Prepared student data
Data: Array
(
    [data] => Array
        (
            [first_name] => sdfgsdfgd
            [middle_name] => h
            [last_name] => leslyd
            [gender] => Female
            [dob] => 2025-04-30
            [email] => janlloyddugo21@gmail.com
            [contact_number] => 09667311952
            [street] => c raymundo
            [student_type] => transferee
            [previous_school] => Technological University of the Philippines
            [year_level] => 1
            [previous_program] => Bachelor of Science in Entrepreneurship (BSEntrep)
            [desired_program] => BSIT
            [tor_path] => uploads/tor/084c9274-4edf-460e-9a0d-c37b989db651.jpg
            [school_id_path] => uploads/school_id/image 44.png
            [is_tech] => 
            [status] => pending
        )

)

----------------------------------------
[2025-04-12 04:52:00] Starting Subject Matching Process
Data: Array
(
    [student_id] => 111
    [desired_program] => BSIT
    [total_subjects_from_tor] => 21
)

----------------------------------------
[2025-04-12 04:52:00] Retrieved Program Subjects
Data: Array
(
    [program] => BSIT
    [total_program_subjects] => 15
)

----------------------------------------
[2025-04-12 04:52:00] Processing TOR Subject
Data: Array
(
    [code] => CHEMGEN1-M
    [description] => General Chemistry
    [units] => 3
)

----------------------------------------
[2025-04-12 04:52:00] Checking similarity
Data: Array
(
    [program_subject] => Accounting Principles
    [tor_subject] => General Chemistry
    [similarity] => 21.052631578947
)

----------------------------------------
[2025-04-12 04:52:00] Checking similarity
Data: Array
(
    [program_subject] => Computer Programming 2
    [tor_subject] => General Chemistry
    [similarity] => 25.641025641026
)

----------------------------------------
[2025-04-12 04:52:00] Checking similarity
Data: Array
(
    [program_subject] => Introduction to Computing
    [tor_subject] => General Chemistry
    [similarity] => 14.285714285714
)

----------------------------------------
[2025-04-12 04:52:00] Checking similarity
Data: Array
(
    [program_subject] => Computer Programming 1
    [tor_subject] => General Chemistry
    [similarity] => 25.641025641026
)

----------------------------------------
[2025-04-12 04:52:00] Checking similarity
Data: Array
(
    [program_subject] => Civic Welfare Training Service 1
    [tor_subject] => General Chemistry
    [similarity] => 16.326530612245
)

----------------------------------------
[2025-04-12 04:52:00] Checking similarity
Data: Array
(
    [program_subject] => Mathematics in the Modern World
    [tor_subject] => General Chemistry
    [similarity] => 25
)

----------------------------------------
[2025-04-12 04:52:00] Checking similarity
Data: Array
(
    [program_subject] => Purposive Communication
    [tor_subject] => General Chemistry
    [similarity] => 30
)

----------------------------------------
[2025-04-12 04:52:00] Checking similarity
Data: Array
(
    [program_subject] => Filipinolohiya at Pambansang Kaunlaran
    [tor_subject] => General Chemistry
    [similarity] => 10.909090909091
)

----------------------------------------
[2025-04-12 04:52:00] Checking similarity
Data: Array
(
    [program_subject] => Discrete Structures 1
    [tor_subject] => General Chemistry
    [similarity] => 21.052631578947
)

----------------------------------------
[2025-04-12 04:52:00] Checking similarity
Data: Array
(
    [program_subject] => Civic Welfare Training Service 2
    [tor_subject] => General Chemistry
    [similarity] => 16.326530612245
)

----------------------------------------
[2025-04-12 04:52:00] Checking similarity
Data: Array
(
    [program_subject] => Readings in Philippine History
    [tor_subject] => General Chemistry
    [similarity] => 42.553191489362
)

----------------------------------------
[2025-04-12 04:52:00] Checking similarity
Data: Array
(
    [program_subject] => Pagsasalin sa Kontekstong Filipino
    [tor_subject] => General Chemistry
    [similarity] => 23.529411764706
)

----------------------------------------
[2025-04-12 04:52:00] Checking similarity
Data: Array
(
    [program_subject] => Politics, Governance and Citizenship
    [tor_subject] => General Chemistry
    [similarity] => 30.188679245283
)

----------------------------------------
[2025-04-12 04:52:00] No suitable match found
Data: Array
(
    [tor_subject] => General Chemistry
    [best_similarity] => 0
)

----------------------------------------
[2025-04-12 04:52:00] Processing TOR Subject
Data: Array
(
    [code] => CHEMGEN1L-M
    [description] => General Chemistry, Laboratory
    [units] => 1
)

----------------------------------------
[2025-04-12 04:52:00] No suitable match found
Data: Array
(
    [tor_subject] => General Chemistry, Laboratory
    [best_similarity] => 0
)

----------------------------------------
[2025-04-12 04:52:00] Processing TOR Subject
Data: Array
(
    [code] => GEC2-M
    [description] => Readings in Philippine History
    [units] => 3
)

----------------------------------------
[2025-04-12 04:52:00] Checking similarity
Data: Array
(
    [program_subject] => Accounting Principles
    [tor_subject] => Readings in Philippine History
    [similarity] => 39.21568627451
)

----------------------------------------
[2025-04-12 04:52:00] Checking similarity
Data: Array
(
    [program_subject] => Computer Programming 2
    [tor_subject] => Readings in Philippine History
    [similarity] => 23.076923076923
)

----------------------------------------
[2025-04-12 04:52:00] Checking similarity
Data: Array
(
    [program_subject] => Introduction to Computing
    [tor_subject] => Readings in Philippine History
    [similarity] => 18.181818181818
)

----------------------------------------
[2025-04-12 04:52:00] Checking similarity
Data: Array
(
    [program_subject] => Computer Programming 1
    [tor_subject] => Readings in Philippine History
    [similarity] => 23.076923076923
)

----------------------------------------
[2025-04-12 04:52:00] Checking similarity
Data: Array
(
    [program_subject] => Civic Welfare Training Service 1
    [tor_subject] => Readings in Philippine History
    [similarity] => 32.258064516129
)

----------------------------------------
[2025-04-12 04:52:00] Checking similarity
Data: Array
(
    [program_subject] => Mathematics in the Modern World
    [tor_subject] => Readings in Philippine History
    [similarity] => 39.344262295082
)

----------------------------------------
[2025-04-12 04:52:00] Checking similarity
Data: Array
(
    [program_subject] => Purposive Communication
    [tor_subject] => Readings in Philippine History
    [similarity] => 22.641509433962
)

----------------------------------------
[2025-04-12 04:52:00] Checking similarity
Data: Array
(
    [program_subject] => Filipinolohiya at Pambansang Kaunlaran
    [tor_subject] => Readings in Philippine History
    [similarity] => 26.470588235294
)

----------------------------------------
[2025-04-12 04:52:00] Checking similarity
Data: Array
(
    [program_subject] => Discrete Structures 1
    [tor_subject] => Readings in Philippine History
    [similarity] => 31.372549019608
)

----------------------------------------
[2025-04-12 04:52:00] Checking similarity
Data: Array
(
    [program_subject] => Civic Welfare Training Service 2
    [tor_subject] => Readings in Philippine History
    [similarity] => 32.258064516129
)

----------------------------------------
[2025-04-12 04:52:00] Checking similarity
Data: Array
(
    [program_subject] => Readings in Philippine History
    [tor_subject] => Readings in Philippine History
    [similarity] => 100
)

----------------------------------------
[2025-04-12 04:52:00] Checking similarity
Data: Array
(
    [program_subject] => Pagsasalin sa Kontekstong Filipino
    [tor_subject] => Readings in Philippine History
    [similarity] => 40.625
)

----------------------------------------
[2025-04-12 04:52:00] Checking similarity
Data: Array
(
    [program_subject] => Politics, Governance and Citizenship
    [tor_subject] => Readings in Philippine History
    [similarity] => 27.272727272727
)

----------------------------------------
[2025-04-12 04:52:00] Successfully matched and inserted
Data: Array
(
    [tor_subject] => Readings in Philippine History
    [program_subject] => Readings in Philippine History
    [similarity] => 100
)

----------------------------------------
[2025-04-12 04:52:00] Processing TOR Subject
Data: Array
(
    [code] => GEC4-M
    [description] => Mathematics in the Modern World
    [units] => 3
)

----------------------------------------
[2025-04-12 04:52:00] Checking similarity
Data: Array
(
    [program_subject] => Accounting Principles
    [tor_subject] => Mathematics in the Modern World
    [similarity] => 26.923076923077
)

----------------------------------------
[2025-04-12 04:52:00] Checking similarity
Data: Array
(
    [program_subject] => Computer Programming 2
    [tor_subject] => Mathematics in the Modern World
    [similarity] => 22.641509433962
)

----------------------------------------
[2025-04-12 04:52:00] Checking similarity
Data: Array
(
    [program_subject] => Introduction to Computing
    [tor_subject] => Mathematics in the Modern World
    [similarity] => 32.142857142857
)

----------------------------------------
[2025-04-12 04:52:00] Checking similarity
Data: Array
(
    [program_subject] => Computer Programming 1
    [tor_subject] => Mathematics in the Modern World
    [similarity] => 22.641509433962
)

----------------------------------------
[2025-04-12 04:52:00] Checking similarity
Data: Array
(
    [program_subject] => Civic Welfare Training Service 1
    [tor_subject] => Mathematics in the Modern World
    [similarity] => 15.873015873016
)

----------------------------------------
[2025-04-12 04:52:00] Checking similarity
Data: Array
(
    [program_subject] => Mathematics in the Modern World
    [tor_subject] => Mathematics in the Modern World
    [similarity] => 100
)

----------------------------------------
[2025-04-12 04:52:00] Checking similarity
Data: Array
(
    [program_subject] => Purposive Communication
    [tor_subject] => Mathematics in the Modern World
    [similarity] => 25.925925925926
)

----------------------------------------
[2025-04-12 04:52:00] Checking similarity
Data: Array
(
    [program_subject] => Filipinolohiya at Pambansang Kaunlaran
    [tor_subject] => Mathematics in the Modern World
    [similarity] => 14.492753623188
)

----------------------------------------
[2025-04-12 04:52:00] Checking similarity
Data: Array
(
    [program_subject] => Discrete Structures 1
    [tor_subject] => Mathematics in the Modern World
    [similarity] => 26.923076923077
)

----------------------------------------
[2025-04-12 04:52:00] Checking similarity
Data: Array
(
    [program_subject] => Civic Welfare Training Service 2
    [tor_subject] => Mathematics in the Modern World
    [similarity] => 15.873015873016
)

----------------------------------------
[2025-04-12 04:52:00] Checking similarity
Data: Array
(
    [program_subject] => Readings in Philippine History
    [tor_subject] => Mathematics in the Modern World
    [similarity] => 42.622950819672
)

----------------------------------------
[2025-04-12 04:52:00] Checking similarity
Data: Array
(
    [program_subject] => Pagsasalin sa Kontekstong Filipino
    [tor_subject] => Mathematics in the Modern World
    [similarity] => 30.769230769231
)

----------------------------------------
[2025-04-12 04:52:00] Checking similarity
Data: Array
(
    [program_subject] => Politics, Governance and Citizenship
    [tor_subject] => Mathematics in the Modern World
    [similarity] => 32.835820895522
)

----------------------------------------
[2025-04-12 04:52:00] Successfully matched and inserted
Data: Array
(
    [tor_subject] => Mathematics in the Modern World
    [program_subject] => Mathematics in the Modern World
    [similarity] => 100
)

----------------------------------------
[2025-04-12 04:52:00] Processing TOR Subject
Data: Array
(
    [code] => GEC7-M
    [description] => Science, Technology and Society
    [units] => 3
)

----------------------------------------
[2025-04-12 04:52:00] Checking similarity
Data: Array
(
    [program_subject] => Accounting Principles
    [tor_subject] => Science, Technology and Society
    [similarity] => 23.076923076923
)

----------------------------------------
[2025-04-12 04:52:00] Checking similarity
Data: Array
(
    [program_subject] => Computer Programming 2
    [tor_subject] => Science, Technology and Society
    [similarity] => 26.415094339623
)

----------------------------------------
[2025-04-12 04:52:00] Checking similarity
Data: Array
(
    [program_subject] => Introduction to Computing
    [tor_subject] => Science, Technology and Society
    [similarity] => 32.142857142857
)

----------------------------------------
[2025-04-12 04:52:00] Checking similarity
Data: Array
(
    [program_subject] => Computer Programming 1
    [tor_subject] => Science, Technology and Society
    [similarity] => 26.415094339623
)

----------------------------------------
[2025-04-12 04:52:00] Checking similarity
Data: Array
(
    [program_subject] => Civic Welfare Training Service 1
    [tor_subject] => Science, Technology and Society
    [similarity] => 34.920634920635
)

----------------------------------------
[2025-04-12 04:52:00] Checking similarity
Data: Array
(
    [program_subject] => Mathematics in the Modern World
    [tor_subject] => Science, Technology and Society
    [similarity] => 19.354838709677
)

----------------------------------------
[2025-04-12 04:52:00] Checking similarity
Data: Array
(
    [program_subject] => Purposive Communication
    [tor_subject] => Science, Technology and Society
    [similarity] => 18.518518518519
)

----------------------------------------
[2025-04-12 04:52:00] Checking similarity
Data: Array
(
    [program_subject] => Filipinolohiya at Pambansang Kaunlaran
    [tor_subject] => Science, Technology and Society
    [similarity] => 26.086956521739
)

----------------------------------------
[2025-04-12 04:52:00] Checking similarity
Data: Array
(
    [program_subject] => Discrete Structures 1
    [tor_subject] => Science, Technology and Society
    [similarity] => 15.384615384615
)

----------------------------------------
[2025-04-12 04:52:00] Checking similarity
Data: Array
(
    [program_subject] => Civic Welfare Training Service 2
    [tor_subject] => Science, Technology and Society
    [similarity] => 34.920634920635
)

----------------------------------------
[2025-04-12 04:52:00] Checking similarity
Data: Array
(
    [program_subject] => Readings in Philippine History
    [tor_subject] => Science, Technology and Society
    [similarity] => 22.950819672131
)

----------------------------------------
[2025-04-12 04:52:00] Checking similarity
Data: Array
(
    [program_subject] => Pagsasalin sa Kontekstong Filipino
    [tor_subject] => Science, Technology and Society
    [similarity] => 18.461538461538
)

----------------------------------------
[2025-04-12 04:52:00] Checking similarity
Data: Array
(
    [program_subject] => Politics, Governance and Citizenship
    [tor_subject] => Science, Technology and Society
    [similarity] => 38.805970149254
)

----------------------------------------
[2025-04-12 04:52:00] No suitable match found
Data: Array
(
    [tor_subject] => Science, Technology and Society
    [best_similarity] => 0
)

----------------------------------------
[2025-04-12 04:52:00] Processing TOR Subject
Data: Array
(
    [code] => HRM111-M
    [description] => Risk Management as Applied to Safety, Security and Sanitation
    [units] => 3
)

----------------------------------------
[2025-04-12 04:52:00] Checking similarity
Data: Array
(
    [program_subject] => Accounting Principles
    [tor_subject] => Risk Management as Applied to Safety, Security and Sanitation
    [similarity] => 21.951219512195
)

----------------------------------------
[2025-04-12 04:52:00] Checking similarity
Data: Array
(
    [program_subject] => Computer Programming 2
    [tor_subject] => Risk Management as Applied to Safety, Security and Sanitation
    [similarity] => 7.2289156626506
)

----------------------------------------
[2025-04-12 04:52:00] Checking similarity
Data: Array
(
    [program_subject] => Introduction to Computing
    [tor_subject] => Risk Management as Applied to Safety, Security and Sanitation
    [similarity] => 20.93023255814
)

----------------------------------------
[2025-04-12 04:52:00] Checking similarity
Data: Array
(
    [program_subject] => Computer Programming 1
    [tor_subject] => Risk Management as Applied to Safety, Security and Sanitation
    [similarity] => 7.2289156626506
)

----------------------------------------
[2025-04-12 04:52:00] Checking similarity
Data: Array
(
    [program_subject] => Civic Welfare Training Service 1
    [tor_subject] => Risk Management as Applied to Safety, Security and Sanitation
    [similarity] => 25.806451612903
)

----------------------------------------
[2025-04-12 04:52:00] Checking similarity
Data: Array
(
    [program_subject] => Mathematics in the Modern World
    [tor_subject] => Risk Management as Applied to Safety, Security and Sanitation
    [similarity] => 17.391304347826
)

----------------------------------------
[2025-04-12 04:52:00] Checking similarity
Data: Array
(
    [program_subject] => Purposive Communication
    [tor_subject] => Risk Management as Applied to Safety, Security and Sanitation
    [similarity] => 26.190476190476
)

----------------------------------------
[2025-04-12 04:52:00] Checking similarity
Data: Array
(
    [program_subject] => Filipinolohiya at Pambansang Kaunlaran
    [tor_subject] => Risk Management as Applied to Safety, Security and Sanitation
    [similarity] => 26.262626262626
)

----------------------------------------
[2025-04-12 04:52:00] Checking similarity
Data: Array
(
    [program_subject] => Discrete Structures 1
    [tor_subject] => Risk Management as Applied to Safety, Security and Sanitation
    [similarity] => 24.390243902439
)

----------------------------------------
[2025-04-12 04:52:00] Checking similarity
Data: Array
(
    [program_subject] => Civic Welfare Training Service 2
    [tor_subject] => Risk Management as Applied to Safety, Security and Sanitation
    [similarity] => 25.806451612903
)

----------------------------------------
[2025-04-12 04:52:00] Checking similarity
Data: Array
(
    [program_subject] => Readings in Philippine History
    [tor_subject] => Risk Management as Applied to Safety, Security and Sanitation
    [similarity] => 30.769230769231
)

----------------------------------------
[2025-04-12 04:52:00] Checking similarity
Data: Array
(
    [program_subject] => Pagsasalin sa Kontekstong Filipino
    [tor_subject] => Risk Management as Applied to Safety, Security and Sanitation
    [similarity] => 27.368421052632
)

----------------------------------------
[2025-04-12 04:52:00] Checking similarity
Data: Array
(
    [program_subject] => Politics, Governance and Citizenship
    [tor_subject] => Risk Management as Applied to Safety, Security and Sanitation
    [similarity] => 37.113402061856
)

----------------------------------------
[2025-04-12 04:52:00] No suitable match found
Data: Array
(
    [tor_subject] => Risk Management as Applied to Safety, Security and Sanitation
    [best_similarity] => 0
)

----------------------------------------
[2025-04-12 04:52:00] Processing TOR Subject
Data: Array
(
    [code] => HRM112-M
    [description] => Macro Perspective of Tourism and Hospitality
    [units] => 3
)

----------------------------------------
[2025-04-12 04:52:00] Checking similarity
Data: Array
(
    [program_subject] => Accounting Principles
    [tor_subject] => Macro Perspective of Tourism and Hospitality
    [similarity] => 30.769230769231
)

----------------------------------------
[2025-04-12 04:52:00] Checking similarity
Data: Array
(
    [program_subject] => Computer Programming 2
    [tor_subject] => Macro Perspective of Tourism and Hospitality
    [similarity] => 27.272727272727
)

----------------------------------------
[2025-04-12 04:52:00] Checking similarity
Data: Array
(
    [program_subject] => Introduction to Computing
    [tor_subject] => Macro Perspective of Tourism and Hospitality
    [similarity] => 40.579710144928
)

----------------------------------------
[2025-04-12 04:52:00] Checking similarity
Data: Array
(
    [program_subject] => Computer Programming 1
    [tor_subject] => Macro Perspective of Tourism and Hospitality
    [similarity] => 27.272727272727
)

----------------------------------------
[2025-04-12 04:52:00] Checking similarity
Data: Array
(
    [program_subject] => Civic Welfare Training Service 1
    [tor_subject] => Macro Perspective of Tourism and Hospitality
    [similarity] => 26.315789473684
)

----------------------------------------
[2025-04-12 04:52:00] Checking similarity
Data: Array
(
    [program_subject] => Mathematics in the Modern World
    [tor_subject] => Macro Perspective of Tourism and Hospitality
    [similarity] => 29.333333333333
)

----------------------------------------
[2025-04-12 04:52:00] Checking similarity
Data: Array
(
    [program_subject] => Purposive Communication
    [tor_subject] => Macro Perspective of Tourism and Hospitality
    [similarity] => 38.805970149254
)

----------------------------------------
[2025-04-12 04:52:00] Checking similarity
Data: Array
(
    [program_subject] => Filipinolohiya at Pambansang Kaunlaran
    [tor_subject] => Macro Perspective of Tourism and Hospitality
    [similarity] => 12.19512195122
)

----------------------------------------
[2025-04-12 04:52:00] Checking similarity
Data: Array
(
    [program_subject] => Discrete Structures 1
    [tor_subject] => Macro Perspective of Tourism and Hospitality
    [similarity] => 12.307692307692
)

----------------------------------------
[2025-04-12 04:52:00] Checking similarity
Data: Array
(
    [program_subject] => Civic Welfare Training Service 2
    [tor_subject] => Macro Perspective of Tourism and Hospitality
    [similarity] => 26.315789473684
)

----------------------------------------
[2025-04-12 04:52:00] Checking similarity
Data: Array
(
    [program_subject] => Readings in Philippine History
    [tor_subject] => Macro Perspective of Tourism and Hospitality
    [similarity] => 24.324324324324
)

----------------------------------------
[2025-04-12 04:52:00] Checking similarity
Data: Array
(
    [program_subject] => Pagsasalin sa Kontekstong Filipino
    [tor_subject] => Macro Perspective of Tourism and Hospitality
    [similarity] => 17.948717948718
)

----------------------------------------
[2025-04-12 04:52:00] Checking similarity
Data: Array
(
    [program_subject] => Politics, Governance and Citizenship
    [tor_subject] => Macro Perspective of Tourism and Hospitality
    [similarity] => 35
)

----------------------------------------
[2025-04-12 04:52:00] No suitable match found
Data: Array
(
    [tor_subject] => Macro Perspective of Tourism and Hospitality
    [best_similarity] => 0
)

----------------------------------------
[2025-04-12 04:52:00] Processing TOR Subject
Data: Array
(
    [code] => HRM113LAB-M
    [description] => Kitchen Essentials & Basic Food Preparation
    [units] => 1
)

----------------------------------------
[2025-04-12 04:52:00] No suitable match found
Data: Array
(
    [tor_subject] => Kitchen Essentials & Basic Food Preparation
    [best_similarity] => 0
)

----------------------------------------
[2025-04-12 04:52:00] Processing TOR Subject
Data: Array
(
    [code] => HRM113LEC-M
    [description] => Kitchen Essentials & Basic Food Preparation
    [units] => 2
)

----------------------------------------
[2025-04-12 04:52:00] Checking similarity
Data: Array
(
    [program_subject] => Physical Fitness and Self-Testing Activities
    [tor_subject] => Kitchen Essentials & Basic Food Preparation
    [similarity] => 27.586206896552
)

----------------------------------------
[2025-04-12 04:52:00] Checking similarity
Data: Array
(
    [program_subject] => Rhythmic Activities
    [tor_subject] => Kitchen Essentials & Basic Food Preparation
    [similarity] => 25.806451612903
)

----------------------------------------
[2025-04-12 04:52:00] No suitable match found
Data: Array
(
    [tor_subject] => Kitchen Essentials & Basic Food Preparation
    [best_similarity] => 0
)

----------------------------------------
[2025-04-12 04:52:00] Processing TOR Subject
Data: Array
(
    [code] => NSTP1-M
    [description] => National Service Training Program 1
    [units] => 3
)

----------------------------------------
[2025-04-12 04:52:00] Checking similarity
Data: Array
(
    [program_subject] => Accounting Principles
    [tor_subject] => National Service Training Program 1
    [similarity] => 32.142857142857
)

----------------------------------------
[2025-04-12 04:52:00] Checking similarity
Data: Array
(
    [program_subject] => Computer Programming 2
    [tor_subject] => National Service Training Program 1
    [similarity] => 42.105263157895
)

----------------------------------------
[2025-04-12 04:52:00] Checking similarity
Data: Array
(
    [program_subject] => Introduction to Computing
    [tor_subject] => National Service Training Program 1
    [similarity] => 33.333333333333
)

----------------------------------------
[2025-04-12 04:52:00] Checking similarity
Data: Array
(
    [program_subject] => Computer Programming 1
    [tor_subject] => National Service Training Program 1
    [similarity] => 45.614035087719
)

----------------------------------------
[2025-04-12 04:52:00] Checking similarity
Data: Array
(
    [program_subject] => Civic Welfare Training Service 1
    [tor_subject] => National Service Training Program 1
    [similarity] => 53.731343283582
)

----------------------------------------
[2025-04-12 04:52:00] Checking similarity
Data: Array
(
    [program_subject] => Mathematics in the Modern World
    [tor_subject] => National Service Training Program 1
    [similarity] => 27.272727272727
)

----------------------------------------
[2025-04-12 04:52:00] Checking similarity
Data: Array
(
    [program_subject] => Purposive Communication
    [tor_subject] => National Service Training Program 1
    [similarity] => 20.689655172414
)

----------------------------------------
[2025-04-12 04:52:00] Checking similarity
Data: Array
(
    [program_subject] => Filipinolohiya at Pambansang Kaunlaran
    [tor_subject] => National Service Training Program 1
    [similarity] => 30.13698630137
)

----------------------------------------
[2025-04-12 04:52:00] Checking similarity
Data: Array
(
    [program_subject] => Discrete Structures 1
    [tor_subject] => National Service Training Program 1
    [similarity] => 35.714285714286
)

----------------------------------------
[2025-04-12 04:52:00] Checking similarity
Data: Array
(
    [program_subject] => Civic Welfare Training Service 2
    [tor_subject] => National Service Training Program 1
    [similarity] => 50.746268656716
)

----------------------------------------
[2025-04-12 04:52:00] Checking similarity
Data: Array
(
    [program_subject] => Readings in Philippine History
    [tor_subject] => National Service Training Program 1
    [similarity] => 27.692307692308
)

----------------------------------------
[2025-04-12 04:52:00] Checking similarity
Data: Array
(
    [program_subject] => Pagsasalin sa Kontekstong Filipino
    [tor_subject] => National Service Training Program 1
    [similarity] => 28.985507246377
)

----------------------------------------
[2025-04-12 04:52:00] Checking similarity
Data: Array
(
    [program_subject] => Politics, Governance and Citizenship
    [tor_subject] => National Service Training Program 1
    [similarity] => 33.802816901408
)

----------------------------------------
[2025-04-12 04:52:00] No suitable match found
Data: Array
(
    [tor_subject] => National Service Training Program 1
    [best_similarity] => 0
)

----------------------------------------
[2025-04-12 04:52:00] Processing TOR Subject
Data: Array
(
    [code] => CLT125LAB-M
    [description] => Food Chemistry, Laboratory
    [units] => 1
)

----------------------------------------
[2025-04-12 04:52:00] No suitable match found
Data: Array
(
    [tor_subject] => Food Chemistry, Laboratory
    [best_similarity] => 0
)

----------------------------------------
[2025-04-12 04:52:00] Processing TOR Subject
Data: Array
(
    [code] => CLT125LEC-M
    [description] => Food Chemistry
    [units] => 3
)

----------------------------------------
[2025-04-12 04:52:00] Checking similarity
Data: Array
(
    [program_subject] => Accounting Principles
    [tor_subject] => Food Chemistry
    [similarity] => 17.142857142857
)

----------------------------------------
[2025-04-12 04:52:00] Checking similarity
Data: Array
(
    [program_subject] => Computer Programming 2
    [tor_subject] => Food Chemistry
    [similarity] => 22.222222222222
)

----------------------------------------
[2025-04-12 04:52:00] Checking similarity
Data: Array
(
    [program_subject] => Introduction to Computing
    [tor_subject] => Food Chemistry
    [similarity] => 15.384615384615
)

----------------------------------------
[2025-04-12 04:52:00] Checking similarity
Data: Array
(
    [program_subject] => Computer Programming 1
    [tor_subject] => Food Chemistry
    [similarity] => 22.222222222222
)

----------------------------------------
[2025-04-12 04:52:00] Checking similarity
Data: Array
(
    [program_subject] => Civic Welfare Training Service 1
    [tor_subject] => Food Chemistry
    [similarity] => 17.391304347826
)

----------------------------------------
[2025-04-12 04:52:00] Checking similarity
Data: Array
(
    [program_subject] => Mathematics in the Modern World
    [tor_subject] => Food Chemistry
    [similarity] => 22.222222222222
)

----------------------------------------
[2025-04-12 04:52:00] Checking similarity
Data: Array
(
    [program_subject] => Purposive Communication
    [tor_subject] => Food Chemistry
    [similarity] => 32.432432432432
)

----------------------------------------
[2025-04-12 04:52:00] Checking similarity
Data: Array
(
    [program_subject] => Filipinolohiya at Pambansang Kaunlaran
    [tor_subject] => Food Chemistry
    [similarity] => 11.538461538462
)

----------------------------------------
[2025-04-12 04:52:00] Checking similarity
Data: Array
(
    [program_subject] => Discrete Structures 1
    [tor_subject] => Food Chemistry
    [similarity] => 28.571428571429
)

----------------------------------------
[2025-04-12 04:52:00] Checking similarity
Data: Array
(
    [program_subject] => Civic Welfare Training Service 2
    [tor_subject] => Food Chemistry
    [similarity] => 17.391304347826
)

----------------------------------------
[2025-04-12 04:52:00] Checking similarity
Data: Array
(
    [program_subject] => Readings in Philippine History
    [tor_subject] => Food Chemistry
    [similarity] => 27.272727272727
)

----------------------------------------
[2025-04-12 04:52:00] Checking similarity
Data: Array
(
    [program_subject] => Pagsasalin sa Kontekstong Filipino
    [tor_subject] => Food Chemistry
    [similarity] => 12.5
)

----------------------------------------
[2025-04-12 04:52:00] Checking similarity
Data: Array
(
    [program_subject] => Politics, Governance and Citizenship
    [tor_subject] => Food Chemistry
    [similarity] => 28
)

----------------------------------------
[2025-04-12 04:52:00] No suitable match found
Data: Array
(
    [tor_subject] => Food Chemistry
    [best_similarity] => 0
)

----------------------------------------
[2025-04-12 04:52:00] Processing TOR Subject
Data: Array
(
    [code] => GEC1-M
    [description] => Understanding the Self
    [units] => 3
)

----------------------------------------
[2025-04-12 04:52:00] Checking similarity
Data: Array
(
    [program_subject] => Accounting Principles
    [tor_subject] => Understanding the Self
    [similarity] => 37.209302325581
)

----------------------------------------
[2025-04-12 04:52:00] Checking similarity
Data: Array
(
    [program_subject] => Computer Programming 2
    [tor_subject] => Understanding the Self
    [similarity] => 36.363636363636
)

----------------------------------------
[2025-04-12 04:52:00] Checking similarity
Data: Array
(
    [program_subject] => Introduction to Computing
    [tor_subject] => Understanding the Self
    [similarity] => 25.531914893617
)

----------------------------------------
[2025-04-12 04:52:00] Checking similarity
Data: Array
(
    [program_subject] => Computer Programming 1
    [tor_subject] => Understanding the Self
    [similarity] => 36.363636363636
)

----------------------------------------
[2025-04-12 04:52:00] Checking similarity
Data: Array
(
    [program_subject] => Civic Welfare Training Service 1
    [tor_subject] => Understanding the Self
    [similarity] => 33.333333333333
)

----------------------------------------
[2025-04-12 04:52:00] Checking similarity
Data: Array
(
    [program_subject] => Mathematics in the Modern World
    [tor_subject] => Understanding the Self
    [similarity] => 37.735849056604
)

----------------------------------------
[2025-04-12 04:52:00] Checking similarity
Data: Array
(
    [program_subject] => Purposive Communication
    [tor_subject] => Understanding the Self
    [similarity] => 26.666666666667
)

----------------------------------------
[2025-04-12 04:52:00] Checking similarity
Data: Array
(
    [program_subject] => Filipinolohiya at Pambansang Kaunlaran
    [tor_subject] => Understanding the Self
    [similarity] => 26.666666666667
)

----------------------------------------
[2025-04-12 04:52:00] Checking similarity
Data: Array
(
    [program_subject] => Discrete Structures 1
    [tor_subject] => Understanding the Self
    [similarity] => 32.558139534884
)

----------------------------------------
[2025-04-12 04:52:00] Checking similarity
Data: Array
(
    [program_subject] => Civic Welfare Training Service 2
    [tor_subject] => Understanding the Self
    [similarity] => 33.333333333333
)

----------------------------------------
[2025-04-12 04:52:00] Checking similarity
Data: Array
(
    [program_subject] => Readings in Philippine History
    [tor_subject] => Understanding the Self
    [similarity] => 42.307692307692
)

----------------------------------------
[2025-04-12 04:52:00] Checking similarity
Data: Array
(
    [program_subject] => Pagsasalin sa Kontekstong Filipino
    [tor_subject] => Understanding the Self
    [similarity] => 28.571428571429
)

----------------------------------------
[2025-04-12 04:52:00] Checking similarity
Data: Array
(
    [program_subject] => Politics, Governance and Citizenship
    [tor_subject] => Understanding the Self
    [similarity] => 31.034482758621
)

----------------------------------------
[2025-04-12 04:52:00] No suitable match found
Data: Array
(
    [tor_subject] => Understanding the Self
    [best_similarity] => 0
)

----------------------------------------
[2025-04-12 04:52:00] Processing TOR Subject
Data: Array
(
    [code] => GEC3-M
    [description] => The Contemporary World
    [units] => 3
)

----------------------------------------
[2025-04-12 04:52:00] Checking similarity
Data: Array
(
    [program_subject] => Accounting Principles
    [tor_subject] => The Contemporary World
    [similarity] => 32.558139534884
)

----------------------------------------
[2025-04-12 04:52:00] Checking similarity
Data: Array
(
    [program_subject] => Computer Programming 2
    [tor_subject] => The Contemporary World
    [similarity] => 36.363636363636
)

----------------------------------------
[2025-04-12 04:52:00] Checking similarity
Data: Array
(
    [program_subject] => Introduction to Computing
    [tor_subject] => The Contemporary World
    [similarity] => 25.531914893617
)

----------------------------------------
[2025-04-12 04:52:00] Checking similarity
Data: Array
(
    [program_subject] => Computer Programming 1
    [tor_subject] => The Contemporary World
    [similarity] => 36.363636363636
)

----------------------------------------
[2025-04-12 04:52:00] Checking similarity
Data: Array
(
    [program_subject] => Civic Welfare Training Service 1
    [tor_subject] => The Contemporary World
    [similarity] => 14.814814814815
)

----------------------------------------
[2025-04-12 04:52:00] Checking similarity
Data: Array
(
    [program_subject] => Mathematics in the Modern World
    [tor_subject] => The Contemporary World
    [similarity] => 49.056603773585
)

----------------------------------------
[2025-04-12 04:52:00] Checking similarity
Data: Array
(
    [program_subject] => Purposive Communication
    [tor_subject] => The Contemporary World
    [similarity] => 31.111111111111
)

----------------------------------------
[2025-04-12 04:52:00] Checking similarity
Data: Array
(
    [program_subject] => Filipinolohiya at Pambansang Kaunlaran
    [tor_subject] => The Contemporary World
    [similarity] => 13.333333333333
)

----------------------------------------
[2025-04-12 04:52:00] Checking similarity
Data: Array
(
    [program_subject] => Discrete Structures 1
    [tor_subject] => The Contemporary World
    [similarity] => 23.255813953488
)

----------------------------------------
[2025-04-12 04:52:00] Checking similarity
Data: Array
(
    [program_subject] => Civic Welfare Training Service 2
    [tor_subject] => The Contemporary World
    [similarity] => 14.814814814815
)

----------------------------------------
[2025-04-12 04:52:00] Checking similarity
Data: Array
(
    [program_subject] => Readings in Philippine History
    [tor_subject] => The Contemporary World
    [similarity] => 26.923076923077
)

----------------------------------------
[2025-04-12 04:52:00] Checking similarity
Data: Array
(
    [program_subject] => Pagsasalin sa Kontekstong Filipino
    [tor_subject] => The Contemporary World
    [similarity] => 28.571428571429
)

----------------------------------------
[2025-04-12 04:52:00] Checking similarity
Data: Array
(
    [program_subject] => Politics, Governance and Citizenship
    [tor_subject] => The Contemporary World
    [similarity] => 13.793103448276
)

----------------------------------------
[2025-04-12 04:52:00] No suitable match found
Data: Array
(
    [tor_subject] => The Contemporary World
    [best_similarity] => 0
)

----------------------------------------
[2025-04-12 04:52:00] Processing TOR Subject
Data: Array
(
    [code] => GEE12A-M
    [description] => Religions, Religious Experiences and Sprituality
    [units] => 3
)

----------------------------------------
[2025-04-12 04:52:00] Checking similarity
Data: Array
(
    [program_subject] => Accounting Principles
    [tor_subject] => Religions, Religious Experiences and Sprituality
    [similarity] => 26.086956521739
)

----------------------------------------
[2025-04-12 04:52:00] Checking similarity
Data: Array
(
    [program_subject] => Computer Programming 2
    [tor_subject] => Religions, Religious Experiences and Sprituality
    [similarity] => 25.714285714286
)

----------------------------------------
[2025-04-12 04:52:00] Checking similarity
Data: Array
(
    [program_subject] => Introduction to Computing
    [tor_subject] => Religions, Religious Experiences and Sprituality
    [similarity] => 21.917808219178
)

----------------------------------------
[2025-04-12 04:52:00] Checking similarity
Data: Array
(
    [program_subject] => Computer Programming 1
    [tor_subject] => Religions, Religious Experiences and Sprituality
    [similarity] => 25.714285714286
)

----------------------------------------
[2025-04-12 04:52:00] Checking similarity
Data: Array
(
    [program_subject] => Civic Welfare Training Service 1
    [tor_subject] => Religions, Religious Experiences and Sprituality
    [similarity] => 30
)

----------------------------------------
[2025-04-12 04:52:00] Checking similarity
Data: Array
(
    [program_subject] => Mathematics in the Modern World
    [tor_subject] => Religions, Religious Experiences and Sprituality
    [similarity] => 27.848101265823
)

----------------------------------------
[2025-04-12 04:52:00] Checking similarity
Data: Array
(
    [program_subject] => Purposive Communication
    [tor_subject] => Religions, Religious Experiences and Sprituality
    [similarity] => 14.084507042254
)

----------------------------------------
[2025-04-12 04:52:00] Checking similarity
Data: Array
(
    [program_subject] => Filipinolohiya at Pambansang Kaunlaran
    [tor_subject] => Religions, Religious Experiences and Sprituality
    [similarity] => 23.255813953488
)

----------------------------------------
[2025-04-12 04:52:00] Checking similarity
Data: Array
(
    [program_subject] => Discrete Structures 1
    [tor_subject] => Religions, Religious Experiences and Sprituality
    [similarity] => 26.086956521739
)

----------------------------------------
[2025-04-12 04:52:00] Checking similarity
Data: Array
(
    [program_subject] => Civic Welfare Training Service 2
    [tor_subject] => Religions, Religious Experiences and Sprituality
    [similarity] => 30
)

----------------------------------------
[2025-04-12 04:52:00] Checking similarity
Data: Array
(
    [program_subject] => Readings in Philippine History
    [tor_subject] => Religions, Religious Experiences and Sprituality
    [similarity] => 41.025641025641
)

----------------------------------------
[2025-04-12 04:52:00] Checking similarity
Data: Array
(
    [program_subject] => Pagsasalin sa Kontekstong Filipino
    [tor_subject] => Religions, Religious Experiences and Sprituality
    [similarity] => 17.073170731707
)

----------------------------------------
[2025-04-12 04:52:00] Checking similarity
Data: Array
(
    [program_subject] => Politics, Governance and Citizenship
    [tor_subject] => Religions, Religious Experiences and Sprituality
    [similarity] => 50
)

----------------------------------------
[2025-04-12 04:52:00] No suitable match found
Data: Array
(
    [tor_subject] => Religions, Religious Experiences and Sprituality
    [best_similarity] => 0
)

----------------------------------------
[2025-04-12 04:52:00] Processing TOR Subject
Data: Array
(
    [code] => HRM121LEC-M
    [description] => Micro Perspective of Tourism and Hospitality
    [units] => 3
)

----------------------------------------
[2025-04-12 04:52:00] Checking similarity
Data: Array
(
    [program_subject] => Accounting Principles
    [tor_subject] => Micro Perspective of Tourism and Hospitality
    [similarity] => 27.692307692308
)

----------------------------------------
[2025-04-12 04:52:00] Checking similarity
Data: Array
(
    [program_subject] => Computer Programming 2
    [tor_subject] => Micro Perspective of Tourism and Hospitality
    [similarity] => 27.272727272727
)

----------------------------------------
[2025-04-12 04:52:00] Checking similarity
Data: Array
(
    [program_subject] => Introduction to Computing
    [tor_subject] => Micro Perspective of Tourism and Hospitality
    [similarity] => 43.478260869565
)

----------------------------------------
[2025-04-12 04:52:00] Checking similarity
Data: Array
(
    [program_subject] => Computer Programming 1
    [tor_subject] => Micro Perspective of Tourism and Hospitality
    [similarity] => 27.272727272727
)

----------------------------------------
[2025-04-12 04:52:00] Checking similarity
Data: Array
(
    [program_subject] => Civic Welfare Training Service 1
    [tor_subject] => Micro Perspective of Tourism and Hospitality
    [similarity] => 26.315789473684
)

----------------------------------------
[2025-04-12 04:52:00] Checking similarity
Data: Array
(
    [program_subject] => Mathematics in the Modern World
    [tor_subject] => Micro Perspective of Tourism and Hospitality
    [similarity] => 26.666666666667
)

----------------------------------------
[2025-04-12 04:52:00] Checking similarity
Data: Array
(
    [program_subject] => Purposive Communication
    [tor_subject] => Micro Perspective of Tourism and Hospitality
    [similarity] => 38.805970149254
)

----------------------------------------
[2025-04-12 04:52:00] Checking similarity
Data: Array
(
    [program_subject] => Filipinolohiya at Pambansang Kaunlaran
    [tor_subject] => Micro Perspective of Tourism and Hospitality
    [similarity] => 12.19512195122
)

----------------------------------------
[2025-04-12 04:52:00] Checking similarity
Data: Array
(
    [program_subject] => Discrete Structures 1
    [tor_subject] => Micro Perspective of Tourism and Hospitality
    [similarity] => 12.307692307692
)

----------------------------------------
[2025-04-12 04:52:00] Checking similarity
Data: Array
(
    [program_subject] => Civic Welfare Training Service 2
    [tor_subject] => Micro Perspective of Tourism and Hospitality
    [similarity] => 26.315789473684
)

----------------------------------------
[2025-04-12 04:52:00] Checking similarity
Data: Array
(
    [program_subject] => Readings in Philippine History
    [tor_subject] => Micro Perspective of Tourism and Hospitality
    [similarity] => 24.324324324324
)

----------------------------------------
[2025-04-12 04:52:00] Checking similarity
Data: Array
(
    [program_subject] => Pagsasalin sa Kontekstong Filipino
    [tor_subject] => Micro Perspective of Tourism and Hospitality
    [similarity] => 17.948717948718
)

----------------------------------------
[2025-04-12 04:52:00] Checking similarity
Data: Array
(
    [program_subject] => Politics, Governance and Citizenship
    [tor_subject] => Micro Perspective of Tourism and Hospitality
    [similarity] => 35
)

----------------------------------------
[2025-04-12 04:52:00] No suitable match found
Data: Array
(
    [tor_subject] => Micro Perspective of Tourism and Hospitality
    [best_similarity] => 0
)

----------------------------------------
[2025-04-12 04:52:00] Processing TOR Subject
Data: Array
(
    [code] => HRM122LAB-M
    [description] => Asian Cuisine, Laboratory
    [units] => 1
)

----------------------------------------
[2025-04-12 04:52:00] No suitable match found
Data: Array
(
    [tor_subject] => Asian Cuisine, Laboratory
    [best_similarity] => 0
)

----------------------------------------
[2025-04-12 04:52:00] Processing TOR Subject
Data: Array
(
    [code] => HRM122LEC-M
    [description] => Asian Cuisine
    [units] => 2
)

----------------------------------------
[2025-04-12 04:52:00] Checking similarity
Data: Array
(
    [program_subject] => Physical Fitness and Self-Testing Activities
    [tor_subject] => Asian Cuisine
    [similarity] => 21.052631578947
)

----------------------------------------
[2025-04-12 04:52:00] Checking similarity
Data: Array
(
    [program_subject] => Rhythmic Activities
    [tor_subject] => Asian Cuisine
    [similarity] => 31.25
)

----------------------------------------
[2025-04-12 04:52:00] No suitable match found
Data: Array
(
    [tor_subject] => Asian Cuisine
    [best_similarity] => 0
)

----------------------------------------
[2025-04-12 04:52:00] Processing TOR Subject
Data: Array
(
    [code] => HRM123LEC-M
    [description] => Professional Development and Applied Ethics
    [units] => 3
)

----------------------------------------
[2025-04-12 04:52:00] Checking similarity
Data: Array
(
    [program_subject] => Accounting Principles
    [tor_subject] => Professional Development and Applied Ethics
    [similarity] => 34.375
)

----------------------------------------
[2025-04-12 04:52:00] Checking similarity
Data: Array
(
    [program_subject] => Computer Programming 2
    [tor_subject] => Professional Development and Applied Ethics
    [similarity] => 21.538461538462
)

----------------------------------------
[2025-04-12 04:52:00] Checking similarity
Data: Array
(
    [program_subject] => Introduction to Computing
    [tor_subject] => Professional Development and Applied Ethics
    [similarity] => 26.470588235294
)

----------------------------------------
[2025-04-12 04:52:00] Checking similarity
Data: Array
(
    [program_subject] => Computer Programming 1
    [tor_subject] => Professional Development and Applied Ethics
    [similarity] => 21.538461538462
)

----------------------------------------
[2025-04-12 04:52:00] Checking similarity
Data: Array
(
    [program_subject] => Civic Welfare Training Service 1
    [tor_subject] => Professional Development and Applied Ethics
    [similarity] => 13.333333333333
)

----------------------------------------
[2025-04-12 04:52:00] Checking similarity
Data: Array
(
    [program_subject] => Mathematics in the Modern World
    [tor_subject] => Professional Development and Applied Ethics
    [similarity] => 18.918918918919
)

----------------------------------------
[2025-04-12 04:52:00] Checking similarity
Data: Array
(
    [program_subject] => Purposive Communication
    [tor_subject] => Professional Development and Applied Ethics
    [similarity] => 21.212121212121
)

----------------------------------------
[2025-04-12 04:52:00] Checking similarity
Data: Array
(
    [program_subject] => Filipinolohiya at Pambansang Kaunlaran
    [tor_subject] => Professional Development and Applied Ethics
    [similarity] => 17.283950617284
)

----------------------------------------
[2025-04-12 04:52:00] Checking similarity
Data: Array
(
    [program_subject] => Discrete Structures 1
    [tor_subject] => Professional Development and Applied Ethics
    [similarity] => 15.625
)

----------------------------------------
[2025-04-12 04:52:00] Checking similarity
Data: Array
(
    [program_subject] => Civic Welfare Training Service 2
    [tor_subject] => Professional Development and Applied Ethics
    [similarity] => 13.333333333333
)

----------------------------------------
[2025-04-12 04:52:00] Checking similarity
Data: Array
(
    [program_subject] => Readings in Philippine History
    [tor_subject] => Professional Development and Applied Ethics
    [similarity] => 24.657534246575
)

----------------------------------------
[2025-04-12 04:52:00] Checking similarity
Data: Array
(
    [program_subject] => Pagsasalin sa Kontekstong Filipino
    [tor_subject] => Professional Development and Applied Ethics
    [similarity] => 36.363636363636
)

----------------------------------------
[2025-04-12 04:52:00] Checking similarity
Data: Array
(
    [program_subject] => Politics, Governance and Citizenship
    [tor_subject] => Professional Development and Applied Ethics
    [similarity] => 40.506329113924
)

----------------------------------------
[2025-04-12 04:52:00] No suitable match found
Data: Array
(
    [tor_subject] => Professional Development and Applied Ethics
    [best_similarity] => 0
)

----------------------------------------
[2025-04-12 04:52:00] Processing TOR Subject
Data: Array
(
    [code] => MGT110-M
    [description] => Operation Management
    [units] => 3
)

----------------------------------------
[2025-04-12 04:52:00] Checking similarity
Data: Array
(
    [program_subject] => Accounting Principles
    [tor_subject] => Operation Management
    [similarity] => 19.512195121951
)

----------------------------------------
[2025-04-12 04:52:00] Checking similarity
Data: Array
(
    [program_subject] => Computer Programming 2
    [tor_subject] => Operation Management
    [similarity] => 38.095238095238
)

----------------------------------------
[2025-04-12 04:52:00] Checking similarity
Data: Array
(
    [program_subject] => Introduction to Computing
    [tor_subject] => Operation Management
    [similarity] => 31.111111111111
)

----------------------------------------
[2025-04-12 04:52:00] Checking similarity
Data: Array
(
    [program_subject] => Computer Programming 1
    [tor_subject] => Operation Management
    [similarity] => 38.095238095238
)

----------------------------------------
[2025-04-12 04:52:00] Checking similarity
Data: Array
(
    [program_subject] => Civic Welfare Training Service 1
    [tor_subject] => Operation Management
    [similarity] => 34.615384615385
)

----------------------------------------
[2025-04-12 04:52:00] Checking similarity
Data: Array
(
    [program_subject] => Mathematics in the Modern World
    [tor_subject] => Operation Management
    [similarity] => 27.450980392157
)

----------------------------------------
[2025-04-12 04:52:00] Checking similarity
Data: Array
(
    [program_subject] => Purposive Communication
    [tor_subject] => Operation Management
    [similarity] => 32.558139534884
)

----------------------------------------
[2025-04-12 04:52:00] Checking similarity
Data: Array
(
    [program_subject] => Filipinolohiya at Pambansang Kaunlaran
    [tor_subject] => Operation Management
    [similarity] => 31.034482758621
)

----------------------------------------
[2025-04-12 04:52:00] Checking similarity
Data: Array
(
    [program_subject] => Discrete Structures 1
    [tor_subject] => Operation Management
    [similarity] => 14.634146341463
)

----------------------------------------
[2025-04-12 04:52:00] Checking similarity
Data: Array
(
    [program_subject] => Civic Welfare Training Service 2
    [tor_subject] => Operation Management
    [similarity] => 34.615384615385
)

----------------------------------------
[2025-04-12 04:52:00] Checking similarity
Data: Array
(
    [program_subject] => Readings in Philippine History
    [tor_subject] => Operation Management
    [similarity] => 32
)

----------------------------------------
[2025-04-12 04:52:00] Checking similarity
Data: Array
(
    [program_subject] => Pagsasalin sa Kontekstong Filipino
    [tor_subject] => Operation Management
    [similarity] => 18.518518518519
)

----------------------------------------
[2025-04-12 04:52:00] Checking similarity
Data: Array
(
    [program_subject] => Politics, Governance and Citizenship
    [tor_subject] => Operation Management
    [similarity] => 32.142857142857
)

----------------------------------------
[2025-04-12 04:52:00] No suitable match found
Data: Array
(
    [tor_subject] => Operation Management
    [best_similarity] => 0
)

----------------------------------------
[2025-04-12 04:52:00] Processing TOR Subject
Data: Array
(
    [code] => NSTP2-M
    [description] => National Service Training Program 2
    [units] => 3
)

----------------------------------------
[2025-04-12 04:52:00] Checking similarity
Data: Array
(
    [program_subject] => Accounting Principles
    [tor_subject] => National Service Training Program 2
    [similarity] => 32.142857142857
)

----------------------------------------
[2025-04-12 04:52:00] Checking similarity
Data: Array
(
    [program_subject] => Computer Programming 2
    [tor_subject] => National Service Training Program 2
    [similarity] => 45.614035087719
)

----------------------------------------
[2025-04-12 04:52:00] Checking similarity
Data: Array
(
    [program_subject] => Introduction to Computing
    [tor_subject] => National Service Training Program 2
    [similarity] => 33.333333333333
)

----------------------------------------
[2025-04-12 04:52:00] Checking similarity
Data: Array
(
    [program_subject] => Computer Programming 1
    [tor_subject] => National Service Training Program 2
    [similarity] => 42.105263157895
)

----------------------------------------
[2025-04-12 04:52:00] Checking similarity
Data: Array
(
    [program_subject] => Civic Welfare Training Service 1
    [tor_subject] => National Service Training Program 2
    [similarity] => 50.746268656716
)

----------------------------------------
[2025-04-12 04:52:00] Checking similarity
Data: Array
(
    [program_subject] => Mathematics in the Modern World
    [tor_subject] => National Service Training Program 2
    [similarity] => 27.272727272727
)

----------------------------------------
[2025-04-12 04:52:00] Checking similarity
Data: Array
(
    [program_subject] => Purposive Communication
    [tor_subject] => National Service Training Program 2
    [similarity] => 20.689655172414
)

----------------------------------------
[2025-04-12 04:52:00] Checking similarity
Data: Array
(
    [program_subject] => Filipinolohiya at Pambansang Kaunlaran
    [tor_subject] => National Service Training Program 2
    [similarity] => 30.13698630137
)

----------------------------------------
[2025-04-12 04:52:00] Checking similarity
Data: Array
(
    [program_subject] => Discrete Structures 1
    [tor_subject] => National Service Training Program 2
    [similarity] => 32.142857142857
)

----------------------------------------
[2025-04-12 04:52:00] Checking similarity
Data: Array
(
    [program_subject] => Civic Welfare Training Service 2
    [tor_subject] => National Service Training Program 2
    [similarity] => 53.731343283582
)

----------------------------------------
[2025-04-12 04:52:00] Checking similarity
Data: Array
(
    [program_subject] => Readings in Philippine History
    [tor_subject] => National Service Training Program 2
    [similarity] => 27.692307692308
)

----------------------------------------
[2025-04-12 04:52:00] Checking similarity
Data: Array
(
    [program_subject] => Pagsasalin sa Kontekstong Filipino
    [tor_subject] => National Service Training Program 2
    [similarity] => 28.985507246377
)

----------------------------------------
[2025-04-12 04:52:00] Checking similarity
Data: Array
(
    [program_subject] => Politics, Governance and Citizenship
    [tor_subject] => National Service Training Program 2
    [similarity] => 33.802816901408
)

----------------------------------------
[2025-04-12 04:52:00] No suitable match found
Data: Array
(
    [tor_subject] => National Service Training Program 2
    [best_similarity] => 0
)

----------------------------------------
[2025-04-12 04:52:00] Matching Process Complete
Data: Array
(
    [total_matches] => 21
)

----------------------------------------
[2025-04-12 04:52:11] Student registration completed successfully
----------------------------------------
