[25-Apr-2025 04:05:01 UTC] PHP Fatal error:  Uncaught Error: Call to undefined function validateUploadedFile() in C:\wamp64\www\Practice\qualiexam_registerBack.php:1282
Stack trace:
#0 {main}
  thrown in C:\wamp64\www\Practice\qualiexam_registerBack.php on line 1282
[25-Apr-2025 04:05:06 UTC] PHP Fatal error:  Uncaught Error: Call to undefined function validateUploadedFile() in C:\wamp64\www\Practice\qualiexam_registerBack.php:1282
Stack trace:
#0 {main}
  thrown in C:\wamp64\www\Practice\qualiexam_registerBack.php on line 1282
[25-Apr-2025 04:05:06 UTC] PHP Fatal error:  Uncaught Error: Call to undefined function validateUploadedFile() in C:\wamp64\www\Practice\qualiexam_registerBack.php:1282
Stack trace:
#0 {main}
  thrown in C:\wamp64\www\Practice\qualiexam_registerBack.php on line 1282
[25-Apr-2025 04:05:07 UTC] PHP Fatal error:  Uncaught Error: Call to undefined function validateUploadedFile() in C:\wamp64\www\Practice\qualiexam_registerBack.php:1282
Stack trace:
#0 {main}
  thrown in C:\wamp64\www\Practice\qualiexam_registerBack.php on line 1282
[25-Apr-2025 04:05:32 UTC] PHP Fatal error:  Uncaught Error: Call to undefined function validateUploadedFile() in C:\wamp64\www\Practice\qualiexam_registerBack.php:1282
Stack trace:
#0 {main}
  thrown in C:\wamp64\www\Practice\qualiexam_registerBack.php on line 1282
[25-Apr-2025 04:18:46 UTC] PHP Fatal error:  Uncaught Error: Call to undefined function validateUploadedFile() in C:\wamp64\www\Practice\qualiexam_registerBack.php:1282
Stack trace:
#0 {main}
  thrown in C:\wamp64\www\Practice\qualiexam_registerBack.php on line 1282
[25-Apr-2025 04:22:52 UTC] PHP Warning:  Undefined array key "columns" in C:\wamp64\www\Practice\qualiexam_registerBack.php on line 1164
[25-Apr-2025 04:22:52 UTC] PHP Stack trace:
[25-Apr-2025 04:22:52 UTC] PHP   1. {main}() C:\wamp64\www\Practice\qualiexam_registerBack.php:0
[25-Apr-2025 04:22:52 UTC] PHP   2. performOCR($filePath = 'uploads/tor/doc_680b0e16ed26a.jpg', $documentType = *uninitialized*) C:\wamp64\www\Practice\qualiexam_registerBack.php:1317
[25-Apr-2025 04:22:52 UTC] PHP   3. processTableFromLayout($table = ['rowCount' => 24, 'columnCount' => 6, 'cells' => [0 => [...], 1 => [...], 2 => [...], 3 => [...], 4 => [...], 5 => [...], 6 => [...], 7 => [...], 8 => [...], 9 => [...], 10 => [...], 11 => [...], 12 => [...], 13 => [...], 14 => [...], 15 => [...], 16 => [...], 17 => [...], 18 => [...], 19 => [...], 20 => [...], 21 => [...], 22 => [...], 23 => [...], 24 => [...], 25 => [...], 26 => [...], 27 => [...], 28 => [...], 29 => [...], 30 => [...], 31 => [...], 32 => [...], 33 => [...], 34 => [...], 35 => [...], 36 => [...], 37 => [...], 38 => [...], 39 => [...], 40 => [...], 41 => [...], 42 => [...], 43 => [...], 44 => [...], 45 => [...], 46 => [...], 47 => [...], 48 => [...], 49 => [...], 50 => [...], 51 => [...], 52 => [...], 53 => [...], 54 => [...], 55 => [...], 56 => [...], 57 => [...], 58 => [...], 59 => [...], 60 => [...], 61 => [...], 62 => [...], 63 => [...], 64 => [...], 65 => [...], 66 => [...], 67 => [...], 68 => [...], 69 => [...], 70 => [...], 71 => [...], 72 => [...], 73 => [...], 74 => [...], 75 => [...], 76 => [...], 77 => [...], 78 => [...], 79 => [...], 80 => [...], 81 => [...], 82 => [...], 83 => [...], 84 => [...], 85 => [...], 86 => [...], 87 => [...], 88 => [...], 89 => [...], 90 => [...], 91 => [...], 92 => [...], 93 => [...], 94 => [...], 95 => [...], 96 => [...], 97 => [...], 98 => [...], 99 => [...], 100 => [...], 101 => [...], 102 => [...], 103 => [...], 104 => [...], 105 => [...], 106 => [...], 107 => [...], 108 => [...], 109 => [...], 110 => [...], 111 => [...], 112 => [...], 113 => [...], 114 => [...], 115 => [...], 116 => [...], 117 => [...], 118 => [...], 119 => [...], 120 => [...], 121 => [...], 122 => [...], 123 => [...], 124 => [...], 125 => [...], 126 => [...], 127 => [...], ...], 'boundingRegions' => [0 => [...]], 'spans' => [0 => [...]]], $documentType = 'tor') C:\wamp64\www\Practice\qualiexam_registerBack.php:1121
[25-Apr-2025 04:22:52 UTC] PHP Fatal error:  Uncaught TypeError: count(): Argument #1 ($value) must be of type Countable|array, null given in C:\wamp64\www\Practice\qualiexam_registerBack.php:1164
Stack trace:
#0 C:\wamp64\www\Practice\qualiexam_registerBack.php(1121): processTableFromLayout(Array, 'tor')
#1 C:\wamp64\www\Practice\qualiexam_registerBack.php(1317): performOCR('uploads/tor/doc...')
#2 {main}
  thrown in C:\wamp64\www\Practice\qualiexam_registerBack.php on line 1164
[25-Apr-2025 04:31:03 UTC] PHP Fatal error:  Uncaught TypeError: Cannot access offset of type string on string in C:\wamp64\www\Practice\qualiexam_registerBack.php:1194
Stack trace:
#0 C:\wamp64\www\Practice\qualiexam_registerBack.php(1121): processTableFromLayout(Array, 'tor')
#1 C:\wamp64\www\Practice\qualiexam_registerBack.php(1317): performOCR('uploads/tor/doc...')
#2 {main}
  thrown in C:\wamp64\www\Practice\qualiexam_registerBack.php on line 1194
[25-Apr-2025 09:13:05 UTC] OCR Processing Error: No valid subject data could be extracted from the document
[25-Apr-2025 09:13:05 UTC] Error in Layout API process: OCR processing failed: No valid subject data could be extracted from the document
[25-Apr-2025 09:16:15 UTC] OCR Processing Error: No valid subject data could be extracted from the document
[25-Apr-2025 09:16:15 UTC] Error in Layout API process: OCR processing failed: No valid subject data could be extracted from the document
[25-Apr-2025 09:20:30 UTC] OCR Processing Error: No valid subject data could be extracted from the document
[25-Apr-2025 09:20:30 UTC] Error in Layout API process: OCR processing failed: No valid subject data could be extracted from the document
[25-Apr-2025 09:29:43 UTC] OCR Processing Error: No valid subject data could be extracted from the document
[25-Apr-2025 09:29:43 UTC] Error in Layout API process: OCR processing failed: No valid subject data could be extracted from the document
[25-Apr-2025 09:30:55 UTC] OCR Processing Error: No valid subject data could be extracted from the document
[25-Apr-2025 09:30:55 UTC] Error in Layout API process: OCR processing failed: No valid subject data could be extracted from the document
[25-Apr-2025 09:32:43 UTC] OCR Processing Error: No valid subject data could be extracted from the document
[25-Apr-2025 09:32:43 UTC] Error in Layout API process: OCR processing failed: No valid subject data could be extracted from the document
[25-Apr-2025 09:35:26 UTC] PHP Warning:  Undefined array key "REQUEST_METHOD" in C:\wamp64\www\Practice\qualiexam_registerBack.php on line 1341
[25-Apr-2025 09:35:26 UTC] PHP Stack trace:
[25-Apr-2025 09:35:26 UTC] PHP   1. {main}() C:\wamp64\www\Practice\qualiexam_registerBack.php:0
[25-Apr-2025 09:37:31 UTC] PHP Warning:  Undefined array key "REQUEST_METHOD" in C:\wamp64\www\Practice\qualiexam_registerBack.php on line 1370
[25-Apr-2025 09:37:31 UTC] PHP Stack trace:
[25-Apr-2025 09:37:31 UTC] PHP   1. {main}() C:\wamp64\www\Practice\test_extraction.php:0
[25-Apr-2025 09:37:31 UTC] PHP   2. require_once() C:\wamp64\www\Practice\test_extraction.php:2
[25-Apr-2025 10:34:11 UTC] OCR Processing Error: No valid subject data could be extracted from the document
[25-Apr-2025 10:34:11 UTC] Error in Layout API process: OCR processing failed: No valid subject data could be extracted from the document
[25-Apr-2025 10:34:31 UTC] OCR Processing Error: No valid subject data could be extracted from the document
[25-Apr-2025 10:34:31 UTC] Error in Layout API process: OCR processing failed: No valid subject data could be extracted from the document
[25-Apr-2025 10:41:23 UTC] OCR Processing Error: No valid subject data could be extracted from the document
[25-Apr-2025 10:41:23 UTC] Error in Layout API process: OCR processing failed: No valid subject data could be extracted from the document
[25-Apr-2025 10:46:39 UTC] OCR Processing Error: No valid subject data could be extracted from the document
[25-Apr-2025 10:46:39 UTC] Error in Layout API process: OCR processing failed: No valid subject data could be extracted from the document
[25-Apr-2025 11:18:37 UTC] PHP Warning:  Undefined array key "subject_description" in C:\wamp64\www\Practice\qualiexam_registerBack.php on line 1148
[25-Apr-2025 11:18:37 UTC] PHP Stack trace:
[25-Apr-2025 11:18:37 UTC] PHP   1. {main}() C:\wamp64\www\Practice\qualiexam_registerBack.php:0
[25-Apr-2025 11:18:37 UTC] PHP   2. performOCR($filePath = 'uploads/tor/doc_680b6f8a635f6.jpg', $documentType = *uninitialized*) C:\wamp64\www\Practice\qualiexam_registerBack.php:1437
[25-Apr-2025 11:18:37 UTC] PHP   3. array_map($callback = class Closure { public $parameter = ['$subject' => '<required>'] }, $array = [0 => ['subject_code' => 'ACCO20133', 'description' => 'INCOME TAXATION', 'units' => '3.0', 'grade' => '2.25'], 1 => ['subject_code' => 'BUMA20023', 'description' => 'STRATEGIC MANAGEMENT', 'units' => '3.0', 'grade' => '1.00'], 2 => ['subject_code' => 'BUMA30063', 'description' => 'FUNDAMENTALS OF DESCRIPTIVE ANALYTICS', 'units' => '3.0', 'grade' => '1.75'], 3 => ['subject_code' => 'ENGL20063', 'description' => 'BUSINESS COMMUNICATION', 'units' => '3.0', 'grade' => '1.75'], 4 => ['subject_code' => 'GEED20113', 'description' => 'PEOPLE AND THE EARTH\'S ECOSYSTEM', 'units' => '3.0', 'grade' => '1.75'], 5 => ['subject_code' => 'MARK30053', 'description' => 'MARKETING RESEARCH', 'units' => '3.0', 'grade' => '2.25'], 6 => ['subject_code' => 'MARK30063', 'description' => 'PRODUCT MANAGEMENT', 'units' => '3.0', 'grade' => '1.25'], 7 => ['subject_code' => 'MARK40063', 'description' => 'INTERNATIONAL MARKETING', 'units' => '3.0', 'grade' => '1.25'], 8 => ['subject_code' => 'MARK4033', 'description' => 'SALES MANAGEMENT', 'units' => '3.0', 'grade' => '1.25']]) C:\wamp64\www\Practice\qualiexam_registerBack.php:1145
[25-Apr-2025 11:18:37 UTC] PHP   4. {closure:C:\wamp64\www\Practice\qualiexam_registerBack.php:1145-1152}($subject = ['subject_code' => 'ACCO20133', 'description' => 'INCOME TAXATION', 'units' => '3.0', 'grade' => '2.25']) C:\wamp64\www\Practice\qualiexam_registerBack.php:1145
[25-Apr-2025 11:18:37 UTC] PHP Warning:  Undefined array key "subject_description" in C:\wamp64\www\Practice\qualiexam_registerBack.php on line 1148
[25-Apr-2025 11:18:37 UTC] PHP Stack trace:
[25-Apr-2025 11:18:37 UTC] PHP   1. {main}() C:\wamp64\www\Practice\qualiexam_registerBack.php:0
[25-Apr-2025 11:18:37 UTC] PHP   2. performOCR($filePath = 'uploads/tor/doc_680b6f8a635f6.jpg', $documentType = *uninitialized*) C:\wamp64\www\Practice\qualiexam_registerBack.php:1437
[25-Apr-2025 11:18:37 UTC] PHP   3. array_map($callback = class Closure { public $parameter = ['$subject' => '<required>'] }, $array = [0 => ['subject_code' => 'ACCO20133', 'description' => 'INCOME TAXATION', 'units' => '3.0', 'grade' => '2.25'], 1 => ['subject_code' => 'BUMA20023', 'description' => 'STRATEGIC MANAGEMENT', 'units' => '3.0', 'grade' => '1.00'], 2 => ['subject_code' => 'BUMA30063', 'description' => 'FUNDAMENTALS OF DESCRIPTIVE ANALYTICS', 'units' => '3.0', 'grade' => '1.75'], 3 => ['subject_code' => 'ENGL20063', 'description' => 'BUSINESS COMMUNICATION', 'units' => '3.0', 'grade' => '1.75'], 4 => ['subject_code' => 'GEED20113', 'description' => 'PEOPLE AND THE EARTH\'S ECOSYSTEM', 'units' => '3.0', 'grade' => '1.75'], 5 => ['subject_code' => 'MARK30053', 'description' => 'MARKETING RESEARCH', 'units' => '3.0', 'grade' => '2.25'], 6 => ['subject_code' => 'MARK30063', 'description' => 'PRODUCT MANAGEMENT', 'units' => '3.0', 'grade' => '1.25'], 7 => ['subject_code' => 'MARK40063', 'description' => 'INTERNATIONAL MARKETING', 'units' => '3.0', 'grade' => '1.25'], 8 => ['subject_code' => 'MARK4033', 'description' => 'SALES MANAGEMENT', 'units' => '3.0', 'grade' => '1.25']]) C:\wamp64\www\Practice\qualiexam_registerBack.php:1145
[25-Apr-2025 11:18:37 UTC] PHP   4. {closure:C:\wamp64\www\Practice\qualiexam_registerBack.php:1145-1152}($subject = ['subject_code' => 'BUMA20023', 'description' => 'STRATEGIC MANAGEMENT', 'units' => '3.0', 'grade' => '1.00']) C:\wamp64\www\Practice\qualiexam_registerBack.php:1145
[25-Apr-2025 11:18:37 UTC] PHP Warning:  Undefined array key "subject_description" in C:\wamp64\www\Practice\qualiexam_registerBack.php on line 1148
[25-Apr-2025 11:18:37 UTC] PHP Stack trace:
[25-Apr-2025 11:18:37 UTC] PHP   1. {main}() C:\wamp64\www\Practice\qualiexam_registerBack.php:0
[25-Apr-2025 11:18:37 UTC] PHP   2. performOCR($filePath = 'uploads/tor/doc_680b6f8a635f6.jpg', $documentType = *uninitialized*) C:\wamp64\www\Practice\qualiexam_registerBack.php:1437
[25-Apr-2025 11:18:37 UTC] PHP   3. array_map($callback = class Closure { public $parameter = ['$subject' => '<required>'] }, $array = [0 => ['subject_code' => 'ACCO20133', 'description' => 'INCOME TAXATION', 'units' => '3.0', 'grade' => '2.25'], 1 => ['subject_code' => 'BUMA20023', 'description' => 'STRATEGIC MANAGEMENT', 'units' => '3.0', 'grade' => '1.00'], 2 => ['subject_code' => 'BUMA30063', 'description' => 'FUNDAMENTALS OF DESCRIPTIVE ANALYTICS', 'units' => '3.0', 'grade' => '1.75'], 3 => ['subject_code' => 'ENGL20063', 'description' => 'BUSINESS COMMUNICATION', 'units' => '3.0', 'grade' => '1.75'], 4 => ['subject_code' => 'GEED20113', 'description' => 'PEOPLE AND THE EARTH\'S ECOSYSTEM', 'units' => '3.0', 'grade' => '1.75'], 5 => ['subject_code' => 'MARK30053', 'description' => 'MARKETING RESEARCH', 'units' => '3.0', 'grade' => '2.25'], 6 => ['subject_code' => 'MARK30063', 'description' => 'PRODUCT MANAGEMENT', 'units' => '3.0', 'grade' => '1.25'], 7 => ['subject_code' => 'MARK40063', 'description' => 'INTERNATIONAL MARKETING', 'units' => '3.0', 'grade' => '1.25'], 8 => ['subject_code' => 'MARK4033', 'description' => 'SALES MANAGEMENT', 'units' => '3.0', 'grade' => '1.25']]) C:\wamp64\www\Practice\qualiexam_registerBack.php:1145
[25-Apr-2025 11:18:37 UTC] PHP   4. {closure:C:\wamp64\www\Practice\qualiexam_registerBack.php:1145-1152}($subject = ['subject_code' => 'BUMA30063', 'description' => 'FUNDAMENTALS OF DESCRIPTIVE ANALYTICS', 'units' => '3.0', 'grade' => '1.75']) C:\wamp64\www\Practice\qualiexam_registerBack.php:1145
[25-Apr-2025 11:18:37 UTC] PHP Warning:  Undefined array key "subject_description" in C:\wamp64\www\Practice\qualiexam_registerBack.php on line 1148
[25-Apr-2025 11:18:37 UTC] PHP Stack trace:
[25-Apr-2025 11:18:37 UTC] PHP   1. {main}() C:\wamp64\www\Practice\qualiexam_registerBack.php:0
[25-Apr-2025 11:18:37 UTC] PHP   2. performOCR($filePath = 'uploads/tor/doc_680b6f8a635f6.jpg', $documentType = *uninitialized*) C:\wamp64\www\Practice\qualiexam_registerBack.php:1437
[25-Apr-2025 11:18:37 UTC] PHP   3. array_map($callback = class Closure { public $parameter = ['$subject' => '<required>'] }, $array = [0 => ['subject_code' => 'ACCO20133', 'description' => 'INCOME TAXATION', 'units' => '3.0', 'grade' => '2.25'], 1 => ['subject_code' => 'BUMA20023', 'description' => 'STRATEGIC MANAGEMENT', 'units' => '3.0', 'grade' => '1.00'], 2 => ['subject_code' => 'BUMA30063', 'description' => 'FUNDAMENTALS OF DESCRIPTIVE ANALYTICS', 'units' => '3.0', 'grade' => '1.75'], 3 => ['subject_code' => 'ENGL20063', 'description' => 'BUSINESS COMMUNICATION', 'units' => '3.0', 'grade' => '1.75'], 4 => ['subject_code' => 'GEED20113', 'description' => 'PEOPLE AND THE EARTH\'S ECOSYSTEM', 'units' => '3.0', 'grade' => '1.75'], 5 => ['subject_code' => 'MARK30053', 'description' => 'MARKETING RESEARCH', 'units' => '3.0', 'grade' => '2.25'], 6 => ['subject_code' => 'MARK30063', 'description' => 'PRODUCT MANAGEMENT', 'units' => '3.0', 'grade' => '1.25'], 7 => ['subject_code' => 'MARK40063', 'description' => 'INTERNATIONAL MARKETING', 'units' => '3.0', 'grade' => '1.25'], 8 => ['subject_code' => 'MARK4033', 'description' => 'SALES MANAGEMENT', 'units' => '3.0', 'grade' => '1.25']]) C:\wamp64\www\Practice\qualiexam_registerBack.php:1145
[25-Apr-2025 11:18:37 UTC] PHP   4. {closure:C:\wamp64\www\Practice\qualiexam_registerBack.php:1145-1152}($subject = ['subject_code' => 'ENGL20063', 'description' => 'BUSINESS COMMUNICATION', 'units' => '3.0', 'grade' => '1.75']) C:\wamp64\www\Practice\qualiexam_registerBack.php:1145
[25-Apr-2025 11:18:37 UTC] PHP Warning:  Undefined array key "subject_description" in C:\wamp64\www\Practice\qualiexam_registerBack.php on line 1148
[25-Apr-2025 11:18:37 UTC] PHP Stack trace:
[25-Apr-2025 11:18:37 UTC] PHP   1. {main}() C:\wamp64\www\Practice\qualiexam_registerBack.php:0
[25-Apr-2025 11:18:37 UTC] PHP   2. performOCR($filePath = 'uploads/tor/doc_680b6f8a635f6.jpg', $documentType = *uninitialized*) C:\wamp64\www\Practice\qualiexam_registerBack.php:1437
[25-Apr-2025 11:18:37 UTC] PHP   3. array_map($callback = class Closure { public $parameter = ['$subject' => '<required>'] }, $array = [0 => ['subject_code' => 'ACCO20133', 'description' => 'INCOME TAXATION', 'units' => '3.0', 'grade' => '2.25'], 1 => ['subject_code' => 'BUMA20023', 'description' => 'STRATEGIC MANAGEMENT', 'units' => '3.0', 'grade' => '1.00'], 2 => ['subject_code' => 'BUMA30063', 'description' => 'FUNDAMENTALS OF DESCRIPTIVE ANALYTICS', 'units' => '3.0', 'grade' => '1.75'], 3 => ['subject_code' => 'ENGL20063', 'description' => 'BUSINESS COMMUNICATION', 'units' => '3.0', 'grade' => '1.75'], 4 => ['subject_code' => 'GEED20113', 'description' => 'PEOPLE AND THE EARTH\'S ECOSYSTEM', 'units' => '3.0', 'grade' => '1.75'], 5 => ['subject_code' => 'MARK30053', 'description' => 'MARKETING RESEARCH', 'units' => '3.0', 'grade' => '2.25'], 6 => ['subject_code' => 'MARK30063', 'description' => 'PRODUCT MANAGEMENT', 'units' => '3.0', 'grade' => '1.25'], 7 => ['subject_code' => 'MARK40063', 'description' => 'INTERNATIONAL MARKETING', 'units' => '3.0', 'grade' => '1.25'], 8 => ['subject_code' => 'MARK4033', 'description' => 'SALES MANAGEMENT', 'units' => '3.0', 'grade' => '1.25']]) C:\wamp64\www\Practice\qualiexam_registerBack.php:1145
[25-Apr-2025 11:18:37 UTC] PHP   4. {closure:C:\wamp64\www\Practice\qualiexam_registerBack.php:1145-1152}($subject = ['subject_code' => 'GEED20113', 'description' => 'PEOPLE AND THE EARTH\'S ECOSYSTEM', 'units' => '3.0', 'grade' => '1.75']) C:\wamp64\www\Practice\qualiexam_registerBack.php:1145
[25-Apr-2025 11:18:37 UTC] PHP Warning:  Undefined array key "subject_description" in C:\wamp64\www\Practice\qualiexam_registerBack.php on line 1148
[25-Apr-2025 11:18:37 UTC] PHP Stack trace:
[25-Apr-2025 11:18:37 UTC] PHP   1. {main}() C:\wamp64\www\Practice\qualiexam_registerBack.php:0
[25-Apr-2025 11:18:37 UTC] PHP   2. performOCR($filePath = 'uploads/tor/doc_680b6f8a635f6.jpg', $documentType = *uninitialized*) C:\wamp64\www\Practice\qualiexam_registerBack.php:1437
[25-Apr-2025 11:18:37 UTC] PHP   3. array_map($callback = class Closure { public $parameter = ['$subject' => '<required>'] }, $array = [0 => ['subject_code' => 'ACCO20133', 'description' => 'INCOME TAXATION', 'units' => '3.0', 'grade' => '2.25'], 1 => ['subject_code' => 'BUMA20023', 'description' => 'STRATEGIC MANAGEMENT', 'units' => '3.0', 'grade' => '1.00'], 2 => ['subject_code' => 'BUMA30063', 'description' => 'FUNDAMENTALS OF DESCRIPTIVE ANALYTICS', 'units' => '3.0', 'grade' => '1.75'], 3 => ['subject_code' => 'ENGL20063', 'description' => 'BUSINESS COMMUNICATION', 'units' => '3.0', 'grade' => '1.75'], 4 => ['subject_code' => 'GEED20113', 'description' => 'PEOPLE AND THE EARTH\'S ECOSYSTEM', 'units' => '3.0', 'grade' => '1.75'], 5 => ['subject_code' => 'MARK30053', 'description' => 'MARKETING RESEARCH', 'units' => '3.0', 'grade' => '2.25'], 6 => ['subject_code' => 'MARK30063', 'description' => 'PRODUCT MANAGEMENT', 'units' => '3.0', 'grade' => '1.25'], 7 => ['subject_code' => 'MARK40063', 'description' => 'INTERNATIONAL MARKETING', 'units' => '3.0', 'grade' => '1.25'], 8 => ['subject_code' => 'MARK4033', 'description' => 'SALES MANAGEMENT', 'units' => '3.0', 'grade' => '1.25']]) C:\wamp64\www\Practice\qualiexam_registerBack.php:1145
[25-Apr-2025 11:18:37 UTC] PHP   4. {closure:C:\wamp64\www\Practice\qualiexam_registerBack.php:1145-1152}($subject = ['subject_code' => 'MARK30053', 'description' => 'MARKETING RESEARCH', 'units' => '3.0', 'grade' => '2.25']) C:\wamp64\www\Practice\qualiexam_registerBack.php:1145
[25-Apr-2025 11:18:37 UTC] PHP Warning:  Undefined array key "subject_description" in C:\wamp64\www\Practice\qualiexam_registerBack.php on line 1148
[25-Apr-2025 11:18:37 UTC] PHP Stack trace:
[25-Apr-2025 11:18:37 UTC] PHP   1. {main}() C:\wamp64\www\Practice\qualiexam_registerBack.php:0
[25-Apr-2025 11:18:37 UTC] PHP   2. performOCR($filePath = 'uploads/tor/doc_680b6f8a635f6.jpg', $documentType = *uninitialized*) C:\wamp64\www\Practice\qualiexam_registerBack.php:1437
[25-Apr-2025 11:18:37 UTC] PHP   3. array_map($callback = class Closure { public $parameter = ['$subject' => '<required>'] }, $array = [0 => ['subject_code' => 'ACCO20133', 'description' => 'INCOME TAXATION', 'units' => '3.0', 'grade' => '2.25'], 1 => ['subject_code' => 'BUMA20023', 'description' => 'STRATEGIC MANAGEMENT', 'units' => '3.0', 'grade' => '1.00'], 2 => ['subject_code' => 'BUMA30063', 'description' => 'FUNDAMENTALS OF DESCRIPTIVE ANALYTICS', 'units' => '3.0', 'grade' => '1.75'], 3 => ['subject_code' => 'ENGL20063', 'description' => 'BUSINESS COMMUNICATION', 'units' => '3.0', 'grade' => '1.75'], 4 => ['subject_code' => 'GEED20113', 'description' => 'PEOPLE AND THE EARTH\'S ECOSYSTEM', 'units' => '3.0', 'grade' => '1.75'], 5 => ['subject_code' => 'MARK30053', 'description' => 'MARKETING RESEARCH', 'units' => '3.0', 'grade' => '2.25'], 6 => ['subject_code' => 'MARK30063', 'description' => 'PRODUCT MANAGEMENT', 'units' => '3.0', 'grade' => '1.25'], 7 => ['subject_code' => 'MARK40063', 'description' => 'INTERNATIONAL MARKETING', 'units' => '3.0', 'grade' => '1.25'], 8 => ['subject_code' => 'MARK4033', 'description' => 'SALES MANAGEMENT', 'units' => '3.0', 'grade' => '1.25']]) C:\wamp64\www\Practice\qualiexam_registerBack.php:1145
[25-Apr-2025 11:18:37 UTC] PHP   4. {closure:C:\wamp64\www\Practice\qualiexam_registerBack.php:1145-1152}($subject = ['subject_code' => 'MARK30063', 'description' => 'PRODUCT MANAGEMENT', 'units' => '3.0', 'grade' => '1.25']) C:\wamp64\www\Practice\qualiexam_registerBack.php:1145
[25-Apr-2025 11:18:37 UTC] PHP Warning:  Undefined array key "subject_description" in C:\wamp64\www\Practice\qualiexam_registerBack.php on line 1148
[25-Apr-2025 11:18:37 UTC] PHP Stack trace:
[25-Apr-2025 11:18:37 UTC] PHP   1. {main}() C:\wamp64\www\Practice\qualiexam_registerBack.php:0
[25-Apr-2025 11:18:37 UTC] PHP   2. performOCR($filePath = 'uploads/tor/doc_680b6f8a635f6.jpg', $documentType = *uninitialized*) C:\wamp64\www\Practice\qualiexam_registerBack.php:1437
[25-Apr-2025 11:18:37 UTC] PHP   3. array_map($callback = class Closure { public $parameter = ['$subject' => '<required>'] }, $array = [0 => ['subject_code' => 'ACCO20133', 'description' => 'INCOME TAXATION', 'units' => '3.0', 'grade' => '2.25'], 1 => ['subject_code' => 'BUMA20023', 'description' => 'STRATEGIC MANAGEMENT', 'units' => '3.0', 'grade' => '1.00'], 2 => ['subject_code' => 'BUMA30063', 'description' => 'FUNDAMENTALS OF DESCRIPTIVE ANALYTICS', 'units' => '3.0', 'grade' => '1.75'], 3 => ['subject_code' => 'ENGL20063', 'description' => 'BUSINESS COMMUNICATION', 'units' => '3.0', 'grade' => '1.75'], 4 => ['subject_code' => 'GEED20113', 'description' => 'PEOPLE AND THE EARTH\'S ECOSYSTEM', 'units' => '3.0', 'grade' => '1.75'], 5 => ['subject_code' => 'MARK30053', 'description' => 'MARKETING RESEARCH', 'units' => '3.0', 'grade' => '2.25'], 6 => ['subject_code' => 'MARK30063', 'description' => 'PRODUCT MANAGEMENT', 'units' => '3.0', 'grade' => '1.25'], 7 => ['subject_code' => 'MARK40063', 'description' => 'INTERNATIONAL MARKETING', 'units' => '3.0', 'grade' => '1.25'], 8 => ['subject_code' => 'MARK4033', 'description' => 'SALES MANAGEMENT', 'units' => '3.0', 'grade' => '1.25']]) C:\wamp64\www\Practice\qualiexam_registerBack.php:1145
[25-Apr-2025 11:18:37 UTC] PHP   4. {closure:C:\wamp64\www\Practice\qualiexam_registerBack.php:1145-1152}($subject = ['subject_code' => 'MARK40063', 'description' => 'INTERNATIONAL MARKETING', 'units' => '3.0', 'grade' => '1.25']) C:\wamp64\www\Practice\qualiexam_registerBack.php:1145
[25-Apr-2025 11:18:37 UTC] PHP Warning:  Undefined array key "subject_description" in C:\wamp64\www\Practice\qualiexam_registerBack.php on line 1148
[25-Apr-2025 11:18:37 UTC] PHP Stack trace:
[25-Apr-2025 11:18:37 UTC] PHP   1. {main}() C:\wamp64\www\Practice\qualiexam_registerBack.php:0
[25-Apr-2025 11:18:37 UTC] PHP   2. performOCR($filePath = 'uploads/tor/doc_680b6f8a635f6.jpg', $documentType = *uninitialized*) C:\wamp64\www\Practice\qualiexam_registerBack.php:1437
[25-Apr-2025 11:18:37 UTC] PHP   3. array_map($callback = class Closure { public $parameter = ['$subject' => '<required>'] }, $array = [0 => ['subject_code' => 'ACCO20133', 'description' => 'INCOME TAXATION', 'units' => '3.0', 'grade' => '2.25'], 1 => ['subject_code' => 'BUMA20023', 'description' => 'STRATEGIC MANAGEMENT', 'units' => '3.0', 'grade' => '1.00'], 2 => ['subject_code' => 'BUMA30063', 'description' => 'FUNDAMENTALS OF DESCRIPTIVE ANALYTICS', 'units' => '3.0', 'grade' => '1.75'], 3 => ['subject_code' => 'ENGL20063', 'description' => 'BUSINESS COMMUNICATION', 'units' => '3.0', 'grade' => '1.75'], 4 => ['subject_code' => 'GEED20113', 'description' => 'PEOPLE AND THE EARTH\'S ECOSYSTEM', 'units' => '3.0', 'grade' => '1.75'], 5 => ['subject_code' => 'MARK30053', 'description' => 'MARKETING RESEARCH', 'units' => '3.0', 'grade' => '2.25'], 6 => ['subject_code' => 'MARK30063', 'description' => 'PRODUCT MANAGEMENT', 'units' => '3.0', 'grade' => '1.25'], 7 => ['subject_code' => 'MARK40063', 'description' => 'INTERNATIONAL MARKETING', 'units' => '3.0', 'grade' => '1.25'], 8 => ['subject_code' => 'MARK4033', 'description' => 'SALES MANAGEMENT', 'units' => '3.0', 'grade' => '1.25']]) C:\wamp64\www\Practice\qualiexam_registerBack.php:1145
[25-Apr-2025 11:18:37 UTC] PHP   4. {closure:C:\wamp64\www\Practice\qualiexam_registerBack.php:1145-1152}($subject = ['subject_code' => 'MARK4033', 'description' => 'SALES MANAGEMENT', 'units' => '3.0', 'grade' => '1.25']) C:\wamp64\www\Practice\qualiexam_registerBack.php:1145
[25-Apr-2025 11:38:24 UTC] PHP Fatal error:  Uncaught Error: Call to undefined function extractSubjectsFromText() in C:\wamp64\www\Practice\qualiexam_registerBack.php:1136
Stack trace:
#0 C:\wamp64\www\Practice\qualiexam_registerBack.php(1431): performOCR('uploads/tor/doc...')
#1 {main}
  thrown in C:\wamp64\www\Practice\qualiexam_registerBack.php on line 1136
[25-Apr-2025 11:51:08 UTC] PHP Fatal error:  Uncaught Error: Call to undefined function extractSubjectsFromText() in C:\wamp64\www\Practice\qualiexam_registerBack.php:1136
Stack trace:
#0 C:\wamp64\www\Practice\qualiexam_registerBack.php(1434): performOCR('uploads/tor/doc...')
#1 {main}
  thrown in C:\wamp64\www\Practice\qualiexam_registerBack.php on line 1136
[25-Apr-2025 12:05:16 UTC] PHP Fatal error:  Uncaught Error: Call to undefined function extractSubjectsFromText() in C:\wamp64\www\Practice\qualiexam_registerBack.php:1136
Stack trace:
#0 C:\wamp64\www\Practice\qualiexam_registerBack.php(1445): performOCR('uploads/tor/doc...')
#1 {main}
  thrown in C:\wamp64\www\Practice\qualiexam_registerBack.php on line 1136
[25-Apr-2025 12:20:56 UTC] PHP Fatal error:  Uncaught Error: Call to undefined function extractSubjectsFromText() in C:\wamp64\www\Practice\qualiexam_registerBack.php:1136
Stack trace:
#0 C:\wamp64\www\Practice\qualiexam_registerBack.php(1486): performOCR('uploads/tor/doc...')
#1 {main}
  thrown in C:\wamp64\www\Practice\qualiexam_registerBack.php on line 1136
[25-Apr-2025 12:30:52 UTC] PHP Fatal error:  Uncaught Error: Call to undefined function extractSubjectsFromText() in C:\wamp64\www\Practice\qualiexam_registerBack.php:1136
Stack trace:
#0 C:\wamp64\www\Practice\qualiexam_registerBack.php(1519): performOCR('uploads/tor/doc...')
#1 {main}
  thrown in C:\wamp64\www\Practice\qualiexam_registerBack.php on line 1136
[25-Apr-2025 12:32:54 UTC] PHP Fatal error:  Uncaught Error: Call to undefined function extractSubjectsFromText() in C:\wamp64\www\Practice\qualiexam_registerBack.php:1136
Stack trace:
#0 C:\wamp64\www\Practice\qualiexam_registerBack.php(1519): performOCR('uploads/tor/doc...')
#1 {main}
  thrown in C:\wamp64\www\Practice\qualiexam_registerBack.php on line 1136
